[DEPRECATED] The --hatch-rate parameter has been renamed --spawn-rate
 Name                                                          # reqs      # fails  |     Avg     Min     Max  Median  |   req/s failures/s
--------------------------------------------------------------------------------------------------------------------------------------------
 Action locust_comment_page                                       109     0(0.00%)  |    2506     164    7394    2200  |    0.18    0.00
 Action locust_create_blog                                         51     0(0.00%)  |   32737    1871   91062   29000  |    0.08    0.00
 Action locust_create_blog_editor                                  57     0(0.00%)  |   20127     818   56239   18000  |    0.09    0.00
 Action locust_create_page                                         95     1(1.05%)  |   32941       0   94529   27000  |    0.16    0.00
 Action locust_create_page_editor                                 103     1(0.97%)  |   20355      53   56538   15000  |    0.17    0.00
 Action locust_edit_page                                           83     1(1.20%)  |   30688       0   94226   27000  |    0.14    0.00
 Action locust_like_page                                           59     0(0.00%)  |    3537      87   12337    3000  |    0.10    0.00
 Action locust_login_and_view_dashboard                           200     0(0.00%)  |   69238    4806  111672   78000  |    0.33    0.00
 Action locust_open_editor                                         90     1(1.11%)  |   14363       0   44373   13000  |    0.15    0.00
 Action locust_search_cql                                         144     2(1.39%)  |   11340     436   19304   11000  |    0.24    0.00
 Action locust_search_recently_viewed                             146     0(0.00%)  |    2057      17    7845    1700  |    0.24    0.00
 Action locust_upload_attachments                                 108     2(1.85%)  |   11542     803   24155   10000  |    0.18    0.00
 Action locust_view_attachments                                    61     0(0.00%)  |    3338     182    8480    2700  |    0.10    0.00
 Action locust_view_blog                                          138     0(0.00%)  |   34292    1915   81869   29000  |    0.23    0.00
 Action locust_view_dashboard                                      88     0(0.00%)  |   67029   17726   87839   64000  |    0.15    0.00
 Action locust_view_page                                         1027     1(0.10%)  |   29172     441   79823   24000  |    1.70    0.00
 Action locust_view_page_tree                                    1021     0(0.00%)  |    2168      48    7730    1800  |    1.69    0.00
--------------------------------------------------------------------------------------------------------------------------------------------
 Aggregated                                                      3580     9(0.25%)  |   20224       0  111672   12000  |    5.92    0.01

Response time percentiles (approximated)
 Type     Name                                                              50%    66%    75%    80%    90%    95%    98%    99%  99.9% 99.99%   100% # reqs
--------|------------------------------------------------------------|---------|------|------|------|------|------|------|------|------|------|------|------|
 Action   locust_comment_page                                              2200   2500   2900   3500   4600   5400   6700   7000   7400   7400   7400    109
 Action   locust_create_blog                                              29000  33000  33000  36000  73000  91000  91000  91000  91000  91000  91000     51
 Action   locust_create_blog_editor                                       18000  20000  23000  27000  40000  52000  54000  56000  56000  56000  56000     57
 Action   locust_create_page                                              27000  31000  34000  40000  77000  90000  93000  95000  95000  95000  95000     95
 Action   locust_create_page_editor                                       15000  18000  23000  30000  50000  54000  55000  56000  57000  57000  57000    103
 Action   locust_edit_page                                                27000  32000  32000  33000  52000  68000  81000  94000  94000  94000  94000     83
 Action   locust_like_page                                                 3000   3600   4300   5200   6800   9900  10000  12000  12000  12000  12000     59
 Action   locust_login_and_view_dashboard                                 78000  93000 104000 107000 108000 109000 110000 111000 112000 112000 112000    200
 Action   locust_open_editor                                              13000  15000  16000  19000  23000  41000  44000  44000  44000  44000  44000     90
 Action   locust_search_cql                                               11000  12000  13000  14000  17000  19000  19000  19000  19000  19000  19000    144
 Action   locust_search_recently_viewed                                    1700   2100   2800   3000   4800   5400   6900   6900   7800   7800   7800    146
 Action   locust_upload_attachments                                       11000  13000  15000  16000  19000  21000  22000  22000  24000  24000  24000    108
 Action   locust_view_attachments                                          2700   3600   4100   4200   6100   6600   7800   8500   8500   8500   8500     61
 Action   locust_view_blog                                                29000  32000  36000  44000  77000  80000  81000  81000  82000  82000  82000    138
 Action   locust_view_dashboard                                           64000  66000  75000  81000  84000  85000  86000  88000  88000  88000  88000     88
 Action   locust_view_page                                                24000  27000  32000  40000  66000  72000  74000  77000  79000  80000  80000   1027
 Action   locust_view_page_tree                                            1800   2200   2500   2900   4500   5500   6400   6900   7600   7700   7700   1021
--------|------------------------------------------------------------|---------|------|------|------|------|------|------|------|------|------|------|------|
 None     Aggregated                                                      12000  22000  26000  30000  62000  75000  93000 107000 110000 112000 112000   3580

Error report
 # occurrences      Error                                                                                               
--------------------------------------------------------------------------------------------------------------------------------------------
 1                  Action locust_create_page_editor: "HTTPError('502 Server Error: Bad Gateway for url: http://confl-loadb-185evch80nvew-612815241.us-west-1.elb.amazonaws.com:80/pages/createpage.action?spaceKey=PDSCS&fromPageId=384984&src=quick-create')"
 1                  Action locust_create_page: "KeyError('content_id')"                                                 
 1                  Action locust_upload_attachments: "HTTPError('502 Server Error: Bad Gateway for url: http://confl-loadb-185evch80nvew-612815241.us-west-1.elb.amazonaws.com:80/pages/viewpage.action?pageId=1193604')"
 1                  Action locust_open_editor: "KeyError('create_page_id')"                                             
 1                  Action locust_edit_page: "KeyError('edit_parent_page_id')"                                          
 1                  Action locust_search_cql: 'HTTPError("502 Server Error: Bad Gateway for url: http://confl-loadb-185evch80nvew-612815241.us-west-1.elb.amazonaws.com:80/rest/api/search?cql=siteSearch~\'emp\'&start=0&limit=20")'
 1                  Action locust_view_page: "HTTPError('502 Server Error: Bad Gateway for url: http://confl-loadb-185evch80nvew-612815241.us-west-1.elb.amazonaws.com:80/pages/viewpage.action?pageId=1182892')"
 1                  Action locust_search_cql: 'HTTPError("502 Server Error: Bad Gateway for url: http://confl-loadb-185evch80nvew-612815241.us-west-1.elb.amazonaws.com:80/rest/api/search?cql=siteSearch~\'unm\'&start=0&limit=20")'
 1                  Action locust_upload_attachments: "HTTPError('502 Server Error: Bad Gateway for url: http://confl-loadb-185evch80nvew-612815241.us-west-1.elb.amazonaws.com:80/pages/viewpage.action?pageId=1209784')"
--------------------------------------------------------------------------------------------------------------------------------------------

