[DEPRECATED] The --hatch-rate parameter has been renamed --spawn-rate
 Name                                                          # reqs      # fails  |     Avg     Min     Max  Median  |   req/s failures/s
--------------------------------------------------------------------------------------------------------------------------------------------
 Action locust_comment_page                                       103     0(0.00%)  |    2522     152   13661    2200  |    0.17    0.00
 Action locust_create_blog                                         55     0(0.00%)  |   33221    1505   77423   29000  |    0.09    0.00
 Action locust_create_blog_editor                                  59     0(0.00%)  |   21096    1062   50053   19000  |    0.10    0.00
 Action locust_create_page                                        103     0(0.00%)  |   33112    1215   80628   30000  |    0.17    0.00
 Action locust_create_page_editor                                 114     0(0.00%)  |   20464     629   51018   18000  |    0.19    0.00
 Action locust_edit_page                                           90     0(0.00%)  |   31253    1636   77511   31000  |    0.15    0.00
 Action locust_like_page                                           63     0(0.00%)  |    4071      69   11149    3400  |    0.10    0.00
 Action locust_login_and_view_dashboard                           200     0(0.00%)  |   67184    4901  104430   74000  |    0.33    0.00
 Action locust_open_editor                                         99     0(0.00%)  |   15004     639   42302   14000  |    0.16    0.00
 Action locust_search_cql                                         143     0(0.00%)  |   11642    2144   49791   11000  |    0.24    0.00
 Action locust_search_recently_viewed                             144     0(0.00%)  |    1808      35    5431    1600  |    0.24    0.00
 Action locust_upload_attachments                                 102     3(2.94%)  |   10033     551   21831    9100  |    0.17    0.00
 Action locust_view_attachments                                    68     0(0.00%)  |    3441     322    7424    3000  |    0.11    0.00
 Action locust_view_blog                                          143     0(0.00%)  |   35219    3137   79587   30000  |    0.24    0.00
 Action locust_view_dashboard                                      91     0(0.00%)  |   59646   11312   77049   62000  |    0.15    0.00
 Action locust_view_page                                         1027     0(0.00%)  |   28226     808   69905   25000  |    1.70    0.00
 Action locust_view_page_tree                                    1016     0(0.00%)  |    2172      49    7080    1900  |    1.68    0.00
--------------------------------------------------------------------------------------------------------------------------------------------
 Aggregated                                                      3620     3(0.08%)  |   19864      35  104430   14000  |    5.98    0.00

Response time percentiles (approximated)
 Type     Name                                                              50%    66%    75%    80%    90%    95%    98%    99%  99.9% 99.99%   100% # reqs
--------|------------------------------------------------------------|---------|------|------|------|------|------|------|------|------|------|------|------|
 Action   locust_comment_page                                              2200   2500   2700   2900   5000   5700   6600  11000  14000  14000  14000    103
 Action   locust_create_blog                                              29000  32000  33000  40000  64000  74000  77000  77000  77000  77000  77000     55
 Action   locust_create_blog_editor                                       19000  20000  25000  30000  47000  49000  49000  50000  50000  50000  50000     59
 Action   locust_create_page                                              30000  32000  33000  34000  60000  70000  79000  80000  81000  81000  81000    103
 Action   locust_create_page_editor                                       19000  20000  20000  28000  40000  43000  48000  50000  51000  51000  51000    114
 Action   locust_edit_page                                                31000  33000  33000  34000  45000  64000  74000  78000  78000  78000  78000     90
 Action   locust_like_page                                                 3400   3900   4600   5200   8100   8300  11000  11000  11000  11000  11000     63
 Action   locust_login_and_view_dashboard                                 74000  88000  95000  97000 101000 103000 104000 104000 104000 104000 104000    200
 Action   locust_open_editor                                              14000  15000  16000  16000  24000  34000  42000  42000  42000  42000  42000     99
 Action   locust_search_cql                                               11000  12000  12000  13000  16000  18000  20000  21000  50000  50000  50000    143
 Action   locust_search_recently_viewed                                    1600   1900   2100   2300   3500   3900   5200   5300   5400   5400   5400    144
 Action   locust_upload_attachments                                        9100  11000  13000  15000  15000  18000  20000  20000  22000  22000  22000    102
 Action   locust_view_attachments                                          3000   3500   4200   4700   6200   6800   7100   7400   7400   7400   7400     68
 Action   locust_view_blog                                                30000  33000  40000  51000  69000  71000  77000  78000  80000  80000  80000    143
 Action   locust_view_dashboard                                           62000  63000  64000  64000  70000  75000  77000  77000  77000  77000  77000     91
 Action   locust_view_page                                                25000  27000  32000  38000  54000  61000  64000  65000  69000  70000  70000   1027
 Action   locust_view_page_tree                                            1900   2200   2500   2800   4000   5000   5700   6200   7000   7100   7100   1016
--------|------------------------------------------------------------|---------|------|------|------|------|------|------|------|------|------|------|------|
 None     Aggregated                                                      14000  23000  27000  31000  57000  65000  88000  98000 104000 104000 104000   3620

Error report
 # occurrences      Error                                                                                               
--------------------------------------------------------------------------------------------------------------------------------------------
 1                  Action locust_upload_attachments: "HTTPError('502 Server Error: Bad Gateway for url: http://confl-loadb-185evch80nvew-612815241.us-west-1.elb.amazonaws.com:80/pages/viewpage.action?pageId=1181656')"
 1                  Action locust_upload_attachments: "HTTPError('502 Server Error: Bad Gateway for url: http://confl-loadb-185evch80nvew-612815241.us-west-1.elb.amazonaws.com:80/pages/viewpage.action?pageId=1189451')"
 1                  Action locust_upload_attachments: "HTTPError('502 Server Error: Bad Gateway for url: http://confl-loadb-185evch80nvew-612815241.us-west-1.elb.amazonaws.com:80/pages/viewpage.action?pageId=1103757')"
--------------------------------------------------------------------------------------------------------------------------------------------

