[DEPRECATED] The --hatch-rate parameter has been renamed --spawn-rate
 Name                                                          # reqs      # fails  |     Avg     Min     Max  Median  |   req/s failures/s
--------------------------------------------------------------------------------------------------------------------------------------------
 Action locust_comment_page                                       449     0(0.00%)  |      66      52     167      64  |    0.15    0.00
 Action locust_create_and_edit_page:create_page                   540     1(0.19%)  |     344      59     456     340  |    0.18    0.00
 Action locust_create_and_edit_page:create_page_editor            551     1(0.18%)  |     198       4     277     200  |    0.18    0.00
 Action locust_create_and_edit_page:edit_page                     522     1(0.19%)  |     363      51     476     360  |    0.17    0.00
 Action locust_create_and_edit_page:open_editor                   530     0(0.00%)  |     147     127     249     140  |    0.18    0.00
 Action locust_create_blog:blog_editor                            252     0(0.00%)  |     221     190     309     220  |    0.08    0.00
 Action locust_create_blog:feel_and_publish                       251     0(0.00%)  |     352     309     550     350  |    0.08    0.00
 Action locust_like_page                                          240     0(0.00%)  |      29      17     106      30  |    0.08    0.00
 Action locust_login_and_view_dashboard                           200     0(0.00%)  |    1620    1513    2096    1600  |    0.07    0.00
 Action locust_search_cql:recently_viewed                         599     0(0.00%)  |      16      12      82      16  |    0.20    0.00
 Action locust_search_cql:search_results                          590     0(0.00%)  |     448     246    4149     440  |    0.20    0.00
 Action locust_upload_attachment                                  392     0(0.00%)  |     427     283     944     390  |    0.13    0.00
 Action locust_view_attachment                                    242     0(0.00%)  |      96      69     174      86  |    0.08    0.00
 Action locust_view_blog                                          711     0(0.00%)  |     618     287    1235     570  |    0.24    0.00
 Action locust_view_dashboard                                     536     0(0.00%)  |    1157    1065    1368    1200  |    0.18    0.00
 Action locust_view_page:open_page                               4697     2(0.04%)  |     360       3     762     320  |    1.57    0.00
 Action locust_view_page:view_page_tree                          4635     1(0.02%)  |      40       3     149      38  |    1.54    0.00
--------------------------------------------------------------------------------------------------------------------------------------------
 Aggregated                                                     15937     6(0.04%)  |     280       3    4149     280  |    5.31    0.00

Response time percentiles (approximated)
 Type     Name                                                              50%    66%    75%    80%    90%    95%    98%    99%  99.9% 99.99%   100% # reqs
--------|------------------------------------------------------------|---------|------|------|------|------|------|------|------|------|------|------|------|
 Action   locust_comment_page                                                64     68     69     71     75     81    120    130    170    170    170    449
 Action   locust_create_and_edit_page:create_page                           340    350    360    360    380    390    420    430    460    460    460    540
 Action   locust_create_and_edit_page:create_page_editor                    200    200    200    210    220    230    260    260    280    280    280    551
 Action   locust_create_and_edit_page:edit_page                             360    370    380    380    390    420    440    460    480    480    480    522
 Action   locust_create_and_edit_page:open_editor                           140    150    150    150    160    170    210    220    250    250    250    530
 Action   locust_create_blog:blog_editor                                    220    220    230    230    240    260    290    300    310    310    310    252
 Action   locust_create_blog:feel_and_publish                               350    360    360    370    380    400    430    460    550    550    550    251
 Action   locust_like_page                                                   30     31     32     33     34     38     54     94    110    110    110    240
 Action   locust_login_and_view_dashboard                                  1600   1600   1700   1700   1700   1700   1800   1800   2100   2100   2100    200
 Action   locust_search_cql:recently_viewed                                  16     16     17     17     19     20     24     28     82     82     82    599
 Action   locust_search_cql:search_results                                  440    450    460    470    500    550    890   1200   4100   4100   4100    590
 Action   locust_upload_attachment                                          390    430    520    560    630    670    790    870    940    940    940    392
 Action   locust_view_attachment                                             86     93    110    120    140    150    160    160    170    170    170    242
 Action   locust_view_blog                                                  570    600    610    630    730   1100   1100   1200   1200   1200   1200    711
 Action   locust_view_dashboard                                            1200   1200   1200   1200   1200   1200   1300   1300   1400   1400   1400    536
 Action   locust_view_page:open_page                                        320    340    360    380    570    630    660    700    740    760    760   4697
 Action   locust_view_page:view_page_tree                                    38     43     47     49     57     64     73     84    140    150    150   4635
--------|------------------------------------------------------------|---------|------|------|------|------|------|------|------|------|------|------|------|
 None     Aggregated                                                        280    330    360    380    580   1100   1200   1600   1700   2700   4100  15937

Error report
 # occurrences      Error                                                                                               
--------------------------------------------------------------------------------------------------------------------------------------------
 1                  Action locust_view_page:open_page: "HTTPError('502 Server Error: Bad Gateway for url: http://confl-loadb-n2u031dw0abo-199959073.us-east-1.elb.amazonaws.com:80/pages/viewpage.action?pageId=4518258')"
 1                  Action locust_create_and_edit_page:create_page_editor: "HTTPError('502 Server Error: Bad Gateway for url: http://confl-loadb-n2u031dw0abo-199959073.us-east-1.elb.amazonaws.com:80/pages/createpage.action?spaceKey=RNL&fromPageId=2310317&src=quick-create')"
 1                  Action locust_create_and_edit_page:create_page: "AssertionError('Could not create PAGE draft.')"    
 1                  Action locust_view_page:view_page_tree: "HTTPError('502 Server Error: Bad Gateway for url: http://confl-loadb-n2u031dw0abo-199959073.us-east-1.elb.amazonaws.com:80/plugins/pagetree/naturalchildren.action?decorator=none&excerpt=false&sort=position&reverse=false&disableLinks=false&expandCurrent=true&hasRoot=false&spaceKey=MICD&treeId=0&startDepth=0&mobile=false&ancestors=2456683&2449483&treePageId=2556450&_=1613737377')"
 1                  Action locust_view_page:open_page: "HTTPError('502 Server Error: Bad Gateway for url: http://confl-loadb-n2u031dw0abo-199959073.us-east-1.elb.amazonaws.com:80/pages/viewpage.action?pageId=4519847')"
 1                  Action locust_create_and_edit_page:edit_page: "AssertionError('User could not edit page.')"         
--------------------------------------------------------------------------------------------------------------------------------------------

