[DEPRECATED] The --hatch-rate parameter has been renamed --spawn-rate
 Name                                                          # reqs      # fails  |     Avg     Min     Max  Median  |   req/s failures/s
--------------------------------------------------------------------------------------------------------------------------------------------
 Action locust_app_specific_action                                  5     0(0.00%)  |     306     189     635     220  |    0.04    0.00
 Action locust_comment_page                                         4   4(100.00%)  |      15      15      17      15  |    0.03    0.03
 Action locust_create_and_edit_page:create_page                     1   1(100.00%)  |       0       0       0       0  |    0.01    0.01
 Action locust_create_and_edit_page:create_page_editor              2   2(100.00%)  |      53      53      54      53  |    0.02    0.02
 Action locust_create_blog:blog_editor                              2   2(100.00%)  |      53      52      55      52  |    0.02    0.02
 Action locust_create_blog:feel_and_publish                         1   1(100.00%)  |       0       0       0       0  |    0.01    0.01
 Action locust_like_page                                            4     0(0.00%)  |      68      66      70      69  |    0.03    0.00
 Action locust_login_and_view_dashboard                            85     0(0.00%)  |    1375    1294    1578    1400  |    0.64    0.00
 Action locust_search_cql:recently_viewed                           9     0(0.00%)  |      38      35      49      36  |    0.07    0.00
 Action locust_search_cql:search_results                            9     0(0.00%)  |     386     281     529     400  |    0.07    0.00
 Action locust_upload_attachment                                    4     0(0.00%)  |     528     414     681     440  |    0.03    0.00
 Action locust_view_attachment                                      3     0(0.00%)  |     157     116     180     180  |    0.02    0.00
 Action locust_view_blog                                            6   6(100.00%)  |     544     425     615     520  |    0.05    0.05
 Action locust_view_dashboard                                       6     0(0.00%)  |    1254    1200    1280    1280  |    0.05    0.00
 Action locust_view_page:open_page                                 42     0(0.00%)  |     598     507    1051     540  |    0.32    0.00
 Action locust_view_page:view_page_tree                            20     0(0.00%)  |      62      40     105      60  |    0.15    0.00
--------------------------------------------------------------------------------------------------------------------------------------------
 Aggregated                                                       203    16(7.88%)  |     800       0    1578     610  |    1.54    0.12

Response time percentiles (approximated)
 Type     Name                                                              50%    66%    75%    80%    90%    95%    98%    99%  99.9% 99.99%   100% # reqs
--------|------------------------------------------------------------|---------|------|------|------|------|------|------|------|------|------|------|------|
 Action   locust_app_specific_action                                        220    290    290    640    640    640    640    640    640    640    640      5
 Action   locust_comment_page                                                16     16     17     17     17     17     17     17     17     17     17      4
 Action   locust_create_and_edit_page:create_page                             0      0      0      0      0      0      0      0      0      0      0      1
 Action   locust_create_and_edit_page:create_page_editor                     54     54     54     54     54     54     54     54     54     54     54      2
 Action   locust_create_blog:blog_editor                                     55     55     55     55     55     55     55     55     55     55     55      2
 Action   locust_create_blog:feel_and_publish                                 0      0      0      0      0      0      0      0      0      0      0      1
 Action   locust_like_page                                                   69     69     70     70     70     70     70     70     70     70     70      4
 Action   locust_login_and_view_dashboard                                  1400   1400   1400   1400   1400   1400   1500   1600   1600   1600   1600     85
 Action   locust_search_cql:recently_viewed                                  36     37     37     43     49     49     49     49     49     49     49      9
 Action   locust_search_cql:search_results                                  400    410    410    430    530    530    530    530    530    530    530      9
 Action   locust_upload_attachment                                          580    580    680    680    680    680    680    680    680    680    680      4
 Action   locust_view_attachment                                            180    180    180    180    180    180    180    180    180    180    180      3
 Action   locust_view_blog                                                  580    580    610    610    620    620    620    620    620    620    620      6
 Action   locust_view_dashboard                                            1300   1300   1300   1300   1300   1300   1300   1300   1300   1300   1300      6
 Action   locust_view_page:open_page                                        540    570    600    600    700    990   1100   1100   1100   1100   1100     42
 Action   locust_view_page:view_page_tree                                    61     67     68     78     90    100    100    100    100    100    100     20
--------|------------------------------------------------------------|---------|------|------|------|------|------|------|------|------|------|------|------|
 None     Aggregated                                                        610   1300   1400   1400   1400   1400   1400   1500   1600   1600   1600    203

Error report
 # occurrences      Error                                                                                               
--------------------------------------------------------------------------------------------------------------------------------------------
 2                  Action locust_create_blog:blog_editor: "AssertionError('Could not open editor for blog.')"          
 1                  Action locust_comment_page: "HTTPError('403 Client Error:  for url: http://confl-loadb-n2u031dw0abo-199959073.us-east-1.elb.amazonaws.com:80/rest/tinymce/1/content/2456900/comment?actions=true&html=%3Cp%3Ebpisboezvkcvytg%3C%2Fp%3E&watch=True&uuid=8746d85f-5687-4bc6-a94d-8d03bcda710b')"
 6                  Action locust_view_blog: "AssertionError('Could not open editor for blog.')"                        
 1                  Action locust_create_blog:feel_and_publish: "KeyError('draft_name')"                                
 1                  Action locust_comment_page: "HTTPError('403 Client Error:  for url: http://confl-loadb-n2u031dw0abo-199959073.us-east-1.elb.amazonaws.com:80/rest/tinymce/1/content/4592616/comment?actions=true&html=%3Cp%3Emjovyqref++nsx+%3C%2Fp%3E&watch=True&uuid=b3c48b30-e0b0-4867-b8f5-6e2b6753d465')"
 2                  Action locust_create_and_edit_page:create_page_editor: "AssertionError('Could not open page editor.')"
 1                  Action locust_comment_page: "HTTPError('403 Client Error:  for url: http://confl-loadb-n2u031dw0abo-199959073.us-east-1.elb.amazonaws.com:80/rest/tinymce/1/content/2719559/comment?actions=true&html=%3Cp%3Erjwdrcokwhtsmlj%3C%2Fp%3E&watch=True&uuid=d590c381-d4bf-490d-bc95-63865d4c5ae2')"
 1                  Action locust_comment_page: "HTTPError('403 Client Error:  for url: http://confl-loadb-n2u031dw0abo-199959073.us-east-1.elb.amazonaws.com:80/rest/tinymce/1/content/2558204/comment?actions=true&html=%3Cp%3Edazsalfejlrpioe%3C%2Fp%3E&watch=True&uuid=ba67cdc4-d055-4a07-a0b0-c8520034c492')"
 1                  Action locust_create_and_edit_page:create_page: "KeyError('content_id')"                            
--------------------------------------------------------------------------------------------------------------------------------------------

 Name                                                          # reqs      # fails  |     Avg     Min     Max  Median  |   req/s failures/s
--------------------------------------------------------------------------------------------------------------------------------------------
 Action locust_app_specific_action                                  5     0(0.00%)  |     306     189     635     220  |    0.04    0.00
 Action locust_comment_page                                         4   4(100.00%)  |      15      15      17      15  |    0.03    0.03
 Action locust_create_and_edit_page:create_page                     1   1(100.00%)  |       0       0       0       0  |    0.01    0.01
 Action locust_create_and_edit_page:create_page_editor              2   2(100.00%)  |      53      53      54      53  |    0.02    0.02
 Action locust_create_blog:blog_editor                              2   2(100.00%)  |      53      52      55      52  |    0.02    0.02
 Action locust_create_blog:feel_and_publish                         1   1(100.00%)  |       0       0       0       0  |    0.01    0.01
 Action locust_like_page                                            4     0(0.00%)  |      68      66      70      69  |    0.03    0.00
 Action locust_login_and_view_dashboard                            85     0(0.00%)  |    1375    1294    1578    1400  |    0.64    0.00
 Action locust_search_cql:recently_viewed                           9     0(0.00%)  |      38      35      49      36  |    0.07    0.00
 Action locust_search_cql:search_results                            9     0(0.00%)  |     386     281     529     400  |    0.07    0.00
 Action locust_upload_attachment                                    4     0(0.00%)  |     528     414     681     440  |    0.03    0.00
 Action locust_view_attachment                                      3     0(0.00%)  |     157     116     180     180  |    0.02    0.00
 Action locust_view_blog                                            6   6(100.00%)  |     544     425     615     520  |    0.05    0.05
 Action locust_view_dashboard                                       6     0(0.00%)  |    1254    1200    1280    1280  |    0.05    0.00
 Action locust_view_page:open_page                                 42     0(0.00%)  |     598     507    1051     540  |    0.32    0.00
 Action locust_view_page:view_page_tree                            20     0(0.00%)  |      62      40     105      60  |    0.15    0.00
--------------------------------------------------------------------------------------------------------------------------------------------
 Aggregated                                                       203    16(7.88%)  |     800       0    1578     610  |    1.54    0.12

Response time percentiles (approximated)
 Type     Name                                                              50%    66%    75%    80%    90%    95%    98%    99%  99.9% 99.99%   100% # reqs
--------|------------------------------------------------------------|---------|------|------|------|------|------|------|------|------|------|------|------|
 Action   locust_app_specific_action                                        220    290    290    640    640    640    640    640    640    640    640      5
 Action   locust_comment_page                                                16     16     17     17     17     17     17     17     17     17     17      4
 Action   locust_create_and_edit_page:create_page                             0      0      0      0      0      0      0      0      0      0      0      1
 Action   locust_create_and_edit_page:create_page_editor                     54     54     54     54     54     54     54     54     54     54     54      2
 Action   locust_create_blog:blog_editor                                     55     55     55     55     55     55     55     55     55     55     55      2
 Action   locust_create_blog:feel_and_publish                                 0      0      0      0      0      0      0      0      0      0      0      1
 Action   locust_like_page                                                   69     69     70     70     70     70     70     70     70     70     70      4
 Action   locust_login_and_view_dashboard                                  1400   1400   1400   1400   1400   1400   1500   1600   1600   1600   1600     85
 Action   locust_search_cql:recently_viewed                                  36     37     37     43     49     49     49     49     49     49     49      9
 Action   locust_search_cql:search_results                                  400    410    410    430    530    530    530    530    530    530    530      9
 Action   locust_upload_attachment                                          580    580    680    680    680    680    680    680    680    680    680      4
 Action   locust_view_attachment                                            180    180    180    180    180    180    180    180    180    180    180      3
 Action   locust_view_blog                                                  580    580    610    610    620    620    620    620    620    620    620      6
 Action   locust_view_dashboard                                            1300   1300   1300   1300   1300   1300   1300   1300   1300   1300   1300      6
 Action   locust_view_page:open_page                                        540    570    600    600    700    990   1100   1100   1100   1100   1100     42
 Action   locust_view_page:view_page_tree                                    61     67     68     78     90    100    100    100    100    100    100     20
--------|------------------------------------------------------------|---------|------|------|------|------|------|------|------|------|------|------|------|
 None     Aggregated                                                        610   1300   1400   1400   1400   1400   1400   1500   1600   1600   1600    203

Error report
 # occurrences      Error                                                                                               
--------------------------------------------------------------------------------------------------------------------------------------------
 2                  Action locust_create_blog:blog_editor: "AssertionError('Could not open editor for blog.')"          
 1                  Action locust_comment_page: "HTTPError('403 Client Error:  for url: http://confl-loadb-n2u031dw0abo-199959073.us-east-1.elb.amazonaws.com:80/rest/tinymce/1/content/2456900/comment?actions=true&html=%3Cp%3Ebpisboezvkcvytg%3C%2Fp%3E&watch=True&uuid=8746d85f-5687-4bc6-a94d-8d03bcda710b')"
 6                  Action locust_view_blog: "AssertionError('Could not open editor for blog.')"                        
 1                  Action locust_create_blog:feel_and_publish: "KeyError('draft_name')"                                
 1                  Action locust_comment_page: "HTTPError('403 Client Error:  for url: http://confl-loadb-n2u031dw0abo-199959073.us-east-1.elb.amazonaws.com:80/rest/tinymce/1/content/4592616/comment?actions=true&html=%3Cp%3Emjovyqref++nsx+%3C%2Fp%3E&watch=True&uuid=b3c48b30-e0b0-4867-b8f5-6e2b6753d465')"
 2                  Action locust_create_and_edit_page:create_page_editor: "AssertionError('Could not open page editor.')"
 1                  Action locust_comment_page: "HTTPError('403 Client Error:  for url: http://confl-loadb-n2u031dw0abo-199959073.us-east-1.elb.amazonaws.com:80/rest/tinymce/1/content/2719559/comment?actions=true&html=%3Cp%3Erjwdrcokwhtsmlj%3C%2Fp%3E&watch=True&uuid=d590c381-d4bf-490d-bc95-63865d4c5ae2')"
 1                  Action locust_comment_page: "HTTPError('403 Client Error:  for url: http://confl-loadb-n2u031dw0abo-199959073.us-east-1.elb.amazonaws.com:80/rest/tinymce/1/content/2558204/comment?actions=true&html=%3Cp%3Edazsalfejlrpioe%3C%2Fp%3E&watch=True&uuid=ba67cdc4-d055-4a07-a0b0-c8520034c492')"
 1                  Action locust_create_and_edit_page:create_page: "KeyError('content_id')"                            
--------------------------------------------------------------------------------------------------------------------------------------------

Traceback (most recent call last):
  File "/usr/local/lib/python3.8/dist-packages/gevent/monkey.py", line 883, in _shutdown
    sleep()
  File "/usr/local/lib/python3.8/dist-packages/gevent/hub.py", line 159, in sleep
    waiter.get()
  File "src/gevent/_waiter.py", line 143, in gevent._gevent_c_waiter.Waiter.get
  File "src/gevent/_waiter.py", line 154, in gevent._gevent_c_waiter.Waiter.get
  File "src/gevent/_greenlet_primitives.py", line 61, in gevent._gevent_c_greenlet_primitives.SwitchOutGreenletWithLoop.switch
  File "src/gevent/_greenlet_primitives.py", line 61, in gevent._gevent_c_greenlet_primitives.SwitchOutGreenletWithLoop.switch
  File "src/gevent/_greenlet_primitives.py", line 65, in gevent._gevent_c_greenlet_primitives.SwitchOutGreenletWithLoop.switch
  File "src/gevent/_gevent_c_greenlet_primitives.pxd", line 35, in gevent._gevent_c_greenlet_primitives._greenlet_switch
  File "/usr/local/lib/python3.8/dist-packages/gevent/hub.py", line 300, in handle
    self.handler(*self.args, **self.kwargs)
  File "/usr/local/lib/python3.8/dist-packages/locust/main.py", line 381, in sig_term_handler
    shutdown()
  File "/usr/local/lib/python3.8/dist-packages/locust/main.py", line 376, in shutdown
    sys.exit(code)
SystemExit: 1
2021-02-12T16:27:45Z <greenlet.greenlet object at 0x7f9eed69f3b0 (otid=0x7f9eeddcbc40) current active started main> failed with SystemExit

