[DEPRECATED] The --hatch-rate parameter has been renamed --spawn-rate
 Name                                                          # reqs      # fails  |     Avg     Min     Max  Median  |   req/s failures/s
--------------------------------------------------------------------------------------------------------------------------------------------
 Action locust_comment_page                                      1146     0(0.00%)  |     179     103   23913     140  |    0.38    0.00
 Action locust_create_and_edit_page:create_page                  1408     0(0.00%)  |     829     541   32118     600  |    0.47    0.00
 Action locust_create_and_edit_page:create_page_editor           1410     0(0.00%)  |     534     318   29006     350  |    0.47    0.00
 Action locust_create_and_edit_page:edit_page                    1397     0(0.00%)  |     931     557   30099     620  |    0.47    0.00
 Action locust_create_and_edit_page:open_editor                  1401     0(0.00%)  |     406     193   28711     220  |    0.47    0.00
 Action locust_create_blog:blog_editor                            680     0(0.00%)  |     545     348   23012     380  |    0.23    0.00
 Action locust_create_blog:feel_and_publish                       678     0(0.00%)  |     847     532   31633     580  |    0.23    0.00
 Action locust_like_page                                          724     0(0.00%)  |     105      31   18170      52  |    0.24    0.00
 Action locust_login_and_view_dashboard                           200     0(0.00%)  |    2454    2089    2997    2400  |    0.07    0.00
 Action locust_search_cql:recently_viewed                        1614     0(0.00%)  |      60      26   14569      33  |    0.54    0.00
 Action locust_search_cql:search_results                         1610     0(0.00%)  |     689     279   26970     500  |    0.54    0.00
 Action locust_upload_attachment                                 1218     0(0.00%)  |    1386     358   58701     570  |    0.41    0.00
 Action locust_view_attachment                                    694     0(0.00%)  |     195      84   22411     120  |    0.23    0.00
 Action locust_view_blog                                         1902     0(0.00%)  |    1774     926   55264    1200  |    0.63    0.00
 Action locust_view_dashboard                                    1379     0(0.00%)  |    2080    1631   29837    1800  |    0.46    0.00
 Action locust_view_page:open_page                              12762     0(0.00%)  |     924     418   53011     560  |    4.25    0.00
 Action locust_view_page:view_page_tree                         12718     0(0.00%)  |     232      28   24040     140  |    4.24    0.00
--------------------------------------------------------------------------------------------------------------------------------------------
 Aggregated                                                     42941     0(0.00%)  |     687      26   58701     480  |   14.30    0.00

Response time percentiles (approximated)
 Type     Name                                                              50%    66%    75%    80%    90%    95%    98%    99%  99.9% 99.99%   100% # reqs
--------|------------------------------------------------------------|---------|------|------|------|------|------|------|------|------|------|------|------|
 Action   locust_comment_page                                               140    150    160    180    220    270    370    460   2200  24000  24000   1146
 Action   locust_create_and_edit_page:create_page                           600    610    640    670   1200   1400   1700   2000  30000  32000  32000   1408
 Action   locust_create_and_edit_page:create_page_editor                    350    360    370    390    730    910   1100   1300  27000  29000  29000   1410
 Action   locust_create_and_edit_page:edit_page                             620    640    660    690   1200   1500   1800   3700  29000  30000  30000   1397
 Action   locust_create_and_edit_page:open_editor                           220    230    230    240    490    700    810    990  29000  29000  29000   1401
 Action   locust_create_blog:blog_editor                                    380    390    410    450    860   1000   1300   1400  23000  23000  23000    680
 Action   locust_create_blog:feel_and_publish                               580    600    640    670   1300   1500   1800   2200  32000  32000  32000    678
 Action   locust_like_page                                                   52     54     55     56     72    100    180    300  18000  18000  18000    724
 Action   locust_login_and_view_dashboard                                  2400   2500   2600   2600   2700   2700   2800   2900   3000   3000   3000    200
 Action   locust_search_cql:recently_viewed                                  33     35     36     38     61     86    140    190  14000  15000  15000   1614
 Action   locust_search_cql:search_results                                  500    540    590    630   1100   1500   2000   2200  26000  27000  27000   1610
 Action   locust_upload_attachment                                          570    780    950   1000   1400   3300   6900  28000  59000  59000  59000   1218
 Action   locust_view_attachment                                            120    150    170    180    270    440    590    670  22000  22000  22000    694
 Action   locust_view_blog                                                 1200   1300   1500   1900   2200   2500   3500  22000  49000  55000  55000   1902
 Action   locust_view_dashboard                                            1800   1900   2000   2100   2800   3200   3600   3900  29000  30000  30000   1379
 Action   locust_view_page:open_page                                        560    620    920   1000   1300   1500   2200   3000  44000  52000  53000  12762
 Action   locust_view_page:view_page_tree                                   140    160    170    180    340    480    600    690  20000  24000  24000  12718
--------|------------------------------------------------------------|---------|------|------|------|------|------|------|------|------|------|------|------|
 None     Aggregated                                                        480    560    620    740   1200   1800   2300   3100  33000  53000  59000  42941

