[DEPRECATED] The --hatch-rate parameter has been renamed --spawn-rate
 Name                                                          # reqs      # fails  |     Avg     Min     Max  Median  |   req/s failures/s
--------------------------------------------------------------------------------------------------------------------------------------------
 Action locust_app_specific_action                               1379     0(0.00%)  |    1324     394    2797    1300  |    0.46    0.00
 Action locust_comment_page                                      1171     0(0.00%)  |      62      50     204      61  |    0.39    0.00
 Action locust_create_and_edit_page:create_page                  1364     0(0.00%)  |     355     303     613     350  |    0.45    0.00
 Action locust_create_and_edit_page:create_page_editor           1373     0(0.00%)  |     204     171     452     200  |    0.46    0.00
 Action locust_create_and_edit_page:edit_page                    1352     0(0.00%)  |     372     319     637     370  |    0.45    0.00
 Action locust_create_and_edit_page:open_editor                  1357     0(0.00%)  |     151     126     385     150  |    0.45    0.00
 Action locust_create_blog:blog_editor                            693     0(0.00%)  |     225     196     378     220  |    0.23    0.00
 Action locust_create_blog:feel_and_publish                       689     0(0.00%)  |     364     309     611     360  |    0.23    0.00
 Action locust_like_page                                          711     0(0.00%)  |      33      17     141      33  |    0.24    0.00
 Action locust_login_and_view_dashboard                           200     0(0.00%)  |    1695    1386    2183    1700  |    0.07    0.00
 Action locust_search_cql:recently_viewed                        1620     0(0.00%)  |      16       8     226      16  |    0.54    0.00
 Action locust_search_cql:search_results                         1612     0(0.00%)  |     388     202    7087     360  |    0.54    0.00
 Action locust_upload_attachment                                 1143     0(0.00%)  |     458     273    1193     380  |    0.38    0.00
 Action locust_view_attachment                                    682     0(0.00%)  |      93      68     242      82  |    0.23    0.00
 Action locust_view_blog                                         1820     0(0.00%)  |     692     308    1470     640  |    0.61    0.00
 Action locust_view_dashboard                                    1338     0(0.00%)  |    1203     951    1741    1200  |    0.45    0.00
 Action locust_view_page:open_page                              12364     0(0.00%)  |     383     215    1196     320  |    4.12    0.00
 Action locust_view_page:view_page_tree                         12315     0(0.00%)  |      36       9     286      34  |    4.10    0.00
--------------------------------------------------------------------------------------------------------------------------------------------
 Aggregated                                                     43183     0(0.00%)  |     311       8    7087     290  |   14.39    0.00

Response time percentiles (approximated)
 Type     Name                                                              50%    66%    75%    80%    90%    95%    98%    99%  99.9% 99.99%   100% # reqs
--------|------------------------------------------------------------|---------|------|------|------|------|------|------|------|------|------|------|------|
 Action   locust_app_specific_action                                       1300   1600   1700   1800   1900   2100   2200   2400   2700   2800   2800   1379
 Action   locust_comment_page                                                61     63     65     66     69     72     97    110    170    200    200   1171
 Action   locust_create_and_edit_page:create_page                           350    360    370    370    390    410    430    450    560    610    610   1364
 Action   locust_create_and_edit_page:create_page_editor                    200    210    210    220    230    250    270    280    410    450    450   1373
 Action   locust_create_and_edit_page:edit_page                             370    380    380    390    410    430    450    470    620    640    640   1352
 Action   locust_create_and_edit_page:open_editor                           150    150    160    160    170    180    200    230    240    380    380   1357
 Action   locust_create_blog:blog_editor                                    220    230    230    240    250    260    280    310    380    380    380    693
 Action   locust_create_blog:feel_and_publish                               360    370    380    380    410    420    440    480    610    610    610    689
 Action   locust_like_page                                                   33     34     35     36     38     41     57     74    140    140    140    711
 Action   locust_login_and_view_dashboard                                  1700   1700   1800   1800   1900   1900   2000   2000   2200   2200   2200    200
 Action   locust_search_cql:recently_viewed                                  16     16     17     17     18     20     25     36    140    230    230   1620
 Action   locust_search_cql:search_results                                  360    380    390    400    440    510    820   1300   4700   7100   7100   1612
 Action   locust_upload_attachment                                          380    450    560    590    760    820    960   1000   1200   1200   1200   1143
 Action   locust_view_attachment                                             82     89    100    120    140    150    160    180    240    240    240    682
 Action   locust_view_blog                                                  640    680    700    720    880   1200   1300   1400   1500   1500   1500   1820
 Action   locust_view_dashboard                                            1200   1200   1200   1300   1300   1300   1400   1500   1700   1700   1700   1338
 Action   locust_view_page:open_page                                        320    350    370    400    710    760    820    860    980   1100   1200  12364
 Action   locust_view_page:view_page_tree                                    34     38     42     44     51     58     69     81    120    270    290  12315
--------|------------------------------------------------------------|---------|------|------|------|------|------|------|------|------|------|------|------|
 None     Aggregated                                                        290    340    370    400    730   1200   1400   1700   2200   2600   7100  43183

