[DEPRECATED] The --hatch-rate parameter has been renamed --spawn-rate
 Name                                                          # reqs      # fails  |     Avg     Min     Max  Median  |   req/s failures/s
--------------------------------------------------------------------------------------------------------------------------------------------
 Action locust_comment_page                                      1202     0(0.00%)  |     138      87     241     140  |    0.40    0.00
 Action locust_create_blog                                        754     0(0.00%)  |     563     373     933     610  |    0.25    0.00
 Action locust_create_blog_editor                                 758     0(0.00%)  |     355     221     922     410  |    0.25    0.00
 Action locust_create_page                                       1389     0(0.00%)  |     567     377    2969     510  |    0.46    0.00
 Action locust_create_page_editor                                1394     0(0.00%)  |     311     186    1798     270  |    0.46    0.00
 Action locust_edit_page                                         1373     0(0.00%)  |     598     406     948     560  |    0.46    0.00
 Action locust_like_page                                          687     0(0.00%)  |      47      14     106      43  |    0.23    0.00
 Action locust_login_and_view_dashboard                           200     0(0.00%)  |    2203    1560    7270    2200  |    0.07    0.00
 Action locust_open_editor                                       1383     0(0.00%)  |     205     132     432     210  |    0.46    0.00
 Action locust_search_cql                                        1695     0(0.00%)  |     521     280    5875     500  |    0.56    0.00
 Action locust_search_recently_viewed                            1698     0(0.00%)  |      27      10     244      31  |    0.57    0.00
 Action locust_upload_attachments                                1211     0(0.00%)  |     898     409   83492     600  |    0.40    0.00
 Action locust_view_attachments                                   695     0(0.00%)  |     142      90     311     120  |    0.23    0.00
 Action locust_view_blog                                         1896     0(0.00%)  |    1309     407   74703    1200  |    0.63    0.00
 Action locust_view_dashboard                                    1388     0(0.00%)  |    1545    1113    2542    1600  |    0.46    0.00
 Action locust_view_page                                        12725     0(0.00%)  |     602     243   79266     550  |    4.23    0.00
 Action locust_view_page_tree                                   12688     0(0.00%)  |     206      18    1041     200  |    4.22    0.00
--------------------------------------------------------------------------------------------------------------------------------------------
 Aggregated                                                     43136     0(0.00%)  |     479      10   83492     360  |   14.35    0.00

Response time percentiles (approximated)
 Type     Name                                                              50%    66%    75%    80%    90%    95%    98%    99%  99.9% 99.99%   100% # reqs
--------|------------------------------------------------------------|---------|------|------|------|------|------|------|------|------|------|------|------|
 Action   locust_comment_page                                               140    150    160    160    180    190    210    210    240    240    240   1202
 Action   locust_create_blog                                                620    660    680    690    700    730    750    770    930    930    930    754
 Action   locust_create_blog_editor                                         410    430    440    440    460    470    480    490    920    920    920    758
 Action   locust_create_page                                                510    680    690    700    720    740    760    780   1800   3000   3000   1389
 Action   locust_create_page_editor                                         270    390    400    400    410    420    440    450    520   1800   1800   1394
 Action   locust_edit_page                                                  560    700    720    720    740    760    780    790    920    950    950   1373
 Action   locust_like_page                                                   43     62     65     66     69     73     82     85    110    110    110    687
 Action   locust_login_and_view_dashboard                                  2200   2400   2400   2500   2600   2700   2900   5700   7300   7300   7300    200
 Action   locust_open_editor                                                210    240    250    250    260    270    280    290    370    430    430   1383
 Action   locust_search_cql                                                 500    530    550    560    610    660   1100   2100   5600   5900   5900   1695
 Action   locust_search_recently_viewed                                      31     34     36     37     39     42     49     58    210    240    240   1698
 Action   locust_upload_attachments                                         600    740    820    870    980   1100   1300   5900  51000  83000  83000   1211
 Action   locust_view_attachments                                           120    130    150    180    230    250    270    290    310    310    310    695
 Action   locust_view_blog                                                 1200   1300   1400   1400   1600   1800   2100   2300  67000  75000  75000   1896
 Action   locust_view_dashboard                                            1600   1700   1700   1800   1800   1800   1900   1900   2000   2500   2500   1388
 Action   locust_view_page                                                  550    590    630    660    780    940   1000   1100  24000  77000  79000  12725
 Action   locust_view_page_tree                                             200    220    240    260    300    340    380    420    510   1000   1000  12688
--------|------------------------------------------------------------|---------|------|------|------|------|------|------|------|------|------|------|------|
 None     Aggregated                                                        360    500    580    640    830   1300   1700   1800   4900  70000  83000  43136

