[DEPRECATED] The --hatch-rate parameter has been renamed --spawn-rate
 Name                                                          # reqs      # fails  |     Avg     Min     Max  Median  |   req/s failures/s
--------------------------------------------------------------------------------------------------------------------------------------------
 Action locust_app_specific_action                                351  117(33.33%)  |    1110       0    2620    1300  |    0.39    0.13
 Action locust_comment_page                                       300     0(0.00%)  |     147     105     283     140  |    0.33    0.00
 Action locust_create_and_edit_page:create_page                   353     0(0.00%)  |     594     542     720     590  |    0.39    0.00
 Action locust_create_and_edit_page:create_page_editor            358     0(0.00%)  |     354     320     450     350  |    0.40    0.00
 Action locust_create_and_edit_page:edit_page                     345     0(0.00%)  |     618     564     749     610  |    0.38    0.00
 Action locust_create_and_edit_page:open_editor                   349     0(0.00%)  |     217     196     290     220  |    0.39    0.00
 Action locust_create_blog:blog_editor                            180     0(0.00%)  |     378     347     463     370  |    0.20    0.00
 Action locust_create_blog:feel_and_publish                       178     0(0.00%)  |     598     545     760     590  |    0.20    0.00
 Action locust_like_page                                          181     0(0.00%)  |      45      32      91      50  |    0.20    0.00
 Action locust_login_and_view_dashboard                           200     0(0.00%)  |    2406    2194    3134    2300  |    0.22    0.00
 Action locust_search_cql:recently_viewed                         413     0(0.00%)  |      34      26      93      34  |    0.46    0.00
 Action locust_search_cql:search_results                          406     0(0.00%)  |     480     269    7025     460  |    0.45    0.00
 Action locust_upload_attachment                                  333     0(0.00%)  |     622     333    1510     550  |    0.37    0.00
 Action locust_view_attachment                                    192     0(0.00%)  |     131      84     265     120  |    0.21    0.00
 Action locust_view_blog                                          436     0(0.00%)  |    1189     970    2189    1100  |    0.48    0.00
 Action locust_view_dashboard                                     346     0(0.00%)  |    1817    1616    2196    1800  |    0.38    0.00
 Action locust_view_page:open_page                               3290     0(0.00%)  |     620     424    1500     550  |    3.65    0.00
 Action locust_view_page:view_page_tree                          3242     0(0.00%)  |     125      22     367     120  |    3.59    0.00
--------------------------------------------------------------------------------------------------------------------------------------------
 Aggregated                                                     11453   117(1.02%)  |     503       0    7025     460  |   12.69    0.13

Response time percentiles (approximated)
 Type     Name                                                              50%    66%    75%    80%    90%    95%    98%    99%  99.9% 99.99%   100% # reqs
--------|------------------------------------------------------------|---------|------|------|------|------|------|------|------|------|------|------|------|
 Action   locust_app_specific_action                                       1300   1600   2000   2000   2200   2300   2500   2500   2600   2600   2600    351
 Action   locust_comment_page                                               140    160    170    180    200    200    220    250    280    280    280    300
 Action   locust_create_and_edit_page:create_page                           590    600    610    610    640    650    670    680    720    720    720    353
 Action   locust_create_and_edit_page:create_page_editor                    350    360    360    370    380    400    410    420    450    450    450    358
 Action   locust_create_and_edit_page:edit_page                             610    620    630    640    660    670    700    700    750    750    750    345
 Action   locust_create_and_edit_page:open_editor                           220    220    220    230    240    240    250    280    290    290    290    349
 Action   locust_create_blog:blog_editor                                    370    380    390    390    410    430    440    440    460    460    460    180
 Action   locust_create_blog:feel_and_publish                               590    600    610    620    640    660    690    700    760    760    760    178
 Action   locust_like_page                                                   50     52     53     54     55     60     72     77     91     91     91    181
 Action   locust_login_and_view_dashboard                                  2300   2400   2500   2500   2700   2800   2900   3000   3100   3100   3100    200
 Action   locust_search_cql:recently_viewed                                  34     35     36     36     38     40     52     68     93     93     93    413
 Action   locust_search_cql:search_results                                  460    490    500    520    570    620   1000   1200   7000   7000   7000    406
 Action   locust_upload_attachment                                          550    620    730    810   1000   1100   1200   1400   1500   1500   1500    333
 Action   locust_view_attachment                                            120    140    150    170    190    210    230    260    260    260    260    192
 Action   locust_view_blog                                                 1100   1200   1200   1200   1300   1900   2000   2000   2200   2200   2200    436
 Action   locust_view_dashboard                                            1800   1800   1900   1900   2000   2100   2100   2200   2200   2200   2200    346
 Action   locust_view_page:open_page                                        550    580    620    640   1000   1100   1200   1300   1400   1500   1500   3290
 Action   locust_view_page:view_page_tree                                   120    140    150    150    170    180    200    220    250    370    370   3242
--------|------------------------------------------------------------|---------|------|------|------|------|------|------|------|------|------|------|------|
 None     Aggregated                                                        460    550    600    620   1100   1700   2200   2300   2800   3100   7000  11453

Error report
 # occurrences      Error                                                                                               
--------------------------------------------------------------------------------------------------------------------------------------------
 117                Action locust_app_specific_action: "KeyError('atl_token')"                                          
--------------------------------------------------------------------------------------------------------------------------------------------

