[2021-02-10 11:19:21,479 INFO root] Taurus CLI Tool v1.15.1
[2021-02-10 11:19:21,479 DEBUG root] Build: 13973 Fri Oct 30 09:16:46 UTC 2020
[2021-02-10 11:19:21,479 DEBUG root] Extended git info:  3fecb4b9 Release 1.15.1 (#1420)
[2021-02-10 11:19:21,479 DEBUG root] Command-line options: {'log': '/tmp/bzt_ushl28u9.log', 'option': ['modules.console.disable=true'], 'quiet': None, 'verbose': None, 'no_system_configs': None, 'aliases': []}
[2021-02-10 11:19:21,479 DEBUG root] Python: CPython 3.8.0
[2021-02-10 11:19:21,479 DEBUG root] OS: uname_result(system='Linux', node='12186bd5c7b1', release='5.4.0-1037-aws', version='#39~18.04.1-Ubuntu SMP Fri Jan 15 02:48:42 UTC 2021', machine='x86_64', processor='x86_64')
[2021-02-10 11:19:21,479 INFO root] Starting with configs: ['confluence.yml']
[2021-02-10 11:19:21,480 DEBUG root] Using personal config: /root/.bzt-rc
[2021-02-10 11:19:21,480 INFO Engine] Configuring...
[2021-02-10 11:19:21,480 DEBUG Engine] Reading system configs from: /etc/bzt.d
[2021-02-10 11:19:21,488 DEBUG Engine] Base configs list: ['/usr/local/lib/python3.8/dist-packages/bzt/resources/10-base-config.yml', '/etc/bzt.d/50-pbench-enhanced.json', '/etc/bzt.d/90-artifacts-dir.json', '/etc/bzt.d/99-zinstallID.json']
[2021-02-10 11:19:21,488 DEBUG Engine.Configuration] Configs: ['/usr/local/lib/python3.8/dist-packages/bzt/resources/10-base-config.yml', '/etc/bzt.d/50-pbench-enhanced.json', '/etc/bzt.d/90-artifacts-dir.json', '/etc/bzt.d/99-zinstallID.json']
[2021-02-10 11:19:21,488 DEBUG Engine.Configuration] Reading /usr/local/lib/python3.8/dist-packages/bzt/resources/10-base-config.yml as YAML
[2021-02-10 11:19:21,503 DEBUG Engine.Configuration] Reading /etc/bzt.d/50-pbench-enhanced.json as YAML
[2021-02-10 11:19:21,503 DEBUG Engine.Configuration] Reading /etc/bzt.d/90-artifacts-dir.json as YAML
[2021-02-10 11:19:21,504 DEBUG Engine.Configuration] Reading /etc/bzt.d/99-zinstallID.json as YAML
[2021-02-10 11:19:21,504 DEBUG Engine] User configs list: ['/root/.bzt-rc', 'confluence.yml']
[2021-02-10 11:19:21,504 DEBUG Engine.Configuration] Configs: ['/root/.bzt-rc', 'confluence.yml']
[2021-02-10 11:19:21,504 DEBUG Engine.Configuration] Reading /root/.bzt-rc as YAML
[2021-02-10 11:19:21,506 DEBUG Engine.Configuration] Reading confluence.yml as YAML
[2021-02-10 11:19:21,516 DEBUG Engine.Configuration] Configs: ['/root/.bzt-rc', 'confluence.yml']
[2021-02-10 11:19:21,516 DEBUG Engine.Configuration] Reading /root/.bzt-rc as YAML
[2021-02-10 11:19:21,519 DEBUG Engine.Configuration] Reading confluence.yml as YAML
[2021-02-10 11:19:21,533 DEBUG Engine] Requesting updates info: https://gettaurus.org/updates/?version=1.15.1&installID=Docker
[2021-02-10 11:19:21,533 DEBUG ConfigOverrider] Applying modules.console.disable=true
[2021-02-10 11:19:21,533 DEBUG HTTPClient] Making HTTP request GET https://gettaurus.org/updates/?version=1.15.1&installID=Docker
[2021-02-10 11:19:21,533 DEBUG ConfigOverrider] Applying: [disable]=true
[2021-02-10 11:19:21,534 DEBUG ConfigOverrider] Parsed override value: 'true' -> True (<class 'bool'>)
[2021-02-10 11:19:21,534 INFO Engine] Artifacts dir: /dc-app-performance-toolkit/app/results/confluence/2021-02-10_11-19-21
[2021-02-10 11:19:21,535 DEBUG Engine] New artifact filename: /dc-app-performance-toolkit/app/results/confluence/2021-02-10_11-19-21/effective
[2021-02-10 11:19:21,536 DEBUG urllib3.connectionpool] Starting new HTTPS connection (1): gettaurus.org:443
[2021-02-10 11:19:21,536 DEBUG Engine.Configuration] Dumping YAML config into /dc-app-performance-toolkit/app/results/confluence/2021-02-10_11-19-21/effective.yml
[2021-02-10 11:19:21,551 DEBUG Engine.Configuration] Dumping JSON config into /dc-app-performance-toolkit/app/results/confluence/2021-02-10_11-19-21/effective.json
[2021-02-10 11:19:21,551 DEBUG Engine] New artifact filename: /dc-app-performance-toolkit/app/results/confluence/2021-02-10_11-19-21/merged.yml
[2021-02-10 11:19:21,551 DEBUG Engine.Configuration] Dumping YAML config into /dc-app-performance-toolkit/app/results/confluence/2021-02-10_11-19-21/merged.yml
[2021-02-10 11:19:21,557 DEBUG Engine] New artifact filename: /dc-app-performance-toolkit/app/results/confluence/2021-02-10_11-19-21/merged.json
[2021-02-10 11:19:21,557 DEBUG Engine.Configuration] Dumping JSON config into /dc-app-performance-toolkit/app/results/confluence/2021-02-10_11-19-21/merged.json
[2021-02-10 11:19:21,557 DEBUG Engine] Add existing artifact (move=False): confluence.yml
[2021-02-10 11:19:21,557 DEBUG Engine] Copying confluence.yml to /dc-app-performance-toolkit/app/results/confluence/2021-02-10_11-19-21/confluence.yml
[2021-02-10 11:19:21,557 DEBUG Engine] Set PYTHONPATH to '/root/.bzt/python-packages/3.8.0' + '/dc-app-performance-toolkit/app/results/confluence/2021-02-10_11-19-21/python-packages/3.8.0' + 
[2021-02-10 11:19:21,557 DEBUG Engine] Content of user packages dir: %s
[2021-02-10 11:19:21,558 DEBUG Engine] OS env: OBJC_DISABLE_INITIALIZE_FORK_SAFETY=YES
[2021-02-10 11:19:21,558 DEBUG Engine] OS env: application_hostname=confl-loadb-1v2eqiyuys8zh-928931783.us-east-2.elb.amazonaws.com
[2021-02-10 11:19:21,558 DEBUG Engine] OS env: application_protocol=http
[2021-02-10 11:19:21,558 DEBUG Engine] OS env: application_port=80
[2021-02-10 11:19:21,558 DEBUG Engine] OS env: secure=True
[2021-02-10 11:19:21,558 DEBUG Engine] OS env: admin_login=admin
[2021-02-10 11:19:21,558 DEBUG Engine] OS env: admin_password=admin
[2021-02-10 11:19:21,558 DEBUG Engine] OS env: load_executor=locust
[2021-02-10 11:19:21,558 DEBUG Engine] OS env: concurrency=200
[2021-02-10 11:19:21,558 DEBUG Engine] OS env: test_duration=45m
[2021-02-10 11:19:21,558 DEBUG Engine] OS env: ramp-up=5m
[2021-02-10 11:19:21,558 DEBUG Engine] OS env: total_actions_per_hour=54500
[2021-02-10 11:19:21,558 DEBUG Engine] OS env: WEBDRIVER_VISIBLE=False
[2021-02-10 11:19:21,558 DEBUG Engine] OS env: JMETER_VERSION=5.2.1
[2021-02-10 11:19:21,558 DEBUG Engine] OS env: LANGUAGE=en_US.utf8
[2021-02-10 11:19:21,558 DEBUG Engine] OS env: allow_analytics=True
[2021-02-10 11:19:21,558 DEBUG Engine] OS env: view_page=54
[2021-02-10 11:19:21,558 DEBUG Engine] OS env: view_dashboard=6
[2021-02-10 11:19:21,558 DEBUG Engine] OS env: view_blog=8
[2021-02-10 11:19:21,558 DEBUG Engine] OS env: search_cql=7
[2021-02-10 11:19:21,558 DEBUG Engine] OS env: create_blog=3
[2021-02-10 11:19:21,558 DEBUG Engine] OS env: create_and_edit_page=6
[2021-02-10 11:19:21,559 DEBUG Engine] OS env: comment_page=5
[2021-02-10 11:19:21,559 DEBUG Engine] OS env: view_attachment=3
[2021-02-10 11:19:21,559 DEBUG Engine] OS env: upload_attachment=5
[2021-02-10 11:19:21,559 DEBUG Engine] OS env: like_page=3
[2021-02-10 11:19:21,559 DEBUG Engine] OS env: standalone_extension=0
[2021-02-10 11:19:21,559 DEBUG Engine] OS env: TAURUS_ARTIFACTS_DIR=/dc-app-performance-toolkit/app/results/confluence/2021-02-10_11-19-21
[2021-02-10 11:19:21,559 DEBUG root] Closing log handler: /tmp/bzt_ushl28u9.log
[2021-02-10 11:19:21,559 DEBUG root] Switched writing logs to /dc-app-performance-toolkit/app/results/confluence/2021-02-10_11-19-21/bzt.log
[2021-02-10 11:19:21,559 DEBUG root] Linting config
[2021-02-10 11:19:21,561 INFO Engine] Preparing...
[2021-02-10 11:19:21,561 DEBUG Engine] Module config: consolidator {'class': 'bzt.modules.aggregator.ConsolidatingAggregator', 'rtimes-len': 0, 'percentiles': []}
[2021-02-10 11:19:21,561 DEBUG root] Importing module: bzt.modules.aggregator
[2021-02-10 11:19:21,655 DEBUG root] Loading class: 'ConsolidatingAggregator' from <module 'bzt.modules.aggregator' from '/usr/local/lib/python3.8/dist-packages/bzt/modules/aggregator.py'>
[2021-02-10 11:19:21,655 DEBUG Engine.consolidator] Buffer scaling setup: percentile None from [] selected
[2021-02-10 11:19:21,655 DEBUG Engine] Module config: monitoring {'class': 'bzt.modules.monitoring.Monitoring'}
[2021-02-10 11:19:21,655 DEBUG root] Importing module: bzt.modules.monitoring
[2021-02-10 11:19:21,657 DEBUG root] Loading class: 'Monitoring' from <module 'bzt.modules.monitoring' from '/usr/local/lib/python3.8/dist-packages/bzt/modules/monitoring.py'>
[2021-02-10 11:19:21,657 DEBUG Engine] Module config: shellexec {'class': 'bzt.modules.shellexec.ShellExecutor'}
[2021-02-10 11:19:21,657 DEBUG root] Importing module: bzt.modules.shellexec
[2021-02-10 11:19:21,662 DEBUG easyprocess] version=0.3
[2021-02-10 11:19:21,662 DEBUG pyvirtualdisplay] version=2.0
[2021-02-10 11:19:21,670 DEBUG root] Loading class: 'ShellExecutor' from <module 'bzt.modules.shellexec' from '/usr/local/lib/python3.8/dist-packages/bzt/modules/shellexec.py'>
[2021-02-10 11:19:21,670 DEBUG Engine.shellexec] Added prepare task: {'command': 'python util/pre_run/environment_checker.py'}
[2021-02-10 11:19:21,670 DEBUG Engine.shellexec] Added prepare task: {'command': 'python util/data_preparation/confluence_prepare_data.py'}
[2021-02-10 11:19:21,670 DEBUG Engine.shellexec] Added shutdown task: {'command': 'python util/post_run/jmeter_post_check.py'}
[2021-02-10 11:19:21,670 DEBUG Engine.shellexec] Added shutdown task: {'command': 'python util/jtl_convertor/jtls-to-csv.py kpi.jtl selenium.jtl'}
[2021-02-10 11:19:21,670 DEBUG Engine.shellexec] Added post-process task: {'command': 'python util/analytics/analytics.py confluence'}
[2021-02-10 11:19:21,671 DEBUG Engine.shellexec] Added post-process task: {'command': 'python util/post_run/cleanup_results_dir.py'}
[2021-02-10 11:19:21,671 INFO Engine.shellexec.Task] Starting shell command: python util/pre_run/environment_checker.py
[2021-02-10 11:19:21,671 DEBUG root] Executing shell: python util/pre_run/environment_checker.py at /dc-app-performance-toolkit/app
[2021-02-10 11:19:21,760 DEBUG Engine.shellexec.Task] Output for python util/pre_run/environment_checker.py:
Python version: (3, 8, 0)
Data Center App Performance Toolkit version: 3.2.0

[2021-02-10 11:19:21,760 DEBUG Engine.shellexec.Task] Task was finished with exit code 0: python util/pre_run/environment_checker.py
[2021-02-10 11:19:21,760 INFO Engine.shellexec.Task] Starting shell command: python util/data_preparation/confluence_prepare_data.py
[2021-02-10 11:19:21,761 DEBUG root] Executing shell: python util/data_preparation/confluence_prepare_data.py at /dc-app-performance-toolkit/app
[2021-02-10 11:19:22,120 DEBUG urllib3.connectionpool] https://gettaurus.org:443 "GET /updates/?version=1.15.1&installID=Docker HTTP/1.1" 200 39
[2021-02-10 11:19:22,121 DEBUG Engine] Taurus updates info: {'latest': '1.15.2', 'needsUpgrade': True}
[2021-02-10 11:19:22,122 WARNING Engine] There is newer version of Taurus 1.15.2 available, consider upgrading. What's new: http://gettaurus.org/docs/Changelog/
[2021-02-10 11:19:50,067 DEBUG Engine.shellexec.Task] Output for python util/data_preparation/confluence_prepare_data.py:
Started preparing data
Server url:  http://confl-loadb-1v2eqiyuys8zh-928931783.us-east-2.elb.amazonaws.com:80
User performance_zvipypptoc is created, number of users to create is 200
User performance_kelskdttci is created, number of users to create is 199
User performance_johwowyozo is created, number of users to create is 198
User performance_hhyvcdiuby is created, number of users to create is 197
User performance_hmwlclvrbb is created, number of users to create is 196
User performance_vjuujhnzsu is created, number of users to create is 195
User performance_splttirjdd is created, number of users to create is 194
User performance_xixnemfauy is created, number of users to create is 193
User performance_nipqvfmgev is created, number of users to create is 192
User performance_aqgzpvmdoy is created, number of users to create is 191
User performance_qllktjvbep is created, number of users to create is 190
User performance_cnvvvyipxs is created, number of users to create is 189
User performance_cknvnsqjoy is created, number of users to create is 188
User performance_hzcvybvxqh is created, number of users to create is 187
User performance_bvbeakrpyn is created, number of users to create is 186
User performance_ezllzoszwq is created, number of users to create is 185
User performance_sspqadlyqm is created, number of users to create is 184
User performance_oxotnxenpr is created, number of users to create is 183
User performance_pmzshohgyq is created, number of users to create is 182
User performance_zahvstwkny is created, number of users to create is 181
User performance_mfvragvpme is created, number of users to create is 180
User performance_rqnfaqbbmx is created, number of users to create is 179
User performance_ocizbbzmec is created, number of users to create is 178
User performance_iukusioect is created, number of users to create is 177
User performance_okrovhzypf is created, number of users to create is 176
User performance_vyjarcklsh is created, number of users to create is 175
User performance_pbvxhuiixg is created, number of users to create is 174
User performance_eprvmwbjiq is created, number of users to create is 173
User performance_bkkmggviyy is created, number of users to create is 172
User performance_ofovhyzhby is created, number of users to create is 171
User performance_wjbgmwmqyz is created, number of users to create is 170
User performance_cwialzykvj is created, number of users to create is 169
User performance_scaynrbwdm is created, number of users to create is 168
User performance_zokuvplbux is created, number of users to create is 167
User performance_sxnuygyrua is created, number of users to create is 166
User performance_nmwxtovjti is created, number of users to create is 165
User performance_ehvixlmigi is created, number of users to create is 164
User performance_svjvpixjro is created, number of users to create is 163
User performance_ezenieewmg is created, number of users to create is 162
User performance_xvectjyoeh is created, number of users to create is 161
User performance_crlsvlijfi is created, number of users to create is 160
User performance_bzcxatahim is created, number of users to create is 159
User performance_buwsllpgws is created, number of users to create is 158
User performance_kihzwsmkdk is created, number of users to create is 157
User performance_yvetunbrne is created, number of users to create is 156
User performance_phzzxsuazv is created, number of users to create is 155
User performance_cwgmitzuom is created, number of users to create is 154
User performance_lkyhubbljn is created, number of users to create is 153
User performance_mngcraomfq is created, number of users to create is 152
User performance_fuydbbzxin is created, number of users to create is 151
User performance_klpqfcxped is created, number of users to create is 150
User performance_sbxjdavogh is created, number of users to create is 149
User performance_bopuzoypwj is created, number of users to create is 148
User performance_livsbumczi is created, number of users to create is 147
User performance_npeumdbzag is created, number of users to create is 146
User performance_dixkwpudqf is created, number of users to create is 145
User performance_dhaqgeqtuq is created, number of users to create is 144
User performance_kawrpipirw is created, number of users to create is 143
User performance_vxtoufrovs is created, number of users to create is 142
User performance_cfruoskbxm is created, number of users to create is 141
User performance_pkyramiima is created, number of users to create is 140
User performance_eboyrvvusj is created, number of users to create is 139
User performance_vwnkwftfhb is created, number of users to create is 138
User performance_hzezoahtsf is created, number of users to create is 137
User performance_ajwtubeyje is created, number of users to create is 136
User performance_ynfahvlook is created, number of users to create is 135
User performance_oznjittcig is created, number of users to create is 134
User performance_ldwjtwnmma is created, number of users to create is 133
User performance_lemsivbisw is created, number of users to create is 132
User performance_qemgvfghti is created, number of users to create is 131
User performance_wgoxqdjcuv is created, number of users to create is 130
User performance_ejsgfogdvx is created, number of users to create is 129
User performance_rgtmovoueh is created, number of users to create is 128
User performance_ifxcpbssry is created, number of users to create is 127
User performance_fhnbecqlxx is created, number of users to create is 126
User performance_nptwoqhlvy is created, number of users to create is 125
User performance_xqqjnomxcr is created, number of users to create is 124
User performance_htywheppes is created, number of users to create is 123
User performance_wxdexwxbgf is created, number of users to create is 122
User performance_xwwixsdsop is created, number of users to create is 121
User performance_aekmtlaocl is created, number of users to create is 120
User performance_oqtjeoggxt is created, number of users to create is 119
User performance_ahrdypqxul is created, number of users to create is 118
User performance_aiipaxmisw is created, number of users to create is 117
User performance_cxxfdmfufb is created, number of users to create is 116
User performance_kyschgvbfd is created, number of users to create is 115
User performance_hszrfyogrj is created, number of users to create is 114
User performance_bsphqccerp is created, number of users to create is 113
User performance_kwzkfbpwvt is created, number of users to create is 112
User performance_nhonhkkxvn is created, number of users to create is 111
User performance_ccpwzoiipv is created, number of users to create is 110
User performance_ywlfkfmyxv is created, number of users to create is 109
User performance_vgmprzvlwe is created, number of users to create is 108
User performance_qxyjxewhuw is created, number of users to create is 107
User performance_wttbvvjwoa is created, number of users to create is 106
User performance_zaieiumkjv is created, number of users to create is 105
User performance_esusrqpjgm is created, number of users to create is 104
User performance_jkbillvebd is created, number of users to create is 103
User performance_dpiwhpqueu is created, number of users to create is 102
User performance_gsfmxsyzrq is created, number of users to create is 101
User performance_nzbzvlcrwt is created, number of users to create is 100
User performance_nvhtbhzrha is created, number of users to create is 99
User performance_apdfosriju is created, number of users to create is 98
User performance_pfmrcszoct is created, number of users to create is 97
User performance_hmjudzwqxd is created, number of users to create is 96
User performance_nitavbauko is created, number of users to create is 95
User performance_rnhvfcptzk is created, number of users to create is 94
User performance_ggdzwpfsxl is created, number of users to create is 93
User performance_reziyhhyvg is created, number of users to create is 92
User performance_aonhhuermw is created, number of users to create is 91
User performance_nzzzqhubyr is created, number of users to create is 90
User performance_xuvjetgjuc is created, number of users to create is 89
User performance_dtlbvmabkm is created, number of users to create is 88
User performance_xxjmhieiwi is created, number of users to create is 87
User performance_bicphvasli is created, number of users to create is 86
User performance_xqmzbkbrjp is created, number of users to create is 85
User performance_xzaoytyouz is created, number of users to create is 84
User performance_mwfbywdglr is created, number of users to create is 83
User performance_flzullmlbt is created, number of users to create is 82
User performance_rpenypjzoj is created, number of users to create is 81
User performance_fzxlzzqlfa is created, number of users to create is 80
User performance_ydeqsnditx is created, number of users to create is 79
User performance_djvlnwjqid is created, number of users to create is 78
User performance_czmwzorcmr is created, number of users to create is 77
User performance_vkqvmomxwh is created, number of users to create is 76
User performance_wnnypravbd is created, number of users to create is 75
User performance_oyxgnbxjig is created, number of users to create is 74
User performance_revdurjevp is created, number of users to create is 73
User performance_mewcjauolz is created, number of users to create is 72
User performance_edjqzaemqh is created, number of users to create is 71
User performance_fqonhnoksq is created, number of users to create is 70
User performance_jdbiufkfhg is created, number of users to create is 69
User performance_rmjatyamth is created, number of users to create is 68
User performance_pnyjvkphtt is created, number of users to create is 67
User performance_nyriwrdljm is created, number of users to create is 66
User performance_bazkrfmbiy is created, number of users to create is 65
User performance_bbkxlmvill is created, number of users to create is 64
User performance_vkkjczuwxs is created, number of users to create is 63
User performance_girhcpwrtn is created, number of users to create is 62
User performance_ohsypeskfr is created, number of users to create is 61
User performance_dxudgiimxg is created, number of users to create is 60
User performance_azkcmfhwpe is created, number of users to create is 59
User performance_zkuoniuvmp is created, number of users to create is 58
User performance_ojwdcdlorl is created, number of users to create is 57
User performance_bipvqhqmnb is created, number of users to create is 56
User performance_ygfuwqlizo is created, number of users to create is 55
User performance_zdzyignxav is created, number of users to create is 54
User performance_gxlotthyur is created, number of users to create is 53
User performance_qszabyicoa is created, number of users to create is 52
User performance_jhiaeqybot is created, number of users to create is 51
User performance_nzcfahcjak is created, number of users to create is 50
User performance_ozwpkfkuyn is created, number of users to create is 49
User performance_yrndourits is created, number of users to create is 48
User performance_ihhcmfwvxu is created, number of users to create is 47
User performance_aaspizczjv is created, number of users to create is 46
User performance_colpxazegh is created, number of users to create is 45
User performance_nftbngwwzc is created, number of users to create is 44
User performance_kmweqpjcvn is created, number of users to create is 43
User performance_thzwbevctn is created, number of users to create is 42
User performance_giioxtuxlc is created, number of users to create is 41
User performance_jktatdmrav is created, number of users to create is 40
User performance_vechvqlkbs is created, number of users to create is 39
User performance_zgfqfngrnz is created, number of users to create is 38
User performance_bhchvtucnd is created, number of users to create is 37
User performance_fxawefmiuc is created, number of users to create is 36
User performance_tuzpirqxzp is created, number of users to create is 35
User performance_sygewgywaw is created, number of users to create is 34
User performance_dsuzabcnhg is created, number of users to create is 33
User performance_wehrgrsxmo is created, number of users to create is 32
User performance_tesuiozwac is created, number of users to create is 31
User performance_myvnoezvgw is created, number of users to create is 30
User performance_wamnakxntn is created, number of users to create is 29
User performance_cjmesidnln is created, number of users to create is 28
User performance_abklgnbgse is created, number of users to create is 27
User performance_eporhzqwka is created, number of users to create is 26
User performance_mtogpphjrt is created, number of users to create is 25
User performance_muuxgxwlzd is created, number of users to create is 24
User performance_jyvsqgykat is created, number of users to create is 23
User performance_phahxayhdh is created, number of users to create is 22
User performance_ncdmhcwrvt is created, number of users to create is 21
User performance_nnmtmgbfsw is created, number of users to create is 20
User performance_bfwoccpqxt is created, number of users to create is 19
User performance_huupeexlrp is created, number of users to create is 18
User performance_lijllunabw is created, number of users to create is 17
User performance_zuxwoftrkm is created, number of users to create is 16
User performance_loytadjntv is created, number of users to create is 15
User performance_zeddorahux is created, number of users to create is 14
User performance_gdboaydldr is created, number of users to create is 13
User performance_hozflrgfcc is created, number of users to create is 12
User performance_oczedzxpmn is created, number of users to create is 11
User performance_wvuepslygw is created, number of users to create is 10
User performance_cocypaqdhx is created, number of users to create is 9
User performance_bpndjcibku is created, number of users to create is 8
User performance_ajfcvwjoer is created, number of users to create is 7
User performance_zpucolcabx is created, number of users to create is 6
User performance_zyqjxmbuay is created, number of users to create is 5
User performance_ilmcfhbeqj is created, number of users to create is 4
User performance_wpaubbhnme is created, number of users to create is 3
User performance_ynsakqhriz is created, number of users to create is 2
User performance_gwdibcpwdw is created, number of users to create is 1
All performance test users were successfully created

[2021-02-10 11:19:50,067 WARNING Engine.shellexec.Task] Errors for python util/data_preparation/confluence_prepare_data.py:
There are no Pages in Confluence accessible by a random performance user: performance_nptwoqhlvy

[2021-02-10 11:19:50,067 DEBUG Engine.shellexec.Task] Task was finished with exit code 1: python util/data_preparation/confluence_prepare_data.py
[2021-02-10 11:19:50,068 ERROR root] CalledProcessError: Command 'python util/data_preparation/confluence_prepare_data.py' returned non-zero exit status 1.
  File "/usr/local/lib/python3.8/dist-packages/bzt/cli.py", line 261, in perform
    self.engine.prepare()
  File "/usr/local/lib/python3.8/dist-packages/bzt/engine/engine.py", line 215, in prepare
    self.__prepare_services()
  File "/usr/local/lib/python3.8/dist-packages/bzt/engine/engine.py", line 668, in __prepare_services
    module.prepare()
  File "/usr/local/lib/python3.8/dist-packages/bzt/modules/shellexec.py", line 130, in prepare
    task.start()
  File "/usr/local/lib/python3.8/dist-packages/bzt/modules/shellexec.py", line 217, in start
    self._get_results()
  File "/usr/local/lib/python3.8/dist-packages/bzt/modules/shellexec.py", line 244, in _get_results
    raise CalledProcessError(self.process.returncode, self)
[2021-02-10 11:19:50,068 INFO Engine] Post-processing...
[2021-02-10 11:19:50,068 DEBUG Engine.consolidator] Consolidator buffer[0]: dict_keys([])
[2021-02-10 11:19:50,068 INFO Engine.shellexec.Task] Starting shell command: python util/analytics/analytics.py confluence
[2021-02-10 11:19:50,068 DEBUG root] Executing shell: python util/analytics/analytics.py confluence at /dc-app-performance-toolkit/app
[2021-02-10 11:19:50,252 WARNING Engine.shellexec.Task] Errors for python util/analytics/analytics.py confluence:
Traceback (most recent call last):
  File "util/analytics/analytics.py", line 144, in <module>
    main()
  File "util/analytics/analytics.py", line 137, in main
    collector = AnalyticsCollector(application)
  File "util/analytics/analytics.py", line 33, in __init__
    self.results_log = ResultsFileReader()
  File "/dc-app-performance-toolkit/app/util/analytics/log_reader.py", line 120, in __init__
    self.results_log = self.get_results_log()
  File "/dc-app-performance-toolkit/app/util/analytics/log_reader.py", line 124, in get_results_log
    self.validate_file_exists(results_log_path)
  File "/dc-app-performance-toolkit/app/util/analytics/log_reader.py", line 16, in validate_file_exists
    raise Exception(f'{path} does not exist')
Exception: /dc-app-performance-toolkit/app/results/confluence/2021-02-10_11-19-21/results.csv does not exist

[2021-02-10 11:19:50,253 DEBUG Engine.shellexec.Task] Task was finished with exit code 1: python util/analytics/analytics.py confluence
[2021-02-10 11:19:50,253 DEBUG Engine] post_process: Command 'python util/analytics/analytics.py confluence' returned non-zero exit status 1.
Traceback (most recent call last):
  File "/usr/local/lib/python3.8/dist-packages/bzt/engine/engine.py", line 340, in post_process
    module.post_process()
  File "/usr/local/lib/python3.8/dist-packages/bzt/modules/shellexec.py", line 159, in post_process
    task.start()
  File "/usr/local/lib/python3.8/dist-packages/bzt/modules/shellexec.py", line 217, in start
    self._get_results()
  File "/usr/local/lib/python3.8/dist-packages/bzt/modules/shellexec.py", line 244, in _get_results
    raise CalledProcessError(self.process.returncode, self)
subprocess.CalledProcessError: Command 'python util/analytics/analytics.py confluence' returned non-zero exit status 1.

[2021-02-10 11:19:50,254 DEBUG Engine.Configuration] Dumping YAML config into /dc-app-performance-toolkit/app/results/confluence/2021-02-10_11-19-21/effective.yml
[2021-02-10 11:19:50,269 DEBUG Engine.Configuration] Dumping JSON config into /dc-app-performance-toolkit/app/results/confluence/2021-02-10_11-19-21/effective.json
[2021-02-10 11:19:50,270 DEBUG root] CalledProcessError: Command 'python util/analytics/analytics.py confluence' returned non-zero exit status 1.
  File "/usr/local/lib/python3.8/dist-packages/bzt/cli.py", line 269, in perform
    self.engine.post_process()
  File "/usr/local/lib/python3.8/dist-packages/bzt/engine/engine.py", line 354, in post_process
    reraise(exc_info, exc_value)
  File "/usr/local/lib/python3.8/dist-packages/bzt/utils.py", line 103, in reraise
    raise exc
  File "/usr/local/lib/python3.8/dist-packages/bzt/engine/engine.py", line 340, in post_process
    module.post_process()
  File "/usr/local/lib/python3.8/dist-packages/bzt/modules/shellexec.py", line 159, in post_process
    task.start()
  File "/usr/local/lib/python3.8/dist-packages/bzt/modules/shellexec.py", line 217, in start
    self._get_results()
  File "/usr/local/lib/python3.8/dist-packages/bzt/modules/shellexec.py", line 244, in _get_results
    raise CalledProcessError(self.process.returncode, self)
[2021-02-10 11:19:50,270 INFO root] Artifacts dir: /dc-app-performance-toolkit/app/results/confluence/2021-02-10_11-19-21
[2021-02-10 11:19:50,271 WARNING root] Done performing with code: 1
[2021-02-10 11:19:50,271 DEBUG root] Closing log handler: /dc-app-performance-toolkit/app/results/confluence/2021-02-10_11-19-21/bzt.log
