[2021-02-10 11:21:04,237 INFO root] Taurus CLI Tool v1.15.1
[2021-02-10 11:21:04,237 DEBUG root] Build: 13973 Fri Oct 30 09:16:46 UTC 2020
[2021-02-10 11:21:04,238 DEBUG root] Extended git info:  3fecb4b9 Release 1.15.1 (#1420)
[2021-02-10 11:21:04,238 DEBUG root] Command-line options: {'log': '/tmp/bzt_bxowcvrq.log', 'option': ['modules.console.disable=true'], 'quiet': None, 'verbose': None, 'no_system_configs': None, 'aliases': []}
[2021-02-10 11:21:04,238 DEBUG root] Python: CPython 3.8.0
[2021-02-10 11:21:04,238 DEBUG root] OS: uname_result(system='Linux', node='8fe11c6311bb', release='5.4.0-1037-aws', version='#39~18.04.1-Ubuntu SMP Fri Jan 15 02:48:42 UTC 2021', machine='x86_64', processor='x86_64')
[2021-02-10 11:21:04,238 INFO root] Starting with configs: ['confluence.yml']
[2021-02-10 11:21:04,238 DEBUG root] Using personal config: /root/.bzt-rc
[2021-02-10 11:21:04,238 INFO Engine] Configuring...
[2021-02-10 11:21:04,238 DEBUG Engine] Reading system configs from: /etc/bzt.d
[2021-02-10 11:21:04,246 DEBUG Engine] Base configs list: ['/usr/local/lib/python3.8/dist-packages/bzt/resources/10-base-config.yml', '/etc/bzt.d/50-pbench-enhanced.json', '/etc/bzt.d/90-artifacts-dir.json', '/etc/bzt.d/99-zinstallID.json']
[2021-02-10 11:21:04,246 DEBUG Engine.Configuration] Configs: ['/usr/local/lib/python3.8/dist-packages/bzt/resources/10-base-config.yml', '/etc/bzt.d/50-pbench-enhanced.json', '/etc/bzt.d/90-artifacts-dir.json', '/etc/bzt.d/99-zinstallID.json']
[2021-02-10 11:21:04,246 DEBUG Engine.Configuration] Reading /usr/local/lib/python3.8/dist-packages/bzt/resources/10-base-config.yml as YAML
[2021-02-10 11:21:04,261 DEBUG Engine.Configuration] Reading /etc/bzt.d/50-pbench-enhanced.json as YAML
[2021-02-10 11:21:04,261 DEBUG Engine.Configuration] Reading /etc/bzt.d/90-artifacts-dir.json as YAML
[2021-02-10 11:21:04,262 DEBUG Engine.Configuration] Reading /etc/bzt.d/99-zinstallID.json as YAML
[2021-02-10 11:21:04,262 DEBUG Engine] User configs list: ['/root/.bzt-rc', 'confluence.yml']
[2021-02-10 11:21:04,262 DEBUG Engine.Configuration] Configs: ['/root/.bzt-rc', 'confluence.yml']
[2021-02-10 11:21:04,262 DEBUG Engine.Configuration] Reading /root/.bzt-rc as YAML
[2021-02-10 11:21:04,264 DEBUG Engine.Configuration] Reading confluence.yml as YAML
[2021-02-10 11:21:04,274 DEBUG Engine.Configuration] Configs: ['/root/.bzt-rc', 'confluence.yml']
[2021-02-10 11:21:04,274 DEBUG Engine.Configuration] Reading /root/.bzt-rc as YAML
[2021-02-10 11:21:04,277 DEBUG Engine.Configuration] Reading confluence.yml as YAML
[2021-02-10 11:21:04,291 DEBUG Engine] Requesting updates info: https://gettaurus.org/updates/?version=1.15.1&installID=Docker
[2021-02-10 11:21:04,291 DEBUG ConfigOverrider] Applying modules.console.disable=true
[2021-02-10 11:21:04,291 DEBUG HTTPClient] Making HTTP request GET https://gettaurus.org/updates/?version=1.15.1&installID=Docker
[2021-02-10 11:21:04,291 DEBUG ConfigOverrider] Applying: [disable]=true
[2021-02-10 11:21:04,292 DEBUG ConfigOverrider] Parsed override value: 'true' -> True (<class 'bool'>)
[2021-02-10 11:21:04,292 INFO Engine] Artifacts dir: /dc-app-performance-toolkit/app/results/confluence/2021-02-10_11-21-04
[2021-02-10 11:21:04,292 DEBUG Engine] New artifact filename: /dc-app-performance-toolkit/app/results/confluence/2021-02-10_11-21-04/effective
[2021-02-10 11:21:04,294 DEBUG urllib3.connectionpool] Starting new HTTPS connection (1): gettaurus.org:443
[2021-02-10 11:21:04,294 DEBUG Engine.Configuration] Dumping YAML config into /dc-app-performance-toolkit/app/results/confluence/2021-02-10_11-21-04/effective.yml
[2021-02-10 11:21:04,309 DEBUG Engine.Configuration] Dumping JSON config into /dc-app-performance-toolkit/app/results/confluence/2021-02-10_11-21-04/effective.json
[2021-02-10 11:21:04,309 DEBUG Engine] New artifact filename: /dc-app-performance-toolkit/app/results/confluence/2021-02-10_11-21-04/merged.yml
[2021-02-10 11:21:04,309 DEBUG Engine.Configuration] Dumping YAML config into /dc-app-performance-toolkit/app/results/confluence/2021-02-10_11-21-04/merged.yml
[2021-02-10 11:21:04,315 DEBUG Engine] New artifact filename: /dc-app-performance-toolkit/app/results/confluence/2021-02-10_11-21-04/merged.json
[2021-02-10 11:21:04,315 DEBUG Engine.Configuration] Dumping JSON config into /dc-app-performance-toolkit/app/results/confluence/2021-02-10_11-21-04/merged.json
[2021-02-10 11:21:04,315 DEBUG Engine] Add existing artifact (move=False): confluence.yml
[2021-02-10 11:21:04,315 DEBUG Engine] Copying confluence.yml to /dc-app-performance-toolkit/app/results/confluence/2021-02-10_11-21-04/confluence.yml
[2021-02-10 11:21:04,315 DEBUG Engine] Set PYTHONPATH to '/root/.bzt/python-packages/3.8.0' + '/dc-app-performance-toolkit/app/results/confluence/2021-02-10_11-21-04/python-packages/3.8.0' + 
[2021-02-10 11:21:04,316 DEBUG Engine] Content of user packages dir: %s
[2021-02-10 11:21:04,316 DEBUG Engine] OS env: OBJC_DISABLE_INITIALIZE_FORK_SAFETY=YES
[2021-02-10 11:21:04,316 DEBUG Engine] OS env: application_hostname=confl-loadb-1v2eqiyuys8zh-928931783.us-east-2.elb.amazonaws.com
[2021-02-10 11:21:04,316 DEBUG Engine] OS env: application_protocol=http
[2021-02-10 11:21:04,316 DEBUG Engine] OS env: application_port=80
[2021-02-10 11:21:04,316 DEBUG Engine] OS env: secure=True
[2021-02-10 11:21:04,316 DEBUG Engine] OS env: admin_login=admin
[2021-02-10 11:21:04,316 DEBUG Engine] OS env: admin_password=admin
[2021-02-10 11:21:04,316 DEBUG Engine] OS env: load_executor=locust
[2021-02-10 11:21:04,316 DEBUG Engine] OS env: concurrency=200
[2021-02-10 11:21:04,316 DEBUG Engine] OS env: test_duration=45m
[2021-02-10 11:21:04,316 DEBUG Engine] OS env: ramp-up=5m
[2021-02-10 11:21:04,316 DEBUG Engine] OS env: total_actions_per_hour=54500
[2021-02-10 11:21:04,316 DEBUG Engine] OS env: WEBDRIVER_VISIBLE=False
[2021-02-10 11:21:04,316 DEBUG Engine] OS env: JMETER_VERSION=5.2.1
[2021-02-10 11:21:04,316 DEBUG Engine] OS env: LANGUAGE=en_US.utf8
[2021-02-10 11:21:04,316 DEBUG Engine] OS env: allow_analytics=True
[2021-02-10 11:21:04,316 DEBUG Engine] OS env: view_page=54
[2021-02-10 11:21:04,317 DEBUG Engine] OS env: view_dashboard=6
[2021-02-10 11:21:04,317 DEBUG Engine] OS env: view_blog=8
[2021-02-10 11:21:04,317 DEBUG Engine] OS env: search_cql=7
[2021-02-10 11:21:04,317 DEBUG Engine] OS env: create_blog=3
[2021-02-10 11:21:04,317 DEBUG Engine] OS env: create_and_edit_page=6
[2021-02-10 11:21:04,317 DEBUG Engine] OS env: comment_page=5
[2021-02-10 11:21:04,317 DEBUG Engine] OS env: view_attachment=3
[2021-02-10 11:21:04,317 DEBUG Engine] OS env: upload_attachment=5
[2021-02-10 11:21:04,317 DEBUG Engine] OS env: like_page=3
[2021-02-10 11:21:04,317 DEBUG Engine] OS env: standalone_extension=0
[2021-02-10 11:21:04,317 DEBUG Engine] OS env: TAURUS_ARTIFACTS_DIR=/dc-app-performance-toolkit/app/results/confluence/2021-02-10_11-21-04
[2021-02-10 11:21:04,317 DEBUG root] Closing log handler: /tmp/bzt_bxowcvrq.log
[2021-02-10 11:21:04,317 DEBUG root] Switched writing logs to /dc-app-performance-toolkit/app/results/confluence/2021-02-10_11-21-04/bzt.log
[2021-02-10 11:21:04,317 DEBUG root] Linting config
[2021-02-10 11:21:04,319 INFO Engine] Preparing...
[2021-02-10 11:21:04,319 DEBUG Engine] Module config: consolidator {'class': 'bzt.modules.aggregator.ConsolidatingAggregator', 'rtimes-len': 0, 'percentiles': []}
[2021-02-10 11:21:04,320 DEBUG root] Importing module: bzt.modules.aggregator
[2021-02-10 11:21:04,412 DEBUG root] Loading class: 'ConsolidatingAggregator' from <module 'bzt.modules.aggregator' from '/usr/local/lib/python3.8/dist-packages/bzt/modules/aggregator.py'>
[2021-02-10 11:21:04,412 DEBUG Engine.consolidator] Buffer scaling setup: percentile None from [] selected
[2021-02-10 11:21:04,412 DEBUG Engine] Module config: monitoring {'class': 'bzt.modules.monitoring.Monitoring'}
[2021-02-10 11:21:04,412 DEBUG root] Importing module: bzt.modules.monitoring
[2021-02-10 11:21:04,414 DEBUG root] Loading class: 'Monitoring' from <module 'bzt.modules.monitoring' from '/usr/local/lib/python3.8/dist-packages/bzt/modules/monitoring.py'>
[2021-02-10 11:21:04,414 DEBUG Engine] Module config: shellexec {'class': 'bzt.modules.shellexec.ShellExecutor'}
[2021-02-10 11:21:04,414 DEBUG root] Importing module: bzt.modules.shellexec
[2021-02-10 11:21:04,421 DEBUG easyprocess] version=0.3
[2021-02-10 11:21:04,421 DEBUG pyvirtualdisplay] version=2.0
[2021-02-10 11:21:04,429 DEBUG root] Loading class: 'ShellExecutor' from <module 'bzt.modules.shellexec' from '/usr/local/lib/python3.8/dist-packages/bzt/modules/shellexec.py'>
[2021-02-10 11:21:04,429 DEBUG Engine.shellexec] Added prepare task: {'command': 'python util/pre_run/environment_checker.py'}
[2021-02-10 11:21:04,429 DEBUG Engine.shellexec] Added prepare task: {'command': 'python util/data_preparation/confluence_prepare_data.py'}
[2021-02-10 11:21:04,429 DEBUG Engine.shellexec] Added shutdown task: {'command': 'python util/post_run/jmeter_post_check.py'}
[2021-02-10 11:21:04,429 DEBUG Engine.shellexec] Added shutdown task: {'command': 'python util/jtl_convertor/jtls-to-csv.py kpi.jtl selenium.jtl'}
[2021-02-10 11:21:04,429 DEBUG Engine.shellexec] Added post-process task: {'command': 'python util/analytics/analytics.py confluence'}
[2021-02-10 11:21:04,429 DEBUG Engine.shellexec] Added post-process task: {'command': 'python util/post_run/cleanup_results_dir.py'}
[2021-02-10 11:21:04,429 INFO Engine.shellexec.Task] Starting shell command: python util/pre_run/environment_checker.py
[2021-02-10 11:21:04,429 DEBUG root] Executing shell: python util/pre_run/environment_checker.py at /dc-app-performance-toolkit/app
[2021-02-10 11:21:04,516 DEBUG Engine.shellexec.Task] Output for python util/pre_run/environment_checker.py:
Python version: (3, 8, 0)
Data Center App Performance Toolkit version: 3.2.0

[2021-02-10 11:21:04,516 DEBUG Engine.shellexec.Task] Task was finished with exit code 0: python util/pre_run/environment_checker.py
[2021-02-10 11:21:04,516 INFO Engine.shellexec.Task] Starting shell command: python util/data_preparation/confluence_prepare_data.py
[2021-02-10 11:21:04,516 DEBUG root] Executing shell: python util/data_preparation/confluence_prepare_data.py at /dc-app-performance-toolkit/app
[2021-02-10 11:21:04,854 DEBUG urllib3.connectionpool] https://gettaurus.org:443 "GET /updates/?version=1.15.1&installID=Docker HTTP/1.1" 200 39
[2021-02-10 11:21:04,856 DEBUG Engine] Taurus updates info: {'latest': '1.15.2', 'needsUpgrade': True}
[2021-02-10 11:21:04,856 WARNING Engine] There is newer version of Taurus 1.15.2 available, consider upgrading. What's new: http://gettaurus.org/docs/Changelog/
[2021-02-10 11:21:30,384 DEBUG Engine.shellexec.Task] Output for python util/data_preparation/confluence_prepare_data.py:
Started preparing data
Server url:  http://confl-loadb-1v2eqiyuys8zh-928931783.us-east-2.elb.amazonaws.com:80
User performance_bvpwbziatn is created, number of users to create is 200
User performance_qksdfdhdnj is created, number of users to create is 199
User performance_prubmbgyfo is created, number of users to create is 198
User performance_ccukqpypei is created, number of users to create is 197
User performance_azqjabzfmc is created, number of users to create is 196
User performance_qxdtpdejyu is created, number of users to create is 195
User performance_ooiitmrdpi is created, number of users to create is 194
User performance_dqjmfoigek is created, number of users to create is 193
User performance_dpmceuyuax is created, number of users to create is 192
User performance_ejdxngqgdq is created, number of users to create is 191
User performance_aolboxyaop is created, number of users to create is 190
User performance_ymkkmbhwpf is created, number of users to create is 189
User performance_qtbwpcisdc is created, number of users to create is 188
User performance_uuoqttwabx is created, number of users to create is 187
User performance_nrmzmskyfr is created, number of users to create is 186
User performance_vvmabpdemn is created, number of users to create is 185
User performance_uuqfgdbnrt is created, number of users to create is 184
User performance_kjyayodssf is created, number of users to create is 183
User performance_oklwqphnpy is created, number of users to create is 182
User performance_gdtwysmztk is created, number of users to create is 181
User performance_jphejyclnw is created, number of users to create is 180
User performance_uukumiropd is created, number of users to create is 179
User performance_xvnivdjddm is created, number of users to create is 178
User performance_ezormskncv is created, number of users to create is 177
User performance_lbcvejtbto is created, number of users to create is 176
User performance_otgogmrnuv is created, number of users to create is 175
User performance_yquhrmposl is created, number of users to create is 174
User performance_vuugzqssgy is created, number of users to create is 173
User performance_cshvgnjnsh is created, number of users to create is 172
User performance_fedqxbnqrt is created, number of users to create is 171
User performance_mnyzfbmkbv is created, number of users to create is 170
User performance_cwttfrshzo is created, number of users to create is 169
User performance_jxgjxqofkk is created, number of users to create is 168
User performance_hcvetwrgiz is created, number of users to create is 167
User performance_mavttsisge is created, number of users to create is 166
User performance_fcnukiyeqq is created, number of users to create is 165
User performance_fllhpqmsfj is created, number of users to create is 164
User performance_vgkjirwwbh is created, number of users to create is 163
User performance_yzojsrrmgc is created, number of users to create is 162
User performance_zhgyxlefls is created, number of users to create is 161
User performance_rlngksmjhu is created, number of users to create is 160
User performance_rsmkqzlrps is created, number of users to create is 159
User performance_naaglknllb is created, number of users to create is 158
User performance_vwqkwsxmqf is created, number of users to create is 157
User performance_ujwhaenudz is created, number of users to create is 156
User performance_bcsscbkexn is created, number of users to create is 155
User performance_jbyzrrostl is created, number of users to create is 154
User performance_kfvfpmfpke is created, number of users to create is 153
User performance_cjzxlwvdnf is created, number of users to create is 152
User performance_nqvwtucfwm is created, number of users to create is 151
User performance_yeiyepbhnn is created, number of users to create is 150
User performance_yghfxvlzkm is created, number of users to create is 149
User performance_amhisvfhhc is created, number of users to create is 148
User performance_wlscdpdjgu is created, number of users to create is 147
User performance_dohkrveknm is created, number of users to create is 146
User performance_xewqtbestv is created, number of users to create is 145
User performance_gegbxzabjj is created, number of users to create is 144
User performance_rwkvibyvls is created, number of users to create is 143
User performance_eunedvpcxh is created, number of users to create is 142
User performance_qpultkozgs is created, number of users to create is 141
User performance_nrwsviotbw is created, number of users to create is 140
User performance_nzifvqybau is created, number of users to create is 139
User performance_gubycsxqpo is created, number of users to create is 138
User performance_exuciewjae is created, number of users to create is 137
User performance_pknoxikbiy is created, number of users to create is 136
User performance_gjfuvkhido is created, number of users to create is 135
User performance_ppkqqjmejn is created, number of users to create is 134
User performance_rpriwbteqh is created, number of users to create is 133
User performance_oefwqotkmm is created, number of users to create is 132
User performance_bblcopoira is created, number of users to create is 131
User performance_iwkjmihaas is created, number of users to create is 130
User performance_fbakkvwjhk is created, number of users to create is 129
User performance_kpglhzxxkz is created, number of users to create is 128
User performance_qwnpmbtyhg is created, number of users to create is 127
User performance_piknturuue is created, number of users to create is 126
User performance_nbhbyxtmox is created, number of users to create is 125
User performance_fbhbjfjvdn is created, number of users to create is 124
User performance_rhgknympma is created, number of users to create is 123
User performance_plzqyxrvvg is created, number of users to create is 122
User performance_wuuwengezr is created, number of users to create is 121
User performance_tyvtkhgvfp is created, number of users to create is 120
User performance_wfkeprinik is created, number of users to create is 119
User performance_gigrlhwvch is created, number of users to create is 118
User performance_pvsusdwrge is created, number of users to create is 117
User performance_wcvvkzpqva is created, number of users to create is 116
User performance_oksthsldch is created, number of users to create is 115
User performance_xvvvtecdtq is created, number of users to create is 114
User performance_kpjcuprcgq is created, number of users to create is 113
User performance_bwdwcuabyo is created, number of users to create is 112
User performance_zsnlpmicyp is created, number of users to create is 111
User performance_ncgllixmpe is created, number of users to create is 110
User performance_hdfjloxkej is created, number of users to create is 109
User performance_nfclfnjubc is created, number of users to create is 108
User performance_esmkqhiwko is created, number of users to create is 107
User performance_zgcnkdzlvd is created, number of users to create is 106
User performance_rqvhstiezt is created, number of users to create is 105
User performance_cbzyfoxcij is created, number of users to create is 104
User performance_ltoncekbfj is created, number of users to create is 103
User performance_nxvagenmjy is created, number of users to create is 102
User performance_sbswhtjfry is created, number of users to create is 101
User performance_gyjdqgebly is created, number of users to create is 100
User performance_fykbvkabcu is created, number of users to create is 99
User performance_eqowqitmof is created, number of users to create is 98
User performance_ptmbpcsofz is created, number of users to create is 97
User performance_apgacuccek is created, number of users to create is 96
User performance_enwmbyfkqb is created, number of users to create is 95
User performance_oosdznqvpu is created, number of users to create is 94
User performance_vmrnotfxdx is created, number of users to create is 93
User performance_skjpdeorgv is created, number of users to create is 92
User performance_rjgtipwjoj is created, number of users to create is 91
User performance_ilrkfklxgx is created, number of users to create is 90
User performance_udeplrbhpj is created, number of users to create is 89
User performance_fihejbzrrp is created, number of users to create is 88
User performance_onhteddzld is created, number of users to create is 87
User performance_sekqwwakiw is created, number of users to create is 86
User performance_ofplzrfpka is created, number of users to create is 85
User performance_tvlqojjiho is created, number of users to create is 84
User performance_movvwfnzft is created, number of users to create is 83
User performance_lyzxwdbsse is created, number of users to create is 82
User performance_zzmocgscko is created, number of users to create is 81
User performance_elppzvtuze is created, number of users to create is 80
User performance_dwdmfwertm is created, number of users to create is 79
User performance_kiknyybvyv is created, number of users to create is 78
User performance_slxqsykuzj is created, number of users to create is 77
User performance_cnzgfhtkat is created, number of users to create is 76
User performance_pwbpdbahqy is created, number of users to create is 75
User performance_kdmkozggqu is created, number of users to create is 74
User performance_seqflrtkpw is created, number of users to create is 73
User performance_yjrbkxzfyw is created, number of users to create is 72
User performance_vgpowkkqeh is created, number of users to create is 71
User performance_wtbhygcbwx is created, number of users to create is 70
User performance_fpqwywfiom is created, number of users to create is 69
User performance_cewvmcevdx is created, number of users to create is 68
User performance_nthqrmpikw is created, number of users to create is 67
User performance_zlutfgohag is created, number of users to create is 66
User performance_zadtixvxjx is created, number of users to create is 65
User performance_esgmbzdhlc is created, number of users to create is 64
User performance_xjlrntetbq is created, number of users to create is 63
User performance_novlokhvuu is created, number of users to create is 62
User performance_xqmmsawrao is created, number of users to create is 61
User performance_mosirmfzbb is created, number of users to create is 60
User performance_lwnkahodnk is created, number of users to create is 59
User performance_rahsflxvft is created, number of users to create is 58
User performance_qenlssudfh is created, number of users to create is 57
User performance_djnnjmqnvv is created, number of users to create is 56
User performance_wwqmgeotvg is created, number of users to create is 55
User performance_arrrnialnn is created, number of users to create is 54
User performance_sxzgkhzhrh is created, number of users to create is 53
User performance_rluqdmvjoq is created, number of users to create is 52
User performance_szjimxyent is created, number of users to create is 51
User performance_ugktuyykmg is created, number of users to create is 50
User performance_apicvtmfnm is created, number of users to create is 49
User performance_lgqmzqbtog is created, number of users to create is 48
User performance_tkdpmkiazu is created, number of users to create is 47
User performance_kiwzlcairg is created, number of users to create is 46
User performance_mkqisgohjl is created, number of users to create is 45
User performance_rtotprgszw is created, number of users to create is 44
User performance_qclynnsccg is created, number of users to create is 43
User performance_tsxzobohsq is created, number of users to create is 42
User performance_tulnhymxjy is created, number of users to create is 41
User performance_zqffqeptcz is created, number of users to create is 40
User performance_kzqtpupgcz is created, number of users to create is 39
User performance_czybhsyprt is created, number of users to create is 38
User performance_zhawhvfqqu is created, number of users to create is 37
User performance_aolahzaywm is created, number of users to create is 36
User performance_puffxqnskz is created, number of users to create is 35
User performance_uagpqfrrlr is created, number of users to create is 34
User performance_rwmfpxdcau is created, number of users to create is 33
User performance_pyerwatifh is created, number of users to create is 32
User performance_lppcmumdei is created, number of users to create is 31
User performance_jzlchbuled is created, number of users to create is 30
User performance_gkvnawbaif is created, number of users to create is 29
User performance_okjtcdpqys is created, number of users to create is 28
User performance_ksuyfvixzq is created, number of users to create is 27
User performance_ehgwafzxkb is created, number of users to create is 26
User performance_pefwxppwna is created, number of users to create is 25
User performance_mohybrfriy is created, number of users to create is 24
User performance_vqqgymtgtc is created, number of users to create is 23
User performance_oujbhbfqiq is created, number of users to create is 22
User performance_lcanbvzqst is created, number of users to create is 21
User performance_ntlpvcxffd is created, number of users to create is 20
User performance_ocxkavqpjw is created, number of users to create is 19
User performance_hixxaaqeda is created, number of users to create is 18
User performance_yeijtcoonx is created, number of users to create is 17
User performance_rxyuvtpoan is created, number of users to create is 16
User performance_peefnsxloa is created, number of users to create is 15
User performance_uwpkeorqlz is created, number of users to create is 14
User performance_hzjzjsxgrf is created, number of users to create is 13
User performance_uawceggcrx is created, number of users to create is 12
User performance_pdmbeqmzkj is created, number of users to create is 11
User performance_olwegzpisf is created, number of users to create is 10
User performance_khwhezcpmn is created, number of users to create is 9
User performance_voepzlqcxv is created, number of users to create is 8
User performance_amobcgqzlq is created, number of users to create is 7
User performance_lmzylekhzu is created, number of users to create is 6
User performance_zbfzfqqnrx is created, number of users to create is 5
User performance_honugdginr is created, number of users to create is 4
User performance_sasnmiwjik is created, number of users to create is 3
User performance_oxvmtsqmos is created, number of users to create is 2
User performance_hstjjpbcrh is created, number of users to create is 1
All performance test users were successfully created

[2021-02-10 11:21:30,384 WARNING Engine.shellexec.Task] Errors for python util/data_preparation/confluence_prepare_data.py:
There are no Pages in Confluence accessible by a random performance user: performance_vgpowkkqeh

[2021-02-10 11:21:30,384 DEBUG Engine.shellexec.Task] Task was finished with exit code 1: python util/data_preparation/confluence_prepare_data.py
[2021-02-10 11:21:30,385 ERROR root] CalledProcessError: Command 'python util/data_preparation/confluence_prepare_data.py' returned non-zero exit status 1.
  File "/usr/local/lib/python3.8/dist-packages/bzt/cli.py", line 261, in perform
    self.engine.prepare()
  File "/usr/local/lib/python3.8/dist-packages/bzt/engine/engine.py", line 215, in prepare
    self.__prepare_services()
  File "/usr/local/lib/python3.8/dist-packages/bzt/engine/engine.py", line 668, in __prepare_services
    module.prepare()
  File "/usr/local/lib/python3.8/dist-packages/bzt/modules/shellexec.py", line 130, in prepare
    task.start()
  File "/usr/local/lib/python3.8/dist-packages/bzt/modules/shellexec.py", line 217, in start
    self._get_results()
  File "/usr/local/lib/python3.8/dist-packages/bzt/modules/shellexec.py", line 244, in _get_results
    raise CalledProcessError(self.process.returncode, self)
[2021-02-10 11:21:30,385 INFO Engine] Post-processing...
[2021-02-10 11:21:30,385 DEBUG Engine.consolidator] Consolidator buffer[0]: dict_keys([])
[2021-02-10 11:21:30,385 INFO Engine.shellexec.Task] Starting shell command: python util/analytics/analytics.py confluence
[2021-02-10 11:21:30,385 DEBUG root] Executing shell: python util/analytics/analytics.py confluence at /dc-app-performance-toolkit/app
[2021-02-10 11:21:30,566 WARNING Engine.shellexec.Task] Errors for python util/analytics/analytics.py confluence:
Traceback (most recent call last):
  File "util/analytics/analytics.py", line 144, in <module>
    main()
  File "util/analytics/analytics.py", line 137, in main
    collector = AnalyticsCollector(application)
  File "util/analytics/analytics.py", line 33, in __init__
    self.results_log = ResultsFileReader()
  File "/dc-app-performance-toolkit/app/util/analytics/log_reader.py", line 120, in __init__
    self.results_log = self.get_results_log()
  File "/dc-app-performance-toolkit/app/util/analytics/log_reader.py", line 124, in get_results_log
    self.validate_file_exists(results_log_path)
  File "/dc-app-performance-toolkit/app/util/analytics/log_reader.py", line 16, in validate_file_exists
    raise Exception(f'{path} does not exist')
Exception: /dc-app-performance-toolkit/app/results/confluence/2021-02-10_11-21-04/results.csv does not exist

[2021-02-10 11:21:30,566 DEBUG Engine.shellexec.Task] Task was finished with exit code 1: python util/analytics/analytics.py confluence
[2021-02-10 11:21:30,566 DEBUG Engine] post_process: Command 'python util/analytics/analytics.py confluence' returned non-zero exit status 1.
Traceback (most recent call last):
  File "/usr/local/lib/python3.8/dist-packages/bzt/engine/engine.py", line 340, in post_process
    module.post_process()
  File "/usr/local/lib/python3.8/dist-packages/bzt/modules/shellexec.py", line 159, in post_process
    task.start()
  File "/usr/local/lib/python3.8/dist-packages/bzt/modules/shellexec.py", line 217, in start
    self._get_results()
  File "/usr/local/lib/python3.8/dist-packages/bzt/modules/shellexec.py", line 244, in _get_results
    raise CalledProcessError(self.process.returncode, self)
subprocess.CalledProcessError: Command 'python util/analytics/analytics.py confluence' returned non-zero exit status 1.

[2021-02-10 11:21:30,568 DEBUG Engine.Configuration] Dumping YAML config into /dc-app-performance-toolkit/app/results/confluence/2021-02-10_11-21-04/effective.yml
[2021-02-10 11:21:30,583 DEBUG Engine.Configuration] Dumping JSON config into /dc-app-performance-toolkit/app/results/confluence/2021-02-10_11-21-04/effective.json
[2021-02-10 11:21:30,584 DEBUG root] CalledProcessError: Command 'python util/analytics/analytics.py confluence' returned non-zero exit status 1.
  File "/usr/local/lib/python3.8/dist-packages/bzt/cli.py", line 269, in perform
    self.engine.post_process()
  File "/usr/local/lib/python3.8/dist-packages/bzt/engine/engine.py", line 354, in post_process
    reraise(exc_info, exc_value)
  File "/usr/local/lib/python3.8/dist-packages/bzt/utils.py", line 103, in reraise
    raise exc
  File "/usr/local/lib/python3.8/dist-packages/bzt/engine/engine.py", line 340, in post_process
    module.post_process()
  File "/usr/local/lib/python3.8/dist-packages/bzt/modules/shellexec.py", line 159, in post_process
    task.start()
  File "/usr/local/lib/python3.8/dist-packages/bzt/modules/shellexec.py", line 217, in start
    self._get_results()
  File "/usr/local/lib/python3.8/dist-packages/bzt/modules/shellexec.py", line 244, in _get_results
    raise CalledProcessError(self.process.returncode, self)
[2021-02-10 11:21:30,584 INFO root] Artifacts dir: /dc-app-performance-toolkit/app/results/confluence/2021-02-10_11-21-04
[2021-02-10 11:21:30,584 WARNING root] Done performing with code: 1
[2021-02-10 11:21:30,584 DEBUG root] Closing log handler: /dc-app-performance-toolkit/app/results/confluence/2021-02-10_11-21-04/bzt.log
