[DEPRECATED] The --hatch-rate parameter has been renamed --spawn-rate
 Name                                                          # reqs      # fails  |     Avg     Min     Max  Median  |   req/s failures/s
--------------------------------------------------------------------------------------------------------------------------------------------
 Action locust_comment_page                                       471     0(0.00%)  |     200     108    1108     190  |    0.16    0.00
 Action locust_create_and_edit_page:create_page                   502     0(0.00%)  |     648     448     896     720  |    0.17    0.00
 Action locust_create_and_edit_page:create_page_editor            508     0(0.00%)  |     361     224     524     410  |    0.17    0.00
 Action locust_create_and_edit_page:edit_page                     486     0(0.00%)  |     685     471     944     750  |    0.16    0.00
 Action locust_create_and_edit_page:open_editor                   492     0(0.00%)  |     237     165     368     250  |    0.16    0.00
 Action locust_create_blog:blog_editor                            263     0(0.00%)  |     418     282     654     370  |    0.09    0.00
 Action locust_create_blog:feel_and_publish                       261     0(0.00%)  |     658     476     896     620  |    0.09    0.00
 Action locust_like_page                                          230     0(0.00%)  |      58      24     165      54  |    0.08    0.00
 Action locust_login_and_view_dashboard                           200     0(0.00%)  |    2135    1522    3182    2400  |    0.07    0.00
 Action locust_search_cql:recently_viewed                         631     0(0.00%)  |      35      13     181      32  |    0.21    0.00
 Action locust_search_cql:search_results                          624     0(0.00%)  |     452     216    7002     400  |    0.21    0.00
 Action locust_upload_attachment                                  405     0(0.00%)  |     749     427    1475     710  |    0.13    0.00
 Action locust_view_attachment                                    265     0(0.00%)  |     176      96     411     150  |    0.09    0.00
 Action locust_view_blog                                          663     0(0.00%)  |    1249     482    2377    1200  |    0.22    0.00
 Action locust_view_dashboard                                     549     0(0.00%)  |    1503    1031    2075    1300  |    0.18    0.00
 Action locust_view_page:open_page                               4726     0(0.00%)  |     662     303    1465     640  |    1.57    0.00
 Action locust_view_page:view_page_tree                          4664     0(0.00%)  |     255      23     797     220  |    1.55    0.00
--------------------------------------------------------------------------------------------------------------------------------------------
 Aggregated                                                     15940     0(0.00%)  |     527      13    7002     450  |    5.31    0.00

Response time percentiles (approximated)
 Type     Name                                                              50%    66%    75%    80%    90%    95%    98%    99%  99.9% 99.99%   100% # reqs
--------|------------------------------------------------------------|---------|------|------|------|------|------|------|------|------|------|------|------|
 Action   locust_comment_page                                               190    220    240    250    280    310    350    360   1100   1100   1100    471
 Action   locust_create_and_edit_page:create_page                           720    760    770    780    800    820    840    850    900    900    900    502
 Action   locust_create_and_edit_page:create_page_editor                    410    440    440    450    460    470    490    510    520    520    520    508
 Action   locust_create_and_edit_page:edit_page                             760    810    820    820    840    850    890    900    940    940    940    486
 Action   locust_create_and_edit_page:open_editor                           250    270    280    280    290    290    310    310    370    370    370    492
 Action   locust_create_blog:blog_editor                                    370    500    520    520    540    550    560    600    650    650    650    263
 Action   locust_create_blog:feel_and_publish                               620    760    780    790    810    820    840    860    900    900    900    261
 Action   locust_like_page                                                   54     72     76     77     81     86     88     90    160    160    160    230
 Action   locust_login_and_view_dashboard                                  2400   2500   2600   2600   2700   2700   2800   2800   3200   3200   3200    200
 Action   locust_search_cql:recently_viewed                                  32     43     46     47     51     56     64     84    180    180    180    631
 Action   locust_search_cql:search_results                                  400    460    490    500    520    560   1100   1500   7000   7000   7000    624
 Action   locust_upload_attachment                                          710    800    860    920   1100   1200   1300   1400   1500   1500   1500    405
 Action   locust_view_attachment                                            150    180    220    240    270    300    340    370    410    410    410    265
 Action   locust_view_blog                                                 1200   1500   1600   1700   1800   1900   2200   2300   2400   2400   2400    663
 Action   locust_view_dashboard                                            1300   1900   1900   1900   1900   2000   2000   2000   2100   2100   2100    549
 Action   locust_view_page:open_page                                        640    710    760    800    950   1100   1200   1300   1400   1500   1500   4726
 Action   locust_view_page:view_page_tree                                   220    300    350    380    450    510    580    620    770    800    800   4664
--------|------------------------------------------------------------|---------|------|------|------|------|------|------|------|------|------|------|------|
 None     Aggregated                                                        450    580    700    760   1000   1300   1900   2000   2700   6700   7000  15940

