[DEPRECATED] The --hatch-rate parameter has been renamed --spawn-rate
 Name                                                          # reqs      # fails  |     Avg     Min     Max  Median  |   req/s failures/s
--------------------------------------------------------------------------------------------------------------------------------------------
 Action locust_comment_page                                       423     0(0.00%)  |      71      47     283      67  |    0.14    0.00
 Action locust_create_and_edit_page:create_page                   493     0(0.00%)  |     346     297     506     340  |    0.16    0.00
 Action locust_create_and_edit_page:create_page_editor            501     0(0.00%)  |     197     166     300     190  |    0.17    0.00
 Action locust_create_and_edit_page:edit_page                     476     0(0.00%)  |     362     308     460     360  |    0.16    0.00
 Action locust_create_and_edit_page:open_editor                   485     0(0.00%)  |     150     122     257     150  |    0.16    0.00
 Action locust_create_blog:blog_editor                            257     0(0.00%)  |     219     185     308     220  |    0.09    0.00
 Action locust_create_blog:feel_and_publish                       252     0(0.00%)  |     358     300     489     350  |    0.08    0.00
 Action locust_like_page                                          280     0(0.00%)  |      27      16     111      29  |    0.09    0.00
 Action locust_login_and_view_dashboard                           200     0(0.00%)  |    1436    1370    1606    1400  |    0.07    0.00
 Action locust_search_cql:recently_viewed                         614     0(0.00%)  |      14      11      56      14  |    0.20    0.00
 Action locust_search_cql:search_results                          609     0(0.00%)  |     398     200    5574     350  |    0.20    0.00
 Action locust_upload_attachment                                  461     0(0.00%)  |     436     283    1024     380  |    0.15    0.00
 Action locust_view_attachment                                    255     0(0.00%)  |      97      68     179      88  |    0.08    0.00
 Action locust_view_blog                                          733     0(0.00%)  |     633     371    1216     580  |    0.24    0.00
 Action locust_view_dashboard                                     531     0(0.00%)  |    1019     961    1191    1000  |    0.18    0.00
 Action locust_view_page:open_page                               4712     2(0.04%)  |     380      14     810     330  |    1.57    0.00
 Action locust_view_page:view_page_tree                          4656     0(0.00%)  |      34      11     597      31  |    1.55    0.00
--------------------------------------------------------------------------------------------------------------------------------------------
 Aggregated                                                     15938     2(0.01%)  |     277      11    5574     280  |    5.31    0.00

Response time percentiles (approximated)
 Type     Name                                                              50%    66%    75%    80%    90%    95%    98%    99%  99.9% 99.99%   100% # reqs
--------|------------------------------------------------------------|---------|------|------|------|------|------|------|------|------|------|------|------|
 Action   locust_comment_page                                                67     76     80     83     91    100    120    130    280    280    280    423
 Action   locust_create_and_edit_page:create_page                           340    350    360    360    370    400    430    450    510    510    510    493
 Action   locust_create_and_edit_page:create_page_editor                    190    200    200    210    220    220    250    260    300    300    300    501
 Action   locust_create_and_edit_page:edit_page                             360    370    370    380    390    410    430    440    460    460    460    476
 Action   locust_create_and_edit_page:open_editor                           150    150    160    160    160    180    200    210    260    260    260    485
 Action   locust_create_blog:blog_editor                                    220    220    220    230    240    260    280    290    310    310    310    257
 Action   locust_create_blog:feel_and_publish                               350    360    370    380    390    410    430    460    490    490    490    252
 Action   locust_like_page                                                   29     30     32     32     34     36     53     83    110    110    110    280
 Action   locust_login_and_view_dashboard                                  1400   1500   1500   1500   1500   1500   1600   1600   1600   1600   1600    200
 Action   locust_search_cql:recently_viewed                                  14     15     16     16     17     19     21     24     56     56     56    614
 Action   locust_search_cql:search_results                                  350    360    370    380    430    560   1300   2100   5600   5600   5600    609
 Action   locust_upload_attachment                                          380    450    500    540    660    720    770    850   1000   1000   1000    461
 Action   locust_view_attachment                                             88     96    110    120    140    160    160    170    180    180    180    255
 Action   locust_view_blog                                                  580    610    640    660   1000   1100   1100   1100   1200   1200   1200    733
 Action   locust_view_dashboard                                            1000   1000   1000   1000   1100   1100   1100   1200   1200   1200   1200    531
 Action   locust_view_page:open_page                                        330    360    380    410    620    670    710    730    790    810    810   4712
 Action   locust_view_page:view_page_tree                                    31     37     40     42     50     57     68     77    510    600    600   4656
--------|------------------------------------------------------------|---------|------|------|------|------|------|------|------|------|------|------|------|
 None     Aggregated                                                        280    340    360    380    610    980   1100   1400   1500   5600   5600  15938

Error report
 # occurrences      Error                                                                                               
--------------------------------------------------------------------------------------------------------------------------------------------
 1                  Action locust_view_page:open_page: "HTTPError('503 Server Error:  for url: http://confl-loadb-n2u031dw0abo-199959073.us-east-1.elb.amazonaws.com:80/plugins/editor-loader/editor.action?parentPageId=&pageId=2811962&spaceKey=PSAW&atl_after_login_redirect=/pages/viewpage.action&timeout=12000&_=1615475624')"
 1                  Action locust_view_page:open_page: "HTTPError('502 Server Error: Bad Gateway for url: http://confl-loadb-n2u031dw0abo-199959073.us-east-1.elb.amazonaws.com:80/pages/viewpage.action?pageId=2693001')"
--------------------------------------------------------------------------------------------------------------------------------------------

