[DEPRECATED] The --hatch-rate parameter has been renamed --spawn-rate
 Name                                                          # reqs      # fails  |     Avg     Min     Max  Median  |   req/s failures/s
--------------------------------------------------------------------------------------------------------------------------------------------
 Action locust_comment_page                                        81   79(97.53%)  |    2019       0  140512      27  |    0.03    0.03
 Action locust_create_blog                                         54   51(94.44%)  |     109       0    2307       0  |    0.02    0.02
 Action locust_create_blog_editor                                  54   51(94.44%)  |     523       0   10003     170  |    0.02    0.02
 Action locust_create_page                                        104  102(98.08%)  |      43       0    2019       0  |    0.03    0.03
 Action locust_create_page_editor                                 104  102(98.08%)  |    3238       0  300003     160  |    0.03    0.03
 Action locust_edit_page                                          103  101(98.06%)  |      21       0    1140       0  |    0.03    0.03
 Action locust_like_page                                           46   45(97.83%)  |    7264       0  300004      36  |    0.02    0.01
 Action locust_login_and_view_dashboard                           200  188(94.00%)  |   88519   10003  336402   10003  |    0.07    0.06
 Action locust_open_editor                                        104  102(98.08%)  |      29       0     502       0  |    0.03    0.03
 Action locust_search_cql                                          88   86(97.73%)  |    2060       2  134480      23  |    0.03    0.03
 Action locust_search_recently_viewed                              88   86(97.73%)  |     296       5   10005      18  |    0.03    0.03
 Action locust_upload_attachments                                  90   86(95.56%)  |     461       0   10003     160  |    0.03    0.03
 Action locust_view_attachments                                    47   45(95.74%)  |    6614       0  300002     180  |    0.02    0.01
 Action locust_view_blog                                          130  126(96.92%)  |    1533       0  144129     170  |    0.04    0.04
 Action locust_view_dashboard                                      96   91(94.79%)  |    4223       0  319729     160  |    0.03    0.03
 Action locust_view_page                                          664  633(95.33%)  |    3999       2  300004     180  |    0.22    0.21
 Action locust_view_page_tree                                     664  636(95.78%)  |    2545       0  300004     170  |    0.22    0.21
--------------------------------------------------------------------------------------------------------------------------------------------
 Aggregated                                                      2717 2610(96.06%)  |    8867       0  336402     160  |    0.90    0.87

Response time percentiles (approximated)
 Type     Name                                                              50%    66%    75%    80%    90%    95%    98%    99%  99.9% 99.99%   100% # reqs
--------|------------------------------------------------------------|---------|------|------|------|------|------|------|------|------|------|------|------|
 Action   locust_comment_page                                                27     31     34     36     50    560  10000 141000 141000 141000 141000     81
 Action   locust_create_blog                                                  0      0      0     13     22    940   1700   2300   2300   2300   2300     54
 Action   locust_create_blog_editor                                         180    190    200    210    280   3300   6400  10000  10000  10000  10000     54
 Action   locust_create_page                                                  0     15     19     20     27     34     58   1700   2000   2000   2000    104
 Action   locust_create_page_editor                                         160    180    190    200    230    400  10000  10000 300000 300000 300000    104
 Action   locust_edit_page                                                    0      0      0      0     20     25     31    810   1100   1100   1100    103
 Action   locust_like_page                                                   36     42     50     51   1800  10000 300000 300000 300000 300000 300000     46
 Action   locust_login_and_view_dashboard                                 10000  10000 300000 301000 323000 327000 333000 334000 336000 336000 336000    200
 Action   locust_open_editor                                                  0      0      0      0    150    200    290    300    500    500    500    104
 Action   locust_search_cql                                                  23     27     30     32     35     84  19000 134000 134000 134000 134000     88
 Action   locust_search_recently_viewed                                      20     25     28     30     55    100  10000  10000  10000  10000  10000     88
 Action   locust_upload_attachments                                         170    190    200    220    230   1000   8900  10000  10000  10000  10000     90
 Action   locust_view_attachments                                           180    200    210    220    300   1300 300000 300000 300000 300000 300000     47
 Action   locust_view_blog                                                  170    190    200    210    270   1700  10000  10000 144000 144000 144000    130
 Action   locust_view_dashboard                                             160    180    200    210    290   4900  38000 320000 320000 320000 320000     96
 Action   locust_view_page                                                  180    200    210    230    380   5700  10000 146000 300000 300000 300000    664
 Action   locust_view_page_tree                                             170    190    210    220    270    430  10000 137000 300000 300000 300000    664
--------|------------------------------------------------------------|---------|------|------|------|------|------|------|------|------|------|------|------|
 None     Aggregated                                                        160    190    210    230   7700  10000 300000 318000 333000 336000 336000   2717

Error report
 # occurrences      Error                                                                                               
--------------------------------------------------------------------------------------------------------------------------------------------
 145                Action locust_login_and_view_dashboard: "HTTPError('504 Server Error: Gateway Time-out for url: http://confl-loadb-185evch80nvew-612815241.us-west-1.elb.amazonaws.com:80/dologin.action')"
 16                 Action locust_comment_page: "StopUser('Action login_and_view_dashboard failed')"                    
 23                 Action locust_create_page_editor: "StopUser('Action login_and_view_dashboard failed')"              
 15                 Action locust_upload_attachments: "StopUser('Action login_and_view_dashboard failed')"              
 6                  Action locust_view_attachments: "StopUser('Action login_and_view_dashboard failed')"                
 28                 Action locust_view_blog: "StopUser('Action login_and_view_dashboard failed')"                       
 23                 Action locust_create_page: "StopUser('Action login_and_view_dashboard failed')"                     
 27                 Action locust_view_dashboard: "StopUser('Action login_and_view_dashboard failed')"                  
 23                 Action locust_open_editor: "StopUser('Action login_and_view_dashboard failed')"                     
 23                 Action locust_edit_page: "StopUser('Action login_and_view_dashboard failed')"                       
 10                 Action locust_like_page: "StopUser('Action login_and_view_dashboard failed')"                       
 11                 Action locust_create_blog_editor: "StopUser('Action login_and_view_dashboard failed')"              
 11                 Action locust_create_blog: "StopUser('Action login_and_view_dashboard failed')"                     
 20                 Action locust_login_and_view_dashboard: "HTTPError('504 Server Error: Gateway Time-out for url: http://confl-loadb-185evch80nvew-612815241.us-west-1.elb.amazonaws.com:80/rest/dashboardmacros/1.0/updates?maxResults=40&tab=all&showProfilePic=true&labels=&spaces=&users=&types=&category=&spaceKey=')"
 1                  Action locust_view_dashboard: "HTTPError('504 Server Error: Gateway Time-out for url: http://confl-loadb-185evch80nvew-612815241.us-west-1.elb.amazonaws.com:80/rest/dashboardmacros/1.0/updates?maxResults=40&tab=all&showProfilePic=true&labels=&spaces=&users=&types=&category=&spaceKey=')"
 1                  Action locust_login_and_view_dashboard: "HTTPError('504 Server Error: Gateway Time-out for url: http://confl-loadb-185evch80nvew-612815241.us-west-1.elb.amazonaws.com:80/rest/experimental/search?cql=type=space%20and%20space.type=favourite%20order%20by%20favourite%20desc&expand=space.icon&limit=100&_=1604647009')"
 1                  Action locust_view_page: "HTTPError('504 Server Error: Gateway Time-out for url: http://confl-loadb-185evch80nvew-612815241.us-west-1.elb.amazonaws.com:80/pages/viewpage.action?pageId=1094133')"
 16                 Action locust_login_and_view_dashboard: "ChunkedEncodingError(ProtocolError('Connection broken: IncompleteRead(0 bytes read)', IncompleteRead(0 bytes read)))"
 1                  Action locust_login_and_view_dashboard: "HTTPError('504 Server Error: Gateway Time-out for url: http://confl-loadb-185evch80nvew-612815241.us-west-1.elb.amazonaws.com:80/rest/experimental/search?cql=type=space%20and%20space.type=favourite%20order%20by%20favourite%20desc&expand=space.icon&limit=100&_=1604647013')"
 1                  Action locust_login_and_view_dashboard: "HTTPError('504 Server Error: Gateway Time-out for url: http://confl-loadb-185evch80nvew-612815241.us-west-1.elb.amazonaws.com:80/rest/experimental/search?cql=type=space%20and%20space.type=favourite%20order%20by%20favourite%20desc&expand=space.icon&limit=100&_=1604647015')"
 5                  Action locust_view_page_tree: "KeyError('tree_request_id')"                                         
 1                  Action locust_login_and_view_dashboard: "HTTPError('504 Server Error: Gateway Time-out for url: http://confl-loadb-185evch80nvew-612815241.us-west-1.elb.amazonaws.com:80/rest/experimental/search?cql=type=space%20and%20space.type=favourite%20order%20by%20favourite%20desc&expand=space.icon&limit=100&_=1604647016')"
 1                  Action locust_view_page: "HTTPError('504 Server Error: Gateway Time-out for url: http://confl-loadb-185evch80nvew-612815241.us-west-1.elb.amazonaws.com:80/pages/viewpage.action?pageId=1101781')"
 1                  Action locust_login_and_view_dashboard: "HTTPError('504 Server Error: Gateway Time-out for url: http://confl-loadb-185evch80nvew-612815241.us-west-1.elb.amazonaws.com:80/rest/experimental/search?cql=type=space%20and%20space.type=favourite%20order%20by%20favourite%20desc&expand=space.icon&limit=100&_=1604647018')"
 1                  Action locust_view_page: "HTTPError('504 Server Error: Gateway Time-out for url: http://confl-loadb-185evch80nvew-612815241.us-west-1.elb.amazonaws.com:80/pages/viewpage.action?pageId=1182612')"
 2                  Action locust_login_and_view_dashboard: "HTTPError('504 Server Error: Gateway Time-out for url: http://confl-loadb-185evch80nvew-612815241.us-west-1.elb.amazonaws.com:80/rest/experimental/search?cql=type=space%20and%20space.type=favourite%20order%20by%20favourite%20desc&expand=space.icon&limit=100&_=1604647021')"
 1                  Action locust_view_page: "HTTPError('504 Server Error: Gateway Time-out for url: http://confl-loadb-185evch80nvew-612815241.us-west-1.elb.amazonaws.com:80/pages/viewpage.action?pageId=980786')"
 1                  Action locust_create_page_editor: "HTTPError('504 Server Error: Gateway Time-out for url: http://confl-loadb-185evch80nvew-612815241.us-west-1.elb.amazonaws.com:80/pages/createpage.action?spaceKey=WCC&fromPageId=1186789&src=quick-create')"
 45                 Action locust_create_page: "KeyError('content_id')"                                                 
 1                  Action locust_view_page: "HTTPError('504 Server Error: Gateway Time-out for url: http://confl-loadb-185evch80nvew-612815241.us-west-1.elb.amazonaws.com:80/pages/viewpage.action?pageId=1180132')"
 1                  Action locust_view_page: "HTTPError('504 Server Error: Gateway Time-out for url: http://confl-loadb-185evch80nvew-612815241.us-west-1.elb.amazonaws.com:80/pages/viewpage.action?pageId=1085358')"
 1                  Action locust_view_page_tree: "HTTPError('504 Server Error: Gateway Time-out for url: http://confl-loadb-185evch80nvew-612815241.us-west-1.elb.amazonaws.com:80/plugins/pagetree/naturalchildren.action?decorator=none&excerpt=false&sort=position&reverse=false&disableLinks=false&expandCurrent=true&placement=sidebar&hasRoot=false&spaceKey=NJH&treeId=0&startDepth=0&mobile=false&ancestors=1100815&treePageId=1105807&_=1604647318')"
 1                  Action locust_view_page_tree: "HTTPError('504 Server Error: Gateway Time-out for url: http://confl-loadb-185evch80nvew-612815241.us-west-1.elb.amazonaws.com:80/plugins/pagetree/naturalchildren.action?decorator=none&excerpt=false&sort=position&reverse=false&disableLinks=false&expandCurrent=true&placement=sidebar&hasRoot=false&spaceKey=AHDA&treeId=0&startDepth=0&mobile=false&ancestors=1182213&treePageId=1184659&_=1604647028')"
 1                  Action locust_view_page_tree: "HTTPError('504 Server Error: Gateway Time-out for url: http://confl-loadb-185evch80nvew-612815241.us-west-1.elb.amazonaws.com:80/plugins/pagetree/naturalchildren.action?decorator=none&excerpt=false&sort=position&reverse=false&disableLinks=false&expandCurrent=true&placement=sidebar&hasRoot=false&spaceKey=IMIS&treeId=0&startDepth=0&mobile=false&ancestors=1084512&976761&treePageId=1089265&_=1604647029')"
 1                  Action locust_view_page: "HTTPError('504 Server Error: Gateway Time-out for url: http://confl-loadb-185evch80nvew-612815241.us-west-1.elb.amazonaws.com:80/pages/viewpage.action?pageId=1191585')"
 1                  Action locust_like_page: "HTTPError('504 Server Error: Gateway Time-out for url: http://confl-loadb-185evch80nvew-612815241.us-west-1.elb.amazonaws.com:80/rest/likes/1.0/content/1191207/likes')"
 1                  Action locust_view_page_tree: "HTTPError('504 Server Error: Gateway Time-out for url: http://confl-loadb-185evch80nvew-612815241.us-west-1.elb.amazonaws.com:80/plugins/pagetree/naturalchildren.action?decorator=none&excerpt=false&sort=position&reverse=false&disableLinks=false&expandCurrent=true&placement=sidebar&hasRoot=false&spaceKey=TAR&treeId=0&startDepth=0&mobile=false&ancestors=954309&treePageId=964869&_=1604647321')"
 1                  Action locust_view_attachments: "HTTPError('504 Server Error: Gateway Time-out for url: http://confl-loadb-185evch80nvew-612815241.us-west-1.elb.amazonaws.com:80/pages/viewpageattachments.action?pageId=1092619')"
 1                  Action locust_view_page_tree: "HTTPError('504 Server Error: Gateway Time-out for url: http://confl-loadb-185evch80nvew-612815241.us-west-1.elb.amazonaws.com:80/plugins/pagetree/naturalchildren.action?decorator=none&excerpt=false&sort=position&reverse=false&disableLinks=false&expandCurrent=true&placement=sidebar&hasRoot=false&spaceKey=AMPPA&treeId=0&startDepth=0&mobile=false&ancestors=1189212&1188639&treePageId=1191699&_=1604647324')"
 67                 Action locust_open_editor: "KeyError('create_page_id')"                                             
 1                  Action locust_view_page: "HTTPError('504 Server Error: Gateway Time-out for url: http://confl-loadb-185evch80nvew-612815241.us-west-1.elb.amazonaws.com:80/pages/viewpage.action?pageId=1110950')"
 1                  Action locust_like_page: "HTTPError('504 Server Error: Gateway Time-out for url: http://confl-loadb-185evch80nvew-612815241.us-west-1.elb.amazonaws.com:80/rest/likes/1.0/content/1098109/likes')"
 1                  Action locust_like_page: "HTTPError('504 Server Error: Gateway Time-out for url: http://confl-loadb-185evch80nvew-612815241.us-west-1.elb.amazonaws.com:80/rest/likes/1.0/content/1182758/likes')"
 1                  Action locust_view_page_tree: "HTTPError('504 Server Error: Gateway Time-out for url: http://confl-loadb-185evch80nvew-612815241.us-west-1.elb.amazonaws.com:80/plugins/pagetree/naturalchildren.action?decorator=none&excerpt=false&sort=position&reverse=false&disableLinks=false&expandCurrent=true&placement=sidebar&hasRoot=false&spaceKey=ASSC&treeId=0&startDepth=0&mobile=false&ancestors=1192780&1184417&treePageId=1194047&_=1604647329')"
 1                  Action locust_view_page: "HTTPError('504 Server Error: Gateway Time-out for url: http://confl-loadb-185evch80nvew-612815241.us-west-1.elb.amazonaws.com:80/pages/viewpage.action?pageId=1189932')"
 1                  Action locust_view_page: "HTTPError('504 Server Error: Gateway Time-out for url: http://confl-loadb-185evch80nvew-612815241.us-west-1.elb.amazonaws.com:80/pages/viewpage.action?pageId=1183695')"
 1                  Action locust_view_page: "HTTPError('504 Server Error: Gateway Time-out for url: http://confl-loadb-185evch80nvew-612815241.us-west-1.elb.amazonaws.com:80/pages/viewpage.action?pageId=1312159')"
 1                  Action locust_view_page: "HTTPError('504 Server Error: Gateway Time-out for url: http://confl-loadb-185evch80nvew-612815241.us-west-1.elb.amazonaws.com:80/pages/viewpage.action?pageId=964511')"
 1                  Action locust_view_page: "HTTPError('504 Server Error: Gateway Time-out for url: http://confl-loadb-185evch80nvew-612815241.us-west-1.elb.amazonaws.com:80/pages/viewpage.action?pageId=392512')"
 1                  Action locust_create_page_editor: "HTTPError('504 Server Error: Gateway Time-out for url: http://confl-loadb-185evch80nvew-612815241.us-west-1.elb.amazonaws.com:80/pages/createpage.action?spaceKey=CWRCT&fromPageId=1310726&src=quick-create')"
 1                  Action locust_like_page: "HTTPError('504 Server Error: Gateway Time-out for url: http://confl-loadb-185evch80nvew-612815241.us-west-1.elb.amazonaws.com:80/rest/likes/1.0/content/1087975/likes')"
 66                 Action locust_edit_page: "KeyError('edit_parent_page_id')"                                          
 1                  Action locust_view_page_tree: "HTTPError('504 Server Error: Gateway Time-out for url: http://confl-loadb-185evch80nvew-612815241.us-west-1.elb.amazonaws.com:80/plugins/pagetree/naturalchildren.action?decorator=none&excerpt=false&sort=position&reverse=false&disableLinks=false&expandCurrent=true&placement=sidebar&hasRoot=false&spaceKey=AHDA&treeId=0&startDepth=0&mobile=false&ancestors=1182213&treePageId=1184659&_=1604647341')"
 2                  Action locust_search_recently_viewed: "HTTPError('504 Server Error: Gateway Time-out for url: http://confl-loadb-185evch80nvew-612815241.us-west-1.elb.amazonaws.com:80/rest/recentlyviewed/1.0/recent?limit=8')"
 1                  Action locust_view_blog: "HTTPError('504 Server Error: Gateway Time-out for url: http://confl-loadb-185evch80nvew-612815241.us-west-1.elb.amazonaws.com:80/pages/viewpage.action?pageId=25965253')"
 1                  Action locust_view_page: "HTTPError('504 Server Error: Gateway Time-out for url: http://confl-loadb-185evch80nvew-612815241.us-west-1.elb.amazonaws.com:80/pages/viewpage.action?pageId=963640')"
 1                  Action locust_view_page_tree: "HTTPError('504 Server Error: Gateway Time-out for url: http://confl-loadb-185evch80nvew-612815241.us-west-1.elb.amazonaws.com:80/plugins/pagetree/naturalchildren.action?decorator=none&excerpt=false&sort=position&reverse=false&disableLinks=false&expandCurrent=true&placement=sidebar&hasRoot=false&spaceKey=JLHS&treeId=0&startDepth=0&mobile=false&ancestors=1101882&1100738&treePageId=1106093&_=1604647344')"
 1                  Action locust_view_page_tree: "HTTPError('504 Server Error: Gateway Time-out for url: http://confl-loadb-185evch80nvew-612815241.us-west-1.elb.amazonaws.com:80/plugins/pagetree/naturalchildren.action?decorator=none&excerpt=false&sort=position&reverse=false&disableLinks=false&expandCurrent=true&placement=sidebar&hasRoot=false&spaceKey=NJH&treeId=0&startDepth=0&mobile=false&ancestors=1100815&treePageId=1105807&_=1604647344')"
 1                  Action locust_view_page_tree: "HTTPError('504 Server Error: Gateway Time-out for url: http://confl-loadb-185evch80nvew-612815241.us-west-1.elb.amazonaws.com:80/plugins/pagetree/naturalchildren.action?decorator=none&excerpt=false&sort=position&reverse=false&disableLinks=false&expandCurrent=true&placement=sidebar&hasRoot=false&spaceKey=BTE&treeId=0&startDepth=0&mobile=false&ancestors=1100772&treePageId=1105913&_=1604647345')"
 1                  Action locust_view_page_tree: "HTTPError('504 Server Error: Gateway Time-out for url: http://confl-loadb-185evch80nvew-612815241.us-west-1.elb.amazonaws.com:80/plugins/pagetree/naturalchildren.action?decorator=none&excerpt=false&sort=position&reverse=false&disableLinks=false&expandCurrent=true&placement=sidebar&hasRoot=false&spaceKey=TAR&treeId=0&startDepth=0&mobile=false&ancestors=954309&treePageId=964869&_=1604647347')"
 1                  Action locust_view_page: "HTTPError('504 Server Error: Gateway Time-out for url: http://confl-loadb-185evch80nvew-612815241.us-west-1.elb.amazonaws.com:80/pages/viewpage.action?pageId=1316106')"
 1                  Action locust_comment_page: "HTTPError('504 Server Error: Gateway Time-out for url: http://confl-loadb-185evch80nvew-612815241.us-west-1.elb.amazonaws.com:80/rest/tinymce/1/content/1327495/comment?actions=true&html=%3Cp%3Ehrqqsrdgfxoonxa%3C%2Fp%3E&watch=True&uuid=7ab85aad-228a-481a-8f0d-48a7bed16c50')"
 1                  Action locust_search_cql: 'HTTPError("504 Server Error: Gateway Time-out for url: http://confl-loadb-185evch80nvew-612815241.us-west-1.elb.amazonaws.com:80/rest/api/search?cql=siteSearch~\'tme\'&start=0&limit=20")'
 1                  Action locust_upload_attachments: "HTTPError('504 Server Error: Gateway Time-out for url: http://confl-loadb-185evch80nvew-612815241.us-west-1.elb.amazonaws.com:80/pages/viewpage.action?pageId=959858')"
 1                  Action locust_view_page_tree: "HTTPError('504 Server Error: Gateway Time-out for url: http://confl-loadb-185evch80nvew-612815241.us-west-1.elb.amazonaws.com:80/plugins/pagetree/naturalchildren.action?decorator=none&excerpt=false&sort=position&reverse=false&disableLinks=false&expandCurrent=true&placement=sidebar&hasRoot=false&spaceKey=ASSC&treeId=0&startDepth=0&mobile=false&ancestors=1192780&1184417&treePageId=1194047&_=1604647355')"
 1                  Action locust_view_blog: "HTTPError('504 Server Error: Gateway Time-out for url: http://confl-loadb-185evch80nvew-612815241.us-west-1.elb.amazonaws.com:80/pages/viewpage.action?pageId=25961491')"
 1                  Action locust_view_page: "HTTPError('504 Server Error: Gateway Time-out for url: http://confl-loadb-185evch80nvew-612815241.us-west-1.elb.amazonaws.com:80/pages/viewpage.action?pageId=955378')"
 1                  Action locust_view_page: "HTTPError('504 Server Error: Gateway Time-out for url: http://confl-loadb-185evch80nvew-612815241.us-west-1.elb.amazonaws.com:80/pages/viewpage.action?pageId=1100755')"
 1                  Action locust_create_page_editor: "HTTPError('504 Server Error: Gateway Time-out for url: http://confl-loadb-185evch80nvew-612815241.us-west-1.elb.amazonaws.com:80/pages/createpage.action?spaceKey=CIT&fromPageId=1204687&src=quick-create')"
 1                  Action locust_create_blog_editor: "HTTPError('504 Server Error: Gateway Time-out for url: http://confl-loadb-185evch80nvew-612815241.us-west-1.elb.amazonaws.com:80/pages/createblogpost.action?spaceKey=BCPE')"
 30                 Action locust_create_blog: "KeyError('parsed_space_key')"                                           
 1                  Action locust_view_page: "HTTPError('504 Server Error: Gateway Time-out for url: http://confl-loadb-185evch80nvew-612815241.us-west-1.elb.amazonaws.com:80/pages/viewpage.action?pageId=964518')"
 1                  Action locust_comment_page: "HTTPError('504 Server Error: Gateway Time-out for url: http://confl-loadb-185evch80nvew-612815241.us-west-1.elb.amazonaws.com:80/rest/tinymce/1/content/1187336/comment?actions=true&html=%3Cp%3Ejflw+uzwodfenin%3C%2Fp%3E&watch=True&uuid=ed993aa0-56eb-4c8f-9ef7-8fe9e5a84e56')"
 1                  Action locust_view_page: "HTTPError('504 Server Error: Gateway Time-out for url: http://confl-loadb-185evch80nvew-612815241.us-west-1.elb.amazonaws.com:80/pages/viewpage.action?pageId=1211118')"
 1                  Action locust_view_page: "HTTPError('504 Server Error: Gateway Time-out for url: http://confl-loadb-185evch80nvew-612815241.us-west-1.elb.amazonaws.com:80/pages/viewpage.action?pageId=973806')"
 1                  Action locust_view_page: "HTTPError('502 Server Error: Bad Gateway for url: http://confl-loadb-185evch80nvew-612815241.us-west-1.elb.amazonaws.com:80/pages/viewpage.action?pageId=1185270')"
 1                  Action locust_view_page_tree: "HTTPError('502 Server Error: Bad Gateway for url: http://confl-loadb-185evch80nvew-612815241.us-west-1.elb.amazonaws.com:80/plugins/pagetree/naturalchildren.action?decorator=none&excerpt=false&sort=position&reverse=false&disableLinks=false&expandCurrent=true&placement=sidebar&hasRoot=false&spaceKey=BMC&treeId=0&startDepth=0&mobile=false&ancestors=0&treePageId=1193957&_=1604647460')"
 1                  Action locust_view_blog: "HTTPError('502 Server Error: Bad Gateway for url: http://confl-loadb-185evch80nvew-612815241.us-west-1.elb.amazonaws.com:80/pages/viewpage.action?pageId=26115326')"
 1                  Action locust_view_page_tree: "HTTPError('502 Server Error: Bad Gateway for url: http://confl-loadb-185evch80nvew-612815241.us-west-1.elb.amazonaws.com:80/plugins/pagetree/naturalchildren.action?decorator=none&excerpt=false&sort=position&reverse=false&disableLinks=false&expandCurrent=true&placement=sidebar&hasRoot=false&spaceKey=TCDM&treeId=0&startDepth=0&mobile=false&ancestors=1196275&1189327&treePageId=1197055&_=1604647464')"
 1                  Action locust_view_page_tree: "HTTPError('502 Server Error: Bad Gateway for url: http://confl-loadb-185evch80nvew-612815241.us-west-1.elb.amazonaws.com:80/plugins/pagetree/naturalchildren.action?decorator=none&excerpt=false&sort=position&reverse=false&disableLinks=false&expandCurrent=true&placement=sidebar&hasRoot=false&spaceKey=BREP&treeId=0&startDepth=0&mobile=false&ancestors=978802&treePageId=1084464&_=1604647456')"
 1                  Action locust_view_page_tree: "HTTPError('502 Server Error: Bad Gateway for url: http://confl-loadb-185evch80nvew-612815241.us-west-1.elb.amazonaws.com:80/plugins/pagetree/naturalchildren.action?decorator=none&excerpt=false&sort=position&reverse=false&disableLinks=false&expandCurrent=true&placement=sidebar&hasRoot=false&spaceKey=MIMF&treeId=0&startDepth=0&mobile=false&ancestors=1101933&1100861&treePageId=1104544&_=1604647456')"
 1                  Action locust_search_cql: 'HTTPError("502 Server Error: Bad Gateway for url: http://confl-loadb-185evch80nvew-612815241.us-west-1.elb.amazonaws.com:80/rest/api/search?cql=siteSearch~\'vu%20\'&start=0&limit=20")'
 1                  Action locust_comment_page: "HTTPError('502 Server Error: Bad Gateway for url: http://confl-loadb-185evch80nvew-612815241.us-west-1.elb.amazonaws.com:80/rest/tinymce/1/content/1325003/comment?actions=true&html=%3Cp%3Ebyjcljdnrjkajan%3C%2Fp%3E&watch=True&uuid=9b533cf6-fc4f-4c49-a3b2-078d396af87d')"
 1                  Action locust_view_page_tree: "HTTPError('502 Server Error: Bad Gateway for url: http://confl-loadb-185evch80nvew-612815241.us-west-1.elb.amazonaws.com:80/plugins/pagetree/naturalchildren.action?decorator=none&excerpt=false&sort=position&reverse=false&disableLinks=false&expandCurrent=true&placement=sidebar&hasRoot=false&spaceKey=PPDTR&treeId=0&startDepth=0&mobile=false&ancestors=1100811&treePageId=1112879&_=1604647465')"
 1                  Action locust_view_page: "HTTPError('502 Server Error: Bad Gateway for url: http://confl-loadb-185evch80nvew-612815241.us-west-1.elb.amazonaws.com:80/pages/viewpage.action?pageId=965515')"
 1                  Action locust_view_page_tree: "HTTPError('502 Server Error: Bad Gateway for url: http://confl-loadb-185evch80nvew-612815241.us-west-1.elb.amazonaws.com:80/plugins/pagetree/naturalchildren.action?decorator=none&excerpt=false&sort=position&reverse=false&disableLinks=false&expandCurrent=true&placement=sidebar&hasRoot=false&spaceKey=TEG&treeId=0&startDepth=0&mobile=false&ancestors=1179951&1100742&treePageId=1182152&_=1604647459')"
 1                  Action locust_view_page: "HTTPError('502 Server Error: Bad Gateway for url: http://confl-loadb-185evch80nvew-612815241.us-west-1.elb.amazonaws.com:80/pages/viewpage.action?pageId=1321572')"
 1                  Action locust_view_page_tree: "HTTPError('502 Server Error: Bad Gateway for url: http://confl-loadb-185evch80nvew-612815241.us-west-1.elb.amazonaws.com:80/plugins/pagetree/naturalchildren.action?decorator=none&excerpt=false&sort=position&reverse=false&disableLinks=false&expandCurrent=true&placement=sidebar&hasRoot=false&spaceKey=AMPPA&treeId=0&startDepth=0&mobile=false&ancestors=1189212&1188639&treePageId=1191699&_=1604647602')"
 1                  Action locust_view_page: "HTTPError('502 Server Error: Bad Gateway for url: http://confl-loadb-185evch80nvew-612815241.us-west-1.elb.amazonaws.com:80/pages/viewpage.action?pageId=1193270')"
 1                  Action locust_view_page_tree: "HTTPError('502 Server Error: Bad Gateway for url: http://confl-loadb-185evch80nvew-612815241.us-west-1.elb.amazonaws.com:80/plugins/pagetree/naturalchildren.action?decorator=none&excerpt=false&sort=position&reverse=false&disableLinks=false&expandCurrent=true&placement=sidebar&hasRoot=false&spaceKey=PTBP&treeId=0&startDepth=0&mobile=false&ancestors=976418&961854&treePageId=978070&_=1604647602')"
 1                  Action locust_view_page_tree: "HTTPError('502 Server Error: Bad Gateway for url: http://confl-loadb-185evch80nvew-612815241.us-west-1.elb.amazonaws.com:80/plugins/pagetree/naturalchildren.action?decorator=none&excerpt=false&sort=position&reverse=false&disableLinks=false&expandCurrent=true&placement=sidebar&hasRoot=false&spaceKey=TTESR&treeId=0&startDepth=0&mobile=false&ancestors=1323418&1312574&treePageId=1325674&_=1604647602')"
 1                  Action locust_create_page_editor: "HTTPError('502 Server Error: Bad Gateway for url: http://confl-loadb-185evch80nvew-612815241.us-west-1.elb.amazonaws.com:80/pages/createpage.action?spaceKey=TIT&fromPageId=1107523&src=quick-create')"
 1                  Action locust_view_page: "HTTPError('502 Server Error: Bad Gateway for url: http://confl-loadb-185evch80nvew-612815241.us-west-1.elb.amazonaws.com:80/pages/viewpage.action?pageId=1210432')"
 1                  Action locust_view_page: "HTTPError('502 Server Error: Bad Gateway for url: http://confl-loadb-185evch80nvew-612815241.us-west-1.elb.amazonaws.com:80/pages/viewpage.action?pageId=1092501')"
 1                  Action locust_create_page_editor: "HTTPError('502 Server Error: Bad Gateway for url: http://confl-loadb-185evch80nvew-612815241.us-west-1.elb.amazonaws.com:80/pages/createpage.action?spaceKey=ILOTP&fromPageId=959324&src=quick-create')"
 1                  Action locust_view_page: "HTTPError('502 Server Error: Bad Gateway for url: http://confl-loadb-185evch80nvew-612815241.us-west-1.elb.amazonaws.com:80/pages/viewpage.action?pageId=385332')"
 1                  Action locust_view_page: "HTTPError('502 Server Error: Bad Gateway for url: http://confl-loadb-185evch80nvew-612815241.us-west-1.elb.amazonaws.com:80/pages/viewpage.action?pageId=1190142')"
 1                  Action locust_view_page: "HTTPError('502 Server Error: Bad Gateway for url: http://confl-loadb-185evch80nvew-612815241.us-west-1.elb.amazonaws.com:80/pages/viewpage.action?pageId=1188217')"
 1                  Action locust_view_page: "HTTPError('502 Server Error: Bad Gateway for url: http://confl-loadb-185evch80nvew-612815241.us-west-1.elb.amazonaws.com:80/pages/viewpage.action?pageId=1312098')"
 1                  Action locust_comment_page: "HTTPError('502 Server Error: Bad Gateway for url: http://confl-loadb-185evch80nvew-612815241.us-west-1.elb.amazonaws.com:80/rest/tinymce/1/content/1105016/comment?actions=true&html=%3Cp%3Eanbcxkmpzalcgvg%3C%2Fp%3E&watch=True&uuid=f9db0cb3-400f-48d9-9c8d-5f8ee27a6db2')"
 1                  Action locust_view_page: "HTTPError('502 Server Error: Bad Gateway for url: http://confl-loadb-185evch80nvew-612815241.us-west-1.elb.amazonaws.com:80/pages/viewpage.action?pageId=968002')"
 1                  Action locust_view_page: "HTTPError('502 Server Error: Bad Gateway for url: http://confl-loadb-185evch80nvew-612815241.us-west-1.elb.amazonaws.com:80/pages/viewpage.action?pageId=1107523')"
 1                  Action locust_view_page_tree: "HTTPError('502 Server Error: Bad Gateway for url: http://confl-loadb-185evch80nvew-612815241.us-west-1.elb.amazonaws.com:80/plugins/pagetree/naturalchildren.action?decorator=none&excerpt=false&sort=position&reverse=false&disableLinks=false&expandCurrent=true&placement=sidebar&hasRoot=false&spaceKey=BREP&treeId=0&startDepth=0&mobile=false&ancestors=978802&treePageId=1084464&_=1604647615')"
 1                  Action locust_view_page_tree: "HTTPError('502 Server Error: Bad Gateway for url: http://confl-loadb-185evch80nvew-612815241.us-west-1.elb.amazonaws.com:80/plugins/pagetree/naturalchildren.action?decorator=none&excerpt=false&sort=position&reverse=false&disableLinks=false&expandCurrent=true&placement=sidebar&hasRoot=false&spaceKey=TCDM&treeId=0&startDepth=0&mobile=false&ancestors=1196275&1189327&treePageId=1197055&_=1604647615')"
 1                  Action locust_view_page_tree: "HTTPError('502 Server Error: Bad Gateway for url: http://confl-loadb-185evch80nvew-612815241.us-west-1.elb.amazonaws.com:80/plugins/pagetree/naturalchildren.action?decorator=none&excerpt=false&sort=position&reverse=false&disableLinks=false&expandCurrent=true&placement=sidebar&hasRoot=false&spaceKey=BMC&treeId=0&startDepth=0&mobile=false&ancestors=0&treePageId=1193957&_=1604647615')"
 1                  Action locust_view_page_tree: "HTTPError('502 Server Error: Bad Gateway for url: http://confl-loadb-185evch80nvew-612815241.us-west-1.elb.amazonaws.com:80/plugins/pagetree/naturalchildren.action?decorator=none&excerpt=false&sort=position&reverse=false&disableLinks=false&expandCurrent=true&placement=sidebar&hasRoot=false&spaceKey=TEG&treeId=0&startDepth=0&mobile=false&ancestors=1179951&1100742&treePageId=1182152&_=1604647615')"
 1                  Action locust_view_page_tree: "HTTPError('502 Server Error: Bad Gateway for url: http://confl-loadb-185evch80nvew-612815241.us-west-1.elb.amazonaws.com:80/plugins/pagetree/naturalchildren.action?decorator=none&excerpt=false&sort=position&reverse=false&disableLinks=false&expandCurrent=true&placement=sidebar&hasRoot=false&spaceKey=PPDTR&treeId=0&startDepth=0&mobile=false&ancestors=1100811&treePageId=1112879&_=1604647615')"
 1                  Action locust_view_page_tree: "HTTPError('502 Server Error: Bad Gateway for url: http://confl-loadb-185evch80nvew-612815241.us-west-1.elb.amazonaws.com:80/plugins/pagetree/naturalchildren.action?decorator=none&excerpt=false&sort=position&reverse=false&disableLinks=false&expandCurrent=true&placement=sidebar&hasRoot=false&spaceKey=CIT&treeId=0&startDepth=0&mobile=false&ancestors=1185740&1100788&treePageId=1187146&_=1604647615')"
 1                  Action locust_view_page_tree: "HTTPError('502 Server Error: Bad Gateway for url: http://confl-loadb-185evch80nvew-612815241.us-west-1.elb.amazonaws.com:80/plugins/pagetree/naturalchildren.action?decorator=none&excerpt=false&sort=position&reverse=false&disableLinks=false&expandCurrent=true&placement=sidebar&hasRoot=false&spaceKey=JGCCG&treeId=0&startDepth=0&mobile=false&ancestors=966709&955415&treePageId=968796&_=1604647615')"
 1                  Action locust_like_page: "HTTPError('502 Server Error: Bad Gateway for url: http://confl-loadb-185evch80nvew-612815241.us-west-1.elb.amazonaws.com:80/rest/likes/1.0/content/1181803/likes')"
 1                  Action locust_view_page_tree: "HTTPError('502 Server Error: Bad Gateway for url: http://confl-loadb-185evch80nvew-612815241.us-west-1.elb.amazonaws.com:80/plugins/pagetree/naturalchildren.action?decorator=none&excerpt=false&sort=position&reverse=false&disableLinks=false&expandCurrent=true&placement=sidebar&hasRoot=false&spaceKey=TTESR&treeId=0&startDepth=0&mobile=false&ancestors=1323418&1312574&treePageId=1325674&_=1604647628')"
 1                  Action locust_view_page_tree: "HTTPError('502 Server Error: Bad Gateway for url: http://confl-loadb-185evch80nvew-612815241.us-west-1.elb.amazonaws.com:80/plugins/pagetree/naturalchildren.action?decorator=none&excerpt=false&sort=position&reverse=false&disableLinks=false&expandCurrent=true&placement=sidebar&hasRoot=false&spaceKey=PTBP&treeId=0&startDepth=0&mobile=false&ancestors=976418&961854&treePageId=978070&_=1604647628')"
 1                  Action locust_view_page: "HTTPError('502 Server Error: Bad Gateway for url: http://confl-loadb-185evch80nvew-612815241.us-west-1.elb.amazonaws.com:80/pages/viewpage.action?pageId=960099')"
 1                  Action locust_view_page: "HTTPError('502 Server Error: Bad Gateway for url: http://confl-loadb-185evch80nvew-612815241.us-west-1.elb.amazonaws.com:80/pages/viewpage.action?pageId=958438')"
 1                  Action locust_view_page: "HTTPError('502 Server Error: Bad Gateway for url: http://confl-loadb-185evch80nvew-612815241.us-west-1.elb.amazonaws.com:80/pages/viewpage.action?pageId=1194100')"
 1                  Action locust_view_page: "HTTPError('502 Server Error: Bad Gateway for url: http://confl-loadb-185evch80nvew-612815241.us-west-1.elb.amazonaws.com:80/pages/viewpage.action?pageId=1097243')"
 1                  Action locust_view_page: "HTTPError('502 Server Error: Bad Gateway for url: http://confl-loadb-185evch80nvew-612815241.us-west-1.elb.amazonaws.com:80/pages/viewpage.action?pageId=1112222')"
 1                  Action locust_view_page: "HTTPError('502 Server Error: Bad Gateway for url: http://confl-loadb-185evch80nvew-612815241.us-west-1.elb.amazonaws.com:80/pages/viewpage.action?pageId=1192506')"
 1                  Action locust_view_page: "HTTPError('502 Server Error: Bad Gateway for url: http://confl-loadb-185evch80nvew-612815241.us-west-1.elb.amazonaws.com:80/pages/viewpage.action?pageId=972318')"
 1                  Action locust_view_dashboard: "HTTPError('502 Server Error: Bad Gateway for url: http://confl-loadb-185evch80nvew-612815241.us-west-1.elb.amazonaws.com:80/index.action')"
 1                  Action locust_like_page: "HTTPError('502 Server Error: Bad Gateway for url: http://confl-loadb-185evch80nvew-612815241.us-west-1.elb.amazonaws.com:80/rest/likes/1.0/content/1317245/likes')"
 1                  Action locust_view_page: "HTTPError('502 Server Error: Bad Gateway for url: http://confl-loadb-185evch80nvew-612815241.us-west-1.elb.amazonaws.com:80/pages/viewpage.action?pageId=971327')"
 1                  Action locust_view_page_tree: "HTTPError('502 Server Error: Bad Gateway for url: http://confl-loadb-185evch80nvew-612815241.us-west-1.elb.amazonaws.com:80/plugins/pagetree/naturalchildren.action?decorator=none&excerpt=false&sort=position&reverse=false&disableLinks=false&expandCurrent=true&placement=sidebar&hasRoot=false&spaceKey=BMC&treeId=0&startDepth=0&mobile=false&ancestors=0&treePageId=1193957&_=1604647641')"
 1                  Action locust_view_page_tree: "HTTPError('502 Server Error: Bad Gateway for url: http://confl-loadb-185evch80nvew-612815241.us-west-1.elb.amazonaws.com:80/plugins/pagetree/naturalchildren.action?decorator=none&excerpt=false&sort=position&reverse=false&disableLinks=false&expandCurrent=true&placement=sidebar&hasRoot=false&spaceKey=TCDM&treeId=0&startDepth=0&mobile=false&ancestors=1196275&1189327&treePageId=1197055&_=1604647641')"
 1                  Action locust_view_page_tree: "HTTPError('502 Server Error: Bad Gateway for url: http://confl-loadb-185evch80nvew-612815241.us-west-1.elb.amazonaws.com:80/plugins/pagetree/naturalchildren.action?decorator=none&excerpt=false&sort=position&reverse=false&disableLinks=false&expandCurrent=true&placement=sidebar&hasRoot=false&spaceKey=BREP&treeId=0&startDepth=0&mobile=false&ancestors=978802&treePageId=1084464&_=1604647641')"
 1                  Action locust_view_page_tree: "HTTPError('502 Server Error: Bad Gateway for url: http://confl-loadb-185evch80nvew-612815241.us-west-1.elb.amazonaws.com:80/plugins/pagetree/naturalchildren.action?decorator=none&excerpt=false&sort=position&reverse=false&disableLinks=false&expandCurrent=true&placement=sidebar&hasRoot=false&spaceKey=CIT&treeId=0&startDepth=0&mobile=false&ancestors=1185740&1100788&treePageId=1187146&_=1604647641')"
 1                  Action locust_view_page_tree: "HTTPError('502 Server Error: Bad Gateway for url: http://confl-loadb-185evch80nvew-612815241.us-west-1.elb.amazonaws.com:80/plugins/pagetree/naturalchildren.action?decorator=none&excerpt=false&sort=position&reverse=false&disableLinks=false&expandCurrent=true&placement=sidebar&hasRoot=false&spaceKey=JGCCG&treeId=0&startDepth=0&mobile=false&ancestors=966709&955415&treePageId=968796&_=1604647641')"
 1                  Action locust_view_page_tree: "HTTPError('502 Server Error: Bad Gateway for url: http://confl-loadb-185evch80nvew-612815241.us-west-1.elb.amazonaws.com:80/plugins/pagetree/naturalchildren.action?decorator=none&excerpt=false&sort=position&reverse=false&disableLinks=false&expandCurrent=true&placement=sidebar&hasRoot=false&spaceKey=TEG&treeId=0&startDepth=0&mobile=false&ancestors=1179951&1100742&treePageId=1182152&_=1604647641')"
 1                  Action locust_view_page_tree: "HTTPError('502 Server Error: Bad Gateway for url: http://confl-loadb-185evch80nvew-612815241.us-west-1.elb.amazonaws.com:80/plugins/pagetree/naturalchildren.action?decorator=none&excerpt=false&sort=position&reverse=false&disableLinks=false&expandCurrent=true&placement=sidebar&hasRoot=false&spaceKey=PPDTR&treeId=0&startDepth=0&mobile=false&ancestors=1100811&treePageId=1112879&_=1604647641')"
 1                  Action locust_like_page: "HTTPError('502 Server Error: Bad Gateway for url: http://confl-loadb-185evch80nvew-612815241.us-west-1.elb.amazonaws.com:80/rest/likes/1.0/content/1190797/likes')"
 1                  Action locust_view_page: "HTTPError('502 Server Error: Bad Gateway for url: http://confl-loadb-185evch80nvew-612815241.us-west-1.elb.amazonaws.com:80/pages/viewpage.action?pageId=1098561')"
 1                  Action locust_view_page_tree: "HTTPError('502 Server Error: Bad Gateway for url: http://confl-loadb-185evch80nvew-612815241.us-west-1.elb.amazonaws.com:80/plugins/pagetree/naturalchildren.action?decorator=none&excerpt=false&sort=position&reverse=false&disableLinks=false&expandCurrent=true&placement=sidebar&hasRoot=false&spaceKey=PTBP&treeId=0&startDepth=0&mobile=false&ancestors=976418&961854&treePageId=978070&_=1604647655')"
 1                  Action locust_create_blog_editor: "HTTPError('502 Server Error: Bad Gateway for url: http://confl-loadb-185evch80nvew-612815241.us-west-1.elb.amazonaws.com:80/pages/createblogpost.action?spaceKey=COPBN')"
 1                  Action locust_comment_page: "HTTPError('502 Server Error: Bad Gateway for url: http://confl-loadb-185evch80nvew-612815241.us-west-1.elb.amazonaws.com:80/rest/tinymce/1/content/1087023/comment?actions=true&html=%3Cp%3Enofowvoozuyvodd%3C%2Fp%3E&watch=True&uuid=c25f84f8-a944-44b0-9277-67623e9ca93f')"
 1                  Action locust_view_page: "HTTPError('502 Server Error: Bad Gateway for url: http://confl-loadb-185evch80nvew-612815241.us-west-1.elb.amazonaws.com:80/pages/viewpage.action?pageId=977863')"
 2                  Action locust_search_recently_viewed: "HTTPError('502 Server Error: Bad Gateway for url: http://confl-loadb-185evch80nvew-612815241.us-west-1.elb.amazonaws.com:80/rest/recentlyviewed/1.0/recent?limit=8')"
 1                  Action locust_create_page_editor: "HTTPError('502 Server Error: Bad Gateway for url: http://confl-loadb-185evch80nvew-612815241.us-west-1.elb.amazonaws.com:80/pages/createpage.action?spaceKey=IVI&fromPageId=1180784&src=quick-create')"
 1                  Action locust_view_page: "HTTPError('502 Server Error: Bad Gateway for url: http://confl-loadb-185evch80nvew-612815241.us-west-1.elb.amazonaws.com:80/pages/viewpage.action?pageId=957235')"
 1                  Action locust_upload_attachments: "HTTPError('502 Server Error: Bad Gateway for url: http://confl-loadb-185evch80nvew-612815241.us-west-1.elb.amazonaws.com:80/pages/viewpage.action?pageId=1188075')"
 1                  Action locust_view_page: "HTTPError('502 Server Error: Bad Gateway for url: http://confl-loadb-185evch80nvew-612815241.us-west-1.elb.amazonaws.com:80/pages/viewpage.action?pageId=1211612')"
 1                  Action locust_comment_page: "HTTPError('502 Server Error: Bad Gateway for url: http://confl-loadb-185evch80nvew-612815241.us-west-1.elb.amazonaws.com:80/rest/tinymce/1/content/1204321/comment?actions=true&html=%3Cp%3Eewubyfzuvdx+oya%3C%2Fp%3E&watch=True&uuid=3f9e11ae-082f-4dc3-a91b-3d33b8d4facf')"
 1                  Action locust_view_page_tree: "HTTPError('502 Server Error: Bad Gateway for url: http://confl-loadb-185evch80nvew-612815241.us-west-1.elb.amazonaws.com:80/plugins/pagetree/naturalchildren.action?decorator=none&excerpt=false&sort=position&reverse=false&disableLinks=false&expandCurrent=true&placement=sidebar&hasRoot=false&spaceKey=TTESR&treeId=0&startDepth=0&mobile=false&ancestors=1323418&1312574&treePageId=1325674&_=1604647668')"
 1                  Action locust_view_attachments: "HTTPError('502 Server Error: Bad Gateway for url: http://confl-loadb-185evch80nvew-612815241.us-west-1.elb.amazonaws.com:80/pages/viewpageattachments.action?pageId=952597')"
 1                  Action locust_create_page_editor: "HTTPError('502 Server Error: Bad Gateway for url: http://confl-loadb-185evch80nvew-612815241.us-west-1.elb.amazonaws.com:80/pages/createpage.action?spaceKey=DCKCS&fromPageId=1101761&src=quick-create')"
 1                  Action locust_view_page_tree: "HTTPError('502 Server Error: Bad Gateway for url: http://confl-loadb-185evch80nvew-612815241.us-west-1.elb.amazonaws.com:80/plugins/pagetree/naturalchildren.action?decorator=none&excerpt=false&sort=position&reverse=false&disableLinks=false&expandCurrent=true&placement=sidebar&hasRoot=false&spaceKey=TCDM&treeId=0&startDepth=0&mobile=false&ancestors=1196275&1189327&treePageId=1197055&_=1604647668')"
 1                  Action locust_search_cql: 'HTTPError("502 Server Error: Bad Gateway for url: http://confl-loadb-185evch80nvew-612815241.us-west-1.elb.amazonaws.com:80/rest/api/search?cql=siteSearch~\'%20mu\'&start=0&limit=20")'
 1                  Action locust_view_page_tree: "HTTPError('502 Server Error: Bad Gateway for url: http://confl-loadb-185evch80nvew-612815241.us-west-1.elb.amazonaws.com:80/plugins/pagetree/naturalchildren.action?decorator=none&excerpt=false&sort=position&reverse=false&disableLinks=false&expandCurrent=true&placement=sidebar&hasRoot=false&spaceKey=MIMF&treeId=0&startDepth=0&mobile=false&ancestors=1101933&1100861&treePageId=1104544&_=1604647668')"
 1                  Action locust_view_page: "HTTPError('502 Server Error: Bad Gateway for url: http://confl-loadb-185evch80nvew-612815241.us-west-1.elb.amazonaws.com:80/pages/viewpage.action?pageId=1100746')"
 1                  Action locust_search_cql: 'HTTPError("502 Server Error: Bad Gateway for url: http://confl-loadb-185evch80nvew-612815241.us-west-1.elb.amazonaws.com:80/rest/api/search?cql=siteSearch~\'hkc\'&start=0&limit=20")'
 1                  Action locust_view_page_tree: "HTTPError('502 Server Error: Bad Gateway for url: http://confl-loadb-185evch80nvew-612815241.us-west-1.elb.amazonaws.com:80/plugins/pagetree/naturalchildren.action?decorator=none&excerpt=false&sort=position&reverse=false&disableLinks=false&expandCurrent=true&placement=sidebar&hasRoot=false&spaceKey=TEG&treeId=0&startDepth=0&mobile=false&ancestors=1179951&1100742&treePageId=1182152&_=1604647668')"
 1                  Action locust_comment_page: "HTTPError('502 Server Error: Bad Gateway for url: http://confl-loadb-185evch80nvew-612815241.us-west-1.elb.amazonaws.com:80/rest/tinymce/1/content/1095272/comment?actions=true&html=%3Cp%3E+yevxxmsa+gnbzy%3C%2Fp%3E&watch=True&uuid=9e40cf73-d2ae-4e33-a981-0c7ebe19b70f')"
 1                  Action locust_view_page: "HTTPError('502 Server Error: Bad Gateway for url: http://confl-loadb-185evch80nvew-612815241.us-west-1.elb.amazonaws.com:80/pages/viewpage.action?pageId=1321080')"
 1                  Action locust_view_page: "HTTPError('502 Server Error: Bad Gateway for url: http://confl-loadb-185evch80nvew-612815241.us-west-1.elb.amazonaws.com:80/pages/viewpage.action?pageId=1112634')"
 1                  Action locust_create_blog_editor: "HTTPError('502 Server Error: Bad Gateway for url: http://confl-loadb-185evch80nvew-612815241.us-west-1.elb.amazonaws.com:80/pages/createblogpost.action?spaceKey=PCP')"
 1                  Action locust_view_page: "HTTPError('502 Server Error: Bad Gateway for url: http://confl-loadb-185evch80nvew-612815241.us-west-1.elb.amazonaws.com:80/pages/viewpage.action?pageId=1193360')"
 1                  Action locust_view_page: "HTTPError('502 Server Error: Bad Gateway for url: http://confl-loadb-185evch80nvew-612815241.us-west-1.elb.amazonaws.com:80/pages/viewpage.action?pageId=1091086')"
 1                  Action locust_upload_attachments: "HTTPError('502 Server Error: Bad Gateway for url: http://confl-loadb-185evch80nvew-612815241.us-west-1.elb.amazonaws.com:80/pages/viewpage.action?pageId=1193043')"
 1                  Action locust_view_page_tree: "HTTPError('502 Server Error: Bad Gateway for url: http://confl-loadb-185evch80nvew-612815241.us-west-1.elb.amazonaws.com:80/plugins/pagetree/naturalchildren.action?decorator=none&excerpt=false&sort=position&reverse=false&disableLinks=false&expandCurrent=true&placement=sidebar&hasRoot=false&spaceKey=CIT&treeId=0&startDepth=0&mobile=false&ancestors=1185740&1100788&treePageId=1187146&_=1604647681')"
 1                  Action locust_view_page: "HTTPError('502 Server Error: Bad Gateway for url: http://confl-loadb-185evch80nvew-612815241.us-west-1.elb.amazonaws.com:80/pages/viewpage.action?pageId=392837')"
 1                  Action locust_like_page: "HTTPError('502 Server Error: Bad Gateway for url: http://confl-loadb-185evch80nvew-612815241.us-west-1.elb.amazonaws.com:80/rest/likes/1.0/content/392078/likes')"
 1                  Action locust_view_page_tree: "HTTPError('502 Server Error: Bad Gateway for url: http://confl-loadb-185evch80nvew-612815241.us-west-1.elb.amazonaws.com:80/plugins/pagetree/naturalchildren.action?decorator=none&excerpt=false&sort=position&reverse=false&disableLinks=false&expandCurrent=true&placement=sidebar&hasRoot=false&spaceKey=TTESR&treeId=0&startDepth=0&mobile=false&ancestors=1323418&1312574&treePageId=1325674&_=1604647694')"
 1                  Action locust_view_blog: "HTTPError('502 Server Error: Bad Gateway for url: http://confl-loadb-185evch80nvew-612815241.us-west-1.elb.amazonaws.com:80/pages/viewpage.action?pageId=26103863')"
 1                  Action locust_view_page_tree: "HTTPError('502 Server Error: Bad Gateway for url: http://confl-loadb-185evch80nvew-612815241.us-west-1.elb.amazonaws.com:80/plugins/pagetree/naturalchildren.action?decorator=none&excerpt=false&sort=position&reverse=false&disableLinks=false&expandCurrent=true&placement=sidebar&hasRoot=false&spaceKey=PTBP&treeId=0&startDepth=0&mobile=false&ancestors=976418&961854&treePageId=978070&_=1604647694')"
 1                  Action locust_view_blog: "HTTPError('502 Server Error: Bad Gateway for url: http://confl-loadb-185evch80nvew-612815241.us-west-1.elb.amazonaws.com:80/pages/viewpage.action?pageId=25964945')"
 1                  Action locust_view_page: "HTTPError('502 Server Error: Bad Gateway for url: http://confl-loadb-185evch80nvew-612815241.us-west-1.elb.amazonaws.com:80/pages/viewpage.action?pageId=1086058')"
 1                  Action locust_view_page_tree: "HTTPError('502 Server Error: Bad Gateway for url: http://confl-loadb-185evch80nvew-612815241.us-west-1.elb.amazonaws.com:80/plugins/pagetree/naturalchildren.action?decorator=none&excerpt=false&sort=position&reverse=false&disableLinks=false&expandCurrent=true&placement=sidebar&hasRoot=false&spaceKey=TCDM&treeId=0&startDepth=0&mobile=false&ancestors=1196275&1189327&treePageId=1197055&_=1604647694')"
 1                  Action locust_view_page_tree: "HTTPError('502 Server Error: Bad Gateway for url: http://confl-loadb-185evch80nvew-612815241.us-west-1.elb.amazonaws.com:80/plugins/pagetree/naturalchildren.action?decorator=none&excerpt=false&sort=position&reverse=false&disableLinks=false&expandCurrent=true&placement=sidebar&hasRoot=false&spaceKey=MIMF&treeId=0&startDepth=0&mobile=false&ancestors=1101933&1100861&treePageId=1104544&_=1604647694')"
 1                  Action locust_view_page_tree: "HTTPError('502 Server Error: Bad Gateway for url: http://confl-loadb-185evch80nvew-612815241.us-west-1.elb.amazonaws.com:80/plugins/pagetree/naturalchildren.action?decorator=none&excerpt=false&sort=position&reverse=false&disableLinks=false&expandCurrent=true&placement=sidebar&hasRoot=false&spaceKey=PPDTR&treeId=0&startDepth=0&mobile=false&ancestors=1100811&treePageId=1112879&_=1604647694')"
 1                  Action locust_upload_attachments: "HTTPError('502 Server Error: Bad Gateway for url: http://confl-loadb-185evch80nvew-612815241.us-west-1.elb.amazonaws.com:80/pages/viewpage.action?pageId=1327031')"
 1                  Action locust_like_page: "HTTPError('401 Client Error:  for url: http://confl-loadb-185evch80nvew-612815241.us-west-1.elb.amazonaws.com:80/rest/likes/1.0/content/978368/likes')"
 582                Action locust_view_page: "AssertionError('Could not open page.')"                                   
 583                Action locust_view_page_tree: "AssertionError('Could not view page tree.')"                         
 37                 Action locust_create_blog_editor: "AssertionError('Could not open editor for blog.')"               
 8                  Action locust_create_blog: "AssertionError('Could not open blog draft.')"                           
 62                 Action locust_view_dashboard: "AssertionError('Could not view dashboard.')"                         
 82                 Action locust_search_recently_viewed: "HTTPError('401 Client Error:  for url: http://confl-loadb-185evch80nvew-612815241.us-west-1.elb.amazonaws.com:80/rest/recentlyviewed/1.0/recent?limit=8')"
 1                  Action locust_search_cql: 'HTTPError("403 Client Error:  for url: http://confl-loadb-185evch80nvew-612815241.us-west-1.elb.amazonaws.com:80/rest/api/search?cql=siteSearch~\'joz\'&start=0&limit=20")'
 67                 Action locust_upload_attachments: "AssertionError('Failed to open page to upload attachments.')"    
 37                 Action locust_view_attachments: "AssertionError('View attachments failed.')"                        
 93                 Action locust_view_blog: "AssertionError('Could not view blog.')"                                   
 1                  Action locust_search_cql: 'HTTPError("403 Client Error:  for url: http://confl-loadb-185evch80nvew-612815241.us-west-1.elb.amazonaws.com:80/rest/api/search?cql=siteSearch~\'bse\'&start=0&limit=20")'
 72                 Action locust_create_page_editor: "AssertionError('Could not open page editor.')"                   
 1                  Action locust_search_cql: 'HTTPError("403 Client Error:  for url: http://confl-loadb-185evch80nvew-612815241.us-west-1.elb.amazonaws.com:80/rest/api/search?cql=siteSearch~\'ndd\'&start=0&limit=20")'
 1                  Action locust_search_cql: 'HTTPError("403 Client Error:  for url: http://confl-loadb-185evch80nvew-612815241.us-west-1.elb.amazonaws.com:80/rest/api/search?cql=siteSearch~\'tvq\'&start=0&limit=20")'
 1                  Action locust_comment_page: "HTTPError('403 Client Error:  for url: http://confl-loadb-185evch80nvew-612815241.us-west-1.elb.amazonaws.com:80/rest/tinymce/1/content/1105528/comment?actions=true&html=%3Cp%3Efnlx+tbgtxypkfk%3C%2Fp%3E&watch=True&uuid=65d83e4c-4675-4213-9d83-b3f45e259268')"
 1                  Action locust_like_page: "HTTPError('401 Client Error:  for url: http://confl-loadb-185evch80nvew-612815241.us-west-1.elb.amazonaws.com:80/rest/likes/1.0/content/977541/likes')"
 1                  Action locust_comment_page: "HTTPError('403 Client Error:  for url: http://confl-loadb-185evch80nvew-612815241.us-west-1.elb.amazonaws.com:80/rest/tinymce/1/content/390709/comment?actions=true&html=%3Cp%3Ebxbvsrinxnnzjjv%3C%2Fp%3E&watch=True&uuid=22a94fd4-2e77-4985-927b-f299199bc171')"
 1                  Action locust_comment_page: "HTTPError('403 Client Error:  for url: http://confl-loadb-185evch80nvew-612815241.us-west-1.elb.amazonaws.com:80/rest/tinymce/1/content/1193616/comment?actions=true&html=%3Cp%3Ebnygkjjdqpkuqri%3C%2Fp%3E&watch=True&uuid=85255234-7460-4ffc-a245-a272f2d7478c')"
 1                  Action locust_search_cql: 'HTTPError("403 Client Error:  for url: http://confl-loadb-185evch80nvew-612815241.us-west-1.elb.amazonaws.com:80/rest/api/search?cql=siteSearch~\'k%20a\'&start=0&limit=20")'
 34                 Action locust_create_page: "AssertionError('Could not create PAGE draft.')"                         
 1                  Action locust_search_cql: 'HTTPError("403 Client Error:  for url: http://confl-loadb-185evch80nvew-612815241.us-west-1.elb.amazonaws.com:80/rest/api/search?cql=siteSearch~\'mrk\'&start=0&limit=20")'
 1                  Action locust_comment_page: "HTTPError('403 Client Error:  for url: http://confl-loadb-185evch80nvew-612815241.us-west-1.elb.amazonaws.com:80/rest/tinymce/1/content/1182311/comment?actions=true&html=%3Cp%3Ervcdjro+mubynl+%3C%2Fp%3E&watch=True&uuid=1ae2de92-b262-4c48-8126-87e09c5028c0')"
 1                  Action locust_comment_page: "HTTPError('403 Client Error:  for url: http://confl-loadb-185evch80nvew-612815241.us-west-1.elb.amazonaws.com:80/rest/tinymce/1/content/1188083/comment?actions=true&html=%3Cp%3Eppcqxiz+uddfrgw%3C%2Fp%3E&watch=True&uuid=43116cf3-40be-49eb-b0dc-ac4c4e52f86d')"
 1                  Action locust_search_cql: 'HTTPError("403 Client Error:  for url: http://confl-loadb-185evch80nvew-612815241.us-west-1.elb.amazonaws.com:80/rest/api/search?cql=siteSearch~\'urq\'&start=0&limit=20")'
 1                  Action locust_comment_page: "HTTPError('403 Client Error:  for url: http://confl-loadb-185evch80nvew-612815241.us-west-1.elb.amazonaws.com:80/rest/tinymce/1/content/391739/comment?actions=true&html=%3Cp%3Enppolohqdoohrfp%3C%2Fp%3E&watch=True&uuid=53beec4c-5c5c-4f97-8142-91633d402f8a')"
 1                  Action locust_search_cql: 'HTTPError("403 Client Error:  for url: http://confl-loadb-185evch80nvew-612815241.us-west-1.elb.amazonaws.com:80/rest/api/search?cql=siteSearch~\'hot\'&start=0&limit=20")'
 1                  Action locust_search_cql: 'HTTPError("403 Client Error:  for url: http://confl-loadb-185evch80nvew-612815241.us-west-1.elb.amazonaws.com:80/rest/api/search?cql=siteSearch~\'uqp\'&start=0&limit=20")'
 1                  Action locust_search_cql: 'HTTPError("403 Client Error:  for url: http://confl-loadb-185evch80nvew-612815241.us-west-1.elb.amazonaws.com:80/rest/api/search?cql=siteSearch~\'pqd\'&start=0&limit=20")'
 1                  Action locust_comment_page: "HTTPError('403 Client Error:  for url: http://confl-loadb-185evch80nvew-612815241.us-west-1.elb.amazonaws.com:80/rest/tinymce/1/content/976832/comment?actions=true&html=%3Cp%3Eypfbokxkoypisa+%3C%2Fp%3E&watch=True&uuid=64402fc3-d53e-47c7-9e0d-8cf7929f116d')"
 1                  Action locust_search_cql: 'HTTPError("403 Client Error:  for url: http://confl-loadb-185evch80nvew-612815241.us-west-1.elb.amazonaws.com:80/rest/api/search?cql=siteSearch~\'eiw\'&start=0&limit=20")'
 1                  Action locust_search_cql: 'HTTPError("403 Client Error:  for url: http://confl-loadb-185evch80nvew-612815241.us-west-1.elb.amazonaws.com:80/rest/api/search?cql=siteSearch~\'yvl\'&start=0&limit=20")'
 1                  Action locust_comment_page: "HTTPError('403 Client Error:  for url: http://confl-loadb-185evch80nvew-612815241.us-west-1.elb.amazonaws.com:80/rest/tinymce/1/content/1098206/comment?actions=true&html=%3Cp%3Eyyspyqmzqzln+ma%3C%2Fp%3E&watch=True&uuid=9b7791df-5009-4043-80ab-d04d6c486736')"
 1                  Action locust_like_page: "HTTPError('401 Client Error:  for url: http://confl-loadb-185evch80nvew-612815241.us-west-1.elb.amazonaws.com:80/rest/likes/1.0/content/968188/likes')"
 1                  Action locust_search_cql: 'HTTPError("403 Client Error:  for url: http://confl-loadb-185evch80nvew-612815241.us-west-1.elb.amazonaws.com:80/rest/api/search?cql=siteSearch~\'bfb\'&start=0&limit=20")'
 1                  Action locust_like_page: "HTTPError('401 Client Error:  for url: http://confl-loadb-185evch80nvew-612815241.us-west-1.elb.amazonaws.com:80/rest/likes/1.0/content/1321104/likes')"
 1                  Action locust_search_cql: 'HTTPError("403 Client Error:  for url: http://confl-loadb-185evch80nvew-612815241.us-west-1.elb.amazonaws.com:80/rest/api/search?cql=siteSearch~\'flq\'&start=0&limit=20")'
 1                  Action locust_like_page: "HTTPError('401 Client Error:  for url: http://confl-loadb-185evch80nvew-612815241.us-west-1.elb.amazonaws.com:80/rest/likes/1.0/content/1317879/likes')"
 1                  Action locust_comment_page: "HTTPError('403 Client Error:  for url: http://confl-loadb-185evch80nvew-612815241.us-west-1.elb.amazonaws.com:80/rest/tinymce/1/content/388246/comment?actions=true&html=%3Cp%3Ebdsrdpuwbnstm+d%3C%2Fp%3E&watch=True&uuid=a2dc3e00-bc4c-4941-a322-cba3393967e9')"
 1                  Action locust_search_cql: 'HTTPError("403 Client Error:  for url: http://confl-loadb-185evch80nvew-612815241.us-west-1.elb.amazonaws.com:80/rest/api/search?cql=siteSearch~\'ivx\'&start=0&limit=20")'
 1                  Action locust_search_cql: 'HTTPError("403 Client Error:  for url: http://confl-loadb-185evch80nvew-612815241.us-west-1.elb.amazonaws.com:80/rest/api/search?cql=siteSearch~\'koi\'&start=0&limit=20")'
 1                  Action locust_comment_page: "HTTPError('403 Client Error:  for url: http://confl-loadb-185evch80nvew-612815241.us-west-1.elb.amazonaws.com:80/rest/tinymce/1/content/982911/comment?actions=true&html=%3Cp%3Epccmbtcixjyyrzx%3C%2Fp%3E&watch=True&uuid=33cebe35-6478-4604-bd7c-569f4c483fde')"
 1                  Action locust_search_cql: 'HTTPError("403 Client Error:  for url: http://confl-loadb-185evch80nvew-612815241.us-west-1.elb.amazonaws.com:80/rest/api/search?cql=siteSearch~\'cmg\'&start=0&limit=20")'
 1                  Action locust_like_page: "HTTPError('401 Client Error:  for url: http://confl-loadb-185evch80nvew-612815241.us-west-1.elb.amazonaws.com:80/rest/likes/1.0/content/967668/likes')"
 1                  Action locust_search_cql: 'HTTPError("403 Client Error:  for url: http://confl-loadb-185evch80nvew-612815241.us-west-1.elb.amazonaws.com:80/rest/api/search?cql=siteSearch~\'dsz\'&start=0&limit=20")'
 1                  Action locust_search_cql: 'HTTPError("403 Client Error:  for url: http://confl-loadb-185evch80nvew-612815241.us-west-1.elb.amazonaws.com:80/rest/api/search?cql=siteSearch~\'mmn\'&start=0&limit=20")'
 1                  Action locust_search_cql: 'HTTPError("403 Client Error:  for url: http://confl-loadb-185evch80nvew-612815241.us-west-1.elb.amazonaws.com:80/rest/api/search?cql=siteSearch~\'wlt\'&start=0&limit=20")'
 2                  Action locust_create_blog: "KeyError('draft_name')"                                                 
 12                 Action locust_open_editor: "AssertionError('Could not open PAGE to edit.')"                         
 12                 Action locust_edit_page: "AssertionError('User could not edit page.')"                              
 1                  Action locust_comment_page: "HTTPError('403 Client Error:  for url: http://confl-loadb-185evch80nvew-612815241.us-west-1.elb.amazonaws.com:80/rest/tinymce/1/content/1114047/comment?actions=true&html=%3Cp%3Ewqslkxudrrwzr+w%3C%2Fp%3E&watch=True&uuid=bd87cf56-1e59-474d-8eb4-a901f9e0ec31')"
 1                  Action locust_comment_page: "HTTPError('403 Client Error:  for url: http://confl-loadb-185evch80nvew-612815241.us-west-1.elb.amazonaws.com:80/rest/tinymce/1/content/1185655/comment?actions=true&html=%3Cp%3Etwyjzydfmzskqvi%3C%2Fp%3E&watch=True&uuid=6814efc9-fa4e-49bb-b345-bc628264099b')"
 1                  Action locust_comment_page: "HTTPError('403 Client Error:  for url: http://confl-loadb-185evch80nvew-612815241.us-west-1.elb.amazonaws.com:80/rest/tinymce/1/content/1190369/comment?actions=true&html=%3Cp%3Eusmuykuhtcpddsy%3C%2Fp%3E&watch=True&uuid=0bfff30b-ff6a-4fee-9495-3fcb9e78d5b1')"
 1                  Action locust_comment_page: "HTTPError('403 Client Error:  for url: http://confl-loadb-185evch80nvew-612815241.us-west-1.elb.amazonaws.com:80/rest/tinymce/1/content/382275/comment?actions=true&html=%3Cp%3Enzxtmbbd+xhgvct%3C%2Fp%3E&watch=True&uuid=18225df4-2299-42fd-bb62-62d85eb3812d')"
 1                  Action locust_comment_page: "HTTPError('403 Client Error:  for url: http://confl-loadb-185evch80nvew-612815241.us-west-1.elb.amazonaws.com:80/rest/tinymce/1/content/391279/comment?actions=true&html=%3Cp%3Eqwbuc+ucbwnzoxc%3C%2Fp%3E&watch=True&uuid=f138effa-040d-4db3-b04c-81426ff8da66')"
 1                  Action locust_like_page: "HTTPError('401 Client Error:  for url: http://confl-loadb-185evch80nvew-612815241.us-west-1.elb.amazonaws.com:80/rest/likes/1.0/content/1113808/likes')"
 1                  Action locust_search_cql: 'HTTPError("403 Client Error:  for url: http://confl-loadb-185evch80nvew-612815241.us-west-1.elb.amazonaws.com:80/rest/api/search?cql=siteSearch~\'dvm\'&start=0&limit=20")'
 1                  Action locust_like_page: "HTTPError('401 Client Error:  for url: http://confl-loadb-185evch80nvew-612815241.us-west-1.elb.amazonaws.com:80/rest/likes/1.0/content/967609/likes')"
 1                  Action locust_comment_page: "HTTPError('403 Client Error:  for url: http://confl-loadb-185evch80nvew-612815241.us-west-1.elb.amazonaws.com:80/rest/tinymce/1/content/390753/comment?actions=true&html=%3Cp%3Eaqtbfrap+oftkyq%3C%2Fp%3E&watch=True&uuid=b5b048da-7f2b-4f47-9d2b-aa292ba5e899')"
 1                  Action locust_search_cql: 'HTTPError("403 Client Error:  for url: http://confl-loadb-185evch80nvew-612815241.us-west-1.elb.amazonaws.com:80/rest/api/search?cql=siteSearch~\'vsq\'&start=0&limit=20")'
 1                  Action locust_search_cql: 'HTTPError("403 Client Error:  for url: http://confl-loadb-185evch80nvew-612815241.us-west-1.elb.amazonaws.com:80/rest/api/search?cql=siteSearch~\'lgj\'&start=0&limit=20")'
 1                  Action locust_search_cql: 'HTTPError("403 Client Error:  for url: http://confl-loadb-185evch80nvew-612815241.us-west-1.elb.amazonaws.com:80/rest/api/search?cql=siteSearch~\'c%20r\'&start=0&limit=20")'
 1                  Action locust_like_page: "HTTPError('401 Client Error:  for url: http://confl-loadb-185evch80nvew-612815241.us-west-1.elb.amazonaws.com:80/rest/likes/1.0/content/1315542/likes')"
 1                  Action locust_comment_page: "HTTPError('403 Client Error:  for url: http://confl-loadb-185evch80nvew-612815241.us-west-1.elb.amazonaws.com:80/rest/tinymce/1/content/1096305/comment?actions=true&html=%3Cp%3Entyoismawaeschd%3C%2Fp%3E&watch=True&uuid=e6640c8a-0f8f-4b5e-828f-bc65cf2d4c65')"
 1                  Action locust_comment_page: "HTTPError('403 Client Error:  for url: http://confl-loadb-185evch80nvew-612815241.us-west-1.elb.amazonaws.com:80/rest/tinymce/1/content/1197082/comment?actions=true&html=%3Cp%3Evttiqyndj+jyfkj%3C%2Fp%3E&watch=True&uuid=5363d3c9-945b-423f-a81e-00bd0fbeb040')"
 1                  Action locust_search_cql: 'HTTPError("403 Client Error:  for url: http://confl-loadb-185evch80nvew-612815241.us-west-1.elb.amazonaws.com:80/rest/api/search?cql=siteSearch~\'qem\'&start=0&limit=20")'
 1                  Action locust_comment_page: "HTTPError('403 Client Error:  for url: http://confl-loadb-185evch80nvew-612815241.us-west-1.elb.amazonaws.com:80/rest/tinymce/1/content/1179715/comment?actions=true&html=%3Cp%3Efcqmlfreeyeqcme%3C%2Fp%3E&watch=True&uuid=f79248ad-ed54-4dbf-9bac-a6d357c3392d')"
 1                  Action locust_search_cql: 'HTTPError("403 Client Error:  for url: http://confl-loadb-185evch80nvew-612815241.us-west-1.elb.amazonaws.com:80/rest/api/search?cql=siteSearch~\'fe%20\'&start=0&limit=20")'
 1                  Action locust_comment_page: "HTTPError('403 Client Error:  for url: http://confl-loadb-185evch80nvew-612815241.us-west-1.elb.amazonaws.com:80/rest/tinymce/1/content/1111202/comment?actions=true&html=%3Cp%3Epqvrdch+zqpopbm%3C%2Fp%3E&watch=True&uuid=8359f65f-65b4-4c4f-8c99-e57bc8cd3606')"
 1                  Action locust_comment_page: "HTTPError('403 Client Error:  for url: http://confl-loadb-185evch80nvew-612815241.us-west-1.elb.amazonaws.com:80/rest/tinymce/1/content/1110753/comment?actions=true&html=%3Cp%3Efvjztghcqjnjmfl%3C%2Fp%3E&watch=True&uuid=18411194-4634-46f3-8e71-f109a6e9cc6e')"
 1                  Action locust_search_cql: 'HTTPError("403 Client Error:  for url: http://confl-loadb-185evch80nvew-612815241.us-west-1.elb.amazonaws.com:80/rest/api/search?cql=siteSearch~\'ghk\'&start=0&limit=20")'
 1                  Action locust_search_cql: 'HTTPError("403 Client Error:  for url: http://confl-loadb-185evch80nvew-612815241.us-west-1.elb.amazonaws.com:80/rest/api/search?cql=siteSearch~\'jmt\'&start=0&limit=20")'
 1                  Action locust_search_cql: 'HTTPError("403 Client Error:  for url: http://confl-loadb-185evch80nvew-612815241.us-west-1.elb.amazonaws.com:80/rest/api/search?cql=siteSearch~\'ttl\'&start=0&limit=20")'
 1                  Action locust_search_cql: 'HTTPError("403 Client Error:  for url: http://confl-loadb-185evch80nvew-612815241.us-west-1.elb.amazonaws.com:80/rest/api/search?cql=siteSearch~\'jqc\'&start=0&limit=20")'
 1                  Action locust_like_page: "HTTPError('401 Client Error:  for url: http://confl-loadb-185evch80nvew-612815241.us-west-1.elb.amazonaws.com:80/rest/likes/1.0/content/1095069/likes')"
 1                  Action locust_like_page: "HTTPError('401 Client Error:  for url: http://confl-loadb-185evch80nvew-612815241.us-west-1.elb.amazonaws.com:80/rest/likes/1.0/content/1084533/likes')"
 1                  Action locust_comment_page: "HTTPError('403 Client Error:  for url: http://confl-loadb-185evch80nvew-612815241.us-west-1.elb.amazonaws.com:80/rest/tinymce/1/content/1095032/comment?actions=true&html=%3Cp%3Extrqlaqmzcwlian%3C%2Fp%3E&watch=True&uuid=88286fcb-dd49-475d-b412-ebad36e7a8e2')"
 1                  Action locust_like_page: "HTTPError('401 Client Error:  for url: http://confl-loadb-185evch80nvew-612815241.us-west-1.elb.amazonaws.com:80/rest/likes/1.0/content/1193712/likes')"
 1                  Action locust_comment_page: "HTTPError('403 Client Error:  for url: http://confl-loadb-185evch80nvew-612815241.us-west-1.elb.amazonaws.com:80/rest/tinymce/1/content/386373/comment?actions=true&html=%3Cp%3Eckleczxowgahxxw%3C%2Fp%3E&watch=True&uuid=b0bc34f5-4f7d-404b-ac07-c7e06f5f08fb')"
 1                  Action locust_like_page: "HTTPError('401 Client Error:  for url: http://confl-loadb-185evch80nvew-612815241.us-west-1.elb.amazonaws.com:80/rest/likes/1.0/content/1183543/likes')"
 1                  Action locust_comment_page: "HTTPError('403 Client Error:  for url: http://confl-loadb-185evch80nvew-612815241.us-west-1.elb.amazonaws.com:80/rest/tinymce/1/content/1314534/comment?actions=true&html=%3Cp%3Eenuiazedbewtwge%3C%2Fp%3E&watch=True&uuid=61198398-7e96-43de-845c-ddd2d3129795')"
 1                  Action locust_search_cql: 'HTTPError("403 Client Error:  for url: http://confl-loadb-185evch80nvew-612815241.us-west-1.elb.amazonaws.com:80/rest/api/search?cql=siteSearch~\'piw\'&start=0&limit=20")'
 1                  Action locust_search_cql: 'HTTPError("403 Client Error:  for url: http://confl-loadb-185evch80nvew-612815241.us-west-1.elb.amazonaws.com:80/rest/api/search?cql=siteSearch~\'clq\'&start=0&limit=20")'
 1                  Action locust_search_cql: 'HTTPError("403 Client Error:  for url: http://confl-loadb-185evch80nvew-612815241.us-west-1.elb.amazonaws.com:80/rest/api/search?cql=siteSearch~\'zcw\'&start=0&limit=20")'
 1                  Action locust_comment_page: "HTTPError('403 Client Error:  for url: http://confl-loadb-185evch80nvew-612815241.us-west-1.elb.amazonaws.com:80/rest/tinymce/1/content/958815/comment?actions=true&html=%3Cp%3Ehwfqreayxcxbecd%3C%2Fp%3E&watch=True&uuid=fe9eb4c6-de56-41f7-b440-b658ea89f144')"
 1                  Action locust_search_cql: 'HTTPError("403 Client Error:  for url: http://confl-loadb-185evch80nvew-612815241.us-west-1.elb.amazonaws.com:80/rest/api/search?cql=siteSearch~\'yge\'&start=0&limit=20")'
 1                  Action locust_like_page: "HTTPError('401 Client Error:  for url: http://confl-loadb-185evch80nvew-612815241.us-west-1.elb.amazonaws.com:80/rest/likes/1.0/content/1185350/likes')"
 1                  Action locust_search_cql: 'HTTPError("403 Client Error:  for url: http://confl-loadb-185evch80nvew-612815241.us-west-1.elb.amazonaws.com:80/rest/api/search?cql=siteSearch~\'hxo\'&start=0&limit=20")'
 1                  Action locust_like_page: "HTTPError('401 Client Error:  for url: http://confl-loadb-185evch80nvew-612815241.us-west-1.elb.amazonaws.com:80/rest/likes/1.0/content/1318590/likes')"
 1                  Action locust_comment_page: "HTTPError('403 Client Error:  for url: http://confl-loadb-185evch80nvew-612815241.us-west-1.elb.amazonaws.com:80/rest/tinymce/1/content/1102804/comment?actions=true&html=%3Cp%3Ebwqrpgxgsqhbapi%3C%2Fp%3E&watch=True&uuid=0c7b72bd-a44c-48a5-9090-53db033a0400')"
 1                  Action locust_search_cql: 'HTTPError("403 Client Error:  for url: http://confl-loadb-185evch80nvew-612815241.us-west-1.elb.amazonaws.com:80/rest/api/search?cql=siteSearch~\'vft\'&start=0&limit=20")'
 1                  Action locust_comment_page: "HTTPError('403 Client Error:  for url: http://confl-loadb-185evch80nvew-612815241.us-west-1.elb.amazonaws.com:80/rest/tinymce/1/content/1093209/comment?actions=true&html=%3Cp%3Ewaoymlmkvymfhie%3C%2Fp%3E&watch=True&uuid=0bd8baa7-7136-42e5-8e5a-65c042e653a2')"
 1                  Action locust_search_cql: 'HTTPError("403 Client Error:  for url: http://confl-loadb-185evch80nvew-612815241.us-west-1.elb.amazonaws.com:80/rest/api/search?cql=siteSearch~\'td%20\'&start=0&limit=20")'
 1                  Action locust_comment_page: "HTTPError('403 Client Error:  for url: http://confl-loadb-185evch80nvew-612815241.us-west-1.elb.amazonaws.com:80/rest/tinymce/1/content/1186200/comment?actions=true&html=%3Cp%3Eomyptrexfwna+yy%3C%2Fp%3E&watch=True&uuid=8fc4a359-c0a7-4dce-9ee3-a41f79793437')"
 1                  Action locust_comment_page: "HTTPError('403 Client Error:  for url: http://confl-loadb-185evch80nvew-612815241.us-west-1.elb.amazonaws.com:80/rest/tinymce/1/content/391288/comment?actions=true&html=%3Cp%3Eptwti+nkqbtzxud%3C%2Fp%3E&watch=True&uuid=1305b448-d298-4f2d-b44a-cddc95f8ee2c')"
 1                  Action locust_like_page: "HTTPError('401 Client Error:  for url: http://confl-loadb-185evch80nvew-612815241.us-west-1.elb.amazonaws.com:80/rest/likes/1.0/content/968907/likes')"
 1                  Action locust_comment_page: "HTTPError('403 Client Error:  for url: http://confl-loadb-185evch80nvew-612815241.us-west-1.elb.amazonaws.com:80/rest/tinymce/1/content/972192/comment?actions=true&html=%3Cp%3Eecgplulxeqeciai%3C%2Fp%3E&watch=True&uuid=33840a30-0686-4ebf-95ab-4560b483a726')"
 1                  Action locust_search_cql: 'HTTPError("403 Client Error:  for url: http://confl-loadb-185evch80nvew-612815241.us-west-1.elb.amazonaws.com:80/rest/api/search?cql=siteSearch~\'sqz\'&start=0&limit=20")'
 1                  Action locust_like_page: "HTTPError('401 Client Error:  for url: http://confl-loadb-185evch80nvew-612815241.us-west-1.elb.amazonaws.com:80/rest/likes/1.0/content/967627/likes')"
 1                  Action locust_search_cql: 'HTTPError("403 Client Error:  for url: http://confl-loadb-185evch80nvew-612815241.us-west-1.elb.amazonaws.com:80/rest/api/search?cql=siteSearch~\'ksw\'&start=0&limit=20")'
 1                  Action locust_search_cql: 'HTTPError("403 Client Error:  for url: http://confl-loadb-185evch80nvew-612815241.us-west-1.elb.amazonaws.com:80/rest/api/search?cql=siteSearch~\'mua\'&start=0&limit=20")'
 1                  Action locust_like_page: "HTTPError('401 Client Error:  for url: http://confl-loadb-185evch80nvew-612815241.us-west-1.elb.amazonaws.com:80/rest/likes/1.0/content/1317509/likes')"
 1                  Action locust_search_cql: 'HTTPError("403 Client Error:  for url: http://confl-loadb-185evch80nvew-612815241.us-west-1.elb.amazonaws.com:80/rest/api/search?cql=siteSearch~\'ext\'&start=0&limit=20")'
 1                  Action locust_comment_page: "HTTPError('403 Client Error:  for url: http://confl-loadb-185evch80nvew-612815241.us-west-1.elb.amazonaws.com:80/rest/tinymce/1/content/1184720/comment?actions=true&html=%3Cp%3Eeulerrqihp+sorq%3C%2Fp%3E&watch=True&uuid=80645cf4-7a9e-40df-be82-83f1ae4add1f')"
 1                  Action locust_like_page: "HTTPError('401 Client Error:  for url: http://confl-loadb-185evch80nvew-612815241.us-west-1.elb.amazonaws.com:80/rest/likes/1.0/content/1191315/likes')"
 1                  Action locust_like_page: "HTTPError('401 Client Error:  for url: http://confl-loadb-185evch80nvew-612815241.us-west-1.elb.amazonaws.com:80/rest/likes/1.0/content/1201765/likes')"
 1                  Action locust_search_cql: 'HTTPError("403 Client Error:  for url: http://confl-loadb-185evch80nvew-612815241.us-west-1.elb.amazonaws.com:80/rest/api/search?cql=siteSearch~\'ogn\'&start=0&limit=20")'
 1                  Action locust_search_cql: 'HTTPError("403 Client Error:  for url: http://confl-loadb-185evch80nvew-612815241.us-west-1.elb.amazonaws.com:80/rest/api/search?cql=siteSearch~\'jpr\'&start=0&limit=20")'
 1                  Action locust_comment_page: "HTTPError('403 Client Error:  for url: http://confl-loadb-185evch80nvew-612815241.us-west-1.elb.amazonaws.com:80/rest/tinymce/1/content/966176/comment?actions=true&html=%3Cp%3Egscwifxbqokmyek%3C%2Fp%3E&watch=True&uuid=7b721691-b8ae-4fd4-950b-ebf9d2a0e1dd')"
 1                  Action locust_comment_page: "HTTPError('403 Client Error:  for url: http://confl-loadb-185evch80nvew-612815241.us-west-1.elb.amazonaws.com:80/rest/tinymce/1/content/1113998/comment?actions=true&html=%3Cp%3Ecnuktox+imwxqoc%3C%2Fp%3E&watch=True&uuid=3473027e-650d-41cc-b4ce-a03cf2dd6945')"
 1                  Action locust_search_cql: 'HTTPError("403 Client Error:  for url: http://confl-loadb-185evch80nvew-612815241.us-west-1.elb.amazonaws.com:80/rest/api/search?cql=siteSearch~\'fmq\'&start=0&limit=20")'
 1                  Action locust_comment_page: "HTTPError('403 Client Error:  for url: http://confl-loadb-185evch80nvew-612815241.us-west-1.elb.amazonaws.com:80/rest/tinymce/1/content/1184271/comment?actions=true&html=%3Cp%3Eoadkfvvnlzoiuar%3C%2Fp%3E&watch=True&uuid=6e567e8e-caa6-4ca5-bba7-59575c8e017b')"
 1                  Action locust_search_cql: 'HTTPError("403 Client Error:  for url: http://confl-loadb-185evch80nvew-612815241.us-west-1.elb.amazonaws.com:80/rest/api/search?cql=siteSearch~\'ghl\'&start=0&limit=20")'
 1                  Action locust_search_cql: 'HTTPError("403 Client Error:  for url: http://confl-loadb-185evch80nvew-612815241.us-west-1.elb.amazonaws.com:80/rest/api/search?cql=siteSearch~\'t%20r\'&start=0&limit=20")'
 1                  Action locust_search_cql: 'HTTPError("403 Client Error:  for url: http://confl-loadb-185evch80nvew-612815241.us-west-1.elb.amazonaws.com:80/rest/api/search?cql=siteSearch~\'ryu\'&start=0&limit=20")'
 1                  Action locust_search_cql: 'HTTPError("403 Client Error:  for url: http://confl-loadb-185evch80nvew-612815241.us-west-1.elb.amazonaws.com:80/rest/api/search?cql=siteSearch~\'ioq\'&start=0&limit=20")'
 1                  Action locust_comment_page: "HTTPError('403 Client Error:  for url: http://confl-loadb-185evch80nvew-612815241.us-west-1.elb.amazonaws.com:80/rest/tinymce/1/content/1212162/comment?actions=true&html=%3Cp%3Ehyxxaqsnyssmdhq%3C%2Fp%3E&watch=True&uuid=11f4062e-9846-4a4d-b564-f51961aad07a')"
 1                  Action locust_search_cql: 'HTTPError("403 Client Error:  for url: http://confl-loadb-185evch80nvew-612815241.us-west-1.elb.amazonaws.com:80/rest/api/search?cql=siteSearch~\'dfp\'&start=0&limit=20")'
 1                  Action locust_search_cql: 'HTTPError("403 Client Error:  for url: http://confl-loadb-185evch80nvew-612815241.us-west-1.elb.amazonaws.com:80/rest/api/search?cql=siteSearch~\'cpr\'&start=0&limit=20")'
 1                  Action locust_search_cql: 'HTTPError("403 Client Error:  for url: http://confl-loadb-185evch80nvew-612815241.us-west-1.elb.amazonaws.com:80/rest/api/search?cql=siteSearch~\'uuc\'&start=0&limit=20")'
 1                  Action locust_like_page: "HTTPError('401 Client Error:  for url: http://confl-loadb-185evch80nvew-612815241.us-west-1.elb.amazonaws.com:80/rest/likes/1.0/content/965153/likes')"
 1                  Action locust_search_cql: 'HTTPError("403 Client Error:  for url: http://confl-loadb-185evch80nvew-612815241.us-west-1.elb.amazonaws.com:80/rest/api/search?cql=siteSearch~\'ii%20\'&start=0&limit=20")'
 1                  Action locust_search_cql: 'HTTPError("403 Client Error:  for url: http://confl-loadb-185evch80nvew-612815241.us-west-1.elb.amazonaws.com:80/rest/api/search?cql=siteSearch~\'qel\'&start=0&limit=20")'
 1                  Action locust_comment_page: "HTTPError('403 Client Error:  for url: http://confl-loadb-185evch80nvew-612815241.us-west-1.elb.amazonaws.com:80/rest/tinymce/1/content/975186/comment?actions=true&html=%3Cp%3Eeyskxfiluyfrxvj%3C%2Fp%3E&watch=True&uuid=6fa3ba75-53de-4ed3-ab79-7f60ff02369d')"
 1                  Action locust_like_page: "HTTPError('401 Client Error:  for url: http://confl-loadb-185evch80nvew-612815241.us-west-1.elb.amazonaws.com:80/rest/likes/1.0/content/972953/likes')"
 1                  Action locust_like_page: "HTTPError('401 Client Error:  for url: http://confl-loadb-185evch80nvew-612815241.us-west-1.elb.amazonaws.com:80/rest/likes/1.0/content/951807/likes')"
 1                  Action locust_comment_page: "HTTPError('403 Client Error:  for url: http://confl-loadb-185evch80nvew-612815241.us-west-1.elb.amazonaws.com:80/rest/tinymce/1/content/1180532/comment?actions=true&html=%3Cp%3Eqxzcpphbhsxlk+j%3C%2Fp%3E&watch=True&uuid=d78812e1-7f53-44eb-8797-14ed3e031196')"
 1                  Action locust_comment_page: "HTTPError('403 Client Error:  for url: http://confl-loadb-185evch80nvew-612815241.us-west-1.elb.amazonaws.com:80/rest/tinymce/1/content/1212058/comment?actions=true&html=%3Cp%3Eddkogasvibciyyn%3C%2Fp%3E&watch=True&uuid=9c46014d-959e-4326-ba62-869dd1ba08f0')"
 1                  Action locust_search_cql: 'HTTPError("403 Client Error:  for url: http://confl-loadb-185evch80nvew-612815241.us-west-1.elb.amazonaws.com:80/rest/api/search?cql=siteSearch~\'ygs\'&start=0&limit=20")'
 1                  Action locust_search_cql: 'HTTPError("403 Client Error:  for url: http://confl-loadb-185evch80nvew-612815241.us-west-1.elb.amazonaws.com:80/rest/api/search?cql=siteSearch~\'rox\'&start=0&limit=20")'
 1                  Action locust_comment_page: "HTTPError('403 Client Error:  for url: http://confl-loadb-185evch80nvew-612815241.us-west-1.elb.amazonaws.com:80/rest/tinymce/1/content/967195/comment?actions=true&html=%3Cp%3Eoheylxfpgujsohr%3C%2Fp%3E&watch=True&uuid=ec80ad62-39f6-4e0a-82ef-a1640d856d03')"
 1                  Action locust_comment_page: "HTTPError('403 Client Error:  for url: http://confl-loadb-185evch80nvew-612815241.us-west-1.elb.amazonaws.com:80/rest/tinymce/1/content/963258/comment?actions=true&html=%3Cp%3Egtglkgywzmtena+%3C%2Fp%3E&watch=True&uuid=55a1a8fc-3465-40f2-9e43-5b26338d0000')"
 1                  Action locust_search_cql: 'HTTPError("403 Client Error:  for url: http://confl-loadb-185evch80nvew-612815241.us-west-1.elb.amazonaws.com:80/rest/api/search?cql=siteSearch~\'dms\'&start=0&limit=20")'
 1                  Action locust_search_cql: 'HTTPError("403 Client Error:  for url: http://confl-loadb-185evch80nvew-612815241.us-west-1.elb.amazonaws.com:80/rest/api/search?cql=siteSearch~\'uux\'&start=0&limit=20")'
 1                  Action locust_comment_page: "HTTPError('403 Client Error:  for url: http://confl-loadb-185evch80nvew-612815241.us-west-1.elb.amazonaws.com:80/rest/tinymce/1/content/1084361/comment?actions=true&html=%3Cp%3Eagskfl+wvlglhxw%3C%2Fp%3E&watch=True&uuid=a381f6fd-7c9f-4aed-b9eb-5d24939c71fa')"
 1                  Action locust_comment_page: "HTTPError('403 Client Error:  for url: http://confl-loadb-185evch80nvew-612815241.us-west-1.elb.amazonaws.com:80/rest/tinymce/1/content/1190052/comment?actions=true&html=%3Cp%3E+veubhhyjlbrtha%3C%2Fp%3E&watch=True&uuid=01b2898e-1f4c-4ba3-9598-2e7c258c650a')"
 1                  Action locust_search_cql: 'HTTPError("403 Client Error:  for url: http://confl-loadb-185evch80nvew-612815241.us-west-1.elb.amazonaws.com:80/rest/api/search?cql=siteSearch~\'ygw\'&start=0&limit=20")'
 1                  Action locust_comment_page: "HTTPError('403 Client Error:  for url: http://confl-loadb-185evch80nvew-612815241.us-west-1.elb.amazonaws.com:80/rest/tinymce/1/content/1191174/comment?actions=true&html=%3Cp%3Exzbnuumombprfxe%3C%2Fp%3E&watch=True&uuid=0dc662ec-39db-4208-bcc1-16b6fcf6f11f')"
 1                  Action locust_like_page: "HTTPError('401 Client Error:  for url: http://confl-loadb-185evch80nvew-612815241.us-west-1.elb.amazonaws.com:80/rest/likes/1.0/content/1102850/likes')"
 1                  Action locust_search_cql: 'HTTPError("403 Client Error:  for url: http://confl-loadb-185evch80nvew-612815241.us-west-1.elb.amazonaws.com:80/rest/api/search?cql=siteSearch~\'woo\'&start=0&limit=20")'
 1                  Action locust_comment_page: "HTTPError('403 Client Error:  for url: http://confl-loadb-185evch80nvew-612815241.us-west-1.elb.amazonaws.com:80/rest/tinymce/1/content/1098766/comment?actions=true&html=%3Cp%3Ebcpstoyebrwqtyv%3C%2Fp%3E&watch=True&uuid=463da448-cbd4-495c-9178-1beeaef690ce')"
 1                  Action locust_search_cql: 'HTTPError("403 Client Error:  for url: http://confl-loadb-185evch80nvew-612815241.us-west-1.elb.amazonaws.com:80/rest/api/search?cql=siteSearch~\'jpc\'&start=0&limit=20")'
 1                  Action locust_search_cql: 'HTTPError("403 Client Error:  for url: http://confl-loadb-185evch80nvew-612815241.us-west-1.elb.amazonaws.com:80/rest/api/search?cql=siteSearch~\'qwn\'&start=0&limit=20")'
 2                  Action locust_search_cql: 'HTTPError("403 Client Error:  for url: http://confl-loadb-185evch80nvew-612815241.us-west-1.elb.amazonaws.com:80/rest/api/search?cql=siteSearch~\'bdw\'&start=0&limit=20")'
 1                  Action locust_search_cql: 'HTTPError("403 Client Error:  for url: http://confl-loadb-185evch80nvew-612815241.us-west-1.elb.amazonaws.com:80/rest/api/search?cql=siteSearch~\'%20kx\'&start=0&limit=20")'
 1                  Action locust_search_cql: 'HTTPError("403 Client Error:  for url: http://confl-loadb-185evch80nvew-612815241.us-west-1.elb.amazonaws.com:80/rest/api/search?cql=siteSearch~\'kiz\'&start=0&limit=20")'
 1                  Action locust_search_cql: 'HTTPError("403 Client Error:  for url: http://confl-loadb-185evch80nvew-612815241.us-west-1.elb.amazonaws.com:80/rest/api/search?cql=siteSearch~\'sek\'&start=0&limit=20")'
 1                  Action locust_comment_page: "HTTPError('403 Client Error:  for url: http://confl-loadb-185evch80nvew-612815241.us-west-1.elb.amazonaws.com:80/rest/tinymce/1/content/1185926/comment?actions=true&html=%3Cp%3Egogfvfyfpq+qidk%3C%2Fp%3E&watch=True&uuid=b51d8dda-92b2-48de-b533-5ca40ab6c060')"
 1                  Action locust_search_cql: 'HTTPError("403 Client Error:  for url: http://confl-loadb-185evch80nvew-612815241.us-west-1.elb.amazonaws.com:80/rest/api/search?cql=siteSearch~\'wco\'&start=0&limit=20")'
 1                  Action locust_search_cql: 'HTTPError("403 Client Error:  for url: http://confl-loadb-185evch80nvew-612815241.us-west-1.elb.amazonaws.com:80/rest/api/search?cql=siteSearch~\'bsw\'&start=0&limit=20")'
 1                  Action locust_comment_page: "HTTPError('403 Client Error:  for url: http://confl-loadb-185evch80nvew-612815241.us-west-1.elb.amazonaws.com:80/rest/tinymce/1/content/953820/comment?actions=true&html=%3Cp%3Eediaqsmceupfiev%3C%2Fp%3E&watch=True&uuid=b38dd475-2b07-4275-92dc-47a7f84f3b0f')"
 1                  Action locust_search_cql: 'HTTPError("403 Client Error:  for url: http://confl-loadb-185evch80nvew-612815241.us-west-1.elb.amazonaws.com:80/rest/api/search?cql=siteSearch~\'lmy\'&start=0&limit=20")'
 1                  Action locust_search_cql: 'HTTPError("403 Client Error:  for url: http://confl-loadb-185evch80nvew-612815241.us-west-1.elb.amazonaws.com:80/rest/api/search?cql=siteSearch~\'ijk\'&start=0&limit=20")'
 1                  Action locust_search_cql: 'HTTPError("403 Client Error:  for url: http://confl-loadb-185evch80nvew-612815241.us-west-1.elb.amazonaws.com:80/rest/api/search?cql=siteSearch~\'qtn\'&start=0&limit=20")'
 1                  Action locust_search_cql: 'HTTPError("403 Client Error:  for url: http://confl-loadb-185evch80nvew-612815241.us-west-1.elb.amazonaws.com:80/rest/api/search?cql=siteSearch~\'gmj\'&start=0&limit=20")'
 1                  Action locust_comment_page: "HTTPError('403 Client Error:  for url: http://confl-loadb-185evch80nvew-612815241.us-west-1.elb.amazonaws.com:80/rest/tinymce/1/content/1098376/comment?actions=true&html=%3Cp%3Ebfgaxfcvooxigjw%3C%2Fp%3E&watch=True&uuid=9e92bbc2-b981-48d6-80db-7a2e4a25376a')"
 1                  Action locust_search_cql: 'HTTPError("403 Client Error:  for url: http://confl-loadb-185evch80nvew-612815241.us-west-1.elb.amazonaws.com:80/rest/api/search?cql=siteSearch~\'cog\'&start=0&limit=20")'
 1                  Action locust_comment_page: "HTTPError('403 Client Error:  for url: http://confl-loadb-185evch80nvew-612815241.us-west-1.elb.amazonaws.com:80/rest/tinymce/1/content/1179834/comment?actions=true&html=%3Cp%3Eem+vuugzow+fdbs%3C%2Fp%3E&watch=True&uuid=9ffa714e-1ea4-4fc1-9649-1eff99452cbf')"
 1                  Action locust_comment_page: "HTTPError('403 Client Error:  for url: http://confl-loadb-185evch80nvew-612815241.us-west-1.elb.amazonaws.com:80/rest/tinymce/1/content/1201523/comment?actions=true&html=%3Cp%3Eposvxhzrkqzhm++%3C%2Fp%3E&watch=True&uuid=2596b4b6-887b-4b39-8c60-4747d875309e')"
 1                  Action locust_comment_page: "HTTPError('403 Client Error:  for url: http://confl-loadb-185evch80nvew-612815241.us-west-1.elb.amazonaws.com:80/rest/tinymce/1/content/1197741/comment?actions=true&html=%3Cp%3Eczory+ztnispvkp%3C%2Fp%3E&watch=True&uuid=d0b60ecd-8f5d-4b87-96aa-db66bd3285f4')"
 1                  Action locust_search_cql: 'HTTPError("403 Client Error:  for url: http://confl-loadb-185evch80nvew-612815241.us-west-1.elb.amazonaws.com:80/rest/api/search?cql=siteSearch~\'eqi\'&start=0&limit=20")'
 1                  Action locust_comment_page: "HTTPError('403 Client Error:  for url: http://confl-loadb-185evch80nvew-612815241.us-west-1.elb.amazonaws.com:80/rest/tinymce/1/content/1191128/comment?actions=true&html=%3Cp%3Ezrgtpokdrhuaygi%3C%2Fp%3E&watch=True&uuid=13349078-86aa-441e-9056-41604e356b5d')"
 1                  Action locust_comment_page: "HTTPError('403 Client Error:  for url: http://confl-loadb-185evch80nvew-612815241.us-west-1.elb.amazonaws.com:80/rest/tinymce/1/content/381438/comment?actions=true&html=%3Cp%3Evnyhstppzjz++pv%3C%2Fp%3E&watch=True&uuid=f9059303-2c9e-40cd-adaa-41d0e9ebe546')"
 1                  Action locust_comment_page: "HTTPError('403 Client Error:  for url: http://confl-loadb-185evch80nvew-612815241.us-west-1.elb.amazonaws.com:80/rest/tinymce/1/content/1185371/comment?actions=true&html=%3Cp%3Efvbkfymskjzqqfq%3C%2Fp%3E&watch=True&uuid=0e5b09f1-1aec-4f92-8899-e14997439591')"
 1                  Action locust_search_cql: 'HTTPError("403 Client Error:  for url: http://confl-loadb-185evch80nvew-612815241.us-west-1.elb.amazonaws.com:80/rest/api/search?cql=siteSearch~\'gwn\'&start=0&limit=20")'
 1                  Action locust_like_page: "HTTPError('401 Client Error:  for url: http://confl-loadb-185evch80nvew-612815241.us-west-1.elb.amazonaws.com:80/rest/likes/1.0/content/1093314/likes')"
 1                  Action locust_search_cql: 'HTTPError("403 Client Error:  for url: http://confl-loadb-185evch80nvew-612815241.us-west-1.elb.amazonaws.com:80/rest/api/search?cql=siteSearch~\'ilm\'&start=0&limit=20")'
 1                  Action locust_search_cql: 'HTTPError("403 Client Error:  for url: http://confl-loadb-185evch80nvew-612815241.us-west-1.elb.amazonaws.com:80/rest/api/search?cql=siteSearch~\'upr\'&start=0&limit=20")'
 1                  Action locust_search_cql: 'HTTPError("403 Client Error:  for url: http://confl-loadb-185evch80nvew-612815241.us-west-1.elb.amazonaws.com:80/rest/api/search?cql=siteSearch~\'voi\'&start=0&limit=20")'
 1                  Action locust_like_page: "HTTPError('401 Client Error:  for url: http://confl-loadb-185evch80nvew-612815241.us-west-1.elb.amazonaws.com:80/rest/likes/1.0/content/1113635/likes')"
 1                  Action locust_search_cql: 'HTTPError("403 Client Error:  for url: http://confl-loadb-185evch80nvew-612815241.us-west-1.elb.amazonaws.com:80/rest/api/search?cql=siteSearch~\'xpv\'&start=0&limit=20")'
 1                  Action locust_like_page: "HTTPError('401 Client Error:  for url: http://confl-loadb-185evch80nvew-612815241.us-west-1.elb.amazonaws.com:80/rest/likes/1.0/content/1186035/likes')"
 1                  Action locust_search_cql: 'HTTPError("403 Client Error:  for url: http://confl-loadb-185evch80nvew-612815241.us-west-1.elb.amazonaws.com:80/rest/api/search?cql=siteSearch~\'ul%20\'&start=0&limit=20")'
 1                  Action locust_comment_page: "HTTPError('403 Client Error:  for url: http://confl-loadb-185evch80nvew-612815241.us-west-1.elb.amazonaws.com:80/rest/tinymce/1/content/1195021/comment?actions=true&html=%3Cp%3Ebwawfmasrwzyefu%3C%2Fp%3E&watch=True&uuid=ff83aaf1-3f1e-4a38-b50d-a1838392a0c5')"
 1                  Action locust_comment_page: "HTTPError('403 Client Error:  for url: http://confl-loadb-185evch80nvew-612815241.us-west-1.elb.amazonaws.com:80/rest/tinymce/1/content/1313524/comment?actions=true&html=%3Cp%3Eqgdrqfhajyubueg%3C%2Fp%3E&watch=True&uuid=d019bf39-fd8f-4ce2-8964-b4646e75e129')"
 1                  Action locust_comment_page: "HTTPError('403 Client Error:  for url: http://confl-loadb-185evch80nvew-612815241.us-west-1.elb.amazonaws.com:80/rest/tinymce/1/content/977936/comment?actions=true&html=%3Cp%3Ehojg+owsziyquag%3C%2Fp%3E&watch=True&uuid=3e1369e8-91d6-4322-b9fc-83c3072757b4')"
 1                  Action locust_search_cql: 'HTTPError("403 Client Error:  for url: http://confl-loadb-185evch80nvew-612815241.us-west-1.elb.amazonaws.com:80/rest/api/search?cql=siteSearch~\'m%20%20\'&start=0&limit=20")'
 1                  Action locust_search_cql: 'HTTPError("403 Client Error:  for url: http://confl-loadb-185evch80nvew-612815241.us-west-1.elb.amazonaws.com:80/rest/api/search?cql=siteSearch~\'zkq\'&start=0&limit=20")'
--------------------------------------------------------------------------------------------------------------------------------------------

