[2021-03-12 08:46:45,694 INFO root] Taurus CLI Tool v1.15.1
[2021-03-12 08:46:45,694 DEBUG root] Build: 13973 Fri Oct 30 09:16:46 UTC 2020
[2021-03-12 08:46:45,694 DEBUG root] Extended git info:  3fecb4b9 Release 1.15.1 (#1420)
[2021-03-12 08:46:45,694 DEBUG root] Command-line options: {'log': '/tmp/bzt_9r1hellj.log', 'option': ['modules.console.disable=true'], 'quiet': None, 'verbose': None, 'no_system_configs': None, 'aliases': []}
[2021-03-12 08:46:45,695 DEBUG root] Python: CPython 3.8.0
[2021-03-12 08:46:45,695 DEBUG root] OS: uname_result(system='Linux', node='6ca5607a59c4', release='5.4.0-1037-aws', version='#39~18.04.1-Ubuntu SMP Fri Jan 15 02:48:42 UTC 2021', machine='x86_64', processor='x86_64')
[2021-03-12 08:46:45,695 INFO root] Starting with configs: ['confluence.yml']
[2021-03-12 08:46:45,695 DEBUG root] Using personal config: /root/.bzt-rc
[2021-03-12 08:46:45,695 INFO Engine] Configuring...
[2021-03-12 08:46:45,695 DEBUG Engine] Reading system configs from: /etc/bzt.d
[2021-03-12 08:46:45,703 DEBUG Engine] Base configs list: ['/usr/local/lib/python3.8/dist-packages/bzt/resources/10-base-config.yml', '/etc/bzt.d/50-pbench-enhanced.json', '/etc/bzt.d/90-artifacts-dir.json', '/etc/bzt.d/99-zinstallID.json']
[2021-03-12 08:46:45,703 DEBUG Engine.Configuration] Configs: ['/usr/local/lib/python3.8/dist-packages/bzt/resources/10-base-config.yml', '/etc/bzt.d/50-pbench-enhanced.json', '/etc/bzt.d/90-artifacts-dir.json', '/etc/bzt.d/99-zinstallID.json']
[2021-03-12 08:46:45,703 DEBUG Engine.Configuration] Reading /usr/local/lib/python3.8/dist-packages/bzt/resources/10-base-config.yml as YAML
[2021-03-12 08:46:45,717 DEBUG Engine.Configuration] Reading /etc/bzt.d/50-pbench-enhanced.json as YAML
[2021-03-12 08:46:45,718 DEBUG Engine.Configuration] Reading /etc/bzt.d/90-artifacts-dir.json as YAML
[2021-03-12 08:46:45,718 DEBUG Engine.Configuration] Reading /etc/bzt.d/99-zinstallID.json as YAML
[2021-03-12 08:46:45,718 DEBUG Engine] User configs list: ['/root/.bzt-rc', 'confluence.yml']
[2021-03-12 08:46:45,718 DEBUG Engine.Configuration] Configs: ['/root/.bzt-rc', 'confluence.yml']
[2021-03-12 08:46:45,718 DEBUG Engine.Configuration] Reading /root/.bzt-rc as YAML
[2021-03-12 08:46:45,721 DEBUG Engine.Configuration] Reading confluence.yml as YAML
[2021-03-12 08:46:45,730 DEBUG Engine.Configuration] Configs: ['/root/.bzt-rc', 'confluence.yml']
[2021-03-12 08:46:45,730 DEBUG Engine.Configuration] Reading /root/.bzt-rc as YAML
[2021-03-12 08:46:45,732 DEBUG Engine.Configuration] Reading confluence.yml as YAML
[2021-03-12 08:46:45,746 DEBUG Engine] Requesting updates info: https://gettaurus.org/updates/?version=1.15.1&installID=Docker
[2021-03-12 08:46:45,746 DEBUG ConfigOverrider] Applying modules.console.disable=true
[2021-03-12 08:46:45,746 DEBUG HTTPClient] Making HTTP request GET https://gettaurus.org/updates/?version=1.15.1&installID=Docker
[2021-03-12 08:46:45,746 DEBUG ConfigOverrider] Applying: [disable]=true
[2021-03-12 08:46:45,746 DEBUG ConfigOverrider] Parsed override value: 'true' -> True (<class 'bool'>)
[2021-03-12 08:46:45,747 INFO Engine] Artifacts dir: /dc-app-performance-toolkit/app/results/confluence/2021-03-12_08-46-45
[2021-03-12 08:46:45,747 DEBUG Engine] New artifact filename: /dc-app-performance-toolkit/app/results/confluence/2021-03-12_08-46-45/effective
[2021-03-12 08:46:45,749 DEBUG urllib3.connectionpool] Starting new HTTPS connection (1): gettaurus.org:443
[2021-03-12 08:46:45,749 DEBUG Engine.Configuration] Dumping YAML config into /dc-app-performance-toolkit/app/results/confluence/2021-03-12_08-46-45/effective.yml
[2021-03-12 08:46:45,763 DEBUG Engine.Configuration] Dumping JSON config into /dc-app-performance-toolkit/app/results/confluence/2021-03-12_08-46-45/effective.json
[2021-03-12 08:46:45,763 DEBUG Engine] New artifact filename: /dc-app-performance-toolkit/app/results/confluence/2021-03-12_08-46-45/merged.yml
[2021-03-12 08:46:45,764 DEBUG Engine.Configuration] Dumping YAML config into /dc-app-performance-toolkit/app/results/confluence/2021-03-12_08-46-45/merged.yml
[2021-03-12 08:46:45,769 DEBUG Engine] New artifact filename: /dc-app-performance-toolkit/app/results/confluence/2021-03-12_08-46-45/merged.json
[2021-03-12 08:46:45,769 DEBUG Engine.Configuration] Dumping JSON config into /dc-app-performance-toolkit/app/results/confluence/2021-03-12_08-46-45/merged.json
[2021-03-12 08:46:45,769 DEBUG Engine] Add existing artifact (move=False): confluence.yml
[2021-03-12 08:46:45,769 DEBUG Engine] Copying confluence.yml to /dc-app-performance-toolkit/app/results/confluence/2021-03-12_08-46-45/confluence.yml
[2021-03-12 08:46:45,769 DEBUG Engine] Set PYTHONPATH to '/root/.bzt/python-packages/3.8.0' + '/dc-app-performance-toolkit/app/results/confluence/2021-03-12_08-46-45/python-packages/3.8.0' + 
[2021-03-12 08:46:45,769 DEBUG Engine] Content of user packages dir: %s
[2021-03-12 08:46:45,770 DEBUG Engine] OS env: OBJC_DISABLE_INITIALIZE_FORK_SAFETY=YES
[2021-03-12 08:46:45,770 DEBUG Engine] OS env: application_hostname=confl-loadb-n2u031dw0abo-199959073.us-east-1.elb.amazonaws.com
[2021-03-12 08:46:45,770 DEBUG Engine] OS env: application_protocol=http
[2021-03-12 08:46:45,770 DEBUG Engine] OS env: application_port=80
[2021-03-12 08:46:45,770 DEBUG Engine] OS env: secure=True
[2021-03-12 08:46:45,770 DEBUG Engine] OS env: admin_login=admin
[2021-03-12 08:46:45,770 DEBUG Engine] OS env: admin_password=admin
[2021-03-12 08:46:45,770 DEBUG Engine] OS env: load_executor=locust
[2021-03-12 08:46:45,770 DEBUG Engine] OS env: concurrency=200
[2021-03-12 08:46:45,770 DEBUG Engine] OS env: test_duration=45m
[2021-03-12 08:46:45,770 DEBUG Engine] OS env: ramp-up=5m
[2021-03-12 08:46:45,770 DEBUG Engine] OS env: total_actions_per_hour=20000
[2021-03-12 08:46:45,770 DEBUG Engine] OS env: WEBDRIVER_VISIBLE=False
[2021-03-12 08:46:45,770 DEBUG Engine] OS env: JMETER_VERSION=5.2.1
[2021-03-12 08:46:45,770 DEBUG Engine] OS env: LANGUAGE=en_US.utf8
[2021-03-12 08:46:45,770 DEBUG Engine] OS env: allow_analytics=True
[2021-03-12 08:46:45,770 DEBUG Engine] OS env: view_page=54
[2021-03-12 08:46:45,770 DEBUG Engine] OS env: view_dashboard=6
[2021-03-12 08:46:45,770 DEBUG Engine] OS env: view_blog=8
[2021-03-12 08:46:45,770 DEBUG Engine] OS env: search_cql=7
[2021-03-12 08:46:45,770 DEBUG Engine] OS env: create_blog=3
[2021-03-12 08:46:45,770 DEBUG Engine] OS env: create_and_edit_page=6
[2021-03-12 08:46:45,770 DEBUG Engine] OS env: comment_page=5
[2021-03-12 08:46:45,770 DEBUG Engine] OS env: view_attachment=3
[2021-03-12 08:46:45,770 DEBUG Engine] OS env: upload_attachment=5
[2021-03-12 08:46:45,771 DEBUG Engine] OS env: like_page=3
[2021-03-12 08:46:45,771 DEBUG Engine] OS env: standalone_extension=0
[2021-03-12 08:46:45,771 DEBUG Engine] OS env: custom_dataset_query=title ~ 'github*'
[2021-03-12 08:46:45,771 DEBUG Engine] OS env: TAURUS_ARTIFACTS_DIR=/dc-app-performance-toolkit/app/results/confluence/2021-03-12_08-46-45
[2021-03-12 08:46:45,771 DEBUG root] Closing log handler: /tmp/bzt_9r1hellj.log
[2021-03-12 08:46:45,771 DEBUG root] Switched writing logs to /dc-app-performance-toolkit/app/results/confluence/2021-03-12_08-46-45/bzt.log
[2021-03-12 08:46:45,771 DEBUG root] Linting config
[2021-03-12 08:46:45,773 INFO Engine] Preparing...
[2021-03-12 08:46:45,773 DEBUG Engine] Module config: consolidator {'class': 'bzt.modules.aggregator.ConsolidatingAggregator', 'rtimes-len': 0, 'percentiles': []}
[2021-03-12 08:46:45,773 DEBUG root] Importing module: bzt.modules.aggregator
[2021-03-12 08:46:45,865 DEBUG root] Loading class: 'ConsolidatingAggregator' from <module 'bzt.modules.aggregator' from '/usr/local/lib/python3.8/dist-packages/bzt/modules/aggregator.py'>
[2021-03-12 08:46:45,865 DEBUG Engine.consolidator] Buffer scaling setup: percentile None from [] selected
[2021-03-12 08:46:45,866 DEBUG Engine] Module config: monitoring {'class': 'bzt.modules.monitoring.Monitoring'}
[2021-03-12 08:46:45,866 DEBUG root] Importing module: bzt.modules.monitoring
[2021-03-12 08:46:45,867 DEBUG root] Loading class: 'Monitoring' from <module 'bzt.modules.monitoring' from '/usr/local/lib/python3.8/dist-packages/bzt/modules/monitoring.py'>
[2021-03-12 08:46:45,867 DEBUG Engine] Module config: shellexec {'class': 'bzt.modules.shellexec.ShellExecutor'}
[2021-03-12 08:46:45,867 DEBUG root] Importing module: bzt.modules.shellexec
[2021-03-12 08:46:45,873 DEBUG easyprocess] version=0.3
[2021-03-12 08:46:45,874 DEBUG pyvirtualdisplay] version=2.0
[2021-03-12 08:46:45,881 DEBUG root] Loading class: 'ShellExecutor' from <module 'bzt.modules.shellexec' from '/usr/local/lib/python3.8/dist-packages/bzt/modules/shellexec.py'>
[2021-03-12 08:46:45,881 DEBUG Engine.shellexec] Added prepare task: {'command': 'python util/pre_run/environment_checker.py'}
[2021-03-12 08:46:45,881 DEBUG Engine.shellexec] Added prepare task: {'command': 'python util/data_preparation/confluence_prepare_data.py'}
[2021-03-12 08:46:45,881 DEBUG Engine.shellexec] Added shutdown task: {'command': 'python util/post_run/jmeter_post_check.py'}
[2021-03-12 08:46:45,881 DEBUG Engine.shellexec] Added shutdown task: {'command': 'python util/jtl_convertor/jtls-to-csv.py kpi.jtl selenium.jtl'}
[2021-03-12 08:46:45,881 DEBUG Engine.shellexec] Added post-process task: {'command': 'python util/analytics/analytics.py confluence'}
[2021-03-12 08:46:45,881 DEBUG Engine.shellexec] Added post-process task: {'command': 'python util/post_run/cleanup_results_dir.py'}
[2021-03-12 08:46:45,881 INFO Engine.shellexec.Task] Starting shell command: python util/pre_run/environment_checker.py
[2021-03-12 08:46:45,881 DEBUG root] Executing shell: python util/pre_run/environment_checker.py at /dc-app-performance-toolkit/app
[2021-03-12 08:46:45,960 DEBUG Engine.shellexec.Task] Output for python util/pre_run/environment_checker.py:
Python version: 3.8.0
Data Center App Performance Toolkit version: 4.0.0

[2021-03-12 08:46:45,960 DEBUG Engine.shellexec.Task] Task was finished with exit code 0: python util/pre_run/environment_checker.py
[2021-03-12 08:46:45,960 INFO Engine.shellexec.Task] Starting shell command: python util/data_preparation/confluence_prepare_data.py
[2021-03-12 08:46:45,960 DEBUG root] Executing shell: python util/data_preparation/confluence_prepare_data.py at /dc-app-performance-toolkit/app
[2021-03-12 08:46:46,382 DEBUG urllib3.connectionpool] https://gettaurus.org:443 "GET /updates/?version=1.15.1&installID=Docker HTTP/1.1" 200 39
[2021-03-12 08:46:46,383 DEBUG Engine] Taurus updates info: {'latest': '1.15.2', 'needsUpgrade': True}
[2021-03-12 08:46:46,383 WARNING Engine] There is newer version of Taurus 1.15.2 available, consider upgrading. What's new: http://gettaurus.org/docs/Changelog/
[2021-03-12 08:47:24,796 DEBUG Engine.shellexec.Task] Output for python util/data_preparation/confluence_prepare_data.py:
Started preparing data
Server url:  http://confl-loadb-n2u031dw0abo-199959073.us-east-1.elb.amazonaws.com:80
User performance_ehdwqumptc is created, number of users to create is 200
User performance_kbjiacdsjq is created, number of users to create is 199
User performance_ypvzdfxlpi is created, number of users to create is 198
User performance_sbfpzeiihh is created, number of users to create is 197
User performance_onhwhpgrry is created, number of users to create is 196
User performance_ubaszzrxhm is created, number of users to create is 195
User performance_thogswvtsp is created, number of users to create is 194
User performance_njmhozpgyw is created, number of users to create is 193
User performance_eolirxfvdg is created, number of users to create is 192
User performance_grsdhxaynh is created, number of users to create is 191
User performance_oupxhftsjr is created, number of users to create is 190
User performance_dgokdnnmpd is created, number of users to create is 189
User performance_tyeqaaawgn is created, number of users to create is 188
User performance_tbwfcgijgi is created, number of users to create is 187
User performance_ijmhxhcdov is created, number of users to create is 186
User performance_iedwpwplqz is created, number of users to create is 185
User performance_jtbpzukfag is created, number of users to create is 184
User performance_fpwzjyxyna is created, number of users to create is 183
User performance_ihzyqohlax is created, number of users to create is 182
User performance_gqrmofvjam is created, number of users to create is 181
User performance_ibxwynmzir is created, number of users to create is 180
User performance_shbtvhxxbg is created, number of users to create is 179
User performance_swoxhheybt is created, number of users to create is 178
User performance_uxegowcrzt is created, number of users to create is 177
User performance_vyzxuxkmfz is created, number of users to create is 176
User performance_izuuicphcz is created, number of users to create is 175
User performance_xkhkhpfkxn is created, number of users to create is 174
User performance_rmhaefgibs is created, number of users to create is 173
User performance_pfzdrltrti is created, number of users to create is 172
User performance_oncvyagurh is created, number of users to create is 171
User performance_ttuisswtfk is created, number of users to create is 170
User performance_omsganorrg is created, number of users to create is 169
User performance_agpslylvft is created, number of users to create is 168
User performance_jardetfidt is created, number of users to create is 167
User performance_hdbkngmyau is created, number of users to create is 166
User performance_qxkancrvfc is created, number of users to create is 165
User performance_sstujqnhnz is created, number of users to create is 164
User performance_lkgevysdzz is created, number of users to create is 163
User performance_yfjvumhpvc is created, number of users to create is 162
User performance_lbkcpsdxod is created, number of users to create is 161
User performance_vprfwoxori is created, number of users to create is 160
User performance_gykhqinkcd is created, number of users to create is 159
User performance_sitccvcyhb is created, number of users to create is 158
User performance_wknsushvau is created, number of users to create is 157
User performance_tltxxttpdv is created, number of users to create is 156
User performance_oteslxqwdw is created, number of users to create is 155
User performance_pfdbnnfqst is created, number of users to create is 154
User performance_crelsfndgx is created, number of users to create is 153
User performance_acmawfapfe is created, number of users to create is 152
User performance_jpywrqowvu is created, number of users to create is 151
User performance_jcqpswxwlh is created, number of users to create is 150
User performance_cuwttrlski is created, number of users to create is 149
User performance_zfvednsubz is created, number of users to create is 148
User performance_spzdnruuop is created, number of users to create is 147
User performance_ytjcbzzzvm is created, number of users to create is 146
User performance_zkddxolacs is created, number of users to create is 145
User performance_ersseqkjjp is created, number of users to create is 144
User performance_hoaeyvdidg is created, number of users to create is 143
User performance_fcjrhznujy is created, number of users to create is 142
User performance_gaywvooose is created, number of users to create is 141
User performance_mtlizarxdq is created, number of users to create is 140
User performance_vdmkflledd is created, number of users to create is 139
User performance_pfbcvecmtk is created, number of users to create is 138
User performance_ojoqimffaa is created, number of users to create is 137
User performance_hftzfrgwmn is created, number of users to create is 136
User performance_rotmsgqfmh is created, number of users to create is 135
User performance_tdvoocgeod is created, number of users to create is 134
User performance_wnipizafbv is created, number of users to create is 133
User performance_cpjfcmqvzv is created, number of users to create is 132
User performance_rbcxspokzv is created, number of users to create is 131
User performance_nyignubrck is created, number of users to create is 130
User performance_umlzjlmmva is created, number of users to create is 129
User performance_odxobmavid is created, number of users to create is 128
User performance_juadhpircl is created, number of users to create is 127
User performance_arutgetxzi is created, number of users to create is 126
User performance_sjrldzgrea is created, number of users to create is 125
User performance_xunexrjteg is created, number of users to create is 124
User performance_xaogostozp is created, number of users to create is 123
User performance_hmnqiijpxg is created, number of users to create is 122
User performance_jkuntzeliw is created, number of users to create is 121
User performance_kbogzyfkcn is created, number of users to create is 120
User performance_zjnnleuduk is created, number of users to create is 119
User performance_rpoluyhkwv is created, number of users to create is 118
User performance_lmiqlxqiiw is created, number of users to create is 117
User performance_ypwpyfppnj is created, number of users to create is 116
User performance_jlhrltnhlp is created, number of users to create is 115
User performance_dogbzevggc is created, number of users to create is 114
User performance_annrwfyhwa is created, number of users to create is 113
User performance_oagfldaspr is created, number of users to create is 112
User performance_liwynnhfgp is created, number of users to create is 111
User performance_pxlwrplwjw is created, number of users to create is 110
User performance_kzbqbcmtqm is created, number of users to create is 109
User performance_eqfjynsgfs is created, number of users to create is 108
User performance_dervyeyzot is created, number of users to create is 107
User performance_owzwzwcfuh is created, number of users to create is 106
User performance_arwbpdwqdo is created, number of users to create is 105
User performance_iivkqksawr is created, number of users to create is 104
User performance_wlxjirinxw is created, number of users to create is 103
User performance_lhpqunpsyt is created, number of users to create is 102
User performance_hvyoalogql is created, number of users to create is 101
User performance_cunagprqnp is created, number of users to create is 100
User performance_aezmjaerei is created, number of users to create is 99
User performance_vdvvatvgau is created, number of users to create is 98
User performance_qkjcjppuer is created, number of users to create is 97
User performance_kkgfakkzgb is created, number of users to create is 96
User performance_cgillikuzy is created, number of users to create is 95
User performance_dihpmgbjyw is created, number of users to create is 94
User performance_emanvzauxi is created, number of users to create is 93
User performance_cpdgejaiie is created, number of users to create is 92
User performance_llygvkqguu is created, number of users to create is 91
User performance_ichvgkdstp is created, number of users to create is 90
User performance_akoxidldgc is created, number of users to create is 89
User performance_lapjqyojvc is created, number of users to create is 88
User performance_zmevehroip is created, number of users to create is 87
User performance_syvckfbjtr is created, number of users to create is 86
User performance_ndfbtjhvat is created, number of users to create is 85
User performance_gfyzcdzxfq is created, number of users to create is 84
User performance_zivyehockt is created, number of users to create is 83
User performance_hcmvyecgln is created, number of users to create is 82
User performance_dlxnjpcghl is created, number of users to create is 81
User performance_cgdvhrvbxh is created, number of users to create is 80
User performance_vnmbeoguek is created, number of users to create is 79
User performance_bdafrhpavy is created, number of users to create is 78
User performance_tebnuefcmb is created, number of users to create is 77
User performance_tcdanlelgy is created, number of users to create is 76
User performance_smdmfzgskj is created, number of users to create is 75
User performance_gijxmhjqed is created, number of users to create is 74
User performance_yxmsdpnwll is created, number of users to create is 73
User performance_mgkyrdpuyk is created, number of users to create is 72
User performance_xqbexkmfzm is created, number of users to create is 71
User performance_pikqxatlgo is created, number of users to create is 70
User performance_xzlhrjtbwf is created, number of users to create is 69
User performance_srcvqgijlq is created, number of users to create is 68
User performance_mssynvynbx is created, number of users to create is 67
User performance_icuyjakrfr is created, number of users to create is 66
User performance_dtgkkvzoga is created, number of users to create is 65
User performance_nllhugcbjm is created, number of users to create is 64
User performance_dcewfrevit is created, number of users to create is 63
User performance_xwnacdlumg is created, number of users to create is 62
User performance_pjxamswfii is created, number of users to create is 61
User performance_nnvabtyafd is created, number of users to create is 60
User performance_awmngqvsdt is created, number of users to create is 59
User performance_gatjppviun is created, number of users to create is 58
User performance_wppuoshhlj is created, number of users to create is 57
User performance_pvsruuivqy is created, number of users to create is 56
User performance_vctzlphekm is created, number of users to create is 55
User performance_hlsqzomkxp is created, number of users to create is 54
User performance_hghfgxqadp is created, number of users to create is 53
User performance_louvwruazf is created, number of users to create is 52
User performance_smmvdjhnbr is created, number of users to create is 51
User performance_yqxmkiocky is created, number of users to create is 50
User performance_xkfnsavral is created, number of users to create is 49
User performance_gskuozlzpk is created, number of users to create is 48
User performance_lbqivoarpu is created, number of users to create is 47
User performance_hwexgypamk is created, number of users to create is 46
User performance_dhwcciwhux is created, number of users to create is 45
User performance_hvezksvhnh is created, number of users to create is 44
User performance_jgpxugnrmd is created, number of users to create is 43
User performance_pptujgnzgi is created, number of users to create is 42
User performance_cqencckbvv is created, number of users to create is 41
User performance_nfddgpzbpl is created, number of users to create is 40
User performance_eqphyiuxij is created, number of users to create is 39
User performance_ubzeklcqej is created, number of users to create is 38
User performance_wwbxydtieq is created, number of users to create is 37
User performance_vkyiqipjcd is created, number of users to create is 36
User performance_ajpbhksgud is created, number of users to create is 35
User performance_hwngydfllb is created, number of users to create is 34
User performance_smzfxbmgxu is created, number of users to create is 33
User performance_aimvhsozfr is created, number of users to create is 32
User performance_qsnwvrttyz is created, number of users to create is 31
User performance_ykbkemnigr is created, number of users to create is 30
User performance_rmpbisexds is created, number of users to create is 29
User performance_afzdwengdx is created, number of users to create is 28
User performance_mikiirxvzi is created, number of users to create is 27
User performance_kiupmciztn is created, number of users to create is 26
User performance_ucxljiueen is created, number of users to create is 25
User performance_sgtptfmvle is created, number of users to create is 24
User performance_pawybdtjfv is created, number of users to create is 23
User performance_pzdorqlqsi is created, number of users to create is 22
User performance_zprnmkypna is created, number of users to create is 21
User performance_yzuivlwwha is created, number of users to create is 20
User performance_cqtmpbdhuy is created, number of users to create is 19
User performance_yupmgrndvh is created, number of users to create is 18
User performance_gxjafqqbwy is created, number of users to create is 17
User performance_pguvogokhb is created, number of users to create is 16
User performance_hkyxvflqvu is created, number of users to create is 15
User performance_ssbhwvergd is created, number of users to create is 14
User performance_nmyrgwpzsp is created, number of users to create is 13
User performance_qlomrsmepl is created, number of users to create is 12
User performance_iylpdljqda is created, number of users to create is 11
User performance_yaqyaajnxz is created, number of users to create is 10
User performance_ocxlkqwtac is created, number of users to create is 9
User performance_ueqkkuebbh is created, number of users to create is 8
User performance_zsagkjgquy is created, number of users to create is 7
User performance_tbvukaulvq is created, number of users to create is 6
User performance_okxqjgknxb is created, number of users to create is 5
User performance_obgutwcrir is created, number of users to create is 4
User performance_dgqtgdbgfr is created, number of users to create is 3
User performance_srnayhkpli is created, number of users to create is 2
User performance_ifiiybdtke is created, number of users to create is 1
All performance test users were successfully created

[2021-03-12 08:47:24,796 WARNING Engine.shellexec.Task] Errors for python util/data_preparation/confluence_prepare_data.py:
There are no Pages in Confluence accessible by a random performance user: performance_lkgevysdzz

[2021-03-12 08:47:24,796 DEBUG Engine.shellexec.Task] Task was finished with exit code 1: python util/data_preparation/confluence_prepare_data.py
[2021-03-12 08:47:24,797 ERROR root] CalledProcessError: Command 'python util/data_preparation/confluence_prepare_data.py' returned non-zero exit status 1.
  File "/usr/local/lib/python3.8/dist-packages/bzt/cli.py", line 261, in perform
    self.engine.prepare()
  File "/usr/local/lib/python3.8/dist-packages/bzt/engine/engine.py", line 215, in prepare
    self.__prepare_services()
  File "/usr/local/lib/python3.8/dist-packages/bzt/engine/engine.py", line 668, in __prepare_services
    module.prepare()
  File "/usr/local/lib/python3.8/dist-packages/bzt/modules/shellexec.py", line 130, in prepare
    task.start()
  File "/usr/local/lib/python3.8/dist-packages/bzt/modules/shellexec.py", line 217, in start
    self._get_results()
  File "/usr/local/lib/python3.8/dist-packages/bzt/modules/shellexec.py", line 244, in _get_results
    raise CalledProcessError(self.process.returncode, self)
[2021-03-12 08:47:24,797 INFO Engine] Post-processing...
[2021-03-12 08:47:24,797 DEBUG Engine.consolidator] Consolidator buffer[0]: dict_keys([])
[2021-03-12 08:47:24,797 INFO Engine.shellexec.Task] Starting shell command: python util/analytics/analytics.py confluence
[2021-03-12 08:47:24,797 DEBUG root] Executing shell: python util/analytics/analytics.py confluence at /dc-app-performance-toolkit/app
[2021-03-12 08:47:24,961 WARNING Engine.shellexec.Task] Errors for python util/analytics/analytics.py confluence:
Traceback (most recent call last):
  File "util/analytics/analytics.py", line 162, in <module>
    main()
  File "util/analytics/analytics.py", line 155, in main
    collector = AnalyticsCollector(application)
  File "util/analytics/analytics.py", line 35, in __init__
    self.results_log = ResultsFileReader()
  File "/dc-app-performance-toolkit/app/util/analytics/log_reader.py", line 125, in __init__
    self.results_log = self.get_results_log()
  File "/dc-app-performance-toolkit/app/util/analytics/log_reader.py", line 129, in get_results_log
    self.validate_file_exists(results_log_path)
  File "/dc-app-performance-toolkit/app/util/analytics/log_reader.py", line 16, in validate_file_exists
    raise Exception(f'{path} does not exist')
Exception: /dc-app-performance-toolkit/app/results/confluence/2021-03-12_08-46-45/results.csv does not exist

[2021-03-12 08:47:24,961 DEBUG Engine.shellexec.Task] Task was finished with exit code 1: python util/analytics/analytics.py confluence
[2021-03-12 08:47:24,962 DEBUG Engine] post_process: Command 'python util/analytics/analytics.py confluence' returned non-zero exit status 1.
Traceback (most recent call last):
  File "/usr/local/lib/python3.8/dist-packages/bzt/engine/engine.py", line 340, in post_process
    module.post_process()
  File "/usr/local/lib/python3.8/dist-packages/bzt/modules/shellexec.py", line 159, in post_process
    task.start()
  File "/usr/local/lib/python3.8/dist-packages/bzt/modules/shellexec.py", line 217, in start
    self._get_results()
  File "/usr/local/lib/python3.8/dist-packages/bzt/modules/shellexec.py", line 244, in _get_results
    raise CalledProcessError(self.process.returncode, self)
subprocess.CalledProcessError: Command 'python util/analytics/analytics.py confluence' returned non-zero exit status 1.

[2021-03-12 08:47:24,963 DEBUG Engine.Configuration] Dumping YAML config into /dc-app-performance-toolkit/app/results/confluence/2021-03-12_08-46-45/effective.yml
[2021-03-12 08:47:24,978 DEBUG Engine.Configuration] Dumping JSON config into /dc-app-performance-toolkit/app/results/confluence/2021-03-12_08-46-45/effective.json
[2021-03-12 08:47:24,978 DEBUG root] CalledProcessError: Command 'python util/analytics/analytics.py confluence' returned non-zero exit status 1.
  File "/usr/local/lib/python3.8/dist-packages/bzt/cli.py", line 269, in perform
    self.engine.post_process()
  File "/usr/local/lib/python3.8/dist-packages/bzt/engine/engine.py", line 354, in post_process
    reraise(exc_info, exc_value)
  File "/usr/local/lib/python3.8/dist-packages/bzt/utils.py", line 103, in reraise
    raise exc
  File "/usr/local/lib/python3.8/dist-packages/bzt/engine/engine.py", line 340, in post_process
    module.post_process()
  File "/usr/local/lib/python3.8/dist-packages/bzt/modules/shellexec.py", line 159, in post_process
    task.start()
  File "/usr/local/lib/python3.8/dist-packages/bzt/modules/shellexec.py", line 217, in start
    self._get_results()
  File "/usr/local/lib/python3.8/dist-packages/bzt/modules/shellexec.py", line 244, in _get_results
    raise CalledProcessError(self.process.returncode, self)
[2021-03-12 08:47:24,978 INFO root] Artifacts dir: /dc-app-performance-toolkit/app/results/confluence/2021-03-12_08-46-45
[2021-03-12 08:47:24,979 WARNING root] Done performing with code: 1
[2021-03-12 08:47:24,979 DEBUG root] Closing log handler: /dc-app-performance-toolkit/app/results/confluence/2021-03-12_08-46-45/bzt.log
