[DEPRECATED] The --hatch-rate parameter has been renamed --spawn-rate
 Name                                                          # reqs      # fails  |     Avg     Min     Max  Median  |   req/s failures/s
--------------------------------------------------------------------------------------------------------------------------------------------
 Action locust_comment_page                                       422     0(0.00%)  |     159     128     261     150  |    0.14    0.00
 Action locust_create_and_edit_page:create_page                   524     0(0.00%)  |     648     605     751     650  |    0.17    0.00
 Action locust_create_and_edit_page:create_page_editor            529     0(0.00%)  |     392     361     480     390  |    0.18    0.00
 Action locust_create_and_edit_page:edit_page                     515     0(0.00%)  |     680     635     777     680  |    0.17    0.00
 Action locust_create_and_edit_page:open_editor                   518     0(0.00%)  |     244     222     322     240  |    0.17    0.00
 Action locust_create_blog:blog_editor                            259     0(0.00%)  |     442     409     525     440  |    0.09    0.00
 Action locust_create_blog:feel_and_publish                       257     0(0.00%)  |     655     609     775     650  |    0.09    0.00
 Action locust_like_page                                          263     0(0.00%)  |      61      38     133      65  |    0.09    0.00
 Action locust_login_and_view_dashboard                           200     0(0.00%)  |    2195    2081    2443    2200  |    0.07    0.00
 Action locust_search_cql:recently_viewed                         600     0(0.00%)  |      38      31      99      38  |    0.20    0.00
 Action locust_search_cql:search_results                          590     0(0.00%)  |     453     274    6530     440  |    0.20    0.00
 Action locust_upload_attachment                                  427     0(0.00%)  |     556     384    1068     510  |    0.14    0.00
 Action locust_view_attachment                                    267     0(0.00%)  |     121      88     232     110  |    0.09    0.00
 Action locust_view_blog                                          667     0(0.00%)  |    1323     574    1903    1300  |    0.22    0.00
 Action locust_view_dashboard                                     531     0(0.00%)  |    1696    1590    1858    1700  |    0.18    0.00
 Action locust_view_page:open_page                               4716     0(0.00%)  |     616     477    1096     560  |    1.57    0.00
 Action locust_view_page:view_page_tree                          4661     0(0.00%)  |      57      20     181      54  |    1.55    0.00
--------------------------------------------------------------------------------------------------------------------------------------------
 Aggregated                                                     15946     0(0.00%)  |     460      20    6530     450  |    5.31    0.00

Response time percentiles (approximated)
 Type     Name                                                              50%    66%    75%    80%    90%    95%    98%    99%  99.9% 99.99%   100% # reqs
--------|------------------------------------------------------------|---------|------|------|------|------|------|------|------|------|------|------|------|
 Action   locust_comment_page                                               150    160    180    180    190    210    220    240    260    260    260    422
 Action   locust_create_and_edit_page:create_page                           650    650    660    660    670    690    730    730    750    750    750    524
 Action   locust_create_and_edit_page:create_page_editor                    390    390    400    400    410    440    460    470    480    480    480    529
 Action   locust_create_and_edit_page:edit_page                             680    680    690    690    700    730    750    760    780    780    780    515
 Action   locust_create_and_edit_page:open_editor                           240    240    250    250    260    290    300    310    320    320    320    518
 Action   locust_create_blog:blog_editor                                    440    450    450    460    460    480    510    520    520    520    520    259
 Action   locust_create_blog:feel_and_publish                               650    660    670    670    690    710    720    750    780    780    780    257
 Action   locust_like_page                                                   65     66     67     68     71     75     77    120    130    130    130    263
 Action   locust_login_and_view_dashboard                                  2200   2200   2200   2200   2300   2300   2400   2400   2400   2400   2400    200
 Action   locust_search_cql:recently_viewed                                  38     39     40     41     43     45     48     80     99     99     99    600
 Action   locust_search_cql:search_results                                  440    450    470    470    500    530    910   1500   6500   6500   6500    590
 Action   locust_upload_attachment                                          510    600    640    680    780    820    910    970   1100   1100   1100    427
 Action   locust_view_attachment                                            110    120    130    150    180    190    200    210    230    230    230    267
 Action   locust_view_blog                                                 1300   1300   1400   1400   1700   1800   1900   1900   1900   1900   1900    667
 Action   locust_view_dashboard                                            1700   1700   1700   1700   1800   1800   1800   1800   1900   1900   1900    531
 Action   locust_view_page:open_page                                        560    600    630    670    860    920    970   1000   1100   1100   1100   4716
 Action   locust_view_page:view_page_tree                                    54     62     68     73     86     98    110    120    150    180    180   4661
--------|------------------------------------------------------------|---------|------|------|------|------|------|------|------|------|------|------|------|
 None     Aggregated                                                        450    560    620    660    930   1600   1800   2100   2300   2400   6500  15946

