Scenario status: OK
========================================================================================================================
Run name: without app

Summary run status                                 OK
                 
Artifacts dir                                      2021-02-19_11-32-27 
OS                                                 Linux               
DC Apps Performance Toolkit version                4.0.0               
Application                                        confluence          
Dataset info                                       902624 pages        
Application nodes count                            1                   
Concurrency                                        200                 
Expected test run duration from yml file           2700 sec            
Actual test run duration                           3011 sec            
Finished                                           (True, 'OK')        
Compliant                                          (True, 'OK')        
Success                                            (True, 'OK')        
Has app-specific actions                           False               

Action                                            Success Rate        Avg time            Status              
locust_comment_page                                100.0               0.067               OK                  
locust_create_and_edit_page:create_page            99.82               0.344               OK                  
locust_create_and_edit_page:create_page_editor     99.82               0.198               OK                  
locust_create_and_edit_page:edit_page              99.81               0.363               OK                  
locust_create_and_edit_page:open_editor            100.0               0.147               OK                  
locust_create_blog:blog_editor                     100.0               0.222               OK                  
locust_create_blog:feel_and_publish                100.0               0.352               OK                  
locust_like_page                                   100.0               0.029               OK                  
locust_login_and_view_dashboard                    100.0               1.62                OK                  
locust_search_cql:recently_viewed                  100.0               0.016               OK                  
locust_search_cql:search_results                   100.0               0.448               OK                  
locust_upload_attachment                           100.0               0.427               OK                  
locust_view_attachment                             100.0               0.096               OK                  
locust_view_blog                                   100.0               0.619               OK                  
locust_view_dashboard                              100.0               1.157               OK                  
locust_view_page:open_page                         99.96               0.361               OK                  
locust_view_page:view_page_tree                    99.98               0.04                OK                  
selenium_a_login                                   100.0               0.843               OK                  
selenium_create_comment                            100.0               1.597               OK                  
selenium_create_page                               100.0               1.832               OK                  
selenium_edit_page                                 100.0               2.596               OK                  
selenium_view_blog                                 100.0               0.605               OK                  
selenium_view_dashboard                            100.0               1.034               OK                  
selenium_view_page                                 100.0               0.481               OK                  
selenium_z_log_out                                 100.0               0.103               OK                  

========================================================================================================================
Run name: with app

Summary run status                                 OK
                 
Artifacts dir                                      2021-02-19_12-27-12 
OS                                                 Linux               
DC Apps Performance Toolkit version                4.0.0               
Application                                        confluence          
Dataset info                                       903428 pages        
Application nodes count                            1                   
Concurrency                                        200                 
Expected test run duration from yml file           2700 sec            
Actual test run duration                           3011 sec            
Finished                                           (True, 'OK')        
Compliant                                          (True, 'OK')        
Success                                            (True, 'OK')        
Has app-specific actions                           False               

Action                                            Success Rate        Avg time            Status              
locust_comment_page                                100.0               0.066               OK                  
locust_create_and_edit_page:create_page            100.0               0.343               OK                  
locust_create_and_edit_page:create_page_editor     100.0               0.199               OK                  
locust_create_and_edit_page:edit_page              100.0               0.359               OK                  
locust_create_and_edit_page:open_editor            100.0               0.148               OK                  
locust_create_blog:blog_editor                     100.0               0.221               OK                  
locust_create_blog:feel_and_publish                100.0               0.35                OK                  
locust_like_page                                   100.0               0.028               OK                  
locust_login_and_view_dashboard                    100.0               1.562               OK                  
locust_search_cql:recently_viewed                  100.0               0.016               OK                  
locust_search_cql:search_results                   99.84               0.426               OK                  
locust_upload_attachment                           100.0               0.418               OK                  
locust_view_attachment                             100.0               0.097               OK                  
locust_view_blog                                   100.0               0.62                OK                  
locust_view_dashboard                              100.0               1.164               OK                  
locust_view_page:open_page                         100.0               0.356               OK                  
locust_view_page:view_page_tree                    100.0               0.039               OK                  
selenium_a_login                                   100.0               0.851               OK                  
selenium_create_comment                            100.0               1.628               OK                  
selenium_create_page                               100.0               1.703               OK                  
selenium_edit_page                                 100.0               2.584               OK                  
selenium_view_blog                                 100.0               0.626               OK                  
selenium_view_dashboard                            100.0               1.052               OK                  
selenium_view_page                                 100.0               0.482               OK                  
selenium_z_log_out                                 100.0               0.102               OK                  

========================================================================================================================
