[DEPRECATED] The --hatch-rate parameter has been renamed --spawn-rate
 Name                                                          # reqs      # fails  |     Avg     Min     Max  Median  |   req/s failures/s
--------------------------------------------------------------------------------------------------------------------------------------------
 Action locust_app_specific_action                                436     0(0.00%)  |      46      18     274      45  |    0.15    0.00
 Action locust_comment_page                                       420     0(0.00%)  |     178      88     328     170  |    0.14    0.00
 Action locust_create_and_edit_page:create_page                   516     0(0.00%)  |     665     412    1001     790  |    0.17    0.00
 Action locust_create_and_edit_page:create_page_editor            523     0(0.00%)  |     369     214     594     370  |    0.17    0.00
 Action locust_create_and_edit_page:edit_page                     500     0(0.00%)  |     701     448    1117     620  |    0.17    0.00
 Action locust_create_and_edit_page:open_editor                   507     0(0.00%)  |     244     146     401     270  |    0.17    0.00
 Action locust_create_blog:blog_editor                            234     0(0.00%)  |     418     250     782     310  |    0.08    0.00
 Action locust_create_blog:feel_and_publish                       233     0(0.00%)  |     650     380    1083     500  |    0.08    0.00
 Action locust_like_page                                          260     0(0.00%)  |      60      22     150      49  |    0.09    0.00
 Action locust_login_and_view_dashboard                           200     0(0.00%)  |    2227    1622    3988    2300  |    0.07    0.00
 Action locust_search_cql:recently_viewed                         633     0(0.00%)  |      38      15     211      42  |    0.21    0.00
 Action locust_search_cql:search_results                          626     0(0.00%)  |     431     233    6309     420  |    0.21    0.00
 Action locust_upload_attachment                                  420     0(0.00%)  |     666     389    1285     630  |    0.14    0.00
 Action locust_view_attachment                                    228     0(0.00%)  |     166      90     393     140  |    0.08    0.00
 Action locust_view_blog                                          708     0(0.00%)  |    1395     495    2687    1400  |    0.24    0.00
 Action locust_view_dashboard                                     495     0(0.00%)  |    1486    1133    2034    1300  |    0.16    0.00
 Action locust_view_page:open_page                               4524     0(0.00%)  |     644     275    1651     650  |    1.51    0.00
 Action locust_view_page:view_page_tree                          4476     0(0.00%)  |     122      19     515     100  |    1.49    0.00
--------------------------------------------------------------------------------------------------------------------------------------------
 Aggregated                                                     15939     0(0.00%)  |     477      15    6309     400  |    5.31    0.00

Response time percentiles (approximated)
 Type     Name                                                              50%    66%    75%    80%    90%    95%    98%    99%  99.9% 99.99%   100% # reqs
--------|------------------------------------------------------------|---------|------|------|------|------|------|------|------|------|------|------|------|
 Action   locust_app_specific_action                                         45     50     58     64     70     73     77     80    270    270    270    436
 Action   locust_comment_page                                               180    210    220    230    260    280    300    300    330    330    330    420
 Action   locust_create_and_edit_page:create_page                           800    840    850    860    880    910    930    950   1000   1000   1000    516
 Action   locust_create_and_edit_page:create_page_editor                    370    480    480    490    510    520    540    550    590    590    590    523
 Action   locust_create_and_edit_page:edit_page                             830    880    900    900    920    930    950    970   1100   1100   1100    500
 Action   locust_create_and_edit_page:open_editor                           270    300    310    310    320    330    370    370    400    400    400    507
 Action   locust_create_blog:blog_editor                                    320    560    570    580    600    610    630    640    780    780    780    234
 Action   locust_create_blog:feel_and_publish                               500    850    860    890    930    940    980   1000   1100   1100   1100    233
 Action   locust_like_page                                                   49     82     85     88     90     92     97    100    150    150    150    260
 Action   locust_login_and_view_dashboard                                  2300   2400   2500   2500   2600   2700   2800   3100   4000   4000   4000    200
 Action   locust_search_cql:recently_viewed                                  42     45     47     48     52     60     71     77    210    210    210    633
 Action   locust_search_cql:search_results                                  420    440    460    470    480    520    760   1300   6300   6300   6300    626
 Action   locust_upload_attachment                                          630    720    790    830    900   1000   1100   1200   1300   1300   1300    420
 Action   locust_view_attachment                                            140    160    200    240    280    300    350    360    390    390    390    228
 Action   locust_view_blog                                                 1400   1600   1800   1800   1900   2200   2300   2400   2700   2700   2700    708
 Action   locust_view_dashboard                                            1300   1700   1800   1800   1800   1800   1900   1900   2000   2000   2000    495
 Action   locust_view_page:open_page                                        650    720    760    800    930   1000   1100   1200   1300   1700   1700   4524
 Action   locust_view_page:view_page_tree                                   100    130    150    170    210    250    300    340    450    520    520   4476
--------|------------------------------------------------------------|---------|------|------|------|------|------|------|------|------|------|------|------|
 None     Aggregated                                                        400    530    700    770    990   1400   1800   2200   2600   4000   6300  15939

