[DEPRECATED] The --hatch-rate parameter has been renamed --spawn-rate
 Name                                                          # reqs      # fails  |     Avg     Min     Max  Median  |   req/s failures/s
--------------------------------------------------------------------------------------------------------------------------------------------
 Action locust_comment_page                                      1185     0(0.00%)  |      49      37     729      47  |    0.39    0.00
 Action locust_create_blog                                        749     0(0.00%)  |     298     244     610     290  |    0.25    0.00
 Action locust_create_blog_editor                                 751     0(0.00%)  |     182     151     557     180  |    0.25    0.00
 Action locust_create_page                                       1410     0(0.00%)  |     297     248    1013     290  |    0.47    0.00
 Action locust_create_page_editor                                1414     0(0.00%)  |     164     134     488     160  |    0.47    0.00
 Action locust_edit_page                                         1395     0(0.00%)  |     312     260    1856     310  |    0.46    0.00
 Action locust_like_page                                          726     0(0.00%)  |      23      12     256      24  |    0.24    0.00
 Action locust_login_and_view_dashboard                           200     0(0.00%)  |    1884    1649    2414    1800  |    0.07    0.00
 Action locust_open_editor                                       1403     0(0.00%)  |     131     105    1286     130  |    0.47    0.00
 Action locust_search_cql                                        1703     0(0.00%)  |     600     285    8575     570  |    0.57    0.00
 Action locust_search_recently_viewed                            1712     0(0.00%)  |      12       8     235      12  |    0.57    0.00
 Action locust_upload_attachments                                1213     0(0.00%)  |     944     288   23798     410  |    0.40    0.00
 Action locust_view_attachments                                   734     0(0.00%)  |      94      66     236      83  |    0.24    0.00
 Action locust_view_blog                                         1835     0(0.00%)  |     653     263   11171     510  |    0.61    0.00
 Action locust_view_dashboard                                    1335     0(0.00%)  |    1451    1215    3316    1400  |    0.44    0.00
 Action locust_view_page                                        12732     0(0.00%)  |     355     198   14944     280  |    4.24    0.00
 Action locust_view_page_tree                                   12683     0(0.00%)  |      70       9    1375      71  |    4.23    0.00
--------------------------------------------------------------------------------------------------------------------------------------------
 Aggregated                                                     43180     0(0.00%)  |     298       8   23798     240  |   14.38    0.00

Response time percentiles (approximated)
 Type     Name                                                              50%    66%    75%    80%    90%    95%    98%    99%  99.9% 99.99%   100% # reqs
--------|------------------------------------------------------------|---------|------|------|------|------|------|------|------|------|------|------|------|
 Action   locust_comment_page                                                47     49     51     52     55     61     73     83    160    730    730   1185
 Action   locust_create_blog                                                290    300    310    320    340    350    390    410    610    610    610    749
 Action   locust_create_blog_editor                                         180    180    190    190    200    220    230    250    560    560    560    751
 Action   locust_create_page                                                290    300    310    310    330    340    370    410   1000   1000   1000   1410
 Action   locust_create_page_editor                                         160    170    170    180    190    200    210    220    310    490    490   1414
 Action   locust_edit_page                                                  310    320    330    330    350    360    390    400   1000   1900   1900   1395
 Action   locust_like_page                                                   24     25     26     27     29     31     49     55    260    260    260    726
 Action   locust_login_and_view_dashboard                                  1800   1900   2000   2000   2100   2200   2300   2400   2400   2400   2400    200
 Action   locust_open_editor                                                130    130    140    140    150    160    180    190    330   1300   1300   1403
 Action   locust_search_cql                                                 570    610    640    660    730    820   1000   1900   6200   8600   8600   1703
 Action   locust_search_recently_viewed                                      12     12     13     13     14     16     25     33    130    240    240   1712
 Action   locust_upload_attachments                                         410    560    700    750    920   5300   6900   9400  19000  24000  24000   1213
 Action   locust_view_attachments                                            83     93    110    120    130    150    160    170    240    240    240    734
 Action   locust_view_blog                                                  510    540    570    600   1200   1300   1800   2100  11000  11000  11000   1835
 Action   locust_view_dashboard                                            1400   1500   1500   1500   1600   1700   1800   2000   3300   3300   3300   1335
 Action   locust_view_page                                                  280    310    330    350    540    680    780   1400   6100  15000  15000  12732
 Action   locust_view_page_tree                                              71     79     85     88     99    110    120    130    190   1000   1400  12683
--------|------------------------------------------------------------|---------|------|------|------|------|------|------|------|------|------|------|------|
 None     Aggregated                                                        240    290    320    350    580    850   1500   1700   6700  19000  24000  43180

