[DEPRECATED] The --hatch-rate parameter has been renamed --spawn-rate
 Name                                                          # reqs      # fails  |     Avg     Min     Max  Median  |   req/s failures/s
--------------------------------------------------------------------------------------------------------------------------------------------
 Action locust_app_specific_action                                  7     0(0.00%)  |     473     328     814     370  |    0.06    0.00
 Action locust_comment_page                                         2   2(100.00%)  |     120      15     225      15  |    0.02    0.02
 Action locust_create_and_edit_page:create_page                     2   2(100.00%)  |       0       0       0       0  |    0.02    0.02
 Action locust_create_and_edit_page:create_page_editor              5    3(60.00%)  |     231      62     493      79  |    0.04    0.02
 Action locust_create_blog:blog_editor                              2    1(50.00%)  |     350     125     576     125  |    0.02    0.01
 Action locust_create_blog:feel_and_publish                         1     0(0.00%)  |    1207    1207    1207    1207  |    0.01    0.00
 Action locust_login_and_view_dashboard                            76     0(0.00%)  |    1864     829    7890    2300  |    0.62    0.00
 Action locust_search_cql:recently_viewed                           6     0(0.00%)  |      50      21     181      25  |    0.05    0.00
 Action locust_search_cql:search_results                            6     0(0.00%)  |     431     320     789     360  |    0.05    0.00
 Action locust_upload_attachment                                    6     0(0.00%)  |     965     631    1574     670  |    0.05    0.00
 Action locust_view_attachment                                      3     0(0.00%)  |     165     163     169     163  |    0.02    0.00
 Action locust_view_blog                                            4    2(50.00%)  |    1562    1254    1826    1400  |    0.03    0.02
 Action locust_view_dashboard                                       5     0(0.00%)  |    1328     718    1765    1700  |    0.04    0.00
 Action locust_view_page:open_page                                 25     0(0.00%)  |     718     448    1047     720  |    0.21    0.00
 Action locust_view_page:view_page_tree                            17     0(0.00%)  |     196     101     411     190  |    0.14    0.00
--------------------------------------------------------------------------------------------------------------------------------------------
 Aggregated                                                       167    10(5.99%)  |    1147       0    7890     860  |    1.37    0.08

Response time percentiles (approximated)
 Type     Name                                                              50%    66%    75%    80%    90%    95%    98%    99%  99.9% 99.99%   100% # reqs
--------|------------------------------------------------------------|---------|------|------|------|------|------|------|------|------|------|------|------|
 Action   locust_app_specific_action                                        370    520    570    570    810    810    810    810    810    810    810      7
 Action   locust_comment_page                                               220    220    220    220    220    220    220    220    220    220    220      2
 Action   locust_create_and_edit_page:create_page                             0      0      0      0      0      0      0      0      0      0      0      2
 Action   locust_create_and_edit_page:create_page_editor                     79    450    450    490    490    490    490    490    490    490    490      5
 Action   locust_create_blog:blog_editor                                    580    580    580    580    580    580    580    580    580    580    580      2
 Action   locust_create_blog:feel_and_publish                              1200   1200   1200   1200   1200   1200   1200   1200   1200   1200   1200      1
 Action   locust_login_and_view_dashboard                                  2300   2400   2400   2400   2500   3400   6400   7900   7900   7900   7900     76
 Action   locust_search_cql:recently_viewed                                  25     25     26     26    180    180    180    180    180    180    180      6
 Action   locust_search_cql:search_results                                  370    370    390    390    790    790    790    790    790    790    790      6
 Action   locust_upload_attachment                                         1100   1100   1200   1200   1600   1600   1600   1600   1600   1600   1600      6
 Action   locust_view_attachment                                            160    160    170    170    170    170    170    170    170    170    170      3
 Action   locust_view_blog                                                 1700   1700   1800   1800   1800   1800   1800   1800   1800   1800   1800      4
 Action   locust_view_dashboard                                            1700   1700   1700   1800   1800   1800   1800   1800   1800   1800   1800      5
 Action   locust_view_page:open_page                                        720    770    810    840    880   1000   1000   1000   1000   1000   1000     25
 Action   locust_view_page:view_page_tree                                   190    210    220    220    300    410    410    410    410    410    410     17
--------|------------------------------------------------------------|---------|------|------|------|------|------|------|------|------|------|------|------|
 None     Aggregated                                                        860   1000   1800   2300   2400   2400   3400   6400   7900   7900   7900    167

Error report
 # occurrences      Error                                                                                               
--------------------------------------------------------------------------------------------------------------------------------------------
 3                  Action locust_create_and_edit_page:create_page_editor: "AssertionError('Could not open page editor.')"
 1                  Action locust_comment_page: "HTTPError('403 Client Error:  for url: http://confl-loadb-n2u031dw0abo-199959073.us-east-1.elb.amazonaws.com:80/rest/tinymce/1/content/9037554/comment?actions=true&html=%3Cp%3Esjwkdssplylhflb%3C%2Fp%3E&watch=True&uuid=98c1d85c-3c68-4b08-acc5-62924a13ff4c')"
 2                  Action locust_view_blog: "AssertionError('Could not open editor for blog.')"                        
 1                  Action locust_create_blog:blog_editor: "AssertionError('Could not open editor for blog.')"          
 1                  Action locust_comment_page: "HTTPError('403 Client Error:  for url: http://confl-loadb-n2u031dw0abo-199959073.us-east-1.elb.amazonaws.com:80/rest/tinymce/1/content/9014513/comment?actions=true&html=%3Cp%3Evummkmfviouqgqv%3C%2Fp%3E&watch=True&uuid=867d2602-bdb9-4094-8b2b-9e320391d4f8')"
 2                  Action locust_create_and_edit_page:create_page: "KeyError('content_id')"                            
--------------------------------------------------------------------------------------------------------------------------------------------

 Name                                                          # reqs      # fails  |     Avg     Min     Max  Median  |   req/s failures/s
--------------------------------------------------------------------------------------------------------------------------------------------
 Action locust_app_specific_action                                  7     0(0.00%)  |     473     328     814     370  |    0.06    0.00
 Action locust_comment_page                                         2   2(100.00%)  |     120      15     225      15  |    0.02    0.02
 Action locust_create_and_edit_page:create_page                     2   2(100.00%)  |       0       0       0       0  |    0.02    0.02
 Action locust_create_and_edit_page:create_page_editor              5    3(60.00%)  |     231      62     493      79  |    0.04    0.02
 Action locust_create_blog:blog_editor                              2    1(50.00%)  |     350     125     576     125  |    0.02    0.01
 Action locust_create_blog:feel_and_publish                         1     0(0.00%)  |    1207    1207    1207    1207  |    0.01    0.00
 Action locust_login_and_view_dashboard                            76     0(0.00%)  |    1864     829    7890    2300  |    0.62    0.00
 Action locust_search_cql:recently_viewed                           6     0(0.00%)  |      50      21     181      25  |    0.05    0.00
 Action locust_search_cql:search_results                            6     0(0.00%)  |     431     320     789     360  |    0.05    0.00
 Action locust_upload_attachment                                    6     0(0.00%)  |     965     631    1574     670  |    0.05    0.00
 Action locust_view_attachment                                      3     0(0.00%)  |     165     163     169     163  |    0.02    0.00
 Action locust_view_blog                                            4    2(50.00%)  |    1562    1254    1826    1400  |    0.03    0.02
 Action locust_view_dashboard                                       5     0(0.00%)  |    1328     718    1765    1700  |    0.04    0.00
 Action locust_view_page:open_page                                 25     0(0.00%)  |     718     448    1047     720  |    0.21    0.00
 Action locust_view_page:view_page_tree                            17     0(0.00%)  |     196     101     411     190  |    0.14    0.00
--------------------------------------------------------------------------------------------------------------------------------------------
 Aggregated                                                       167    10(5.99%)  |    1147       0    7890     860  |    1.37    0.08

Response time percentiles (approximated)
 Type     Name                                                              50%    66%    75%    80%    90%    95%    98%    99%  99.9% 99.99%   100% # reqs
--------|------------------------------------------------------------|---------|------|------|------|------|------|------|------|------|------|------|------|
 Action   locust_app_specific_action                                        370    520    570    570    810    810    810    810    810    810    810      7
 Action   locust_comment_page                                               220    220    220    220    220    220    220    220    220    220    220      2
 Action   locust_create_and_edit_page:create_page                             0      0      0      0      0      0      0      0      0      0      0      2
 Action   locust_create_and_edit_page:create_page_editor                     79    450    450    490    490    490    490    490    490    490    490      5
 Action   locust_create_blog:blog_editor                                    580    580    580    580    580    580    580    580    580    580    580      2
 Action   locust_create_blog:feel_and_publish                              1200   1200   1200   1200   1200   1200   1200   1200   1200   1200   1200      1
 Action   locust_login_and_view_dashboard                                  2300   2400   2400   2400   2500   3400   6400   7900   7900   7900   7900     76
 Action   locust_search_cql:recently_viewed                                  25     25     26     26    180    180    180    180    180    180    180      6
 Action   locust_search_cql:search_results                                  370    370    390    390    790    790    790    790    790    790    790      6
 Action   locust_upload_attachment                                         1100   1100   1200   1200   1600   1600   1600   1600   1600   1600   1600      6
 Action   locust_view_attachment                                            160    160    170    170    170    170    170    170    170    170    170      3
 Action   locust_view_blog                                                 1700   1700   1800   1800   1800   1800   1800   1800   1800   1800   1800      4
 Action   locust_view_dashboard                                            1700   1700   1700   1800   1800   1800   1800   1800   1800   1800   1800      5
 Action   locust_view_page:open_page                                        720    770    810    840    880   1000   1000   1000   1000   1000   1000     25
 Action   locust_view_page:view_page_tree                                   190    210    220    220    300    410    410    410    410    410    410     17
--------|------------------------------------------------------------|---------|------|------|------|------|------|------|------|------|------|------|------|
 None     Aggregated                                                        860   1000   1800   2300   2400   2400   3400   6400   7900   7900   7900    167

Error report
 # occurrences      Error                                                                                               
--------------------------------------------------------------------------------------------------------------------------------------------
 3                  Action locust_create_and_edit_page:create_page_editor: "AssertionError('Could not open page editor.')"
 1                  Action locust_comment_page: "HTTPError('403 Client Error:  for url: http://confl-loadb-n2u031dw0abo-199959073.us-east-1.elb.amazonaws.com:80/rest/tinymce/1/content/9037554/comment?actions=true&html=%3Cp%3Esjwkdssplylhflb%3C%2Fp%3E&watch=True&uuid=98c1d85c-3c68-4b08-acc5-62924a13ff4c')"
 2                  Action locust_view_blog: "AssertionError('Could not open editor for blog.')"                        
 1                  Action locust_create_blog:blog_editor: "AssertionError('Could not open editor for blog.')"          
 1                  Action locust_comment_page: "HTTPError('403 Client Error:  for url: http://confl-loadb-n2u031dw0abo-199959073.us-east-1.elb.amazonaws.com:80/rest/tinymce/1/content/9014513/comment?actions=true&html=%3Cp%3Evummkmfviouqgqv%3C%2Fp%3E&watch=True&uuid=867d2602-bdb9-4094-8b2b-9e320391d4f8')"
 2                  Action locust_create_and_edit_page:create_page: "KeyError('content_id')"                            
--------------------------------------------------------------------------------------------------------------------------------------------

Traceback (most recent call last):
  File "/usr/local/lib/python3.8/dist-packages/gevent/monkey.py", line 883, in _shutdown
    sleep()
  File "/usr/local/lib/python3.8/dist-packages/gevent/hub.py", line 159, in sleep
    waiter.get()
  File "src/gevent/_waiter.py", line 143, in gevent._gevent_c_waiter.Waiter.get
  File "src/gevent/_waiter.py", line 154, in gevent._gevent_c_waiter.Waiter.get
  File "src/gevent/_greenlet_primitives.py", line 61, in gevent._gevent_c_greenlet_primitives.SwitchOutGreenletWithLoop.switch
  File "src/gevent/_greenlet_primitives.py", line 61, in gevent._gevent_c_greenlet_primitives.SwitchOutGreenletWithLoop.switch
  File "src/gevent/_greenlet_primitives.py", line 65, in gevent._gevent_c_greenlet_primitives.SwitchOutGreenletWithLoop.switch
  File "src/gevent/_gevent_c_greenlet_primitives.pxd", line 35, in gevent._gevent_c_greenlet_primitives._greenlet_switch
  File "/usr/local/lib/python3.8/dist-packages/gevent/hub.py", line 300, in handle
    self.handler(*self.args, **self.kwargs)
  File "/usr/local/lib/python3.8/dist-packages/locust/main.py", line 381, in sig_term_handler
    shutdown()
  File "/usr/local/lib/python3.8/dist-packages/locust/main.py", line 376, in shutdown
    sys.exit(code)
SystemExit: 1
2021-02-12T17:46:28Z <greenlet.greenlet object at 0x7f1b50ac63b0 (otid=0x7f1b511f2c80) current active started main> failed with SystemExit

