[DEPRECATED] The --hatch-rate parameter has been renamed --spawn-rate
 Name                                                          # reqs      # fails  |     Avg     Min     Max  Median  |   req/s failures/s
--------------------------------------------------------------------------------------------------------------------------------------------
 Action locust_app_specific_action                               1370     0(0.00%)  |    1049     662    1675    1100  |    0.46    0.00
 Action locust_comment_page                                      1170     0(0.00%)  |     229     170     464     230  |    0.39    0.00
 Action locust_create_blog                                        731     0(0.00%)  |    1680    1451    2472    1700  |    0.24    0.00
 Action locust_create_blog_editor                                 732     0(0.00%)  |    1022     860    1921    1000  |    0.24    0.00
 Action locust_create_page                                       1336     0(0.00%)  |    1695    1466    3451    1700  |    0.44    0.00
 Action locust_create_page_editor                                1343     0(0.00%)  |     976     817    1811    1000  |    0.45    0.00
 Action locust_edit_page                                         1325     0(0.00%)  |    1735    1501    2575    1800  |    0.44    0.00
 Action locust_like_page                                          662     0(0.00%)  |     177     140     243     170  |    0.22    0.00
 Action locust_login_and_view_dashboard                           200     0(0.00%)  |    4385    3637    8892    4400  |    0.07    0.00
 Action locust_open_editor                                       1330     0(0.00%)  |     715     618    1001     730  |    0.44    0.00
 Action locust_search_cql                                        1581     0(0.00%)  |     578     344    6379     570  |    0.53    0.00
 Action locust_search_recently_viewed                            1582     0(0.00%)  |      93      73     245      96  |    0.53    0.00
 Action locust_upload_attachments                                1181     0(0.00%)  |    1207     850    9463    1000  |    0.39    0.00
 Action locust_view_attachments                                   714     0(0.00%)  |     212     148     434     190  |    0.24    0.00
 Action locust_view_blog                                         1910     0(0.00%)  |    2217    1242    3394    2200  |    0.64    0.00
 Action locust_view_dashboard                                    1373     0(0.00%)  |    3481    2925    4287    3500  |    0.46    0.00
 Action locust_view_page                                        12355     0(0.00%)  |    1382    1055    3700    1400  |    4.11    0.00
 Action locust_view_page_tree                                   12324     0(0.00%)  |     188      74     914     180  |    4.10    0.00
--------------------------------------------------------------------------------------------------------------------------------------------
 Aggregated                                                     43219     0(0.00%)  |     984      73    9463    1000  |   14.38    0.00

Response time percentiles (approximated)
 Type     Name                                                              50%    66%    75%    80%    90%    95%    98%    99%  99.9% 99.99%   100% # reqs
--------|------------------------------------------------------------|---------|------|------|------|------|------|------|------|------|------|------|------|
 Action   locust_app_specific_action                                       1100   1200   1200   1200   1300   1300   1400   1400   1500   1700   1700   1370
 Action   locust_comment_page                                               230    240    250    250    260    270    290    300    340    460    460   1170
 Action   locust_create_blog                                               1700   1800   1800   1800   1800   1800   1900   1900   2500   2500   2500    731
 Action   locust_create_blog_editor                                        1000   1100   1100   1100   1100   1100   1200   1200   1900   1900   1900    732
 Action   locust_create_page                                               1700   1800   1800   1800   1800   1900   1900   1900   2100   3500   3500   1336
 Action   locust_create_page_editor                                        1000   1000   1100   1100   1100   1100   1100   1100   1600   1800   1800   1343
 Action   locust_edit_page                                                 1800   1800   1800   1800   1900   1900   1900   1900   2100   2600   2600   1325
 Action   locust_like_page                                                  170    190    200    200    200    200    210    220    240    240    240    662
 Action   locust_login_and_view_dashboard                                  4400   4600   4700   4700   4800   4800   4900   5700   8900   8900   8900    200
 Action   locust_open_editor                                                730    750    760    760    770    780    790    800    970   1000   1000   1330
 Action   locust_search_cql                                                 570    590    600    600    630    660    960   1600   6100   6400   6400   1581
 Action   locust_search_recently_viewed                                      96     99    100    100    100    110    110    120    230    240    240   1582
 Action   locust_upload_attachments                                        1000   1200   1300   1400   1500   1700   2000   2700   9300   9500   9500   1181
 Action   locust_view_attachments                                           190    200    210    260    320    340    360    380    430    430    430    714
 Action   locust_view_blog                                                 2200   2400   2500   2500   2700   2800   3100   3200   3400   3400   3400   1910
 Action   locust_view_dashboard                                            3500   3600   3700   3800   3800   3900   3900   4000   4100   4300   4300   1373
 Action   locust_view_page                                                 1400   1400   1500   1500   1600   1700   1800   1900   2000   3000   3700  12355
 Action   locust_view_page_tree                                             180    190    200    210    240    280    350    450    680    860    910  12324
--------|------------------------------------------------------------|---------|------|------|------|------|------|------|------|------|------|------|------|
 None     Aggregated                                                       1000   1300   1400   1500   1800   2400   3600   3800   4700   8300   9500  43219

