[DEPRECATED] The --hatch-rate parameter has been renamed --spawn-rate
 Name                                                          # reqs      # fails  |     Avg     Min     Max  Median  |   req/s failures/s
--------------------------------------------------------------------------------------------------------------------------------------------
 Action locust_comment_page                                      1210     0(0.00%)  |     140      64     432     160  |    0.40    0.00
 Action locust_create_blog                                        693     0(0.00%)  |     550     313    2147     430  |    0.23    0.00
 Action locust_create_blog_editor                                 700     0(0.00%)  |     348     193     692     270  |    0.23    0.00
 Action locust_create_page                                       1434     0(0.00%)  |     550     325     878     440  |    0.48    0.00
 Action locust_create_page_editor                                1446     0(0.00%)  |     305     162    1142     240  |    0.48    0.00
 Action locust_edit_page                                         1423     0(0.00%)  |     584     348    1868     470  |    0.47    0.00
 Action locust_like_page                                          671     0(0.00%)  |      45      16     119      41  |    0.22    0.00
 Action locust_login_and_view_dashboard                           200     0(0.00%)  |    2330    1746    6268    2200  |    0.07    0.00
 Action locust_open_editor                                       1430     0(0.00%)  |     202     118    1633     180  |    0.48    0.00
 Action locust_search_cql                                        1659     0(0.00%)  |     528     289    7861     520  |    0.55    0.00
 Action locust_search_recently_viewed                            1668     0(0.00%)  |      28       9     276      31  |    0.56    0.00
 Action locust_upload_attachments                                1193     0(0.00%)  |     778     365   49276     580  |    0.40    0.00
 Action locust_view_attachments                                   692     0(0.00%)  |     143      75     320     120  |    0.23    0.00
 Action locust_view_blog                                         1829     0(0.00%)  |    1198     438    5168    1300  |    0.61    0.00
 Action locust_view_dashboard                                    1437     0(0.00%)  |    1599    1247    2121    1600  |    0.48    0.00
 Action locust_view_page                                        12762     0(0.00%)  |     553     215   36120     570  |    4.25    0.00
 Action locust_view_page_tree                                   12725     0(0.00%)  |     248      14     735     240  |    4.24    0.00
--------------------------------------------------------------------------------------------------------------------------------------------
 Aggregated                                                     43172     0(0.00%)  |     470       9   49276     360  |   14.38    0.00

Response time percentiles (approximated)
 Type     Name                                                              50%    66%    75%    80%    90%    95%    98%    99%  99.9% 99.99%   100% # reqs
--------|------------------------------------------------------------|---------|------|------|------|------|------|------|------|------|------|------|------|
 Action   locust_comment_page                                               160    180    180    190    200    210    220    240    280    430    430   1210
 Action   locust_create_blog                                                430    710    730    730    760    770    800    820   2100   2100   2100    693
 Action   locust_create_blog_editor                                         280    460    470    470    490    510    530    550    690    690    690    700
 Action   locust_create_page                                                440    720    730    740    750    770    800    810    860    880    880   1434
 Action   locust_create_page_editor                                         240    410    410    420    430    440    460    470    560   1100   1100   1446
 Action   locust_edit_page                                                  470    750    760    770    790    810    830    850   1800   1900   1900   1423
 Action   locust_like_page                                                   41     62     65     66     70     72     79     91    120    120    120    671
 Action   locust_login_and_view_dashboard                                  2400   2600   2600   2700   2900   3200   3500   4900   6300   6300   6300    200
 Action   locust_open_editor                                                180    250    250    260    270    280    290    300    530   1600   1600   1430
 Action   locust_search_cql                                                 520    550    570    580    630    680    910   1300   5700   7900   7900   1659
 Action   locust_search_recently_viewed                                      31     35     37     38     41     43     50     62    190    280    280   1668
 Action   locust_upload_attachments                                         580    720    820    870   1000   1100   1300   1300  34000  49000  49000   1193
 Action   locust_view_attachments                                           120    140    160    180    240    260    280    290    320    320    320    692
 Action   locust_view_blog                                                 1300   1400   1500   1500   1700   1800   2200   2300   2600   5200   5200   1829
 Action   locust_view_dashboard                                            1600   1800   1800   1800   1900   1900   1900   2000   2100   2100   2100   1437
 Action   locust_view_page                                                  570    610    640    680    760    960   1100   1100   1800  30000  36000  12762
 Action   locust_view_page_tree                                             240    280    310    330    380    420    470    500    590    650    740  12725
--------|------------------------------------------------------------|---------|------|------|------|------|------|------|------|------|------|------|------|
 None     Aggregated                                                        360    500    600    650    830   1400   1700   1900   2800  30000  49000  43172

