[DEPRECATED] The --hatch-rate parameter has been renamed --spawn-rate
 Name                                                          # reqs      # fails  |     Avg     Min     Max  Median  |   req/s failures/s
--------------------------------------------------------------------------------------------------------------------------------------------
 Action locust_app_specific_action                                370 370(100.00%)  |      12      11      31      12  |    0.41    0.41
 Action locust_comment_page                                       298     0(0.00%)  |     144     106     294     140  |    0.33    0.00
 Action locust_create_and_edit_page:create_page                   375     0(0.00%)  |     583     545     824     580  |    0.42    0.00
 Action locust_create_and_edit_page:create_page_editor            382     0(0.00%)  |     347     320     419     340  |    0.42    0.00
 Action locust_create_and_edit_page:edit_page                     358     0(0.00%)  |     603     561     753     600  |    0.40    0.00
 Action locust_create_and_edit_page:open_editor                   368     0(0.00%)  |     212     195     272     210  |    0.41    0.00
 Action locust_create_blog:blog_editor                            174     0(0.00%)  |     369     348     436     360  |    0.19    0.00
 Action locust_create_blog:feel_and_publish                       173     0(0.00%)  |     581     545     687     580  |    0.19    0.00
 Action locust_like_page                                          198     0(0.00%)  |      44      31     105      49  |    0.22    0.00
 Action locust_login_and_view_dashboard                           200     0(0.00%)  |    2374    2205    2746    2400  |    0.22    0.00
 Action locust_search_cql:recently_viewed                         396     0(0.00%)  |      34      25      93      33  |    0.44    0.00
 Action locust_search_cql:search_results                          387     0(0.00%)  |     448     265    2375     440  |    0.43    0.00
 Action locust_upload_attachment                                  325     0(0.00%)  |     596     355    1426     520  |    0.36    0.00
 Action locust_view_attachment                                    195     0(0.00%)  |     125      86     248     110  |    0.22    0.00
 Action locust_view_blog                                          491     0(0.00%)  |    1177     960    2124    1100  |    0.54    0.00
 Action locust_view_dashboard                                     356     0(0.00%)  |    1749    1596    2271    1700  |    0.39    0.00
 Action locust_view_page:open_page                               3227     0(0.00%)  |     606     432    1394     530  |    3.58    0.00
 Action locust_view_page:view_page_tree                          3182     0(0.00%)  |     119      18     298     120  |    3.53    0.00
--------------------------------------------------------------------------------------------------------------------------------------------
 Aggregated                                                     11455   370(3.23%)  |     461      11    2746     400  |   12.70    0.41

Response time percentiles (approximated)
 Type     Name                                                              50%    66%    75%    80%    90%    95%    98%    99%  99.9% 99.99%   100% # reqs
--------|------------------------------------------------------------|---------|------|------|------|------|------|------|------|------|------|------|------|
 Action   locust_app_specific_action                                         12     12     12     13     13     14     16     27     31     31     31    370
 Action   locust_comment_page                                               140    150    170    170    190    200    220    250    290    290    290    298
 Action   locust_create_and_edit_page:create_page                           580    590    590    600    610    630    660    660    820    820    820    375
 Action   locust_create_and_edit_page:create_page_editor                    340    350    360    360    370    380    400    410    420    420    420    382
 Action   locust_create_and_edit_page:edit_page                             600    610    610    620    630    650    680    700    750    750    750    358
 Action   locust_create_and_edit_page:open_editor                           210    210    220    220    230    230    240    250    270    270    270    368
 Action   locust_create_blog:blog_editor                                    370    370    380    380    390    410    420    430    440    440    440    174
 Action   locust_create_blog:feel_and_publish                               580    590    590    600    610    620    650    660    690    690    690    173
 Action   locust_like_page                                                   49     51     52     53     54     59     79     98    100    100    100    198
 Action   locust_login_and_view_dashboard                                  2400   2400   2400   2400   2500   2600   2700   2700   2700   2700   2700    200
 Action   locust_search_cql:recently_viewed                                  33     35     35     36     38     40     48     56     93     93     93    396
 Action   locust_search_cql:search_results                                  440    470    480    500    560    600    880   1100   2400   2400   2400    387
 Action   locust_upload_attachment                                          520    610    710    790    960   1000   1100   1300   1400   1400   1400    325
 Action   locust_view_attachment                                            110    120    150    160    180    200    230    240    250    250    250    195
 Action   locust_view_blog                                                 1100   1100   1200   1200   1400   1900   2000   2000   2100   2100   2100    491
 Action   locust_view_dashboard                                            1700   1800   1800   1800   1900   1900   2000   2100   2300   2300   2300    356
 Action   locust_view_page:open_page                                        530    560    590    620   1000   1100   1200   1200   1300   1400   1400   3227
 Action   locust_view_page:view_page_tree                                   120    130    140    140    160    180    190    200    260    300    300   3182
--------|------------------------------------------------------------|---------|------|------|------|------|------|------|------|------|------|------|------|
 None     Aggregated                                                        400    520    570    600   1100   1700   1900   2300   2600   2700   2700  11455

Error report
 # occurrences      Error                                                                                               
--------------------------------------------------------------------------------------------------------------------------------------------
 370                Action locust_app_specific_action: "HTTPError('403 Client Error:  for url: http://confl-loadb-1v2eqiyuys8zh-928931783.us-east-2.elb.amazonaws.com:80/rest/spacetree/1.0/spaces')"
--------------------------------------------------------------------------------------------------------------------------------------------

