[DEPRECATED] The --hatch-rate parameter has been renamed --spawn-rate
 Name                                                          # reqs      # fails  |     Avg     Min     Max  Median  |   req/s failures/s
--------------------------------------------------------------------------------------------------------------------------------------------
 Action locust_app_specific_action                               1456     0(0.00%)  |    7277    2794   37819    7300  |    0.48    0.00
 Action locust_comment_page                                      1125     0(0.00%)  |     171      89    1440     160  |    0.37    0.00
 Action locust_create_and_edit_page:create_page                  1420     0(0.00%)  |     582     402     856     640  |    0.47    0.00
 Action locust_create_and_edit_page:create_page_editor           1426     0(0.00%)  |     322     206     666     360  |    0.47    0.00
 Action locust_create_and_edit_page:edit_page                    1405     0(0.00%)  |     611     428    1597     670  |    0.47    0.00
 Action locust_create_and_edit_page:open_editor                  1411     0(0.00%)  |     211     152     399     220  |    0.47    0.00
 Action locust_create_blog:blog_editor                            694     0(0.00%)  |     349     237     738     320  |    0.23    0.00
 Action locust_create_blog:feel_and_publish                       690     0(0.00%)  |     632     460     869     620  |    0.23    0.00
 Action locust_like_page                                          702     0(0.00%)  |      42      20     104      41  |    0.23    0.00
 Action locust_login_and_view_dashboard                           200     0(0.00%)  |    2151    1555    3600    2400  |    0.07    0.00
 Action locust_search_cql:recently_viewed                        1583     0(0.00%)  |      29      12     199      30  |    0.53    0.00
 Action locust_search_cql:search_results                         1574     0(0.00%)  |     460     232    7096     450  |    0.52    0.00
 Action locust_upload_attachment                                 1110     0(0.00%)  |    1088     386   55280     670  |    0.37    0.00
 Action locust_view_attachment                                    713     0(0.00%)  |     163      88    1304     140  |    0.24    0.00
 Action locust_view_blog                                         1818     0(0.00%)  |    1296     609   37214    1300  |    0.61    0.00
 Action locust_view_dashboard                                    1361     0(0.00%)  |    1495    1024    2552    1400  |    0.45    0.00
 Action locust_view_page:open_page                              12261     0(0.00%)  |     642     292   39353     580  |    4.08    0.00
 Action locust_view_page:view_page_tree                         12217     0(0.00%)  |     290      26    1206     280  |    4.07    0.00
--------------------------------------------------------------------------------------------------------------------------------------------
 Aggregated                                                     43166     0(0.00%)  |     748      12   55280     430  |   14.37    0.00

Response time percentiles (approximated)
 Type     Name                                                              50%    66%    75%    80%    90%    95%    98%    99%  99.9% 99.99%   100% # reqs
--------|------------------------------------------------------------|---------|------|------|------|------|------|------|------|------|------|------|------|
 Action   locust_app_specific_action                                       7300   7700   8400   9100   9800   9900  10000  10000  16000  38000  38000   1456
 Action   locust_comment_page                                               160    180    200    210    250    270    300    320    380   1400   1400   1125
 Action   locust_create_and_edit_page:create_page                           640    670    680    680    700    720    740    760    850    860    860   1420
 Action   locust_create_and_edit_page:create_page_editor                    360    380    380    390    400    420    430    440    620    670    670   1426
 Action   locust_create_and_edit_page:edit_page                             670    700    710    720    730    750    780    800    840   1600   1600   1405
 Action   locust_create_and_edit_page:open_editor                           220    230    240    240    250    260    270    290    330    400    400   1411
 Action   locust_create_blog:blog_editor                                    320    410    410    420    430    440    480    520    740    740    740    694
 Action   locust_create_blog:feel_and_publish                               630    700    720    730    760    780    810    840    870    870    870    690
 Action   locust_like_page                                                   41     45     53     56     60     63     68     79    100    100    100    702
 Action   locust_login_and_view_dashboard                                  2400   2500   2500   2500   2600   2600   2700   2800   3600   3600   3600    200
 Action   locust_search_cql:recently_viewed                                  30     35     37     38     41     44     54     65    110    200    200   1583
 Action   locust_search_cql:search_results                                  450    470    480    500    530    590    970   1900   5700   7100   7100   1574
 Action   locust_upload_attachment                                          670    770    860    930   1100   1300   5900  11000  48000  55000  55000   1110
 Action   locust_view_attachment                                            140    160    180    220    250    270    310    330   1300   1300   1300    713
 Action   locust_view_blog                                                 1300   1400   1400   1500   1600   2100   2200   2300  32000  37000  37000   1818
 Action   locust_view_dashboard                                            1400   1800   1800   1800   1800   1900   1900   2000   2100   2600   2600   1361
 Action   locust_view_page:open_page                                        580    640    690    720    830   1100   1300   1300   9400  34000  39000  12261
 Action   locust_view_page:view_page_tree                                   280    320    340    360    420    460    510    550    650   1200   1200  12217
--------|------------------------------------------------------------|---------|------|------|------|------|------|------|------|------|------|------|------|
 None     Aggregated                                                        430    560    660    710   1200   1800   7200   8000  10000  38000  55000  43166

