[2020-11-07 11:43:32,037 INFO root] Taurus CLI Tool v1.15.0
[2020-11-07 11:43:32,037 DEBUG root] Command-line options: {'log': '/tmp/bzt_ynjbycwg.log', 'option': ['modules.console.disable=true'], 'quiet': None, 'verbose': None, 'no_system_configs': None, 'aliases': []}
[2020-11-07 11:43:32,037 DEBUG root] Python: CPython 3.8.0
[2020-11-07 11:43:32,037 DEBUG root] OS: uname_result(system='Linux', node='401c76ebd301', release='5.3.0-1035-aws', version='#37-Ubuntu SMP Sun Sep 6 01:17:09 UTC 2020', machine='x86_64', processor='x86_64')
[2020-11-07 11:43:32,037 INFO root] Starting with configs: ['confluence.yml']
[2020-11-07 11:43:32,038 DEBUG root] Using personal config: /root/.bzt-rc
[2020-11-07 11:43:32,038 INFO Engine] Configuring...
[2020-11-07 11:43:32,038 DEBUG Engine] Reading system configs from: /etc/bzt.d
[2020-11-07 11:43:32,047 DEBUG Engine] Base configs list: ['/usr/local/lib/python3.8/dist-packages/bzt/resources/10-base-config.yml', '/etc/bzt.d/50-pbench-enhanced.json', '/etc/bzt.d/90-artifacts-dir.json', '/etc/bzt.d/99-zinstallID.json']
[2020-11-07 11:43:32,047 DEBUG Engine.Configuration] Configs: ['/usr/local/lib/python3.8/dist-packages/bzt/resources/10-base-config.yml', '/etc/bzt.d/50-pbench-enhanced.json', '/etc/bzt.d/90-artifacts-dir.json', '/etc/bzt.d/99-zinstallID.json']
[2020-11-07 11:43:32,047 DEBUG Engine.Configuration] Reading /usr/local/lib/python3.8/dist-packages/bzt/resources/10-base-config.yml as YAML
[2020-11-07 11:43:32,062 DEBUG Engine.Configuration] Reading /etc/bzt.d/50-pbench-enhanced.json as YAML
[2020-11-07 11:43:32,062 DEBUG Engine.Configuration] Reading /etc/bzt.d/90-artifacts-dir.json as YAML
[2020-11-07 11:43:32,063 DEBUG Engine.Configuration] Reading /etc/bzt.d/99-zinstallID.json as YAML
[2020-11-07 11:43:32,063 DEBUG Engine] User configs list: ['/root/.bzt-rc', 'confluence.yml']
[2020-11-07 11:43:32,063 DEBUG Engine.Configuration] Configs: ['/root/.bzt-rc', 'confluence.yml']
[2020-11-07 11:43:32,063 DEBUG Engine.Configuration] Reading /root/.bzt-rc as YAML
[2020-11-07 11:43:32,066 DEBUG Engine.Configuration] Reading confluence.yml as YAML
[2020-11-07 11:43:32,075 DEBUG Engine.Configuration] Configs: ['/root/.bzt-rc', 'confluence.yml']
[2020-11-07 11:43:32,076 DEBUG Engine.Configuration] Reading /root/.bzt-rc as YAML
[2020-11-07 11:43:32,078 DEBUG Engine.Configuration] Reading confluence.yml as YAML
[2020-11-07 11:43:32,092 DEBUG Engine] Requesting updates info: https://gettaurus.org/updates/?version=1.15.0&installID=Docker
[2020-11-07 11:43:32,093 DEBUG ConfigOverrider] Applying modules.console.disable=true
[2020-11-07 11:43:32,093 DEBUG HTTPClient] Making HTTP request GET https://gettaurus.org/updates/?version=1.15.0&installID=Docker
[2020-11-07 11:43:32,093 DEBUG ConfigOverrider] Applying: [disable]=true
[2020-11-07 11:43:32,093 DEBUG ConfigOverrider] Parsed override value: 'true' -> True (<class 'bool'>)
[2020-11-07 11:43:32,093 INFO Engine] Artifacts dir: /dc-app-performance-toolkit/app/results/confluence/2020-11-07_11-43-32
[2020-11-07 11:43:32,094 DEBUG Engine] New artifact filename: /dc-app-performance-toolkit/app/results/confluence/2020-11-07_11-43-32/effective
[2020-11-07 11:43:32,096 DEBUG urllib3.connectionpool] Starting new HTTPS connection (1): gettaurus.org:443
[2020-11-07 11:43:32,096 DEBUG Engine.Configuration] Dumping YAML config into /dc-app-performance-toolkit/app/results/confluence/2020-11-07_11-43-32/effective.yml
[2020-11-07 11:43:32,110 DEBUG Engine.Configuration] Dumping JSON config into /dc-app-performance-toolkit/app/results/confluence/2020-11-07_11-43-32/effective.json
[2020-11-07 11:43:32,111 DEBUG Engine] New artifact filename: /dc-app-performance-toolkit/app/results/confluence/2020-11-07_11-43-32/merged.yml
[2020-11-07 11:43:32,111 DEBUG Engine.Configuration] Dumping YAML config into /dc-app-performance-toolkit/app/results/confluence/2020-11-07_11-43-32/merged.yml
[2020-11-07 11:43:32,116 DEBUG Engine] New artifact filename: /dc-app-performance-toolkit/app/results/confluence/2020-11-07_11-43-32/merged.json
[2020-11-07 11:43:32,117 DEBUG Engine.Configuration] Dumping JSON config into /dc-app-performance-toolkit/app/results/confluence/2020-11-07_11-43-32/merged.json
[2020-11-07 11:43:32,117 DEBUG Engine] Add existing artifact (move=False): confluence.yml
[2020-11-07 11:43:32,117 DEBUG Engine] Copying confluence.yml to /dc-app-performance-toolkit/app/results/confluence/2020-11-07_11-43-32/confluence.yml
[2020-11-07 11:43:32,117 DEBUG Engine] Set PYTHONPATH to '/root/.bzt/python-packages/3.8.0' + '/dc-app-performance-toolkit/app/results/confluence/2020-11-07_11-43-32/python-packages/3.8.0' + 
[2020-11-07 11:43:32,117 DEBUG Engine] Content of user packages dir: %s
[2020-11-07 11:43:32,118 DEBUG Engine] OS env: OBJC_DISABLE_INITIALIZE_FORK_SAFETY=YES
[2020-11-07 11:43:32,118 DEBUG Engine] OS env: application_hostname=confl-loadb-1p51lrpyvl3ud-1694909484.us-east-1.elb.amazonaws.com
[2020-11-07 11:43:32,118 DEBUG Engine] OS env: application_protocol=http
[2020-11-07 11:43:32,118 DEBUG Engine] OS env: application_port=80
[2020-11-07 11:43:32,118 DEBUG Engine] OS env: secure=True
[2020-11-07 11:43:32,118 DEBUG Engine] OS env: admin_login=admin
[2020-11-07 11:43:32,118 DEBUG Engine] OS env: admin_password=admin
[2020-11-07 11:43:32,118 DEBUG Engine] OS env: load_executor=locust
[2020-11-07 11:43:32,118 DEBUG Engine] OS env: concurrency=200
[2020-11-07 11:43:32,118 DEBUG Engine] OS env: test_duration=45m
[2020-11-07 11:43:32,118 DEBUG Engine] OS env: ramp-up=5m
[2020-11-07 11:43:32,118 DEBUG Engine] OS env: total_actions_per_hour=54500
[2020-11-07 11:43:32,118 DEBUG Engine] OS env: WEBDRIVER_VISIBLE=False
[2020-11-07 11:43:32,118 DEBUG Engine] OS env: JMETER_VERSION=5.2.1
[2020-11-07 11:43:32,118 DEBUG Engine] OS env: LANGUAGE=en_US.utf8
[2020-11-07 11:43:32,118 DEBUG Engine] OS env: allow_analytics=True
[2020-11-07 11:43:32,118 DEBUG Engine] OS env: view_page=54
[2020-11-07 11:43:32,118 DEBUG Engine] OS env: view_dashboard=6
[2020-11-07 11:43:32,118 DEBUG Engine] OS env: view_blog=8
[2020-11-07 11:43:32,118 DEBUG Engine] OS env: search_cql=7
[2020-11-07 11:43:32,118 DEBUG Engine] OS env: create_blog=3
[2020-11-07 11:43:32,118 DEBUG Engine] OS env: create_and_edit_page=6
[2020-11-07 11:43:32,118 DEBUG Engine] OS env: comment_page=5
[2020-11-07 11:43:32,118 DEBUG Engine] OS env: view_attachment=3
[2020-11-07 11:43:32,118 DEBUG Engine] OS env: upload_attachment=5
[2020-11-07 11:43:32,118 DEBUG Engine] OS env: like_page=3
[2020-11-07 11:43:32,118 DEBUG Engine] OS env: standalone_extension=6
[2020-11-07 11:43:32,118 DEBUG Engine] OS env: custom_dataset_query=title ~ 'NewsTeaser*'
[2020-11-07 11:43:32,118 DEBUG Engine] OS env: TAURUS_ARTIFACTS_DIR=/dc-app-performance-toolkit/app/results/confluence/2020-11-07_11-43-32
[2020-11-07 11:43:32,118 DEBUG root] Closing log handler: /tmp/bzt_ynjbycwg.log
[2020-11-07 11:43:32,119 DEBUG root] Switched writing logs to /dc-app-performance-toolkit/app/results/confluence/2020-11-07_11-43-32/bzt.log
[2020-11-07 11:43:32,119 DEBUG root] Linting config
[2020-11-07 11:43:32,121 INFO Engine] Preparing...
[2020-11-07 11:43:32,122 DEBUG Engine] Module config: consolidator {'class': 'bzt.modules.aggregator.ConsolidatingAggregator', 'rtimes-len': 0, 'percentiles': []}
[2020-11-07 11:43:32,122 DEBUG root] Importing module: bzt.modules.aggregator
[2020-11-07 11:43:32,215 DEBUG root] Loading class: 'ConsolidatingAggregator' from <module 'bzt.modules.aggregator' from '/usr/local/lib/python3.8/dist-packages/bzt/modules/aggregator.py'>
[2020-11-07 11:43:32,215 DEBUG Engine.consolidator] Buffer scaling setup: percentile None from [] selected
[2020-11-07 11:43:32,216 DEBUG Engine] Module config: monitoring {'class': 'bzt.modules.monitoring.Monitoring'}
[2020-11-07 11:43:32,216 DEBUG root] Importing module: bzt.modules.monitoring
[2020-11-07 11:43:32,217 DEBUG root] Loading class: 'Monitoring' from <module 'bzt.modules.monitoring' from '/usr/local/lib/python3.8/dist-packages/bzt/modules/monitoring.py'>
[2020-11-07 11:43:32,217 DEBUG Engine] Module config: shellexec {'class': 'bzt.modules.shellexec.ShellExecutor'}
[2020-11-07 11:43:32,217 DEBUG root] Importing module: bzt.modules.shellexec
[2020-11-07 11:43:32,222 DEBUG easyprocess] version=0.3
[2020-11-07 11:43:32,223 DEBUG pyvirtualdisplay] version=1.3.2
[2020-11-07 11:43:32,228 DEBUG root] Loading class: 'ShellExecutor' from <module 'bzt.modules.shellexec' from '/usr/local/lib/python3.8/dist-packages/bzt/modules/shellexec.py'>
[2020-11-07 11:43:32,229 DEBUG Engine.shellexec] Added prepare task: {'command': 'python util/pre_run/environment_checker.py'}
[2020-11-07 11:43:32,229 DEBUG Engine.shellexec] Added prepare task: {'command': 'python util/data_preparation/confluence_prepare_data.py'}
[2020-11-07 11:43:32,229 DEBUG Engine.shellexec] Added shutdown task: {'command': 'python util/post_run/jmeter_post_check.py'}
[2020-11-07 11:43:32,229 DEBUG Engine.shellexec] Added shutdown task: {'command': 'python util/jtl_convertor/jtls-to-csv.py kpi.jtl selenium.jtl'}
[2020-11-07 11:43:32,229 DEBUG Engine.shellexec] Added post-process task: {'command': 'python util/analytics/analytics.py confluence'}
[2020-11-07 11:43:32,229 DEBUG Engine.shellexec] Added post-process task: {'command': 'python util/post_run/cleanup_results_dir.py'}
[2020-11-07 11:43:32,229 INFO Engine.shellexec.Task] Starting shell command: python util/pre_run/environment_checker.py
[2020-11-07 11:43:32,229 DEBUG root] Executing shell: python util/pre_run/environment_checker.py at /dc-app-performance-toolkit/app
[2020-11-07 11:43:32,315 DEBUG Engine.shellexec.Task] Output for python util/pre_run/environment_checker.py:
Python version: (3, 8, 0)
Data Center App Performance Toolkit version: 3.2.0

[2020-11-07 11:43:32,316 DEBUG Engine.shellexec.Task] Task was finished with exit code 0: python util/pre_run/environment_checker.py
[2020-11-07 11:43:32,316 INFO Engine.shellexec.Task] Starting shell command: python util/data_preparation/confluence_prepare_data.py
[2020-11-07 11:43:32,316 DEBUG root] Executing shell: python util/data_preparation/confluence_prepare_data.py at /dc-app-performance-toolkit/app
[2020-11-07 11:43:32,707 DEBUG urllib3.connectionpool] https://gettaurus.org:443 "GET /updates/?version=1.15.0&installID=Docker HTTP/1.1" 200 39
[2020-11-07 11:43:32,708 DEBUG Engine] Taurus updates info: {'latest': '1.15.1', 'needsUpgrade': True}
[2020-11-07 11:43:32,708 WARNING Engine] There is newer version of Taurus 1.15.1 available, consider upgrading. What's new: http://gettaurus.org/docs/Changelog/
[2020-11-07 11:45:01,237 DEBUG Engine.shellexec.Task] Output for python util/data_preparation/confluence_prepare_data.py:
Started preparing data
Server url:  http://confl-loadb-1p51lrpyvl3ud-1694909484.us-east-1.elb.amazonaws.com:80

[2020-11-07 11:45:01,237 WARNING Engine.shellexec.Task] Errors for python util/data_preparation/confluence_prepare_data.py:
ERROR: There are no pages in Confluence could be found with CQL: title ~ 'NewsTeaser*'

[2020-11-07 11:45:01,237 DEBUG Engine.shellexec.Task] Task was finished with exit code 1: python util/data_preparation/confluence_prepare_data.py
[2020-11-07 11:45:01,238 ERROR root] CalledProcessError: Command 'python util/data_preparation/confluence_prepare_data.py' returned non-zero exit status 1.
  File "/usr/local/lib/python3.8/dist-packages/bzt/cli.py", line 259, in perform
    self.engine.prepare()
  File "/usr/local/lib/python3.8/dist-packages/bzt/engine/engine.py", line 215, in prepare
    self.__prepare_services()
  File "/usr/local/lib/python3.8/dist-packages/bzt/engine/engine.py", line 668, in __prepare_services
    module.prepare()
  File "/usr/local/lib/python3.8/dist-packages/bzt/modules/shellexec.py", line 130, in prepare
    task.start()
  File "/usr/local/lib/python3.8/dist-packages/bzt/modules/shellexec.py", line 217, in start
    self._get_results()
  File "/usr/local/lib/python3.8/dist-packages/bzt/modules/shellexec.py", line 244, in _get_results
    raise CalledProcessError(self.process.returncode, self)
[2020-11-07 11:45:01,238 INFO Engine] Post-processing...
[2020-11-07 11:45:01,238 DEBUG Engine.consolidator] Consolidator buffer[0]: dict_keys([])
[2020-11-07 11:45:01,238 INFO Engine.shellexec.Task] Starting shell command: python util/analytics/analytics.py confluence
[2020-11-07 11:45:01,238 DEBUG root] Executing shell: python util/analytics/analytics.py confluence at /dc-app-performance-toolkit/app
[2020-11-07 11:45:01,423 WARNING Engine.shellexec.Task] Errors for python util/analytics/analytics.py confluence:
Traceback (most recent call last):
  File "util/analytics/analytics.py", line 144, in <module>
    main()
  File "util/analytics/analytics.py", line 137, in main
    collector = AnalyticsCollector(application)
  File "util/analytics/analytics.py", line 33, in __init__
    self.results_log = ResultsFileReader()
  File "/dc-app-performance-toolkit/app/util/analytics/log_reader.py", line 120, in __init__
    self.results_log = self.get_results_log()
  File "/dc-app-performance-toolkit/app/util/analytics/log_reader.py", line 124, in get_results_log
    self.validate_file_exists(results_log_path)
  File "/dc-app-performance-toolkit/app/util/analytics/log_reader.py", line 16, in validate_file_exists
    raise Exception(f'{path} does not exist')
Exception: /dc-app-performance-toolkit/app/results/confluence/2020-11-07_11-43-32/results.csv does not exist

[2020-11-07 11:45:01,423 DEBUG Engine.shellexec.Task] Task was finished with exit code 1: python util/analytics/analytics.py confluence
[2020-11-07 11:45:01,423 DEBUG Engine] post_process: Command 'python util/analytics/analytics.py confluence' returned non-zero exit status 1.
Traceback (most recent call last):
  File "/usr/local/lib/python3.8/dist-packages/bzt/engine/engine.py", line 340, in post_process
    module.post_process()
  File "/usr/local/lib/python3.8/dist-packages/bzt/modules/shellexec.py", line 159, in post_process
    task.start()
  File "/usr/local/lib/python3.8/dist-packages/bzt/modules/shellexec.py", line 217, in start
    self._get_results()
  File "/usr/local/lib/python3.8/dist-packages/bzt/modules/shellexec.py", line 244, in _get_results
    raise CalledProcessError(self.process.returncode, self)
subprocess.CalledProcessError: Command 'python util/analytics/analytics.py confluence' returned non-zero exit status 1.

[2020-11-07 11:45:01,424 DEBUG Engine.Configuration] Dumping YAML config into /dc-app-performance-toolkit/app/results/confluence/2020-11-07_11-43-32/effective.yml
[2020-11-07 11:45:01,440 DEBUG Engine.Configuration] Dumping JSON config into /dc-app-performance-toolkit/app/results/confluence/2020-11-07_11-43-32/effective.json
[2020-11-07 11:45:01,441 DEBUG root] CalledProcessError: Command 'python util/analytics/analytics.py confluence' returned non-zero exit status 1.
  File "/usr/local/lib/python3.8/dist-packages/bzt/cli.py", line 267, in perform
    self.engine.post_process()
  File "/usr/local/lib/python3.8/dist-packages/bzt/engine/engine.py", line 354, in post_process
    reraise(exc_info, exc_value)
  File "/usr/local/lib/python3.8/dist-packages/bzt/utils.py", line 102, in reraise
    raise exc
  File "/usr/local/lib/python3.8/dist-packages/bzt/engine/engine.py", line 340, in post_process
    module.post_process()
  File "/usr/local/lib/python3.8/dist-packages/bzt/modules/shellexec.py", line 159, in post_process
    task.start()
  File "/usr/local/lib/python3.8/dist-packages/bzt/modules/shellexec.py", line 217, in start
    self._get_results()
  File "/usr/local/lib/python3.8/dist-packages/bzt/modules/shellexec.py", line 244, in _get_results
    raise CalledProcessError(self.process.returncode, self)
[2020-11-07 11:45:01,441 INFO root] Artifacts dir: /dc-app-performance-toolkit/app/results/confluence/2020-11-07_11-43-32
[2020-11-07 11:45:01,441 WARNING root] Done performing with code: 1
[2020-11-07 11:45:01,441 DEBUG root] Closing log handler: /dc-app-performance-toolkit/app/results/confluence/2020-11-07_11-43-32/bzt.log
