[DEPRECATED] The --hatch-rate parameter has been renamed --spawn-rate
 Name                                                          # reqs      # fails  |     Avg     Min     Max  Median  |   req/s failures/s
--------------------------------------------------------------------------------------------------------------------------------------------
 Action locust_comment_page                                       442     0(0.00%)  |     160     127     284     150  |    0.15    0.00
 Action locust_create_and_edit_page:create_page                   541     0(0.00%)  |     654     606     981     650  |    0.18    0.00
 Action locust_create_and_edit_page:create_page_editor            544     0(0.00%)  |     393     364     560     390  |    0.18    0.00
 Action locust_create_and_edit_page:edit_page                     533     0(0.00%)  |     682     635     853     680  |    0.18    0.00
 Action locust_create_and_edit_page:open_editor                   536     0(0.00%)  |     245     223     362     240  |    0.18    0.00
 Action locust_create_blog:blog_editor                            239     0(0.00%)  |     446     406     565     440  |    0.08    0.00
 Action locust_create_blog:feel_and_publish                       238     0(0.00%)  |     656     609     810     650  |    0.08    0.00
 Action locust_like_page                                          246     0(0.00%)  |      60      36     126      64  |    0.08    0.00
 Action locust_login_and_view_dashboard                           200     0(0.00%)  |    2325    2117    2745    2300  |    0.07    0.00
 Action locust_search_cql:recently_viewed                         594     0(0.00%)  |      38      31     184      37  |    0.20    0.00
 Action locust_search_cql:search_results                          594     0(0.00%)  |     480     271    6594     450  |    0.20    0.00
 Action locust_upload_attachment                                  426     0(0.00%)  |     560     383    1150     510  |    0.14    0.00
 Action locust_view_attachment                                    260     0(0.00%)  |     128      88     272     110  |    0.09    0.00
 Action locust_view_blog                                          710     0(0.00%)  |    1347     662    2193    1300  |    0.24    0.00
 Action locust_view_dashboard                                     518     0(0.00%)  |    1705    1605    1993    1700  |    0.17    0.00
 Action locust_view_page:open_page                               4692     0(0.00%)  |     638     478    1419     590  |    1.56    0.00
 Action locust_view_page:view_page_tree                          4633     0(0.00%)  |      61      21     218      58  |    1.54    0.00
--------------------------------------------------------------------------------------------------------------------------------------------
 Aggregated                                                     15946     0(0.00%)  |     475      21    6594     460  |    5.31    0.00

Response time percentiles (approximated)
 Type     Name                                                              50%    66%    75%    80%    90%    95%    98%    99%  99.9% 99.99%   100% # reqs
--------|------------------------------------------------------------|---------|------|------|------|------|------|------|------|------|------|------|------|
 Action   locust_comment_page                                               150    160    170    180    200    210    220    230    280    280    280    442
 Action   locust_create_and_edit_page:create_page                           650    660    670    670    680    700    720    760    980    980    980    541
 Action   locust_create_and_edit_page:create_page_editor                    390    400    400    400    410    440    460    480    560    560    560    544
 Action   locust_create_and_edit_page:edit_page                             680    690    690    700    710    730    750    770    850    850    850    533
 Action   locust_create_and_edit_page:open_editor                           240    250    250    250    260    270    310    330    360    360    360    536
 Action   locust_create_blog:blog_editor                                    440    450    460    460    470    500    530    550    560    560    560    239
 Action   locust_create_blog:feel_and_publish                               650    660    670    680    690    720    750    760    810    810    810    238
 Action   locust_like_page                                                   65     66     67     68     70     73     78    100    130    130    130    246
 Action   locust_login_and_view_dashboard                                  2300   2400   2400   2400   2500   2600   2700   2700   2700   2700   2700    200
 Action   locust_search_cql:recently_viewed                                  37     38     39     40     41     43     59     77    180    180    180    594
 Action   locust_search_cql:search_results                                  450    460    470    480    500    570   1500   2100   6600   6600   6600    594
 Action   locust_upload_attachment                                          510    600    640    670    780    860    970   1000   1200   1200   1200    426
 Action   locust_view_attachment                                            110    130    160    170    190    210    220    220    270    270    270    260
 Action   locust_view_blog                                                 1300   1400   1400   1400   1700   1800   1900   1900   2200   2200   2200    710
 Action   locust_view_dashboard                                            1700   1700   1700   1700   1800   1800   1800   1900   2000   2000   2000    518
 Action   locust_view_page:open_page                                        590    630    680    750    890    950   1000   1000   1200   1400   1400   4692
 Action   locust_view_page:view_page_tree                                    58     67     73     77     90    100    120    130    190    220    220   4633
--------|------------------------------------------------------------|---------|------|------|------|------|------|------|------|------|------|------|------|
 None     Aggregated                                                        460    580    640    670    980   1600   1800   2200   2500   5600   6600  15946

