[DEPRECATED] The --hatch-rate parameter has been renamed --spawn-rate
 Name                                                          # reqs      # fails  |     Avg     Min     Max  Median  |   req/s failures/s
--------------------------------------------------------------------------------------------------------------------------------------------
 Action locust_app_specific_action                               1363     0(0.00%)  |    1012     615    1988    1100  |    0.45    0.00
 Action locust_comment_page                                      1128     0(0.00%)  |     213     134     348     190  |    0.38    0.00
 Action locust_create_blog                                        675     0(0.00%)  |    1658    1366    2014    1800  |    0.22    0.00
 Action locust_create_blog_editor                                 675     0(0.00%)  |    1007     808    1294    1100  |    0.22    0.00
 Action locust_create_page                                       1341     0(0.00%)  |    1656    1389    2044    1500  |    0.45    0.00
 Action locust_create_page_editor                                1347     0(0.00%)  |     953     790    1432     870  |    0.45    0.00
 Action locust_edit_page                                         1327     0(0.00%)  |    1692    1407    2533    1600  |    0.44    0.00
 Action locust_like_page                                          665     0(0.00%)  |     175     138     351     170  |    0.22    0.00
 Action locust_login_and_view_dashboard                           200     0(0.00%)  |    4563    4046    6319    4600  |    0.07    0.00
 Action locust_open_editor                                       1333     0(0.00%)  |     707     609    1699     690  |    0.44    0.00
 Action locust_search_cql                                        1690     0(0.00%)  |     600     384    6826     580  |    0.56    0.00
 Action locust_search_recently_viewed                            1698     0(0.00%)  |      90      71     224      86  |    0.56    0.00
 Action locust_upload_attachments                                1189     0(0.00%)  |    1425     760   32544    1100  |    0.40    0.00
 Action locust_view_attachments                                   670     0(0.00%)  |     205     133     442     190  |    0.22    0.00
 Action locust_view_blog                                         1813     0(0.00%)  |    2285    1185   24951    2300  |    0.60    0.00
 Action locust_view_dashboard                                    1349     0(0.00%)  |    3668    3266    4379    3700  |    0.45    0.00
 Action locust_view_page                                        12379     1(0.01%)  |    1412    1042  100870    1400  |    4.12    0.00
 Action locust_view_page_tree                                   12354     0(0.00%)  |     194      76     784     180  |    4.11    0.00
--------------------------------------------------------------------------------------------------------------------------------------------
 Aggregated                                                     43196     1(0.00%)  |     998      71  100870     990  |   14.37    0.00

Response time percentiles (approximated)
 Type     Name                                                              50%    66%    75%    80%    90%    95%    98%    99%  99.9% 99.99%   100% # reqs
--------|------------------------------------------------------------|---------|------|------|------|------|------|------|------|------|------|------|------|
 Action   locust_app_specific_action                                       1100   1200   1200   1200   1300   1300   1400   1400   1700   2000   2000   1363
 Action   locust_comment_page                                               190    260    260    260    280    290    300    320    340    350    350   1128
 Action   locust_create_blog                                               1800   1800   1900   1900   1900   1900   1900   1900   2000   2000   2000    675
 Action   locust_create_blog_editor                                        1100   1100   1100   1200   1200   1200   1200   1200   1300   1300   1300    675
 Action   locust_create_page                                               1500   1800   1900   1900   1900   1900   1900   2000   2000   2000   2000   1341
 Action   locust_create_page_editor                                         870   1100   1100   1100   1100   1100   1100   1100   1200   1400   1400   1347
 Action   locust_edit_page                                                 1600   1900   1900   1900   1900   2000   2000   2000   2300   2500   2500   1327
 Action   locust_like_page                                                  170    190    200    200    200    200    210    220    350    350    350    665
 Action   locust_login_and_view_dashboard                                  4600   4800   4800   4900   5000   5100   5300   5700   6300   6300   6300    200
 Action   locust_open_editor                                                690    760    770    780    790    800    810    810   1600   1700   1700   1333
 Action   locust_search_cql                                                 580    600    620    630    650    710   1000   1500   5700   6800   6800   1690
 Action   locust_search_recently_viewed                                      86     99    100    100    100    110    110    120    150    220    220   1698
 Action   locust_upload_attachments                                        1100   1200   1400   1500   1600   2000   6600   9100  18000  33000  33000   1189
 Action   locust_view_attachments                                           190    200    220    250    310    340    360    380    440    440    440    670
 Action   locust_view_blog                                                 2300   2500   2500   2600   2700   3100   3400   4800  24000  25000  25000   1813
 Action   locust_view_dashboard                                            3700   3800   3900   3900   4000   4000   4100   4200   4300   4400   4400   1349
 Action   locust_view_page                                                 1400   1500   1500   1500   1600   1800   1900   2000   8100  25000 101000  12379
 Action   locust_view_page_tree                                             180    200    220    230    270    300    370    440    660    750    780  12354
--------|------------------------------------------------------------|---------|------|------|------|------|------|------|------|------|------|------|------|
 None     Aggregated                                                        990   1300   1500   1500   1900   2500   3800   4000   7700  24000 101000  43196

Error report
 # occurrences      Error                                                                                               
--------------------------------------------------------------------------------------------------------------------------------------------
 1                  Action locust_view_page: "HTTPError('502 Server Error: Bad Gateway for url: http://confl-loadb-1p51lrpyvl3ud-1694909484.us-east-1.elb.amazonaws.com:80/rest/highlighting/1.0/panel-items?pageId=10408861&_=1604751383')"
--------------------------------------------------------------------------------------------------------------------------------------------

