2020-12-17 17:13:28,038 INFO o.a.j.u.JMeterUtils: Setting Locale to en_US
2020-12-17 17:13:28,049 INFO o.a.j.JMeter: Loading user properties from: /root/.bzt/jmeter-taurus/5.2.1/bin/user.properties
2020-12-17 17:13:28,049 INFO o.a.j.JMeter: Loading system properties from: /root/.bzt/jmeter-taurus/5.2.1/bin/system.properties
2020-12-17 17:13:28,049 INFO o.a.j.JMeter: Loading additional properties from: /dc-app-performance-toolkit/app/results/bitbucket/2020-12-17_17-10-31/jmeter-bzt.properties
2020-12-17 17:13:28,049 INFO o.a.j.JMeter: Setting System properties from file: /dc-app-performance-toolkit/app/results/bitbucket/2020-12-17_17-10-31/system.properties
2020-12-17 17:13:28,050 INFO o.a.j.JMeter: Copyright (c) 1998-2019 The Apache Software Foundation
2020-12-17 17:13:28,050 INFO o.a.j.JMeter: Version 5.2.1
2020-12-17 17:13:28,050 INFO o.a.j.JMeter: java.version=1.8.0_265
2020-12-17 17:13:28,050 INFO o.a.j.JMeter: java.vm.name=OpenJDK 64-Bit Server VM
2020-12-17 17:13:28,050 INFO o.a.j.JMeter: os.name=Linux
2020-12-17 17:13:28,050 INFO o.a.j.JMeter: os.arch=amd64
2020-12-17 17:13:28,050 INFO o.a.j.JMeter: os.version=5.4.0-1029-aws
2020-12-17 17:13:28,051 INFO o.a.j.JMeter: file.encoding=UTF-8
2020-12-17 17:13:28,051 INFO o.a.j.JMeter: java.awt.headless=true
2020-12-17 17:13:28,051 INFO o.a.j.JMeter: Max memory     =7635730432
2020-12-17 17:13:28,051 INFO o.a.j.JMeter: Available Processors =8
2020-12-17 17:13:28,054 INFO o.a.j.JMeter: Default Locale=English (United States)
2020-12-17 17:13:28,054 INFO o.a.j.JMeter: JMeter  Locale=English (United States)
2020-12-17 17:13:28,054 INFO o.a.j.JMeter: JMeterHome=/root/.bzt/jmeter-taurus/5.2.1
2020-12-17 17:13:28,054 INFO o.a.j.JMeter: user.dir  =/dc-app-performance-toolkit/app
2020-12-17 17:13:28,054 INFO o.a.j.JMeter: PWD       =/dc-app-performance-toolkit/app
2020-12-17 17:13:28,054 INFO o.a.j.JMeter: IP: 172.17.0.2 Name: c39c4b75e9fc FullName: c39c4b75e9fc
2020-12-17 17:13:28,055 INFO o.a.j.JMeter: user.classpath=/dc-app-performance-toolkit/app/results/bitbucket/2020-12-17_17-10-31:/dc-app-performance-toolkit/app/jmeter
2020-12-17 17:13:28,055 INFO o.a.j.JMeter: Adding to classpath and loader: /dc-app-performance-toolkit/app/results/bitbucket/2020-12-17_17-10-31
2020-12-17 17:13:28,055 INFO o.a.j.JMeter: Adding to classpath and loader: /dc-app-performance-toolkit/app/jmeter
2020-12-17 17:13:28,059 INFO o.a.j.s.FileServer: Default base='/dc-app-performance-toolkit/app'
2020-12-17 17:13:28,070 INFO o.a.j.s.FileServer: Set new base='/dc-app-performance-toolkit/app/jmeter'
2020-12-17 17:13:28,166 INFO o.a.j.s.SaveService: Testplan (JMX) version: 2.2. Testlog (JTL) version: 2.2
2020-12-17 17:13:28,171 INFO o.a.j.s.SaveService: Using SaveService properties file encoding UTF-8
2020-12-17 17:13:28,176 INFO o.a.j.s.SaveService: Using SaveService properties version 5.0
2020-12-17 17:13:28,181 INFO o.a.j.s.SaveService: Loading file: /dc-app-performance-toolkit/app/jmeter/modified_bitbucket.jmx
2020-12-17 17:13:28,212 INFO o.a.j.p.h.c.CookieManager: Settings: Delete null: true Check: true Allow variable: true Save: false Prefix: COOKIE_
2020-12-17 17:13:28,217 INFO o.a.j.p.h.c.CacheManager: Will only cache the following methods: [GET]
2020-12-17 17:13:28,475 INFO o.a.j.p.h.s.HTTPSamplerBase: Parser for text/html is org.apache.jmeter.protocol.http.parser.LagartoBasedHtmlParser
2020-12-17 17:13:28,475 INFO o.a.j.p.h.s.HTTPSamplerBase: Parser for application/xhtml+xml is org.apache.jmeter.protocol.http.parser.LagartoBasedHtmlParser
2020-12-17 17:13:28,475 INFO o.a.j.p.h.s.HTTPSamplerBase: Parser for application/xml is org.apache.jmeter.protocol.http.parser.LagartoBasedHtmlParser
2020-12-17 17:13:28,475 INFO o.a.j.p.h.s.HTTPSamplerBase: Parser for text/xml is org.apache.jmeter.protocol.http.parser.LagartoBasedHtmlParser
2020-12-17 17:13:28,475 INFO o.a.j.p.h.s.HTTPSamplerBase: Parser for text/vnd.wap.wml is org.apache.jmeter.protocol.http.parser.RegexpHTMLParser
2020-12-17 17:13:28,475 INFO o.a.j.p.h.s.HTTPSamplerBase: Parser for text/css is org.apache.jmeter.protocol.http.parser.CssParser
2020-12-17 17:13:28,546 INFO o.a.j.e.StandardJMeterEngine: Running the test!
2020-12-17 17:13:28,548 INFO o.a.j.s.SampleEvent: List of sample_variables: []
2020-12-17 17:13:28,548 INFO o.a.j.s.SampleEvent: List of sample_variables: []
2020-12-17 17:13:28,552 INFO o.a.j.e.u.CompoundVariable: Note: Function class names must contain the string: '.functions.'
2020-12-17 17:13:28,552 INFO o.a.j.e.u.CompoundVariable: Note: Function class names must not contain the string: '.gui.'
2020-12-17 17:13:28,797 INFO o.a.j.JMeter: Running test (1608225208797)
2020-12-17 17:13:28,798 INFO o.a.j.e.StandardJMeterEngine: Starting setUp thread groups
2020-12-17 17:13:28,799 INFO o.a.j.e.StandardJMeterEngine: Starting setUp ThreadGroup: 1 : setUp Thread Group 
2020-12-17 17:13:28,799 INFO o.a.j.e.StandardJMeterEngine: Starting 1 threads for group setUp Thread Group.
2020-12-17 17:13:28,799 INFO o.a.j.e.StandardJMeterEngine: Thread will continue on error
2020-12-17 17:13:28,799 INFO o.a.j.t.ThreadGroup: Starting thread group... number=1 threads=1 ramp-up=1 delayedStart=false
2020-12-17 17:13:28,812 INFO o.a.j.t.ThreadGroup: Started thread group number 1
2020-12-17 17:13:28,812 INFO o.a.j.e.StandardJMeterEngine: Waiting for all setup thread groups to exit
2020-12-17 17:13:28,813 INFO o.a.j.t.JMeterThread: Thread started: setUp Thread Group 1-1
2020-12-17 17:13:28,830 INFO o.a.j.u.BeanShellTestElement: Git temporary workspace: [/tmp/dcapt_git_workspace_67995716-cf93-464b-9b84-f487261287a2] successfully created.
2020-12-17 17:13:29,364 INFO o.a.j.u.BeanShellTestElement: SSH keys are stored in /tmp/dcapt_git_workspace_67995716-cf93-464b-9b84-f487261287a2/bitbucket_ssh/id_rsa
2020-12-17 17:13:29,703 INFO o.a.j.m.J.GIT_LOG_DIR: GIT_LOG_DIR: /dc-app-performance-toolkit/app/results/bitbucket/2020-12-17_17-10-31
2020-12-17 17:13:29,710 INFO o.a.j.s.SampleResult: Note: Sample TimeStamps are START times
2020-12-17 17:13:29,710 INFO o.a.j.s.SampleResult: sampleresult.default.encoding is set to UTF-8
2020-12-17 17:13:29,710 INFO o.a.j.s.SampleResult: sampleresult.useNanoTime=true
2020-12-17 17:13:29,710 INFO o.a.j.s.SampleResult: sampleresult.nanoThreadSleep=5000
2020-12-17 17:13:29,752 INFO o.a.j.p.h.s.HTTPHCAbstractImpl: Local host = c39c4b75e9fc
2020-12-17 17:13:29,757 INFO o.a.j.p.h.s.HTTPHC4Impl: HTTP request retry count = 0
2020-12-17 17:14:10,167 INFO o.a.j.t.JMeterThread: Thread is done: setUp Thread Group 1-1
2020-12-17 17:14:10,167 INFO o.a.j.t.JMeterThread: Thread finished: setUp Thread Group 1-1
2020-12-17 17:14:10,167 INFO o.a.j.e.StandardJMeterEngine: All Setup Threads have ended
2020-12-17 17:14:10,261 INFO o.a.j.e.StandardJMeterEngine: Starting ThreadGroup: 1 : bitbucket
2020-12-17 17:14:10,261 INFO o.a.j.e.StandardJMeterEngine: Starting 20 threads for group bitbucket.
2020-12-17 17:14:10,261 INFO o.a.j.e.StandardJMeterEngine: Thread will continue on error
2020-12-17 17:14:10,264 INFO o.a.j.e.StandardJMeterEngine: All thread groups have been started
2020-12-17 17:14:10,264 INFO c.b.j.t.c.ConcurrencyThreadStarter: Start supplying threads
2020-12-17 17:14:25,271 INFO o.a.j.t.JMeterThread: Thread started: bitbucket 1-1
2020-12-17 17:14:25,273 INFO o.a.j.s.FileServer: Stored: /dc-app-performance-toolkit/app/datasets/bitbucket/repos.csv
2020-12-17 17:14:25,274 INFO o.a.j.s.FileServer: Stored: /dc-app-performance-toolkit/app/datasets/bitbucket/users.csv
2020-12-17 17:14:35,407 INFO o.a.j.p.j.s.J.jmeter_create_repo_shallow_copy: Shallow copies folder: [/tmp/dcapt_git_workspace_67995716-cf93-464b-9b84-f487261287a2/shallow_copies] successfully created.
2020-12-17 17:14:55,272 INFO o.a.j.t.JMeterThread: Thread started: bitbucket 1-2
2020-12-17 17:15:17,179 INFO o.a.j.t.J.pacing timer: concurrency: 20, delay_between_transactions: 4403.6697247706425, thread_sleep: -37330
2020-12-17 17:15:18,420 INFO o.a.j.t.J.pacing timer: concurrency: 20, delay_between_transactions: 4403.6697247706425, thread_sleep: 3163
2020-12-17 17:15:22,985 INFO o.a.j.t.J.pacing timer: concurrency: 20, delay_between_transactions: 4403.6697247706425, thread_sleep: 3001
2020-12-17 17:15:23,281 INFO o.a.j.p.j.s.J.jmeter_create_repo_shallow_copy: Shallow copies folder: [/tmp/dcapt_git_workspace_67995716-cf93-464b-9b84-f487261287a2/shallow_copies] successfully created.
2020-12-17 17:15:24,724 INFO o.a.j.t.J.pacing timer: concurrency: 20, delay_between_transactions: 4403.6697247706425, thread_sleep: 2983
2020-12-17 17:15:25,279 INFO o.a.j.t.JMeterThread: Thread started: bitbucket 1-3
2020-12-17 17:15:27,061 INFO o.a.j.t.J.pacing timer: concurrency: 20, delay_between_transactions: 4403.6697247706425, thread_sleep: 3328
2020-12-17 17:15:29,011 INFO o.a.j.t.J.pacing timer: concurrency: 20, delay_between_transactions: 4403.6697247706425, thread_sleep: 3100
2020-12-17 17:15:31,244 INFO o.a.j.t.J.pacing timer: concurrency: 20, delay_between_transactions: 4403.6697247706425, thread_sleep: 3549
2020-12-17 17:15:31,527 INFO o.a.j.p.j.s.J.jmeter_create_repo_shallow_copy: Shallow copies folder: [/tmp/dcapt_git_workspace_67995716-cf93-464b-9b84-f487261287a2/shallow_copies] successfully created.
2020-12-17 17:15:32,800 INFO o.a.j.t.J.pacing timer: concurrency: 20, delay_between_transactions: 4403.6697247706425, thread_sleep: 3154
2020-12-17 17:15:32,963 INFO o.a.j.t.J.pacing timer: concurrency: 20, delay_between_transactions: 4403.6697247706425, thread_sleep: 3552
2020-12-17 17:15:35,627 INFO o.a.j.t.J.pacing timer: concurrency: 20, delay_between_transactions: 4403.6697247706425, thread_sleep: 3570
2020-12-17 17:15:36,940 INFO o.a.j.t.J.pacing timer: concurrency: 20, delay_between_transactions: 4403.6697247706425, thread_sleep: 3419
2020-12-17 17:15:37,343 INFO o.a.j.t.J.pacing timer: concurrency: 20, delay_between_transactions: 4403.6697247706425, thread_sleep: 3576
2020-12-17 17:15:40,034 INFO o.a.j.t.J.pacing timer: concurrency: 20, delay_between_transactions: 4403.6697247706425, thread_sleep: 3567
2020-12-17 17:15:41,394 INFO o.a.j.t.J.pacing timer: concurrency: 20, delay_between_transactions: 4403.6697247706425, thread_sleep: 3368
2020-12-17 17:15:41,758 INFO o.a.j.t.J.pacing timer: concurrency: 20, delay_between_transactions: 4403.6697247706425, thread_sleep: 3565
2020-12-17 17:15:44,596 INFO o.a.j.t.J.pacing timer: concurrency: 20, delay_between_transactions: 4403.6697247706425, thread_sleep: 3409
2020-12-17 17:15:45,601 INFO o.a.j.t.J.pacing timer: concurrency: 20, delay_between_transactions: 4403.6697247706425, thread_sleep: 3565
2020-12-17 17:15:46,167 INFO o.a.j.t.J.pacing timer: concurrency: 20, delay_between_transactions: 4403.6697247706425, thread_sleep: 3559
2020-12-17 17:15:48,941 INFO o.a.j.t.J.pacing timer: concurrency: 20, delay_between_transactions: 4403.6697247706425, thread_sleep: 3468
2020-12-17 17:15:49,911 INFO o.a.j.t.J.pacing timer: concurrency: 20, delay_between_transactions: 4403.6697247706425, thread_sleep: 3659
2020-12-17 17:15:50,529 INFO o.a.j.t.J.pacing timer: concurrency: 20, delay_between_transactions: 4403.6697247706425, thread_sleep: 3600
2020-12-17 17:15:53,191 INFO o.a.j.t.J.pacing timer: concurrency: 20, delay_between_transactions: 4403.6697247706425, thread_sleep: 3622
2020-12-17 17:15:54,308 INFO o.a.j.t.J.pacing timer: concurrency: 20, delay_between_transactions: 4403.6697247706425, thread_sleep: 3666
2020-12-17 17:15:54,985 INFO o.a.j.t.J.pacing timer: concurrency: 20, delay_between_transactions: 4403.6697247706425, thread_sleep: 3547
2020-12-17 17:15:55,286 INFO o.a.j.t.JMeterThread: Thread started: bitbucket 1-4
2020-12-17 17:15:57,675 INFO o.a.j.t.J.pacing timer: concurrency: 20, delay_between_transactions: 4403.6697247706425, thread_sleep: 3541
2020-12-17 17:15:58,703 INFO o.a.j.t.J.pacing timer: concurrency: 20, delay_between_transactions: 4403.6697247706425, thread_sleep: 3675
2020-12-17 17:15:59,268 INFO o.a.j.t.J.pacing timer: concurrency: 20, delay_between_transactions: 4403.6697247706425, thread_sleep: 3668
2020-12-17 17:16:02,262 INFO o.a.j.t.J.pacing timer: concurrency: 20, delay_between_transactions: 4403.6697247706425, thread_sleep: 3358
2020-12-17 17:16:03,116 INFO o.a.j.p.j.s.J.jmeter_create_repo_shallow_copy: Shallow copies folder: [/tmp/dcapt_git_workspace_67995716-cf93-464b-9b84-f487261287a2/shallow_copies] successfully created.
2020-12-17 17:16:03,135 INFO o.a.j.t.J.pacing timer: concurrency: 20, delay_between_transactions: 4403.6697247706425, thread_sleep: 3648
2020-12-17 17:16:03,778 INFO o.a.j.t.J.pacing timer: concurrency: 20, delay_between_transactions: 4403.6697247706425, thread_sleep: 3561
2020-12-17 17:16:04,046 INFO o.a.j.t.J.pacing timer: concurrency: 20, delay_between_transactions: 4403.6697247706425, thread_sleep: 3495
2020-12-17 17:16:06,404 INFO o.a.j.t.J.pacing timer: concurrency: 20, delay_between_transactions: 4403.6697247706425, thread_sleep: 3620
2020-12-17 17:16:07,440 INFO o.a.j.t.J.pacing timer: concurrency: 20, delay_between_transactions: 4403.6697247706425, thread_sleep: 3746
2020-12-17 17:16:08,080 INFO o.a.j.t.J.pacing timer: concurrency: 20, delay_between_transactions: 4403.6697247706425, thread_sleep: 3662
2020-12-17 17:16:08,425 INFO o.a.j.t.J.pacing timer: concurrency: 20, delay_between_transactions: 4403.6697247706425, thread_sleep: 3520
2020-12-17 17:16:10,922 INFO o.a.j.t.J.pacing timer: concurrency: 20, delay_between_transactions: 4403.6697247706425, thread_sleep: 3506
2020-12-17 17:16:11,836 INFO o.a.j.t.J.pacing timer: concurrency: 20, delay_between_transactions: 4403.6697247706425, thread_sleep: 3754
2020-12-17 17:16:12,473 INFO o.a.j.t.J.pacing timer: concurrency: 20, delay_between_transactions: 4403.6697247706425, thread_sleep: 3674
2020-12-17 17:16:13,176 INFO o.a.j.t.J.pacing timer: concurrency: 20, delay_between_transactions: 4403.6697247706425, thread_sleep: 3173
2020-12-17 17:16:15,151 INFO o.a.j.t.J.pacing timer: concurrency: 20, delay_between_transactions: 4403.6697247706425, thread_sleep: 3681
2020-12-17 17:16:16,271 INFO o.a.j.t.J.pacing timer: concurrency: 20, delay_between_transactions: 4403.6697247706425, thread_sleep: 3723
2020-12-17 17:16:17,084 INFO o.a.j.t.J.pacing timer: concurrency: 20, delay_between_transactions: 4403.6697247706425, thread_sleep: 3466
2020-12-17 17:16:17,535 INFO o.a.j.t.J.pacing timer: concurrency: 20, delay_between_transactions: 4403.6697247706425, thread_sleep: 3218
2020-12-17 17:16:19,707 INFO o.a.j.t.J.pacing timer: concurrency: 20, delay_between_transactions: 4403.6697247706425, thread_sleep: 3528
2020-12-17 17:16:20,744 INFO o.a.j.t.J.pacing timer: concurrency: 20, delay_between_transactions: 4403.6697247706425, thread_sleep: 3653
2020-12-17 17:16:21,449 INFO o.a.j.t.J.pacing timer: concurrency: 20, delay_between_transactions: 4403.6697247706425, thread_sleep: 3504
2020-12-17 17:16:21,814 INFO o.a.j.t.J.pacing timer: concurrency: 20, delay_between_transactions: 4403.6697247706425, thread_sleep: 3343
2020-12-17 17:16:24,023 INFO o.a.j.t.J.pacing timer: concurrency: 20, delay_between_transactions: 4403.6697247706425, thread_sleep: 3616
2020-12-17 17:16:25,037 INFO o.a.j.t.J.pacing timer: concurrency: 20, delay_between_transactions: 4403.6697247706425, thread_sleep: 3764
2020-12-17 17:16:25,292 INFO o.a.j.t.JMeterThread: Thread started: bitbucket 1-5
2020-12-17 17:16:25,733 INFO o.a.j.t.J.pacing timer: concurrency: 20, delay_between_transactions: 4403.6697247706425, thread_sleep: 3624
2020-12-17 17:16:26,025 INFO o.a.j.t.J.pacing timer: concurrency: 20, delay_between_transactions: 4403.6697247706425, thread_sleep: 3535
2020-12-17 17:16:28,417 INFO o.a.j.t.J.pacing timer: concurrency: 20, delay_between_transactions: 4403.6697247706425, thread_sleep: 3625
2020-12-17 17:16:29,468 INFO o.a.j.t.J.pacing timer: concurrency: 20, delay_between_transactions: 4403.6697247706425, thread_sleep: 3737
2020-12-17 17:16:29,778 INFO o.a.j.t.J.pacing timer: concurrency: 20, delay_between_transactions: 4403.6697247706425, thread_sleep: 3982
2020-12-17 17:16:30,698 INFO o.a.j.t.J.pacing timer: concurrency: 20, delay_between_transactions: 4403.6697247706425, thread_sleep: 3265
2020-12-17 17:16:32,489 INFO o.a.j.p.j.s.J.jmeter_create_repo_shallow_copy: Shallow copies folder: [/tmp/dcapt_git_workspace_67995716-cf93-464b-9b84-f487261287a2/shallow_copies] successfully created.
2020-12-17 17:16:32,855 INFO o.a.j.t.J.pacing timer: concurrency: 20, delay_between_transactions: 4403.6697247706425, thread_sleep: 3591
2020-12-17 17:16:33,207 INFO o.a.j.t.J.pacing timer: concurrency: 20, delay_between_transactions: 4403.6697247706425, thread_sleep: 3708
2020-12-17 17:16:33,897 INFO o.a.j.t.J.pacing timer: concurrency: 20, delay_between_transactions: 4403.6697247706425, thread_sleep: 3712
2020-12-17 17:16:34,158 INFO o.a.j.t.J.pacing timer: concurrency: 20, delay_between_transactions: 4403.6697247706425, thread_sleep: 4005
2020-12-17 17:16:34,822 INFO o.a.j.t.J.pacing timer: concurrency: 20, delay_between_transactions: 4403.6697247706425, thread_sleep: 3545
2020-12-17 17:16:37,262 INFO o.a.j.t.J.pacing timer: concurrency: 20, delay_between_transactions: 4403.6697247706425, thread_sleep: 3588
2020-12-17 17:16:37,610 INFO o.a.j.t.J.pacing timer: concurrency: 20, delay_between_transactions: 4403.6697247706425, thread_sleep: 3708
2020-12-17 17:16:37,991 INFO o.a.j.t.J.pacing timer: concurrency: 20, delay_between_transactions: 4403.6697247706425, thread_sleep: 4021
2020-12-17 17:16:38,666 INFO o.a.j.t.J.pacing timer: concurrency: 20, delay_between_transactions: 4403.6697247706425, thread_sleep: 3901
2020-12-17 17:16:39,193 INFO o.a.j.t.J.pacing timer: concurrency: 20, delay_between_transactions: 4403.6697247706425, thread_sleep: 3578
2020-12-17 17:16:41,954 INFO o.a.j.t.J.pacing timer: concurrency: 20, delay_between_transactions: 4403.6697247706425, thread_sleep: 3299
2020-12-17 17:16:42,176 INFO o.a.j.t.J.pacing timer: concurrency: 20, delay_between_transactions: 4403.6697247706425, thread_sleep: 3545
2020-12-17 17:16:42,444 INFO o.a.j.t.J.pacing timer: concurrency: 20, delay_between_transactions: 4403.6697247706425, thread_sleep: 3971
2020-12-17 17:16:43,006 INFO o.a.j.t.J.pacing timer: concurrency: 20, delay_between_transactions: 4403.6697247706425, thread_sleep: 3965
2020-12-17 17:16:43,707 INFO o.a.j.t.J.pacing timer: concurrency: 20, delay_between_transactions: 4403.6697247706425, thread_sleep: 3467
2020-12-17 17:16:46,003 INFO o.a.j.t.J.pacing timer: concurrency: 20, delay_between_transactions: 4403.6697247706425, thread_sleep: 3654
2020-12-17 17:16:46,424 INFO o.a.j.t.J.pacing timer: concurrency: 20, delay_between_transactions: 4403.6697247706425, thread_sleep: 3700
2020-12-17 17:16:46,792 INFO o.a.j.t.J.pacing timer: concurrency: 20, delay_between_transactions: 4403.6697247706425, thread_sleep: 4027
2020-12-17 17:16:47,365 INFO o.a.j.t.J.pacing timer: concurrency: 20, delay_between_transactions: 4403.6697247706425, thread_sleep: 4010
2020-12-17 17:16:48,196 INFO o.a.j.t.J.pacing timer: concurrency: 20, delay_between_transactions: 4403.6697247706425, thread_sleep: 3381
2020-12-17 17:16:50,489 INFO o.a.j.t.J.pacing timer: concurrency: 20, delay_between_transactions: 4403.6697247706425, thread_sleep: 3572
2020-12-17 17:16:50,806 INFO o.a.j.t.J.pacing timer: concurrency: 20, delay_between_transactions: 4403.6697247706425, thread_sleep: 3721
2020-12-17 17:16:51,206 INFO o.a.j.t.J.pacing timer: concurrency: 20, delay_between_transactions: 4403.6697247706425, thread_sleep: 4016
2020-12-17 17:16:51,799 INFO o.a.j.t.J.pacing timer: concurrency: 20, delay_between_transactions: 4403.6697247706425, thread_sleep: 3980
2020-12-17 17:16:52,544 INFO o.a.j.t.J.pacing timer: concurrency: 20, delay_between_transactions: 4403.6697247706425, thread_sleep: 3436
2020-12-17 17:16:54,954 INFO o.a.j.t.J.pacing timer: concurrency: 20, delay_between_transactions: 4403.6697247706425, thread_sleep: 3511
2020-12-17 17:16:55,211 INFO o.a.j.t.J.pacing timer: concurrency: 20, delay_between_transactions: 4403.6697247706425, thread_sleep: 3720
2020-12-17 17:16:55,298 INFO o.a.j.t.JMeterThread: Thread started: bitbucket 1-6
2020-12-17 17:16:55,639 INFO o.a.j.t.J.pacing timer: concurrency: 20, delay_between_transactions: 4403.6697247706425, thread_sleep: 3986
2020-12-17 17:16:56,203 INFO o.a.j.t.J.pacing timer: concurrency: 20, delay_between_transactions: 4403.6697247706425, thread_sleep: 3980
2020-12-17 17:16:56,837 INFO o.a.j.t.J.pacing timer: concurrency: 20, delay_between_transactions: 4403.6697247706425, thread_sleep: 3547
2020-12-17 17:16:59,338 INFO o.a.j.t.J.pacing timer: concurrency: 20, delay_between_transactions: 4403.6697247706425, thread_sleep: 3532
2020-12-17 17:16:59,617 INFO o.a.j.t.J.pacing timer: concurrency: 20, delay_between_transactions: 4403.6697247706425, thread_sleep: 3717
2020-12-17 17:17:00,041 INFO o.a.j.t.J.pacing timer: concurrency: 20, delay_between_transactions: 4403.6697247706425, thread_sleep: 3989
2020-12-17 17:17:00,610 INFO o.a.j.t.J.pacing timer: concurrency: 20, delay_between_transactions: 4403.6697247706425, thread_sleep: 3976
2020-12-17 17:17:01,293 INFO o.a.j.t.J.pacing timer: concurrency: 20, delay_between_transactions: 4403.6697247706425, thread_sleep: 3495
2020-12-17 17:17:02,622 INFO o.a.j.p.j.s.J.jmeter_create_repo_shallow_copy: Shallow copies folder: [/tmp/dcapt_git_workspace_67995716-cf93-464b-9b84-f487261287a2/shallow_copies] successfully created.
2020-12-17 17:17:03,734 INFO o.a.j.t.J.pacing timer: concurrency: 20, delay_between_transactions: 4403.6697247706425, thread_sleep: 3540
2020-12-17 17:17:03,988 INFO o.a.j.t.J.pacing timer: concurrency: 20, delay_between_transactions: 4403.6697247706425, thread_sleep: 3059
2020-12-17 17:17:04,151 INFO o.a.j.t.J.pacing timer: concurrency: 20, delay_between_transactions: 4403.6697247706425, thread_sleep: 3587
2020-12-17 17:17:04,451 INFO o.a.j.t.J.pacing timer: concurrency: 20, delay_between_transactions: 4403.6697247706425, thread_sleep: 3982
2020-12-17 17:17:04,981 INFO o.a.j.t.J.pacing timer: concurrency: 20, delay_between_transactions: 4403.6697247706425, thread_sleep: 4009
2020-12-17 17:17:05,707 INFO o.a.j.t.J.pacing timer: concurrency: 20, delay_between_transactions: 4403.6697247706425, thread_sleep: 3485
2020-12-17 17:17:07,842 INFO o.a.j.t.J.pacing timer: concurrency: 20, delay_between_transactions: 4403.6697247706425, thread_sleep: 3608
2020-12-17 17:17:08,202 INFO o.a.j.t.J.pacing timer: concurrency: 20, delay_between_transactions: 4403.6697247706425, thread_sleep: 3475
2020-12-17 17:17:08,438 INFO o.a.j.t.J.pacing timer: concurrency: 20, delay_between_transactions: 4403.6697247706425, thread_sleep: 3703
2020-12-17 17:17:08,852 INFO o.a.j.t.J.pacing timer: concurrency: 20, delay_between_transactions: 4403.6697247706425, thread_sleep: 3985
2020-12-17 17:17:09,364 INFO o.a.j.t.J.pacing timer: concurrency: 20, delay_between_transactions: 4403.6697247706425, thread_sleep: 4029
2020-12-17 17:17:10,091 INFO o.a.j.t.J.pacing timer: concurrency: 20, delay_between_transactions: 4403.6697247706425, thread_sleep: 3504
2020-12-17 17:17:12,449 INFO o.a.j.t.J.pacing timer: concurrency: 20, delay_between_transactions: 4403.6697247706425, thread_sleep: 3404
2020-12-17 17:17:12,619 INFO o.a.j.t.J.pacing timer: concurrency: 20, delay_between_transactions: 4403.6697247706425, thread_sleep: 3461
2020-12-17 17:17:12,833 INFO o.a.j.t.J.pacing timer: concurrency: 20, delay_between_transactions: 4403.6697247706425, thread_sleep: 3711
2020-12-17 17:17:13,216 INFO o.a.j.t.J.pacing timer: concurrency: 20, delay_between_transactions: 4403.6697247706425, thread_sleep: 4024
2020-12-17 17:17:13,773 INFO o.a.j.t.J.pacing timer: concurrency: 20, delay_between_transactions: 4403.6697247706425, thread_sleep: 4024
2020-12-17 17:17:14,470 INFO o.a.j.t.J.pacing timer: concurrency: 20, delay_between_transactions: 4403.6697247706425, thread_sleep: 3528
2020-12-17 17:17:16,660 INFO o.a.j.t.J.pacing timer: concurrency: 20, delay_between_transactions: 4403.6697247706425, thread_sleep: 3596
2020-12-17 17:17:17,014 INFO o.a.j.t.J.pacing timer: concurrency: 20, delay_between_transactions: 4403.6697247706425, thread_sleep: 3470
2020-12-17 17:17:17,229 INFO o.a.j.t.J.pacing timer: concurrency: 20, delay_between_transactions: 4403.6697247706425, thread_sleep: 3719
2020-12-17 17:17:17,616 INFO o.a.j.t.J.pacing timer: concurrency: 20, delay_between_transactions: 4403.6697247706425, thread_sleep: 4028
2020-12-17 17:17:18,170 INFO o.a.j.t.J.pacing timer: concurrency: 20, delay_between_transactions: 4403.6697247706425, thread_sleep: 4031
2020-12-17 17:17:18,864 INFO o.a.j.t.J.pacing timer: concurrency: 20, delay_between_transactions: 4403.6697247706425, thread_sleep: 3538
2020-12-17 17:17:21,175 INFO o.a.j.t.J.pacing timer: concurrency: 20, delay_between_transactions: 4403.6697247706425, thread_sleep: 3485
2020-12-17 17:17:21,334 INFO o.a.j.t.J.pacing timer: concurrency: 20, delay_between_transactions: 4403.6697247706425, thread_sleep: 3554
2020-12-17 17:17:21,625 INFO o.a.j.t.J.pacing timer: concurrency: 20, delay_between_transactions: 4403.6697247706425, thread_sleep: 3726
2020-12-17 17:17:22,019 INFO o.a.j.t.J.pacing timer: concurrency: 20, delay_between_transactions: 4403.6697247706425, thread_sleep: 4028
2020-12-17 17:17:22,600 INFO o.a.j.t.J.pacing timer: concurrency: 20, delay_between_transactions: 4403.6697247706425, thread_sleep: 4004
2020-12-17 17:17:23,266 INFO o.a.j.t.J.pacing timer: concurrency: 20, delay_between_transactions: 4403.6697247706425, thread_sleep: 3539
2020-12-17 17:17:25,304 INFO o.a.j.t.JMeterThread: Thread started: bitbucket 1-7
2020-12-17 17:17:25,443 INFO o.a.j.t.J.pacing timer: concurrency: 20, delay_between_transactions: 4403.6697247706425, thread_sleep: 3621
2020-12-17 17:17:25,807 INFO o.a.j.t.J.pacing timer: concurrency: 20, delay_between_transactions: 4403.6697247706425, thread_sleep: 3485
2020-12-17 17:17:26,148 INFO o.a.j.t.J.pacing timer: concurrency: 20, delay_between_transactions: 4403.6697247706425, thread_sleep: 3607
2020-12-17 17:17:26,469 INFO o.a.j.t.J.pacing timer: concurrency: 20, delay_between_transactions: 4403.6697247706425, thread_sleep: 3981
2020-12-17 17:17:27,094 INFO o.a.j.t.J.pacing timer: concurrency: 20, delay_between_transactions: 4403.6697247706425, thread_sleep: 3914
2020-12-17 17:17:27,739 INFO o.a.j.t.J.pacing timer: concurrency: 20, delay_between_transactions: 4403.6697247706425, thread_sleep: 3470
2020-12-17 17:17:29,892 INFO o.a.j.t.J.pacing timer: concurrency: 20, delay_between_transactions: 4403.6697247706425, thread_sleep: 3804
2020-12-17 17:17:30,006 INFO o.a.j.t.J.pacing timer: concurrency: 20, delay_between_transactions: 4403.6697247706425, thread_sleep: 3462
2020-12-17 17:17:30,479 INFO o.a.j.t.J.pacing timer: concurrency: 20, delay_between_transactions: 4403.6697247706425, thread_sleep: 3679
2020-12-17 17:17:30,895 INFO o.a.j.t.J.pacing timer: concurrency: 20, delay_between_transactions: 4403.6697247706425, thread_sleep: 3959
2020-12-17 17:17:31,440 INFO o.a.j.t.J.pacing timer: concurrency: 20, delay_between_transactions: 4403.6697247706425, thread_sleep: 3972
2020-12-17 17:17:32,189 INFO o.a.j.t.J.pacing timer: concurrency: 20, delay_between_transactions: 4403.6697247706425, thread_sleep: 3424
2020-12-17 17:17:32,641 INFO o.a.j.p.j.s.J.jmeter_create_repo_shallow_copy: Shallow copies folder: [/tmp/dcapt_git_workspace_67995716-cf93-464b-9b84-f487261287a2/shallow_copies] successfully created.
2020-12-17 17:17:33,336 INFO o.a.j.t.J.pacing timer: concurrency: 20, delay_between_transactions: 4403.6697247706425, thread_sleep: 3732
2020-12-17 17:17:34,229 INFO o.a.j.t.J.pacing timer: concurrency: 20, delay_between_transactions: 4403.6697247706425, thread_sleep: 3870
2020-12-17 17:17:34,433 INFO o.a.j.t.J.pacing timer: concurrency: 20, delay_between_transactions: 4403.6697247706425, thread_sleep: 3439
2020-12-17 17:17:34,870 INFO o.a.j.t.J.pacing timer: concurrency: 20, delay_between_transactions: 4403.6697247706425, thread_sleep: 3692
2020-12-17 17:17:35,276 INFO o.a.j.t.J.pacing timer: concurrency: 20, delay_between_transactions: 4403.6697247706425, thread_sleep: 3982
2020-12-17 17:17:35,806 INFO o.a.j.t.J.pacing timer: concurrency: 20, delay_between_transactions: 4403.6697247706425, thread_sleep: 4010
2020-12-17 17:17:36,536 INFO o.a.j.t.J.pacing timer: concurrency: 20, delay_between_transactions: 4403.6697247706425, thread_sleep: 3480
2020-12-17 17:17:37,726 INFO o.a.j.t.J.pacing timer: concurrency: 20, delay_between_transactions: 4403.6697247706425, thread_sleep: 3746
2020-12-17 17:17:38,687 INFO o.a.j.t.J.pacing timer: concurrency: 20, delay_between_transactions: 4403.6697247706425, thread_sleep: 3815
2020-12-17 17:17:38,796 INFO o.a.j.t.J.pacing timer: concurrency: 20, delay_between_transactions: 4403.6697247706425, thread_sleep: 3480
2020-12-17 17:17:38,973 INFO o.a.j.t.J.pacing timer: concurrency: 20, delay_between_transactions: 4403.6697247706425, thread_sleep: 3993
2020-12-17 17:17:39,654 INFO o.a.j.t.J.pacing timer: concurrency: 20, delay_between_transactions: 4403.6697247706425, thread_sleep: 4008
2020-12-17 17:17:40,210 INFO o.a.j.t.J.pacing timer: concurrency: 20, delay_between_transactions: 4403.6697247706425, thread_sleep: 4010
2020-12-17 17:17:40,893 INFO o.a.j.t.J.pacing timer: concurrency: 20, delay_between_transactions: 4403.6697247706425, thread_sleep: 3526
2020-12-17 17:17:42,164 INFO o.a.j.t.J.pacing timer: concurrency: 20, delay_between_transactions: 4403.6697247706425, thread_sleep: 3712
2020-12-17 17:17:43,083 INFO o.a.j.t.J.pacing timer: concurrency: 20, delay_between_transactions: 4403.6697247706425, thread_sleep: 3823
2020-12-17 17:17:43,204 INFO o.a.j.t.J.pacing timer: concurrency: 20, delay_between_transactions: 4403.6697247706425, thread_sleep: 3475
2020-12-17 17:17:43,375 INFO o.a.j.t.J.pacing timer: concurrency: 20, delay_between_transactions: 4403.6697247706425, thread_sleep: 3994
2020-12-17 17:17:44,046 INFO o.a.j.t.J.pacing timer: concurrency: 20, delay_between_transactions: 4403.6697247706425, thread_sleep: 4019
2020-12-17 17:17:44,604 INFO o.a.j.t.J.pacing timer: concurrency: 20, delay_between_transactions: 4403.6697247706425, thread_sleep: 4020
2020-12-17 17:17:45,414 INFO o.a.j.t.J.pacing timer: concurrency: 20, delay_between_transactions: 4403.6697247706425, thread_sleep: 3408
2020-12-17 17:17:46,543 INFO o.a.j.t.J.pacing timer: concurrency: 20, delay_between_transactions: 4403.6697247706425, thread_sleep: 3737
2020-12-17 17:17:47,487 INFO o.a.j.t.J.pacing timer: concurrency: 20, delay_between_transactions: 4403.6697247706425, thread_sleep: 3822
2020-12-17 17:17:47,538 INFO o.a.j.t.J.pacing timer: concurrency: 20, delay_between_transactions: 4403.6697247706425, thread_sleep: 3545
2020-12-17 17:17:47,788 INFO o.a.j.t.J.pacing timer: concurrency: 20, delay_between_transactions: 4403.6697247706425, thread_sleep: 3985
2020-12-17 17:17:48,459 INFO o.a.j.t.J.pacing timer: concurrency: 20, delay_between_transactions: 4403.6697247706425, thread_sleep: 4009
2020-12-17 17:17:49,018 INFO o.a.j.t.J.pacing timer: concurrency: 20, delay_between_transactions: 4403.6697247706425, thread_sleep: 4010
2020-12-17 17:17:50,012 INFO o.a.j.t.J.pacing timer: concurrency: 20, delay_between_transactions: 4403.6697247706425, thread_sleep: 3214
2020-12-17 17:17:50,962 INFO o.a.j.t.J.pacing timer: concurrency: 20, delay_between_transactions: 4403.6697247706425, thread_sleep: 3721
2020-12-17 17:17:51,904 INFO o.a.j.t.J.pacing timer: concurrency: 20, delay_between_transactions: 4403.6697247706425, thread_sleep: 3808
2020-12-17 17:17:52,112 INFO o.a.j.t.J.pacing timer: concurrency: 20, delay_between_transactions: 4403.6697247706425, thread_sleep: 3374
2020-12-17 17:17:52,182 INFO o.a.j.t.J.pacing timer: concurrency: 20, delay_between_transactions: 4403.6697247706425, thread_sleep: 3995
2020-12-17 17:17:52,840 INFO o.a.j.t.J.pacing timer: concurrency: 20, delay_between_transactions: 4403.6697247706425, thread_sleep: 4032
2020-12-17 17:17:53,469 INFO o.a.j.t.J.pacing timer: concurrency: 20, delay_between_transactions: 4403.6697247706425, thread_sleep: 3963
2020-12-17 17:17:54,003 INFO o.a.j.t.J.pacing timer: concurrency: 20, delay_between_transactions: 4403.6697247706425, thread_sleep: 3626
2020-12-17 17:17:55,310 INFO o.a.j.t.JMeterThread: Thread started: bitbucket 1-8
2020-12-17 17:17:55,343 INFO o.a.j.t.J.pacing timer: concurrency: 20, delay_between_transactions: 4403.6697247706425, thread_sleep: 3744
2020-12-17 17:17:56,247 INFO o.a.j.t.J.pacing timer: concurrency: 20, delay_between_transactions: 4403.6697247706425, thread_sleep: 3868
2020-12-17 17:17:56,493 INFO o.a.j.t.J.pacing timer: concurrency: 20, delay_between_transactions: 4403.6697247706425, thread_sleep: 3397
2020-12-17 17:17:56,594 INFO o.a.j.t.J.pacing timer: concurrency: 20, delay_between_transactions: 4403.6697247706425, thread_sleep: 3987
2020-12-17 17:17:57,264 INFO o.a.j.t.J.pacing timer: concurrency: 20, delay_between_transactions: 4403.6697247706425, thread_sleep: 4011
2020-12-17 17:17:57,853 INFO o.a.j.t.J.pacing timer: concurrency: 20, delay_between_transactions: 4403.6697247706425, thread_sleep: 3982
2020-12-17 17:17:58,836 INFO o.a.j.t.J.pacing timer: concurrency: 20, delay_between_transactions: 4403.6697247706425, thread_sleep: 3197
2020-12-17 17:17:59,757 INFO o.a.j.t.J.pacing timer: concurrency: 20, delay_between_transactions: 4403.6697247706425, thread_sleep: 3734
2020-12-17 17:18:00,714 INFO o.a.j.t.J.pacing timer: concurrency: 20, delay_between_transactions: 4403.6697247706425, thread_sleep: 3804
2020-12-17 17:18:00,733 INFO o.a.j.t.J.pacing timer: concurrency: 20, delay_between_transactions: 4403.6697247706425, thread_sleep: 3560
2020-12-17 17:18:01,057 INFO o.a.j.t.J.pacing timer: concurrency: 20, delay_between_transactions: 4403.6697247706425, thread_sleep: 3928
2020-12-17 17:18:01,828 INFO o.a.j.t.J.pacing timer: concurrency: 20, delay_between_transactions: 4403.6697247706425, thread_sleep: 3850
2020-12-17 17:18:02,254 INFO o.a.j.t.J.pacing timer: concurrency: 20, delay_between_transactions: 4403.6697247706425, thread_sleep: 3985
2020-12-17 17:18:02,920 INFO o.a.j.t.J.pacing timer: concurrency: 20, delay_between_transactions: 4403.6697247706425, thread_sleep: 3517
2020-12-17 17:18:04,288 INFO o.a.j.p.j.s.J.jmeter_create_repo_shallow_copy: Shallow copies folder: [/tmp/dcapt_git_workspace_67995716-cf93-464b-9b84-f487261287a2/shallow_copies] successfully created.
2020-12-17 17:18:04,291 INFO o.a.j.t.J.pacing timer: concurrency: 20, delay_between_transactions: 4403.6697247706425, thread_sleep: 3604
2020-12-17 17:18:05,199 INFO o.a.j.t.J.pacing timer: concurrency: 20, delay_between_transactions: 4403.6697247706425, thread_sleep: 3722
2020-12-17 17:18:05,212 INFO o.a.j.t.J.pacing timer: concurrency: 20, delay_between_transactions: 4403.6697247706425, thread_sleep: 3485
2020-12-17 17:18:05,533 INFO o.a.j.t.J.pacing timer: concurrency: 20, delay_between_transactions: 4403.6697247706425, thread_sleep: 3856
2020-12-17 17:18:05,788 INFO o.a.j.t.J.pacing timer: concurrency: 20, delay_between_transactions: 4403.6697247706425, thread_sleep: 2926
2020-12-17 17:18:06,134 INFO o.a.j.t.J.pacing timer: concurrency: 20, delay_between_transactions: 4403.6697247706425, thread_sleep: 3948
2020-12-17 17:18:06,669 INFO o.a.j.t.J.pacing timer: concurrency: 20, delay_between_transactions: 4403.6697247706425, thread_sleep: 3973
2020-12-17 17:18:07,309 INFO o.a.j.t.J.pacing timer: concurrency: 20, delay_between_transactions: 4403.6697247706425, thread_sleep: 3531
2020-12-17 17:18:08,940 INFO o.a.j.t.J.pacing timer: concurrency: 20, delay_between_transactions: 4403.6697247706425, thread_sleep: 3359
2020-12-17 17:18:09,435 INFO o.a.j.t.J.pacing timer: concurrency: 20, delay_between_transactions: 4403.6697247706425, thread_sleep: 3890
2020-12-17 17:18:09,527 INFO o.a.j.t.J.pacing timer: concurrency: 20, delay_between_transactions: 4403.6697247706425, thread_sleep: 3573
2020-12-17 17:18:09,750 INFO o.a.j.t.J.pacing timer: concurrency: 20, delay_between_transactions: 4403.6697247706425, thread_sleep: 3368
2020-12-17 17:18:09,864 INFO o.a.j.t.J.pacing timer: concurrency: 20, delay_between_transactions: 4403.6697247706425, thread_sleep: 3929
2020-12-17 17:18:10,478 INFO o.a.j.t.J.pacing timer: concurrency: 20, delay_between_transactions: 4403.6697247706425, thread_sleep: 4009
2020-12-17 17:18:11,060 INFO o.a.j.t.J.pacing timer: concurrency: 20, delay_between_transactions: 4403.6697247706425, thread_sleep: 3985
2020-12-17 17:18:11,685 INFO o.a.j.t.J.pacing timer: concurrency: 20, delay_between_transactions: 4403.6697247706425, thread_sleep: 3558
2020-12-17 17:18:12,964 INFO o.a.j.t.J.pacing timer: concurrency: 20, delay_between_transactions: 4403.6697247706425, thread_sleep: 3739
2020-12-17 17:18:13,836 INFO o.a.j.t.J.pacing timer: concurrency: 20, delay_between_transactions: 4403.6697247706425, thread_sleep: 3892
2020-12-17 17:18:13,898 INFO o.a.j.t.J.pacing timer: concurrency: 20, delay_between_transactions: 4403.6697247706425, thread_sleep: 3624
2020-12-17 17:18:14,188 INFO o.a.j.t.J.pacing timer: concurrency: 20, delay_between_transactions: 4403.6697247706425, thread_sleep: 3316
2020-12-17 17:18:14,327 INFO o.a.j.t.J.pacing timer: concurrency: 20, delay_between_transactions: 4403.6697247706425, thread_sleep: 3869
2020-12-17 17:18:15,036 INFO o.a.j.t.J.pacing timer: concurrency: 20, delay_between_transactions: 4403.6697247706425, thread_sleep: 3854
2020-12-17 17:18:15,420 INFO o.a.j.t.J.pacing timer: concurrency: 20, delay_between_transactions: 4403.6697247706425, thread_sleep: 4029
2020-12-17 17:18:16,104 INFO o.a.j.t.J.pacing timer: concurrency: 20, delay_between_transactions: 4403.6697247706425, thread_sleep: 3542
2020-12-17 17:18:17,441 INFO o.a.j.t.J.pacing timer: concurrency: 20, delay_between_transactions: 4403.6697247706425, thread_sleep: 3666
2020-12-17 17:18:18,243 INFO o.a.j.t.J.pacing timer: concurrency: 20, delay_between_transactions: 4403.6697247706425, thread_sleep: 3888
2020-12-17 17:18:18,627 INFO o.a.j.t.J.pacing timer: concurrency: 20, delay_between_transactions: 4403.6697247706425, thread_sleep: 3972
2020-12-17 17:18:18,656 INFO o.a.j.t.J.pacing timer: concurrency: 20, delay_between_transactions: 4403.6697247706425, thread_sleep: 3252
2020-12-17 17:18:18,815 INFO o.a.j.t.J.pacing timer: concurrency: 20, delay_between_transactions: 4403.6697247706425, thread_sleep: 3111
2020-12-17 17:18:19,347 INFO o.a.j.t.J.pacing timer: concurrency: 20, delay_between_transactions: 4403.6697247706425, thread_sleep: 3946
2020-12-17 17:18:19,835 INFO o.a.j.t.J.pacing timer: concurrency: 20, delay_between_transactions: 4403.6697247706425, thread_sleep: 4017
2020-12-17 17:18:20,292 INFO o.a.j.t.J.pacing timer: concurrency: 20, delay_between_transactions: 4403.6697247706425, thread_sleep: 3757
2020-12-17 17:18:21,874 INFO o.a.j.t.J.pacing timer: concurrency: 20, delay_between_transactions: 4403.6697247706425, thread_sleep: 3636
2020-12-17 17:18:22,783 INFO o.a.j.t.J.pacing timer: concurrency: 20, delay_between_transactions: 4403.6697247706425, thread_sleep: 3751
2020-12-17 17:18:22,785 INFO o.a.j.t.J.pacing timer: concurrency: 20, delay_between_transactions: 4403.6697247706425, thread_sleep: 3526
2020-12-17 17:18:22,842 INFO o.a.j.t.J.pacing timer: concurrency: 20, delay_between_transactions: 4403.6697247706425, thread_sleep: 3487
2020-12-17 17:18:23,137 INFO o.a.j.t.J.pacing timer: concurrency: 20, delay_between_transactions: 4403.6697247706425, thread_sleep: 3865
2020-12-17 17:18:23,680 INFO o.a.j.t.J.pacing timer: concurrency: 20, delay_between_transactions: 4403.6697247706425, thread_sleep: 4016
2020-12-17 17:18:24,261 INFO o.a.j.t.J.pacing timer: concurrency: 20, delay_between_transactions: 4403.6697247706425, thread_sleep: 3995
2020-12-17 17:18:25,076 INFO o.a.j.t.J.pacing timer: concurrency: 20, delay_between_transactions: 4403.6697247706425, thread_sleep: 3377
2020-12-17 17:18:25,312 INFO o.a.j.t.JMeterThread: Thread started: bitbucket 1-9
2020-12-17 17:18:26,298 INFO o.a.j.t.J.pacing timer: concurrency: 20, delay_between_transactions: 4403.6697247706425, thread_sleep: 3616
2020-12-17 17:18:27,082 INFO o.a.j.t.J.pacing timer: concurrency: 20, delay_between_transactions: 4403.6697247706425, thread_sleep: 3856
2020-12-17 17:18:27,168 INFO o.a.j.t.J.pacing timer: concurrency: 20, delay_between_transactions: 4403.6697247706425, thread_sleep: 3547
2020-12-17 17:18:27,438 INFO o.a.j.t.J.pacing timer: concurrency: 20, delay_between_transactions: 4403.6697247706425, thread_sleep: 3295
2020-12-17 17:18:27,684 INFO o.a.j.t.J.pacing timer: concurrency: 20, delay_between_transactions: 4403.6697247706425, thread_sleep: 3722
2020-12-17 17:18:28,111 INFO o.a.j.t.J.pacing timer: concurrency: 20, delay_between_transactions: 4403.6697247706425, thread_sleep: 3989
2020-12-17 17:18:28,788 INFO o.a.j.t.J.pacing timer: concurrency: 20, delay_between_transactions: 4403.6697247706425, thread_sleep: 3872
2020-12-17 17:18:29,329 INFO o.a.j.t.J.pacing timer: concurrency: 20, delay_between_transactions: 4403.6697247706425, thread_sleep: 3527
2020-12-17 17:18:30,718 INFO o.a.j.t.J.pacing timer: concurrency: 20, delay_between_transactions: 4403.6697247706425, thread_sleep: 3600
2020-12-17 17:18:31,530 INFO o.a.j.t.J.pacing timer: concurrency: 20, delay_between_transactions: 4403.6697247706425, thread_sleep: 3811
2020-12-17 17:18:31,533 INFO o.a.j.t.J.pacing timer: concurrency: 20, delay_between_transactions: 4403.6697247706425, thread_sleep: 3586
2020-12-17 17:18:31,633 INFO o.a.j.t.J.pacing timer: concurrency: 20, delay_between_transactions: 4403.6697247706425, thread_sleep: 3503
2020-12-17 17:18:31,836 INFO o.a.j.t.J.pacing timer: concurrency: 20, delay_between_transactions: 4403.6697247706425, thread_sleep: 3973
2020-12-17 17:18:32,354 INFO o.a.j.p.j.s.J.jmeter_create_repo_shallow_copy: Shallow copies folder: [/tmp/dcapt_git_workspace_67995716-cf93-464b-9b84-f487261287a2/shallow_copies] successfully created.
2020-12-17 17:18:32,515 INFO o.a.j.t.J.pacing timer: concurrency: 20, delay_between_transactions: 4403.6697247706425, thread_sleep: 3988
2020-12-17 17:18:33,078 INFO o.a.j.t.J.pacing timer: concurrency: 20, delay_between_transactions: 4403.6697247706425, thread_sleep: 3986
2020-12-17 17:18:33,291 INFO o.a.j.t.J.pacing timer: concurrency: 20, delay_between_transactions: 4403.6697247706425, thread_sleep: 3493
2020-12-17 17:18:33,799 INFO o.a.j.t.J.pacing timer: concurrency: 20, delay_between_transactions: 4403.6697247706425, thread_sleep: 3460
2020-12-17 17:18:35,011 INFO o.a.j.t.J.pacing timer: concurrency: 20, delay_between_transactions: 4403.6697247706425, thread_sleep: 3710
2020-12-17 17:18:35,829 INFO o.a.j.t.J.pacing timer: concurrency: 20, delay_between_transactions: 4403.6697247706425, thread_sleep: 3916
2020-12-17 17:18:36,104 INFO o.a.j.t.J.pacing timer: concurrency: 20, delay_between_transactions: 4403.6697247706425, thread_sleep: 3437
2020-12-17 17:18:36,245 INFO o.a.j.t.J.pacing timer: concurrency: 20, delay_between_transactions: 4403.6697247706425, thread_sleep: 3277
2020-12-17 17:18:36,609 INFO o.a.j.t.J.pacing timer: concurrency: 20, delay_between_transactions: 4403.6697247706425, thread_sleep: 3603
2020-12-17 17:18:37,256 INFO o.a.j.t.J.pacing timer: concurrency: 20, delay_between_transactions: 4403.6697247706425, thread_sleep: 3651
2020-12-17 17:18:37,488 INFO o.a.j.t.J.pacing timer: concurrency: 20, delay_between_transactions: 4403.6697247706425, thread_sleep: 3699
2020-12-17 17:18:37,800 INFO o.a.j.t.J.pacing timer: concurrency: 20, delay_between_transactions: 4403.6697247706425, thread_sleep: 3667
2020-12-17 17:18:38,389 INFO o.a.j.t.J.pacing timer: concurrency: 20, delay_between_transactions: 4403.6697247706425, thread_sleep: 3274
2020-12-17 17:18:39,094 INFO o.a.j.t.J.pacing timer: concurrency: 20, delay_between_transactions: 4403.6697247706425, thread_sleep: 4030
2020-12-17 17:18:40,251 INFO o.a.j.t.J.pacing timer: concurrency: 20, delay_between_transactions: 4403.6697247706425, thread_sleep: 3675
2020-12-17 17:18:40,659 INFO o.a.j.t.J.pacing timer: concurrency: 20, delay_between_transactions: 4403.6697247706425, thread_sleep: 3489
2020-12-17 17:18:40,660 INFO o.a.j.t.J.pacing timer: concurrency: 20, delay_between_transactions: 4403.6697247706425, thread_sleep: 3955
2020-12-17 17:18:40,689 INFO o.a.j.t.J.pacing timer: concurrency: 20, delay_between_transactions: 4403.6697247706425, thread_sleep: 3255
2020-12-17 17:18:41,749 INFO o.a.j.t.J.pacing timer: concurrency: 20, delay_between_transactions: 4403.6697247706425, thread_sleep: 3562
2020-12-17 17:18:41,887 INFO o.a.j.t.J.pacing timer: concurrency: 20, delay_between_transactions: 4403.6697247706425, thread_sleep: 3703
2020-12-17 17:18:42,068 INFO o.a.j.t.J.pacing timer: concurrency: 20, delay_between_transactions: 4403.6697247706425, thread_sleep: 3803
2020-12-17 17:18:42,752 INFO o.a.j.t.J.pacing timer: concurrency: 20, delay_between_transactions: 4403.6697247706425, thread_sleep: 3314
2020-12-17 17:18:43,506 INFO o.a.j.t.J.pacing timer: concurrency: 20, delay_between_transactions: 4403.6697247706425, thread_sleep: 4021
2020-12-17 17:18:44,730 INFO o.a.j.t.J.pacing timer: concurrency: 20, delay_between_transactions: 4403.6697247706425, thread_sleep: 3600
2020-12-17 17:18:44,793 INFO o.a.j.t.J.pacing timer: concurrency: 20, delay_between_transactions: 4403.6697247706425, thread_sleep: 3758
2020-12-17 17:18:44,841 INFO o.a.j.t.J.pacing timer: concurrency: 20, delay_between_transactions: 4403.6697247706425, thread_sleep: 3507
2020-12-17 17:18:45,125 INFO o.a.j.t.J.pacing timer: concurrency: 20, delay_between_transactions: 4403.6697247706425, thread_sleep: 3893
2020-12-17 17:18:46,232 INFO o.a.j.t.J.pacing timer: concurrency: 20, delay_between_transactions: 4403.6697247706425, thread_sleep: 3482
2020-12-17 17:18:46,283 INFO o.a.j.t.J.pacing timer: concurrency: 20, delay_between_transactions: 4403.6697247706425, thread_sleep: 3710
2020-12-17 17:18:46,364 INFO o.a.j.t.J.pacing timer: concurrency: 20, delay_between_transactions: 4403.6697247706425, thread_sleep: 3910
2020-12-17 17:18:47,025 INFO o.a.j.t.J.pacing timer: concurrency: 20, delay_between_transactions: 4403.6697247706425, thread_sleep: 3445
2020-12-17 17:18:48,020 INFO o.a.j.t.J.pacing timer: concurrency: 20, delay_between_transactions: 4403.6697247706425, thread_sleep: 3911
2020-12-17 17:18:49,118 INFO o.a.j.t.J.pacing timer: concurrency: 20, delay_between_transactions: 4403.6697247706425, thread_sleep: 3837
2020-12-17 17:18:49,122 INFO o.a.j.t.J.pacing timer: concurrency: 20, delay_between_transactions: 4403.6697247706425, thread_sleep: 3630
2020-12-17 17:18:49,406 INFO o.a.j.t.J.pacing timer: concurrency: 20, delay_between_transactions: 4403.6697247706425, thread_sleep: 3328
2020-12-17 17:18:49,438 INFO o.a.j.t.J.pacing timer: concurrency: 20, delay_between_transactions: 4403.6697247706425, thread_sleep: 3983
2020-12-17 17:18:50,407 INFO o.a.j.t.J.pacing timer: concurrency: 20, delay_between_transactions: 4403.6697247706425, thread_sleep: 3711
2020-12-17 17:18:50,706 INFO o.a.j.t.J.pacing timer: concurrency: 20, delay_between_transactions: 4403.6697247706425, thread_sleep: 3972
2020-12-17 17:18:50,961 INFO o.a.j.t.J.pacing timer: concurrency: 20, delay_between_transactions: 4403.6697247706425, thread_sleep: 3436
2020-12-17 17:18:51,343 INFO o.a.j.t.J.pacing timer: concurrency: 20, delay_between_transactions: 4403.6697247706425, thread_sleep: 3531
2020-12-17 17:18:52,324 INFO o.a.j.t.J.pacing timer: concurrency: 20, delay_between_transactions: 4403.6697247706425, thread_sleep: 4011
2020-12-17 17:18:53,489 INFO o.a.j.t.J.pacing timer: concurrency: 20, delay_between_transactions: 4403.6697247706425, thread_sleep: 3869
2020-12-17 17:18:53,514 INFO o.a.j.t.J.pacing timer: concurrency: 20, delay_between_transactions: 4403.6697247706425, thread_sleep: 3623
2020-12-17 17:18:53,692 INFO o.a.j.t.J.pacing timer: concurrency: 20, delay_between_transactions: 4403.6697247706425, thread_sleep: 3464
2020-12-17 17:18:53,932 INFO o.a.j.t.J.pacing timer: concurrency: 20, delay_between_transactions: 4403.6697247706425, thread_sleep: 3893
2020-12-17 17:18:55,093 INFO o.a.j.t.J.pacing timer: concurrency: 20, delay_between_transactions: 4403.6697247706425, thread_sleep: 3428
2020-12-17 17:18:55,119 INFO o.a.j.t.J.pacing timer: concurrency: 20, delay_between_transactions: 4403.6697247706425, thread_sleep: 3681
2020-12-17 17:18:55,165 INFO o.a.j.t.J.pacing timer: concurrency: 20, delay_between_transactions: 4403.6697247706425, thread_sleep: 3917
2020-12-17 17:18:55,318 INFO o.a.j.t.JMeterThread: Thread started: bitbucket 1-10
2020-12-17 17:18:55,811 INFO o.a.j.t.J.pacing timer: concurrency: 20, delay_between_transactions: 4403.6697247706425, thread_sleep: 3467
2020-12-17 17:18:56,833 INFO o.a.j.t.J.pacing timer: concurrency: 20, delay_between_transactions: 4403.6697247706425, thread_sleep: 3906
2020-12-17 17:18:57,951 INFO o.a.j.t.J.pacing timer: concurrency: 20, delay_between_transactions: 4403.6697247706425, thread_sleep: 3810
2020-12-17 17:18:58,090 INFO o.a.j.t.J.pacing timer: concurrency: 20, delay_between_transactions: 4403.6697247706425, thread_sleep: 3451
2020-12-17 17:18:58,130 INFO o.a.j.t.J.pacing timer: concurrency: 20, delay_between_transactions: 4403.6697247706425, thread_sleep: 3429
2020-12-17 17:18:58,304 INFO o.a.j.t.J.pacing timer: concurrency: 20, delay_between_transactions: 4403.6697247706425, thread_sleep: 3924
2020-12-17 17:18:59,360 INFO o.a.j.t.J.pacing timer: concurrency: 20, delay_between_transactions: 4403.6697247706425, thread_sleep: 3564
2020-12-17 17:18:59,505 INFO o.a.j.t.J.pacing timer: concurrency: 20, delay_between_transactions: 4403.6697247706425, thread_sleep: 3980
2020-12-17 17:18:59,547 INFO o.a.j.t.J.pacing timer: concurrency: 20, delay_between_transactions: 4403.6697247706425, thread_sleep: 3656
2020-12-17 17:19:00,351 INFO o.a.j.t.J.pacing timer: concurrency: 20, delay_between_transactions: 4403.6697247706425, thread_sleep: 3330
2020-12-17 17:19:01,221 INFO o.a.j.t.J.pacing timer: concurrency: 20, delay_between_transactions: 4403.6697247706425, thread_sleep: 3921
2020-12-17 17:19:02,365 INFO o.a.j.t.J.pacing timer: concurrency: 20, delay_between_transactions: 4403.6697247706425, thread_sleep: 3800
2020-12-17 17:19:02,459 INFO o.a.j.t.J.pacing timer: concurrency: 20, delay_between_transactions: 4403.6697247706425, thread_sleep: 3485
2020-12-17 17:19:02,461 INFO o.a.j.p.j.s.J.jmeter_create_repo_shallow_copy: Shallow copies folder: [/tmp/dcapt_git_workspace_67995716-cf93-464b-9b84-f487261287a2/shallow_copies] successfully created.
2020-12-17 17:19:02,492 INFO o.a.j.t.J.pacing timer: concurrency: 20, delay_between_transactions: 4403.6697247706425, thread_sleep: 3470
2020-12-17 17:19:02,799 INFO o.a.j.t.J.pacing timer: concurrency: 20, delay_between_transactions: 4403.6697247706425, thread_sleep: 3832
2020-12-17 17:19:03,238 INFO o.a.j.t.J.pacing timer: concurrency: 20, delay_between_transactions: 4403.6697247706425, thread_sleep: 3649
2020-12-17 17:19:03,973 INFO o.a.j.t.J.pacing timer: concurrency: 20, delay_between_transactions: 4403.6697247706425, thread_sleep: 3633
2020-12-17 17:19:04,038 INFO o.a.j.t.J.pacing timer: concurrency: 20, delay_between_transactions: 4403.6697247706425, thread_sleep: 3850
2020-12-17 17:19:04,095 INFO o.a.j.t.J.pacing timer: concurrency: 20, delay_between_transactions: 4403.6697247706425, thread_sleep: 3233
2020-12-17 17:19:04,569 INFO o.a.j.t.J.pacing timer: concurrency: 20, delay_between_transactions: 4403.6697247706425, thread_sleep: 3515
2020-12-17 17:19:05,637 INFO o.a.j.t.J.pacing timer: concurrency: 20, delay_between_transactions: 4403.6697247706425, thread_sleep: 3909
2020-12-17 17:19:06,714 INFO o.a.j.t.J.pacing timer: concurrency: 20, delay_between_transactions: 4403.6697247706425, thread_sleep: 3855
2020-12-17 17:19:07,055 INFO o.a.j.t.J.pacing timer: concurrency: 20, delay_between_transactions: 4403.6697247706425, thread_sleep: 3310
2020-12-17 17:19:07,123 INFO o.a.j.t.J.pacing timer: concurrency: 20, delay_between_transactions: 4403.6697247706425, thread_sleep: 3911
2020-12-17 17:19:07,221 INFO o.a.j.t.J.pacing timer: concurrency: 20, delay_between_transactions: 4403.6697247706425, thread_sleep: 3126
2020-12-17 17:19:07,648 INFO o.a.j.t.J.pacing timer: concurrency: 20, delay_between_transactions: 4403.6697247706425, thread_sleep: 3642
2020-12-17 17:19:08,343 INFO o.a.j.t.J.pacing timer: concurrency: 20, delay_between_transactions: 4403.6697247706425, thread_sleep: 3948
2020-12-17 17:19:08,371 INFO o.a.j.t.J.pacing timer: concurrency: 20, delay_between_transactions: 4403.6697247706425, thread_sleep: 3360
2020-12-17 17:19:08,608 INFO o.a.j.t.J.pacing timer: concurrency: 20, delay_between_transactions: 4403.6697247706425, thread_sleep: 3402
2020-12-17 17:19:08,985 INFO o.a.j.t.J.pacing timer: concurrency: 20, delay_between_transactions: 4403.6697247706425, thread_sleep: 3502
2020-12-17 17:19:09,966 INFO o.a.j.t.J.pacing timer: concurrency: 20, delay_between_transactions: 4403.6697247706425, thread_sleep: 3984
2020-12-17 17:19:11,122 INFO o.a.j.t.J.pacing timer: concurrency: 20, delay_between_transactions: 4403.6697247706425, thread_sleep: 3850
2020-12-17 17:19:11,358 INFO o.a.j.t.J.pacing timer: concurrency: 20, delay_between_transactions: 4403.6697247706425, thread_sleep: 3410
2020-12-17 17:19:11,485 INFO o.a.j.t.J.pacing timer: concurrency: 20, delay_between_transactions: 4403.6697247706425, thread_sleep: 3266
2020-12-17 17:19:11,677 INFO o.a.j.t.J.pacing timer: concurrency: 20, delay_between_transactions: 4403.6697247706425, thread_sleep: 3760
2020-12-17 17:19:12,033 INFO o.a.j.t.J.pacing timer: concurrency: 20, delay_between_transactions: 4403.6697247706425, thread_sleep: 3660
2020-12-17 17:19:12,512 INFO o.a.j.t.J.pacing timer: concurrency: 20, delay_between_transactions: 4403.6697247706425, thread_sleep: 3622
2020-12-17 17:19:12,882 INFO o.a.j.t.J.pacing timer: concurrency: 20, delay_between_transactions: 4403.6697247706425, thread_sleep: 3812
2020-12-17 17:19:13,115 INFO o.a.j.t.J.pacing timer: concurrency: 20, delay_between_transactions: 4403.6697247706425, thread_sleep: 3298
2020-12-17 17:19:13,516 INFO o.a.j.t.J.pacing timer: concurrency: 20, delay_between_transactions: 4403.6697247706425, thread_sleep: 3374
2020-12-17 17:19:14,330 INFO o.a.j.t.J.pacing timer: concurrency: 20, delay_between_transactions: 4403.6697247706425, thread_sleep: 4023
2020-12-17 17:19:15,565 INFO o.a.j.t.J.pacing timer: concurrency: 20, delay_between_transactions: 4403.6697247706425, thread_sleep: 3810
2020-12-17 17:19:15,569 INFO o.a.j.t.J.pacing timer: concurrency: 20, delay_between_transactions: 4403.6697247706425, thread_sleep: 3585
2020-12-17 17:19:15,597 INFO o.a.j.t.J.pacing timer: concurrency: 20, delay_between_transactions: 4403.6697247706425, thread_sleep: 3575
2020-12-17 17:19:15,917 INFO o.a.j.t.J.pacing timer: concurrency: 20, delay_between_transactions: 4403.6697247706425, thread_sleep: 3924
2020-12-17 17:19:16,383 INFO o.a.j.t.J.pacing timer: concurrency: 20, delay_between_transactions: 4403.6697247706425, thread_sleep: 3713
2020-12-17 17:19:17,063 INFO o.a.j.t.J.pacing timer: concurrency: 20, delay_between_transactions: 4403.6697247706425, thread_sleep: 3474
2020-12-17 17:19:17,133 INFO o.a.j.t.J.pacing timer: concurrency: 20, delay_between_transactions: 4403.6697247706425, thread_sleep: 3683
2020-12-17 17:19:17,185 INFO o.a.j.t.J.pacing timer: concurrency: 20, delay_between_transactions: 4403.6697247706425, thread_sleep: 3913
2020-12-17 17:19:17,905 INFO o.a.j.t.J.pacing timer: concurrency: 20, delay_between_transactions: 4403.6697247706425, thread_sleep: 3388
2020-12-17 17:19:18,805 INFO o.a.j.t.J.pacing timer: concurrency: 20, delay_between_transactions: 4403.6697247706425, thread_sleep: 3952
2020-12-17 17:19:19,751 INFO o.a.j.t.J.pacing timer: concurrency: 20, delay_between_transactions: 4403.6697247706425, thread_sleep: 3807
2020-12-17 17:19:19,881 INFO o.a.j.t.J.pacing timer: concurrency: 20, delay_between_transactions: 4403.6697247706425, thread_sleep: 3898
2020-12-17 17:19:19,902 INFO o.a.j.t.J.pacing timer: concurrency: 20, delay_between_transactions: 4403.6697247706425, thread_sleep: 3674
2020-12-17 17:19:20,286 INFO o.a.j.t.J.pacing timer: concurrency: 20, delay_between_transactions: 4403.6697247706425, thread_sleep: 3958
2020-12-17 17:19:20,786 INFO o.a.j.t.J.pacing timer: concurrency: 20, delay_between_transactions: 4403.6697247706425, thread_sleep: 3714
2020-12-17 17:19:21,529 INFO o.a.j.t.J.pacing timer: concurrency: 20, delay_between_transactions: 4403.6697247706425, thread_sleep: 3411
2020-12-17 17:19:21,566 INFO o.a.j.t.J.pacing timer: concurrency: 20, delay_between_transactions: 4403.6697247706425, thread_sleep: 3935
2020-12-17 17:19:21,582 INFO o.a.j.t.J.pacing timer: concurrency: 20, delay_between_transactions: 4403.6697247706425, thread_sleep: 3637
2020-12-17 17:19:22,170 INFO o.a.j.t.J.pacing timer: concurrency: 20, delay_between_transactions: 4403.6697247706425, thread_sleep: 3526
2020-12-17 17:19:23,468 INFO o.a.j.t.J.pacing timer: concurrency: 20, delay_between_transactions: 4403.6697247706425, thread_sleep: 3692
2020-12-17 17:19:24,101 INFO o.a.j.t.J.pacing timer: concurrency: 20, delay_between_transactions: 4403.6697247706425, thread_sleep: 3860
2020-12-17 17:19:24,301 INFO o.a.j.t.J.pacing timer: concurrency: 20, delay_between_transactions: 4403.6697247706425, thread_sleep: 3881
2020-12-17 17:19:24,414 INFO o.a.j.t.J.pacing timer: concurrency: 20, delay_between_transactions: 4403.6697247706425, thread_sleep: 3566
2020-12-17 17:19:24,815 INFO o.a.j.t.J.pacing timer: concurrency: 20, delay_between_transactions: 4403.6697247706425, thread_sleep: 3833
2020-12-17 17:19:25,196 INFO o.a.j.t.J.pacing timer: concurrency: 20, delay_between_transactions: 4403.6697247706425, thread_sleep: 3708
2020-12-17 17:19:25,324 INFO o.a.j.t.JMeterThread: Thread started: bitbucket 1-11
2020-12-17 17:19:25,853 INFO o.a.j.t.J.pacing timer: concurrency: 20, delay_between_transactions: 4403.6697247706425, thread_sleep: 3490
2020-12-17 17:19:25,979 INFO o.a.j.t.J.pacing timer: concurrency: 20, delay_between_transactions: 4403.6697247706425, thread_sleep: 3643
2020-12-17 17:19:26,150 INFO o.a.j.t.J.pacing timer: concurrency: 20, delay_between_transactions: 4403.6697247706425, thread_sleep: 3754
2020-12-17 17:19:26,750 INFO o.a.j.t.J.pacing timer: concurrency: 20, delay_between_transactions: 4403.6697247706425, thread_sleep: 3349
2020-12-17 17:19:27,845 INFO o.a.j.t.J.pacing timer: concurrency: 20, delay_between_transactions: 4403.6697247706425, thread_sleep: 3719
2020-12-17 17:19:28,454 INFO o.a.j.t.J.pacing timer: concurrency: 20, delay_between_transactions: 4403.6697247706425, thread_sleep: 3910
2020-12-17 17:19:28,720 INFO o.a.j.t.J.pacing timer: concurrency: 20, delay_between_transactions: 4403.6697247706425, thread_sleep: 3865
2020-12-17 17:19:28,922 INFO o.a.j.t.J.pacing timer: concurrency: 20, delay_between_transactions: 4403.6697247706425, thread_sleep: 3461
2020-12-17 17:19:29,103 INFO o.a.j.t.J.pacing timer: concurrency: 20, delay_between_transactions: 4403.6697247706425, thread_sleep: 3948
2020-12-17 17:19:30,118 INFO o.a.j.t.J.pacing timer: concurrency: 20, delay_between_transactions: 4403.6697247706425, thread_sleep: 3189
2020-12-17 17:19:30,171 INFO o.a.j.t.J.pacing timer: concurrency: 20, delay_between_transactions: 4403.6697247706425, thread_sleep: 3576
2020-12-17 17:19:30,399 INFO o.a.j.t.J.pacing timer: concurrency: 20, delay_between_transactions: 4403.6697247706425, thread_sleep: 3626
2020-12-17 17:19:30,439 INFO o.a.j.t.J.pacing timer: concurrency: 20, delay_between_transactions: 4403.6697247706425, thread_sleep: 3869
2020-12-17 17:19:31,005 INFO o.a.j.t.J.pacing timer: concurrency: 20, delay_between_transactions: 4403.6697247706425, thread_sleep: 3497
2020-12-17 17:19:32,158 INFO o.a.j.p.j.s.J.jmeter_create_repo_shallow_copy: Shallow copies folder: [/tmp/dcapt_git_workspace_67995716-cf93-464b-9b84-f487261287a2/shallow_copies] successfully created.
2020-12-17 17:19:32,259 INFO o.a.j.t.J.pacing timer: concurrency: 20, delay_between_transactions: 4403.6697247706425, thread_sleep: 3708
2020-12-17 17:19:32,887 INFO o.a.j.t.J.pacing timer: concurrency: 20, delay_between_transactions: 4403.6697247706425, thread_sleep: 3880
2020-12-17 17:19:33,195 INFO o.a.j.t.J.pacing timer: concurrency: 20, delay_between_transactions: 4403.6697247706425, thread_sleep: 3794
2020-12-17 17:19:33,303 INFO o.a.j.t.J.pacing timer: concurrency: 20, delay_between_transactions: 4403.6697247706425, thread_sleep: 3483
2020-12-17 17:19:33,448 INFO o.a.j.t.J.pacing timer: concurrency: 20, delay_between_transactions: 4403.6697247706425, thread_sleep: 3251
2020-12-17 17:19:33,494 INFO o.a.j.t.J.pacing timer: concurrency: 20, delay_between_transactions: 4403.6697247706425, thread_sleep: 3961
2020-12-17 17:19:34,192 INFO o.a.j.t.J.pacing timer: concurrency: 20, delay_between_transactions: 4403.6697247706425, thread_sleep: 3958
2020-12-17 17:19:34,319 INFO o.a.j.t.J.pacing timer: concurrency: 20, delay_between_transactions: 4403.6697247706425, thread_sleep: 3391
2020-12-17 17:19:34,771 INFO o.a.j.t.J.pacing timer: concurrency: 20, delay_between_transactions: 4403.6697247706425, thread_sleep: 3940
2020-12-17 17:19:34,802 INFO o.a.j.t.J.pacing timer: concurrency: 20, delay_between_transactions: 4403.6697247706425, thread_sleep: 3627
2020-12-17 17:19:35,530 INFO o.a.j.t.J.pacing timer: concurrency: 20, delay_between_transactions: 4403.6697247706425, thread_sleep: 3376
2020-12-17 17:19:36,653 INFO o.a.j.t.J.pacing timer: concurrency: 20, delay_between_transactions: 4403.6697247706425, thread_sleep: 3718
2020-12-17 17:19:37,296 INFO o.a.j.t.J.pacing timer: concurrency: 20, delay_between_transactions: 4403.6697247706425, thread_sleep: 3874
2020-12-17 17:19:37,473 INFO o.a.j.t.J.pacing timer: concurrency: 20, delay_between_transactions: 4403.6697247706425, thread_sleep: 3631
2020-12-17 17:19:37,593 INFO o.a.j.t.J.pacing timer: concurrency: 20, delay_between_transactions: 4403.6697247706425, thread_sleep: 3800
2020-12-17 17:19:37,638 INFO o.a.j.t.J.pacing timer: concurrency: 20, delay_between_transactions: 4403.6697247706425, thread_sleep: 3551
2020-12-17 17:19:37,939 INFO o.a.j.t.J.pacing timer: concurrency: 20, delay_between_transactions: 4403.6697247706425, thread_sleep: 3920
2020-12-17 17:19:38,399 INFO o.a.j.t.J.pacing timer: concurrency: 20, delay_between_transactions: 4403.6697247706425, thread_sleep: 3714
2020-12-17 17:19:38,680 INFO o.a.j.t.J.pacing timer: concurrency: 20, delay_between_transactions: 4403.6697247706425, thread_sleep: 3874
2020-12-17 17:19:38,841 INFO o.a.j.t.J.pacing timer: concurrency: 20, delay_between_transactions: 4403.6697247706425, thread_sleep: 3991
2020-12-17 17:19:39,176 INFO o.a.j.t.J.pacing timer: concurrency: 20, delay_between_transactions: 4403.6697247706425, thread_sleep: 3938
2020-12-17 17:19:39,730 INFO o.a.j.t.J.pacing timer: concurrency: 20, delay_between_transactions: 4403.6697247706425, thread_sleep: 3580
2020-12-17 17:19:41,080 INFO o.a.j.t.J.pacing timer: concurrency: 20, delay_between_transactions: 4403.6697247706425, thread_sleep: 3694
2020-12-17 17:19:41,762 INFO o.a.j.t.J.pacing timer: concurrency: 20, delay_between_transactions: 4403.6697247706425, thread_sleep: 3811
2020-12-17 17:19:41,909 INFO o.a.j.t.J.pacing timer: concurrency: 20, delay_between_transactions: 4403.6697247706425, thread_sleep: 3598
2020-12-17 17:19:41,954 INFO o.a.j.t.J.pacing timer: concurrency: 20, delay_between_transactions: 4403.6697247706425, thread_sleep: 3842
2020-12-17 17:19:42,132 INFO o.a.j.t.J.pacing timer: concurrency: 20, delay_between_transactions: 4403.6697247706425, thread_sleep: 3460
2020-12-17 17:19:42,334 INFO o.a.j.t.J.pacing timer: concurrency: 20, delay_between_transactions: 4403.6697247706425, thread_sleep: 3928
2020-12-17 17:19:42,816 INFO o.a.j.t.J.pacing timer: concurrency: 20, delay_between_transactions: 4403.6697247706425, thread_sleep: 3701
2020-12-17 17:19:43,114 INFO o.a.j.t.J.pacing timer: concurrency: 20, delay_between_transactions: 4403.6697247706425, thread_sleep: 3843
2020-12-17 17:19:43,225 INFO o.a.j.t.J.pacing timer: concurrency: 20, delay_between_transactions: 4403.6697247706425, thread_sleep: 4010
2020-12-17 17:19:43,623 INFO o.a.j.t.J.pacing timer: concurrency: 20, delay_between_transactions: 4403.6697247706425, thread_sleep: 3894
2020-12-17 17:19:44,284 INFO o.a.j.t.J.pacing timer: concurrency: 20, delay_between_transactions: 4403.6697247706425, thread_sleep: 3429
2020-12-17 17:19:45,517 INFO o.a.j.t.J.pacing timer: concurrency: 20, delay_between_transactions: 4403.6697247706425, thread_sleep: 3660
2020-12-17 17:19:46,093 INFO o.a.j.t.J.pacing timer: concurrency: 20, delay_between_transactions: 4403.6697247706425, thread_sleep: 3884
2020-12-17 17:19:46,199 INFO o.a.j.t.J.pacing timer: concurrency: 20, delay_between_transactions: 4403.6697247706425, thread_sleep: 3712
2020-12-17 17:19:46,428 INFO o.a.j.t.J.pacing timer: concurrency: 20, delay_between_transactions: 4403.6697247706425, thread_sleep: 3772
2020-12-17 17:19:46,713 INFO o.a.j.t.J.pacing timer: concurrency: 20, delay_between_transactions: 4403.6697247706425, thread_sleep: 3283
2020-12-17 17:19:46,770 INFO o.a.j.t.J.pacing timer: concurrency: 20, delay_between_transactions: 4403.6697247706425, thread_sleep: 3895
2020-12-17 17:19:47,223 INFO o.a.j.t.J.pacing timer: concurrency: 20, delay_between_transactions: 4403.6697247706425, thread_sleep: 3697
2020-12-17 17:19:47,696 INFO o.a.j.t.J.pacing timer: concurrency: 20, delay_between_transactions: 4403.6697247706425, thread_sleep: 3664
2020-12-17 17:19:47,985 INFO o.a.j.t.J.pacing timer: concurrency: 20, delay_between_transactions: 4403.6697247706425, thread_sleep: 3936
2020-12-17 17:19:48,120 INFO o.a.j.t.J.pacing timer: concurrency: 20, delay_between_transactions: 4403.6697247706425, thread_sleep: 3519
2020-12-17 17:19:48,584 INFO o.a.j.t.J.pacing timer: concurrency: 20, delay_between_transactions: 4403.6697247706425, thread_sleep: 3533
2020-12-17 17:19:49,902 INFO o.a.j.t.J.pacing timer: concurrency: 20, delay_between_transactions: 4403.6697247706425, thread_sleep: 3678
2020-12-17 17:19:50,485 INFO o.a.j.t.J.pacing timer: concurrency: 20, delay_between_transactions: 4403.6697247706425, thread_sleep: 3896
2020-12-17 17:19:50,817 INFO o.a.j.t.J.pacing timer: concurrency: 20, delay_between_transactions: 4403.6697247706425, thread_sleep: 3786
2020-12-17 17:19:50,837 INFO o.a.j.t.J.pacing timer: concurrency: 20, delay_between_transactions: 4403.6697247706425, thread_sleep: 3563
2020-12-17 17:19:50,962 INFO o.a.j.t.J.pacing timer: concurrency: 20, delay_between_transactions: 4403.6697247706425, thread_sleep: 3353
2020-12-17 17:19:51,114 INFO o.a.j.t.J.pacing timer: concurrency: 20, delay_between_transactions: 4403.6697247706425, thread_sleep: 3955
2020-12-17 17:19:51,610 INFO o.a.j.t.J.pacing timer: concurrency: 20, delay_between_transactions: 4403.6697247706425, thread_sleep: 3713
2020-12-17 17:19:51,858 INFO o.a.j.t.J.pacing timer: concurrency: 20, delay_between_transactions: 4403.6697247706425, thread_sleep: 3906
2020-12-17 17:19:52,320 INFO o.a.j.t.J.pacing timer: concurrency: 20, delay_between_transactions: 4403.6697247706425, thread_sleep: 3722
2020-12-17 17:19:52,380 INFO o.a.j.t.J.pacing timer: concurrency: 20, delay_between_transactions: 4403.6697247706425, thread_sleep: 3945
2020-12-17 17:19:53,165 INFO o.a.j.t.J.pacing timer: concurrency: 20, delay_between_transactions: 4403.6697247706425, thread_sleep: 3356
2020-12-17 17:19:54,307 INFO o.a.j.t.J.pacing timer: concurrency: 20, delay_between_transactions: 4403.6697247706425, thread_sleep: 3677
2020-12-17 17:19:54,913 INFO o.a.j.t.J.pacing timer: concurrency: 20, delay_between_transactions: 4403.6697247706425, thread_sleep: 3871
2020-12-17 17:19:55,064 INFO o.a.j.t.J.pacing timer: concurrency: 20, delay_between_transactions: 4403.6697247706425, thread_sleep: 3655
2020-12-17 17:19:55,125 INFO o.a.j.t.J.pacing timer: concurrency: 20, delay_between_transactions: 4403.6697247706425, thread_sleep: 3881
2020-12-17 17:19:55,279 INFO o.a.j.t.J.pacing timer: concurrency: 20, delay_between_transactions: 4403.6697247706425, thread_sleep: 3524
2020-12-17 17:19:55,327 INFO o.a.j.t.JMeterThread: Thread started: bitbucket 1-12
2020-12-17 17:19:55,479 INFO o.a.j.t.J.pacing timer: concurrency: 20, delay_between_transactions: 4403.6697247706425, thread_sleep: 3993
2020-12-17 17:19:56,239 INFO o.a.j.t.J.pacing timer: concurrency: 20, delay_between_transactions: 4403.6697247706425, thread_sleep: 3928
2020-12-17 17:19:56,522 INFO o.a.j.t.J.pacing timer: concurrency: 20, delay_between_transactions: 4403.6697247706425, thread_sleep: 3204
2020-12-17 17:19:56,785 INFO o.a.j.t.J.pacing timer: concurrency: 20, delay_between_transactions: 4403.6697247706425, thread_sleep: 3944
2020-12-17 17:19:56,916 INFO o.a.j.t.J.pacing timer: concurrency: 20, delay_between_transactions: 4403.6697247706425, thread_sleep: 3529
2020-12-17 17:19:57,536 INFO o.a.j.t.J.pacing timer: concurrency: 20, delay_between_transactions: 4403.6697247706425, thread_sleep: 3388
2020-12-17 17:19:58,878 INFO o.a.j.t.J.pacing timer: concurrency: 20, delay_between_transactions: 4403.6697247706425, thread_sleep: 3509
2020-12-17 17:19:59,302 INFO o.a.j.t.J.pacing timer: concurrency: 20, delay_between_transactions: 4403.6697247706425, thread_sleep: 3885
2020-12-17 17:19:59,640 INFO o.a.j.t.J.pacing timer: concurrency: 20, delay_between_transactions: 4403.6697247706425, thread_sleep: 3769
2020-12-17 17:19:59,720 INFO o.a.j.t.J.pacing timer: concurrency: 20, delay_between_transactions: 4403.6697247706425, thread_sleep: 3487
2020-12-17 17:19:59,920 INFO o.a.j.t.J.pacing timer: concurrency: 20, delay_between_transactions: 4403.6697247706425, thread_sleep: 3956
2020-12-17 17:19:59,940 INFO o.a.j.t.J.pacing timer: concurrency: 20, delay_between_transactions: 4403.6697247706425, thread_sleep: 3182
2020-12-17 17:20:00,548 INFO o.a.j.t.J.pacing timer: concurrency: 20, delay_between_transactions: 4403.6697247706425, thread_sleep: 3582
2020-12-17 17:20:00,610 INFO o.a.j.t.J.pacing timer: concurrency: 20, delay_between_transactions: 4403.6697247706425, thread_sleep: 3960
2020-12-17 17:20:01,206 INFO o.a.j.t.J.pacing timer: concurrency: 20, delay_between_transactions: 4403.6697247706425, thread_sleep: 3926
2020-12-17 17:20:01,298 INFO o.a.j.t.J.pacing timer: concurrency: 20, delay_between_transactions: 4403.6697247706425, thread_sleep: 3550
2020-12-17 17:20:01,910 INFO o.a.j.t.J.pacing timer: concurrency: 20, delay_between_transactions: 4403.6697247706425, thread_sleep: 3417
2020-12-17 17:20:03,207 WARN o.a.j.e.StreamCopier: Error writing stream
java.io.IOException: No space left on device
	at java.io.FileOutputStream.writeBytes(Native Method) ~[?:1.8.0_265]
	at java.io.FileOutputStream.write(FileOutputStream.java:326) ~[?:1.8.0_265]
	at org.apache.commons.io.IOUtils.copyLarge(IOUtils.java:2315) ~[commons-io-2.6.jar:2.6]
	at org.apache.commons.io.IOUtils.copy(IOUtils.java:2270) ~[commons-io-2.6.jar:2.6]
	at org.apache.commons.io.IOUtils.copyLarge(IOUtils.java:2291) ~[commons-io-2.6.jar:2.6]
	at org.apache.jorphan.exec.StreamCopier.run(StreamCopier.java:57) [jorphan.jar:5.2.1]
2020-12-17 17:20:03,217 ERROR o.a.j.e.J.OS Process Result: Working Directory: /tmp/dcapt_git_workspace_67995716-cf93-464b-9b84-f487261287a2
Environment: {GIT_SSL_NO_VERIFY=1, DISABLED_GIT_CURL_VERBOSE=1, DISABLED_GIT_TRACE_PACKET=true, GIT_SSH_COMMAND=ssh -i /tmp/dcapt_git_workspace_67995716-cf93-464b-9b84-f487261287a2/bitbucket_ssh/id_rsa -o "StrictHostKeyChecking=no"}
Executing: git clone --no-checkout http://dcapt-perf-user-tkhxy:dcapt-perf-user-tkhxy@bitbucket-loadbala-cs8s8ccqbfud-30797893.us-west-1.elb.amazonaws.com:80/scm/PRJ-10005/prj-10005-repo-2.git /tmp/dcapt_git_workspace_67995716-cf93-464b-9b84-f487261287a2/clone-push-prj-10005-repo-2-f69fe782-dcf4-4099-8898-a937f1a296df
2020-12-17 17:20:03,230 INFO o.a.j.t.J.pacing timer: concurrency: 20, delay_between_transactions: 4403.6697247706425, thread_sleep: 3560
2020-12-17 17:20:03,234 INFO o.a.j.p.j.s.J.jmeter_create_repo_shallow_copy: Shallow copies folder: [/tmp/dcapt_git_workspace_67995716-cf93-464b-9b84-f487261287a2/shallow_copies] successfully created.
2020-12-17 17:20:03,236 ERROR o.a.j.p.j.s.J.jmeter_create_repo_shallow_copy: Error while creating temporary workspace for pull
java.io.FileNotFoundException: Source '/tmp/dcapt_git_workspace_67995716-cf93-464b-9b84-f487261287a2/clone-push-prj-10005-repo-2-f69fe782-dcf4-4099-8898-a937f1a296df/.git' does not exist
	at org.apache.commons.io.FileUtils.checkFileRequirements(FileUtils.java:1383) ~[commons-io-2.6.jar:2.6]
	at org.apache.commons.io.FileUtils.copyDirectory(FileUtils.java:1346) ~[commons-io-2.6.jar:2.6]
	at org.apache.commons.io.FileUtils.copyDirectory(FileUtils.java:1246) ~[commons-io-2.6.jar:2.6]
	at org.apache.commons.io.FileUtils.copyDirectory(FileUtils.java:1215) ~[commons-io-2.6.jar:2.6]
	at sun.reflect.NativeMethodAccessorImpl.invoke0(Native Method) ~[?:1.8.0_265]
	at sun.reflect.NativeMethodAccessorImpl.invoke(NativeMethodAccessorImpl.java:62) ~[?:1.8.0_265]
	at sun.reflect.DelegatingMethodAccessorImpl.invoke(DelegatingMethodAccessorImpl.java:43) ~[?:1.8.0_265]
	at java.lang.reflect.Method.invoke(Method.java:498) ~[?:1.8.0_265]
	at bsh.Reflect.invokeMethod(Reflect.java:131) [bsh-2.0b6.jar:2.0b6 2016-02-05 05:16:19]
	at bsh.Reflect.invokeStaticMethod(Reflect.java:95) [bsh-2.0b6.jar:2.0b6 2016-02-05 05:16:19]
	at bsh.Name.invokeMethod(Name.java:868) [bsh-2.0b6.jar:2.0b6 2016-02-05 05:16:19]
	at bsh.BSHMethodInvocation.eval(BSHMethodInvocation.java:69) [bsh-2.0b6.jar:2.0b6 2016-02-05 05:16:19]
	at bsh.BSHPrimaryExpression.eval(BSHPrimaryExpression.java:96) [bsh-2.0b6.jar:2.0b6 2016-02-05 05:16:19]
	at bsh.BSHPrimaryExpression.eval(BSHPrimaryExpression.java:41) [bsh-2.0b6.jar:2.0b6 2016-02-05 05:16:19]
	at bsh.BSHBlock.evalBlock(BSHBlock.java:125) [bsh-2.0b6.jar:2.0b6 2016-02-05 05:16:19]
	at bsh.BSHBlock.eval(BSHBlock.java:75) [bsh-2.0b6.jar:2.0b6 2016-02-05 05:16:19]
	at bsh.BSHBlock.eval(BSHBlock.java:41) [bsh-2.0b6.jar:2.0b6 2016-02-05 05:16:19]
	at bsh.BSHTryStatement.eval(BSHTryStatement.java:80) [bsh-2.0b6.jar:2.0b6 2016-02-05 05:16:19]
	at bsh.Interpreter.eval(Interpreter.java:659) [bsh-2.0b6.jar:2.0b6 2016-02-05 05:16:19]
	at bsh.Interpreter.eval(Interpreter.java:750) [bsh-2.0b6.jar:2.0b6 2016-02-05 05:16:19]
	at bsh.Interpreter.eval(Interpreter.java:739) [bsh-2.0b6.jar:2.0b6 2016-02-05 05:16:19]
	at bsh.engine.BshScriptEngine.evalSource(BshScriptEngine.java:78) [bsh-2.0b6.jar:2.0b6 2016-02-05 05:16:19]
	at bsh.engine.BshScriptEngine.eval(BshScriptEngine.java:46) [bsh-2.0b6.jar:2.0b6 2016-02-05 05:16:19]
	at javax.script.AbstractScriptEngine.eval(AbstractScriptEngine.java:233) [?:1.8.0_265]
	at org.apache.jmeter.util.JSR223TestElement.processFileOrScript(JSR223TestElement.java:225) [ApacheJMeter_core.jar:5.2.1]
	at org.apache.jmeter.protocol.java.sampler.JSR223Sampler.sample(JSR223Sampler.java:71) [ApacheJMeter_java.jar:5.2.1]
	at org.apache.jmeter.threads.JMeterThread.doSampling(JMeterThread.java:627) [ApacheJMeter_core.jar:5.2.1]
	at org.apache.jmeter.threads.JMeterThread.executeSamplePackage(JMeterThread.java:551) [ApacheJMeter_core.jar:5.2.1]
	at org.apache.jmeter.threads.JMeterThread.processSampler(JMeterThread.java:490) [ApacheJMeter_core.jar:5.2.1]
	at org.apache.jmeter.threads.JMeterThread.run(JMeterThread.java:257) [ApacheJMeter_core.jar:5.2.1]
	at java.lang.Thread.run(Thread.java:748) [?:1.8.0_265]
2020-12-17 17:20:03,238 INFO o.a.j.t.JMeterThread: Thread is done: bitbucket 1-12
2020-12-17 17:20:03,238 INFO c.b.j.t.c.ConcurrencyThreadStarter: Done supplying threads
2020-12-17 17:20:03,238 WARN o.a.j.t.JMeterThread: The delay timer was interrupted - probably did not wait as long as intended.
2020-12-17 17:20:03,238 INFO o.a.j.t.JMeterThread: Thread finished: bitbucket 1-12
2020-12-17 17:20:03,238 WARN o.a.j.t.JMeterThread: The delay timer was interrupted - probably did not wait as long as intended.
2020-12-17 17:20:03,238 WARN o.a.j.t.JMeterThread: The delay timer was interrupted - probably did not wait as long as intended.
2020-12-17 17:20:03,238 WARN o.a.j.t.JMeterThread: The delay timer was interrupted - probably did not wait as long as intended.
2020-12-17 17:20:03,238 WARN o.a.j.t.JMeterThread: The delay timer was interrupted - probably did not wait as long as intended.
2020-12-17 17:20:03,238 INFO o.a.j.t.JMeterThread: Thread is done: bitbucket 1-5
2020-12-17 17:20:03,238 INFO o.a.j.t.JMeterThread: Thread finished: bitbucket 1-5
2020-12-17 17:20:03,238 INFO o.a.j.t.JMeterThread: Thread is done: bitbucket 1-10
2020-12-17 17:20:03,238 INFO o.a.j.t.JMeterThread: Thread is done: bitbucket 1-4
2020-12-17 17:20:03,238 INFO o.a.j.t.JMeterThread: Thread is done: bitbucket 1-2
2020-12-17 17:20:03,238 INFO o.a.j.t.JMeterThread: Thread is done: bitbucket 1-3
2020-12-17 17:20:03,238 INFO o.a.j.t.JMeterThread: Thread finished: bitbucket 1-10
2020-12-17 17:20:03,238 INFO o.a.j.t.JMeterThread: Thread finished: bitbucket 1-2
2020-12-17 17:20:03,239 INFO o.a.j.t.JMeterThread: Thread finished: bitbucket 1-3
2020-12-17 17:20:03,239 INFO o.a.j.t.JMeterThread: Thread finished: bitbucket 1-4
2020-12-17 17:20:03,239 INFO o.a.j.e.StandardJMeterEngine: Starting tearDown thread groups
2020-12-17 17:20:03,239 INFO o.a.j.e.StandardJMeterEngine: Starting tearDown ThreadGroup: 1 : tearDown Thread Group
2020-12-17 17:20:03,239 INFO o.a.j.e.StandardJMeterEngine: Starting 1 threads for group tearDown Thread Group.
2020-12-17 17:20:03,239 INFO o.a.j.e.StandardJMeterEngine: Thread will continue on error
2020-12-17 17:20:03,239 INFO o.a.j.t.ThreadGroup: Starting thread group... number=1 threads=1 ramp-up=1 delayedStart=false
2020-12-17 17:20:03,238 WARN o.a.j.t.JMeterThread: Sampler is not Interruptible: jmeter_git_push_via_${GIT_PROTOCOL}
2020-12-17 17:20:03,250 WARN o.a.j.t.JMeterThread: Sampler is not Interruptible: jmeter_git_push_via_${GIT_PROTOCOL}
2020-12-17 17:20:03,250 WARN o.a.j.t.JMeterThread: The delay timer was interrupted - probably did not wait as long as intended.
2020-12-17 17:20:03,250 WARN o.a.j.t.JMeterThread: The delay timer was interrupted - probably did not wait as long as intended.
2020-12-17 17:20:03,250 WARN o.a.j.t.JMeterThread: The delay timer was interrupted - probably did not wait as long as intended.
2020-12-17 17:20:03,250 INFO o.a.j.t.JMeterThread: Thread is done: bitbucket 1-9
2020-12-17 17:20:03,250 INFO o.a.j.t.JMeterThread: Thread finished: bitbucket 1-9
2020-12-17 17:20:03,250 INFO o.a.j.t.JMeterThread: Thread is done: bitbucket 1-7
2020-12-17 17:20:03,250 INFO o.a.j.t.JMeterThread: Thread is done: bitbucket 1-1
2020-12-17 17:20:03,250 INFO o.a.j.t.JMeterThread: Thread finished: bitbucket 1-1
2020-12-17 17:20:03,250 INFO o.a.j.t.JMeterThread: Thread finished: bitbucket 1-7
2020-12-17 17:20:03,250 WARN o.a.j.t.JMeterThread: Sampler is not Interruptible: jmeter_git_push_via_${GIT_PROTOCOL}
2020-12-17 17:20:03,252 ERROR o.a.j.e.J.OS Process Result: Working Directory: /tmp/dcapt_git_workspace_67995716-cf93-464b-9b84-f487261287a2/clone-push-prj-10003-repo-2-bb8171cf-bac7-4d62-8cf6-40a6c2d0319f
Environment: {GIT_SSH_VARIANT=ssh, GIT_SSL_NO_VERIFY=1, GIT_SSH_COMMAND=ssh -i /tmp/dcapt_git_workspace_67995716-cf93-464b-9b84-f487261287a2/bitbucket_ssh/id_rsa -o "StrictHostKeyChecking=no"}
Executing: git push origin master
2020-12-17 17:20:03,252 ERROR o.a.j.e.J.OS Process Result: Working Directory: /tmp/dcapt_git_workspace_67995716-cf93-464b-9b84-f487261287a2/clone-push-prj-10002-repo-2-9137ff4f-8ed1-457c-8a30-b39c0b23ab31
Environment: {GIT_SSH_VARIANT=ssh, GIT_SSL_NO_VERIFY=1, GIT_SSH_COMMAND=ssh -i /tmp/dcapt_git_workspace_67995716-cf93-464b-9b84-f487261287a2/bitbucket_ssh/id_rsa -o "StrictHostKeyChecking=no"}
Executing: git push origin master
2020-12-17 17:20:03,252 ERROR o.a.j.e.J.OS Process Result: Working Directory: /tmp/dcapt_git_workspace_67995716-cf93-464b-9b84-f487261287a2/clone-push-prj-10005-repo-1-4c3e192e-5338-4947-96c5-1a732cee5ad8
Environment: {GIT_SSH_VARIANT=ssh, GIT_SSL_NO_VERIFY=1, GIT_SSH_COMMAND=ssh -i /tmp/dcapt_git_workspace_67995716-cf93-464b-9b84-f487261287a2/bitbucket_ssh/id_rsa -o "StrictHostKeyChecking=no"}
Executing: git push origin master
2020-12-17 17:20:03,252 INFO o.a.j.t.JMeterThread: Thread is done: bitbucket 1-8
2020-12-17 17:20:03,252 INFO o.a.j.t.JMeterThread: Thread finished: bitbucket 1-8
2020-12-17 17:20:03,252 INFO o.a.j.t.JMeterThread: Thread is done: bitbucket 1-11
2020-12-17 17:20:03,253 INFO o.a.j.t.JMeterThread: Thread finished: bitbucket 1-11
2020-12-17 17:20:03,253 INFO o.a.j.t.JMeterThread: Thread is done: bitbucket 1-6
2020-12-17 17:20:03,253 INFO o.a.j.t.JMeterThread: Thread finished: bitbucket 1-6
2020-12-17 17:20:03,257 INFO o.a.j.t.ThreadGroup: Started thread group number 1
2020-12-17 17:20:03,258 INFO o.a.j.t.JMeterThread: Thread started: tearDown Thread Group 1-1
2020-12-17 17:20:03,546 INFO o.a.j.u.BeanShellTestElement: Git temporary workspace: [/tmp/dcapt_git_workspace_67995716-cf93-464b-9b84-f487261287a2] successfully deleted.
2020-12-17 17:20:03,546 INFO o.a.j.t.JMeterThread: Thread is done: tearDown Thread Group 1-1
2020-12-17 17:20:03,546 INFO o.a.j.t.JMeterThread: Thread finished: tearDown Thread Group 1-1
2020-12-17 17:20:03,546 INFO o.a.j.e.StandardJMeterEngine: Notifying test listeners of end of test
2020-12-17 17:20:03,546 INFO o.a.j.s.FileServer: Close: /dc-app-performance-toolkit/app/datasets/bitbucket/repos.csv
2020-12-17 17:20:03,546 INFO o.a.j.s.FileServer: Close: /dc-app-performance-toolkit/app/datasets/bitbucket/users.csv
2020-12-17 17:20:03,547 INFO o.a.j.e.StandardJMeterEngine: Forced JVM shutdown requested at end of test
