[DEPRECATED] The --hatch-rate parameter has been renamed --spawn-rate
 Name                                                          # reqs      # fails  |     Avg     Min     Max  Median  |   req/s failures/s
--------------------------------------------------------------------------------------------------------------------------------------------
 Action locust_app_specific_action                                 90     0(0.00%)  |    9379    4113   18461    9500  |    0.27    0.00
 Action locust_comment_page                                        64  64(100.00%)  |      21       8     238      17  |    0.19    0.19
 Action locust_create_and_edit_page:create_page                    80  80(100.00%)  |       0       0       0       0  |    0.24    0.24
 Action locust_create_and_edit_page:create_page_editor             81  81(100.00%)  |      55      33     118      52  |    0.24    0.24
 Action locust_create_and_edit_page:edit_page                      57  57(100.00%)  |       0       0       0       0  |    0.17    0.17
 Action locust_create_and_edit_page:open_editor                    69  69(100.00%)  |       0       0       0       0  |    0.21    0.21
 Action locust_create_blog:blog_editor                             41  41(100.00%)  |      63      39     111      67  |    0.12    0.12
 Action locust_create_blog:feel_and_publish                        41  41(100.00%)  |       0       0       0       0  |    0.12    0.12
 Action locust_like_page                                           50     0(0.00%)  |      67      27     218      51  |    0.15    0.00
 Action locust_login_and_view_dashboard                           200     0(0.00%)  |    1194     780    3479    1100  |    0.60    0.00
 Action locust_search_cql:recently_viewed                         110     0(0.00%)  |      32      11     184      27  |    0.33    0.00
 Action locust_search_cql:search_results                          108     0(0.00%)  |     397     227    1133     400  |    0.33    0.00
 Action locust_upload_attachment                                   74     0(0.00%)  |     695     418    1270     650  |    0.22    0.00
 Action locust_view_attachment                                     37     0(0.00%)  |     179      94     338     160  |    0.11    0.00
 Action locust_view_blog                                          139 139(100.00%)  |     923     379    1783     860  |    0.42    0.42
 Action locust_view_dashboard                                      97     0(0.00%)  |     989     673    1427     780  |    0.29    0.00
 Action locust_view_page:open_page                                722     0(0.00%)  |     648     303    1386     640  |    2.18    0.00
 Action locust_view_page:view_page_tree                           711     0(0.00%)  |     168      19     453     160  |    2.14    0.00
--------------------------------------------------------------------------------------------------------------------------------------------
 Aggregated                                                      2771  572(20.64%)  |     725       0   18461     370  |    8.36    1.73

Response time percentiles (approximated)
 Type     Name                                                              50%    66%    75%    80%    90%    95%    98%    99%  99.9% 99.99%   100% # reqs
--------|------------------------------------------------------------|---------|------|------|------|------|------|------|------|------|------|------|------|
 Action   locust_app_specific_action                                       9600  10000  11000  11000  11000  12000  12000  18000  18000  18000  18000     90
 Action   locust_comment_page                                                17     17     18     18     20     21    220    240    240    240    240     64
 Action   locust_create_and_edit_page:create_page                             0      0      0      0      0      0      0      0      0      0      0     80
 Action   locust_create_and_edit_page:create_page_editor                     52     63     67     69     77     81     85    120    120    120    120     81
 Action   locust_create_and_edit_page:edit_page                               0      0      0      0      0      0      0      0      0      0      0     57
 Action   locust_create_and_edit_page:open_editor                             0      0      0      0      0      0      0      0      0      0      0     69
 Action   locust_create_blog:blog_editor                                     67     70     72     75     76     77    110    110    110    110    110     41
 Action   locust_create_blog:feel_and_publish                                 0      0      0      0      0      0      0      0      0      0      0     41
 Action   locust_like_page                                                   79     84     85     86     88     91    220    220    220    220    220     50
 Action   locust_login_and_view_dashboard                                  1400   1500   1500   1500   1600   1600   1700   1700   3500   3500   3500    200
 Action   locust_search_cql:recently_viewed                                  27     40     43     44     46     49     53     53    180    180    180    110
 Action   locust_search_cql:search_results                                  400    420    430    440    450    470    490    540   1100   1100   1100    108
 Action   locust_upload_attachment                                          660    720    790    900   1000   1200   1200   1300   1300   1300   1300     74
 Action   locust_view_attachment                                            160    210    220    230    290    320    340    340    340    340    340     37
 Action   locust_view_blog                                                  860    990   1100   1100   1300   1500   1700   1700   1800   1800   1800    139
 Action   locust_view_dashboard                                             780   1300   1300   1300   1300   1400   1400   1400   1400   1400   1400     97
 Action   locust_view_page:open_page                                        640    720    770    830    940   1100   1200   1300   1400   1400   1400    722
 Action   locust_view_page:view_page_tree                                   160    190    220    240    280    310    370    380    450    450    450    711
--------|------------------------------------------------------------|---------|------|------|------|------|------|------|------|------|------|------|------|
 None     Aggregated                                                        370    620    740    830   1200   1500   8900  11000  12000  18000  18000   2771

Error report
 # occurrences      Error                                                                                               
--------------------------------------------------------------------------------------------------------------------------------------------
 41                 Action locust_create_blog:blog_editor: "AssertionError('Could not open editor for blog.')"          
 139                Action locust_view_blog: "AssertionError('Could not open editor for blog.')"                        
 81                 Action locust_create_and_edit_page:create_page_editor: "AssertionError('Could not open page editor.')"
 35                 Action locust_create_blog:feel_and_publish: "KeyError('draft_name')"                                
 1                  Action locust_comment_page: "HTTPError('403 Client Error:  for url: http://confl-loadb-n2u031dw0abo-199959073.us-east-1.elb.amazonaws.com:80/rest/tinymce/1/content/2306140/comment?actions=true&html=%3Cp%3Esxscfrlzktdocsp%3C%2Fp%3E&watch=True&uuid=e4cab19a-3e2a-4bac-995e-474a214912fe')"
 80                 Action locust_create_and_edit_page:create_page: "KeyError('content_id')"                            
 69                 Action locust_create_and_edit_page:open_editor: "KeyError('create_page_id')"                        
 1                  Action locust_comment_page: "HTTPError('403 Client Error:  for url: http://confl-loadb-n2u031dw0abo-199959073.us-east-1.elb.amazonaws.com:80/rest/tinymce/1/content/2716541/comment?actions=true&html=%3Cp%3Efkqocywjbkkdiuj%3C%2Fp%3E&watch=True&uuid=4e4bfc34-0926-4ca8-93d8-0affa2861a37')"
 57                 Action locust_create_and_edit_page:edit_page: "KeyError('edit_parent_page_id')"                     
 1                  Action locust_comment_page: "HTTPError('403 Client Error:  for url: http://confl-loadb-n2u031dw0abo-199959073.us-east-1.elb.amazonaws.com:80/rest/tinymce/1/content/2298106/comment?actions=true&html=%3Cp%3Eusvlltxcuadzaig%3C%2Fp%3E&watch=True&uuid=b06aeecf-8e34-4c92-ab78-fe30d27d07c3')"
 1                  Action locust_comment_page: "HTTPError('403 Client Error:  for url: http://confl-loadb-n2u031dw0abo-199959073.us-east-1.elb.amazonaws.com:80/rest/tinymce/1/content/2311589/comment?actions=true&html=%3Cp%3Erywkjginwnbxxni%3C%2Fp%3E&watch=True&uuid=33f1c4f2-3450-4a08-9cc4-b8af8c684f15')"
 1                  Action locust_comment_page: "HTTPError('403 Client Error:  for url: http://confl-loadb-n2u031dw0abo-199959073.us-east-1.elb.amazonaws.com:80/rest/tinymce/1/content/4863818/comment?actions=true&html=%3Cp%3Eiucikvxnzxn+mlt%3C%2Fp%3E&watch=True&uuid=6b7f7692-c345-462a-b53a-adc2d506ad64')"
 1                  Action locust_comment_page: "HTTPError('403 Client Error:  for url: http://confl-loadb-n2u031dw0abo-199959073.us-east-1.elb.amazonaws.com:80/rest/tinymce/1/content/4505059/comment?actions=true&html=%3Cp%3Edpujftyabepajfp%3C%2Fp%3E&watch=True&uuid=e7df3983-90ae-4dbd-bf16-f5084b5d4c35')"
 1                  Action locust_comment_page: "HTTPError('403 Client Error:  for url: http://confl-loadb-n2u031dw0abo-199959073.us-east-1.elb.amazonaws.com:80/rest/tinymce/1/content/3707595/comment?actions=true&html=%3Cp%3Epxhfex+gfdepzgv%3C%2Fp%3E&watch=True&uuid=4fe243b1-bb7f-48c0-b9b2-e0373a26eaaa')"
 1                  Action locust_comment_page: "HTTPError('403 Client Error:  for url: http://confl-loadb-n2u031dw0abo-199959073.us-east-1.elb.amazonaws.com:80/rest/tinymce/1/content/4598969/comment?actions=true&html=%3Cp%3Ebiawlmrigonzxpp%3C%2Fp%3E&watch=True&uuid=a213b9f5-92eb-48ec-adeb-e8e25d78f1fa')"
 1                  Action locust_comment_page: "HTTPError('403 Client Error:  for url: http://confl-loadb-n2u031dw0abo-199959073.us-east-1.elb.amazonaws.com:80/rest/tinymce/1/content/3093569/comment?actions=true&html=%3Cp%3Ecnygf+hpqnxlb+l%3C%2Fp%3E&watch=True&uuid=1204ac8b-9e9f-42d3-8e97-da5c8f4c4a8f')"
 1                  Action locust_comment_page: "HTTPError('403 Client Error:  for url: http://confl-loadb-n2u031dw0abo-199959073.us-east-1.elb.amazonaws.com:80/rest/tinymce/1/content/2314656/comment?actions=true&html=%3Cp%3Eqflhaayszvojpft%3C%2Fp%3E&watch=True&uuid=339cf8d0-0c4e-4938-aed3-4997f05452e1')"
 1                  Action locust_comment_page: "HTTPError('403 Client Error:  for url: http://confl-loadb-n2u031dw0abo-199959073.us-east-1.elb.amazonaws.com:80/rest/tinymce/1/content/4509317/comment?actions=true&html=%3Cp%3Eqnvyhwowvqdkiyn%3C%2Fp%3E&watch=True&uuid=ad0bd01d-bdd3-4a5e-b4b3-e70626496349')"
 1                  Action locust_comment_page: "HTTPError('403 Client Error:  for url: http://confl-loadb-n2u031dw0abo-199959073.us-east-1.elb.amazonaws.com:80/rest/tinymce/1/content/4866801/comment?actions=true&html=%3Cp%3Eaw+u+s+toemhkbi%3C%2Fp%3E&watch=True&uuid=dd1ffca7-af7e-43d0-8f5b-379ea00c3339')"
 1                  Action locust_comment_page: "HTTPError('403 Client Error:  for url: http://confl-loadb-n2u031dw0abo-199959073.us-east-1.elb.amazonaws.com:80/rest/tinymce/1/content/4863090/comment?actions=true&html=%3Cp%3E+xwlwrhwuavguq+%3C%2Fp%3E&watch=True&uuid=7923b8c1-b15e-4bf1-8b44-497efa4823e1')"
 1                  Action locust_comment_page: "HTTPError('403 Client Error:  for url: http://confl-loadb-n2u031dw0abo-199959073.us-east-1.elb.amazonaws.com:80/rest/tinymce/1/content/4503716/comment?actions=true&html=%3Cp%3E+tjuojuuaeimfjc%3C%2Fp%3E&watch=True&uuid=f263e7a0-c280-48f4-b137-85951bda18c6')"
 1                  Action locust_comment_page: "HTTPError('403 Client Error:  for url: http://confl-loadb-n2u031dw0abo-199959073.us-east-1.elb.amazonaws.com:80/rest/tinymce/1/content/2946359/comment?actions=true&html=%3Cp%3Euhanlmuydkqnlgc%3C%2Fp%3E&watch=True&uuid=229276fb-a084-468b-af10-7d52e0816238')"
 1                  Action locust_comment_page: "HTTPError('403 Client Error:  for url: http://confl-loadb-n2u031dw0abo-199959073.us-east-1.elb.amazonaws.com:80/rest/tinymce/1/content/2306925/comment?actions=true&html=%3Cp%3Ebunqltcfgzpaqfb%3C%2Fp%3E&watch=True&uuid=7b3fd709-29ac-4709-ab6c-81ac1b485457')"
 1                  Action locust_comment_page: "HTTPError('403 Client Error:  for url: http://confl-loadb-n2u031dw0abo-199959073.us-east-1.elb.amazonaws.com:80/rest/tinymce/1/content/2941550/comment?actions=true&html=%3Cp%3Ensbeuyvlbclekrp%3C%2Fp%3E&watch=True&uuid=f12a7fca-6b19-4f21-be0e-3897b8493ced')"
 1                  Action locust_comment_page: "HTTPError('403 Client Error:  for url: http://confl-loadb-n2u031dw0abo-199959073.us-east-1.elb.amazonaws.com:80/rest/tinymce/1/content/2795881/comment?actions=true&html=%3Cp%3Eumap++lkwbnrebp%3C%2Fp%3E&watch=True&uuid=72d5da13-0c6c-4881-9f8f-75fee81eec8a')"
 1                  Action locust_comment_page: "HTTPError('403 Client Error:  for url: http://confl-loadb-n2u031dw0abo-199959073.us-east-1.elb.amazonaws.com:80/rest/tinymce/1/content/4521546/comment?actions=true&html=%3Cp%3Etrlaigmofzzfehw%3C%2Fp%3E&watch=True&uuid=9af806e3-1305-4165-bdb0-dcbb5d66669f')"
 1                  Action locust_comment_page: "HTTPError('403 Client Error:  for url: http://confl-loadb-n2u031dw0abo-199959073.us-east-1.elb.amazonaws.com:80/rest/tinymce/1/content/2314483/comment?actions=true&html=%3Cp%3Ehfgfzbrcrhkrzgg%3C%2Fp%3E&watch=True&uuid=7f960c87-1ea9-455b-9f26-4143de9df2be')"
 1                  Action locust_comment_page: "HTTPError('403 Client Error:  for url: http://confl-loadb-n2u031dw0abo-199959073.us-east-1.elb.amazonaws.com:80/rest/tinymce/1/content/4867571/comment?actions=true&html=%3Cp%3Evdslarpwiq+sjkm%3C%2Fp%3E&watch=True&uuid=d9923755-2211-44c0-be0d-6362583e9cb9')"
 1                  Action locust_comment_page: "HTTPError('403 Client Error:  for url: http://confl-loadb-n2u031dw0abo-199959073.us-east-1.elb.amazonaws.com:80/rest/tinymce/1/content/2318933/comment?actions=true&html=%3Cp%3Egtyptoqcpypxzty%3C%2Fp%3E&watch=True&uuid=012ce883-6cf8-467e-89d4-3fab518958d5')"
 1                  Action locust_comment_page: "HTTPError('403 Client Error:  for url: http://confl-loadb-n2u031dw0abo-199959073.us-east-1.elb.amazonaws.com:80/rest/tinymce/1/content/4521645/comment?actions=true&html=%3Cp%3Efoautgrrbmrtquf%3C%2Fp%3E&watch=True&uuid=037a8ef8-2c34-4ec4-ac2e-dc88f95d267b')"
 1                  Action locust_comment_page: "HTTPError('403 Client Error:  for url: http://confl-loadb-n2u031dw0abo-199959073.us-east-1.elb.amazonaws.com:80/rest/tinymce/1/content/4520686/comment?actions=true&html=%3Cp%3Encudfzupjwpq+vj%3C%2Fp%3E&watch=True&uuid=04e4ff91-a404-4e6b-a16d-34f5fc3356de')"
 1                  Action locust_comment_page: "HTTPError('403 Client Error:  for url: http://confl-loadb-n2u031dw0abo-199959073.us-east-1.elb.amazonaws.com:80/rest/tinymce/1/content/4503671/comment?actions=true&html=%3Cp%3Erkqpdhzkhkexytq%3C%2Fp%3E&watch=True&uuid=6e265b9e-6978-41a3-827e-ec5f70b86012')"
 1                  Action locust_comment_page: "HTTPError('403 Client Error:  for url: http://confl-loadb-n2u031dw0abo-199959073.us-east-1.elb.amazonaws.com:80/rest/tinymce/1/content/4865277/comment?actions=true&html=%3Cp%3Ejreavbxwhyjfbdw%3C%2Fp%3E&watch=True&uuid=22de4bf3-417a-4294-92f2-7ef16652171c')"
 1                  Action locust_comment_page: "HTTPError('403 Client Error:  for url: http://confl-loadb-n2u031dw0abo-199959073.us-east-1.elb.amazonaws.com:80/rest/tinymce/1/content/4592511/comment?actions=true&html=%3Cp%3Esgolcrhovwntafe%3C%2Fp%3E&watch=True&uuid=dad31dcb-0795-4049-a924-2635e3c97f81')"
 6                  Action locust_create_blog:feel_and_publish: "KeyError('parsed_space_key')"                          
 1                  Action locust_comment_page: "HTTPError('403 Client Error:  for url: http://confl-loadb-n2u031dw0abo-199959073.us-east-1.elb.amazonaws.com:80/rest/tinymce/1/content/4867209/comment?actions=true&html=%3Cp%3Ewwqhjy+rngzpwzp%3C%2Fp%3E&watch=True&uuid=403d795a-5019-45c8-ba65-bda16b8dbc8a')"
 1                  Action locust_comment_page: "HTTPError('403 Client Error:  for url: http://confl-loadb-n2u031dw0abo-199959073.us-east-1.elb.amazonaws.com:80/rest/tinymce/1/content/3089420/comment?actions=true&html=%3Cp%3Ewqfcjmcefhpliuj%3C%2Fp%3E&watch=True&uuid=3a046f7e-4769-4f20-81a2-05f710314445')"
 1                  Action locust_comment_page: "HTTPError('403 Client Error:  for url: http://confl-loadb-n2u031dw0abo-199959073.us-east-1.elb.amazonaws.com:80/rest/tinymce/1/content/2946592/comment?actions=true&html=%3Cp%3Etoh+ralkcgkk+jh%3C%2Fp%3E&watch=True&uuid=8d4dfd22-56c9-4282-bd64-09361b148887')"
 1                  Action locust_comment_page: "HTTPError('403 Client Error:  for url: http://confl-loadb-n2u031dw0abo-199959073.us-east-1.elb.amazonaws.com:80/rest/tinymce/1/content/4509423/comment?actions=true&html=%3Cp%3Eknlpiyilktfuzgn%3C%2Fp%3E&watch=True&uuid=618c3991-0d96-4afb-8bd8-62282dc31de1')"
 1                  Action locust_comment_page: "HTTPError('403 Client Error:  for url: http://confl-loadb-n2u031dw0abo-199959073.us-east-1.elb.amazonaws.com:80/rest/tinymce/1/content/4517026/comment?actions=true&html=%3Cp%3Exeetdovhbbbfdwv%3C%2Fp%3E&watch=True&uuid=e8c38b7f-4dcb-4972-8eba-e963fbfbb05f')"
 1                  Action locust_comment_page: "HTTPError('403 Client Error:  for url: http://confl-loadb-n2u031dw0abo-199959073.us-east-1.elb.amazonaws.com:80/rest/tinymce/1/content/4592181/comment?actions=true&html=%3Cp%3Ecvfklrodfcaanhc%3C%2Fp%3E&watch=True&uuid=43c646a0-743a-47b2-a83b-49e6de0dc5b7')"
 1                  Action locust_comment_page: "HTTPError('403 Client Error:  for url: http://confl-loadb-n2u031dw0abo-199959073.us-east-1.elb.amazonaws.com:80/rest/tinymce/1/content/2455979/comment?actions=true&html=%3Cp%3Ezmkbrphwhedxpaw%3C%2Fp%3E&watch=True&uuid=241caf91-06d6-4700-81a8-8d814b493360')"
 1                  Action locust_comment_page: "HTTPError('403 Client Error:  for url: http://confl-loadb-n2u031dw0abo-199959073.us-east-1.elb.amazonaws.com:80/rest/tinymce/1/content/2942407/comment?actions=true&html=%3Cp%3Ettps+yexbbvwwb+%3C%2Fp%3E&watch=True&uuid=a763ee4e-90d4-4e8f-974d-31ea621eeccd')"
 1                  Action locust_comment_page: "HTTPError('403 Client Error:  for url: http://confl-loadb-n2u031dw0abo-199959073.us-east-1.elb.amazonaws.com:80/rest/tinymce/1/content/4509825/comment?actions=true&html=%3Cp%3Eknlkkuvtoctavbb%3C%2Fp%3E&watch=True&uuid=2081d623-5915-445e-98c6-4620765d25d4')"
 1                  Action locust_comment_page: "HTTPError('403 Client Error:  for url: http://confl-loadb-n2u031dw0abo-199959073.us-east-1.elb.amazonaws.com:80/rest/tinymce/1/content/3083424/comment?actions=true&html=%3Cp%3Eqjfswpv+yypgjsj%3C%2Fp%3E&watch=True&uuid=a8c09360-947e-4f34-b4a9-c2f2511889db')"
 1                  Action locust_comment_page: "HTTPError('403 Client Error:  for url: http://confl-loadb-n2u031dw0abo-199959073.us-east-1.elb.amazonaws.com:80/rest/tinymce/1/content/3711688/comment?actions=true&html=%3Cp%3Exndwystbjxxjyll%3C%2Fp%3E&watch=True&uuid=a3abcfc3-da9c-404d-b104-fd536f79e6aa')"
 1                  Action locust_comment_page: "HTTPError('403 Client Error:  for url: http://confl-loadb-n2u031dw0abo-199959073.us-east-1.elb.amazonaws.com:80/rest/tinymce/1/content/2712157/comment?actions=true&html=%3Cp%3Egqmotazzwcwiikw%3C%2Fp%3E&watch=True&uuid=2501fb9e-25fb-4037-9153-6a3ba17e16af')"
 1                  Action locust_comment_page: "HTTPError('403 Client Error:  for url: http://confl-loadb-n2u031dw0abo-199959073.us-east-1.elb.amazonaws.com:80/rest/tinymce/1/content/2311937/comment?actions=true&html=%3Cp%3Etujitvpoxnojlv+%3C%2Fp%3E&watch=True&uuid=f941f4ee-a788-412a-9337-ee9d19af2082')"
 1                  Action locust_comment_page: "HTTPError('403 Client Error:  for url: http://confl-loadb-n2u031dw0abo-199959073.us-east-1.elb.amazonaws.com:80/rest/tinymce/1/content/3090149/comment?actions=true&html=%3Cp%3E+ego+xovjuachwi%3C%2Fp%3E&watch=True&uuid=31f6daf5-7615-42f0-96f8-2fd1981f5cc0')"
 1                  Action locust_comment_page: "HTTPError('403 Client Error:  for url: http://confl-loadb-n2u031dw0abo-199959073.us-east-1.elb.amazonaws.com:80/rest/tinymce/1/content/2941404/comment?actions=true&html=%3Cp%3Es+ztgsoglgpgohw%3C%2Fp%3E&watch=True&uuid=7f6efe49-842f-463e-9ed8-9a79bdca72fb')"
 1                  Action locust_comment_page: "HTTPError('403 Client Error:  for url: http://confl-loadb-n2u031dw0abo-199959073.us-east-1.elb.amazonaws.com:80/rest/tinymce/1/content/2449036/comment?actions=true&html=%3Cp%3Eqmitvmpuhsf+bia%3C%2Fp%3E&watch=True&uuid=242c4c77-540a-434f-90d5-8c9debbb29c3')"
 1                  Action locust_comment_page: "HTTPError('403 Client Error:  for url: http://confl-loadb-n2u031dw0abo-199959073.us-east-1.elb.amazonaws.com:80/rest/tinymce/1/content/2711938/comment?actions=true&html=%3Cp%3Ealzbvnvjx+n+clh%3C%2Fp%3E&watch=True&uuid=9abe9937-0206-493a-b578-6475d61adc4f')"
 1                  Action locust_comment_page: "HTTPError('403 Client Error:  for url: http://confl-loadb-n2u031dw0abo-199959073.us-east-1.elb.amazonaws.com:80/rest/tinymce/1/content/4516480/comment?actions=true&html=%3Cp%3Eoxmtpcqsixqi+kg%3C%2Fp%3E&watch=True&uuid=d5c7c44f-43bd-45a4-aa74-990e8ab18671')"
 1                  Action locust_comment_page: "HTTPError('403 Client Error:  for url: http://confl-loadb-n2u031dw0abo-199959073.us-east-1.elb.amazonaws.com:80/rest/tinymce/1/content/2942541/comment?actions=true&html=%3Cp%3Ecaipqcfmlurrqqh%3C%2Fp%3E&watch=True&uuid=685fac51-eafb-4329-9102-acadaa3f5bdb')"
 1                  Action locust_comment_page: "HTTPError('403 Client Error:  for url: http://confl-loadb-n2u031dw0abo-199959073.us-east-1.elb.amazonaws.com:80/rest/tinymce/1/content/4867476/comment?actions=true&html=%3Cp%3Eme+xnkeveqdetzj%3C%2Fp%3E&watch=True&uuid=c54da964-b589-44dc-8251-7f53c1d5c07d')"
 1                  Action locust_comment_page: "HTTPError('403 Client Error:  for url: http://confl-loadb-n2u031dw0abo-199959073.us-east-1.elb.amazonaws.com:80/rest/tinymce/1/content/4515084/comment?actions=true&html=%3Cp%3Ermcothfqlewp+km%3C%2Fp%3E&watch=True&uuid=841eb31f-e4f0-40f5-ad7a-6c21008d4975')"
 1                  Action locust_comment_page: "HTTPError('403 Client Error:  for url: http://confl-loadb-n2u031dw0abo-199959073.us-east-1.elb.amazonaws.com:80/rest/tinymce/1/content/4512391/comment?actions=true&html=%3Cp%3Eaojzpwocvfvldzf%3C%2Fp%3E&watch=True&uuid=b1649440-4d3c-4389-b288-46cb04a91615')"
 1                  Action locust_comment_page: "HTTPError('403 Client Error:  for url: http://confl-loadb-n2u031dw0abo-199959073.us-east-1.elb.amazonaws.com:80/rest/tinymce/1/content/3084071/comment?actions=true&html=%3Cp%3Ezsqcsswhcmgjmzf%3C%2Fp%3E&watch=True&uuid=93e60033-84a8-4503-ad08-2359ac31247c')"
 1                  Action locust_comment_page: "HTTPError('403 Client Error:  for url: http://confl-loadb-n2u031dw0abo-199959073.us-east-1.elb.amazonaws.com:80/rest/tinymce/1/content/3093950/comment?actions=true&html=%3Cp%3Ezpcwbqbxqhhjl+g%3C%2Fp%3E&watch=True&uuid=f65b2a72-3192-473d-80b4-6b6e4e55394f')"
 1                  Action locust_comment_page: "HTTPError('403 Client Error:  for url: http://confl-loadb-n2u031dw0abo-199959073.us-east-1.elb.amazonaws.com:80/rest/tinymce/1/content/4512206/comment?actions=true&html=%3Cp%3Er+jptpxgrhvwlku%3C%2Fp%3E&watch=True&uuid=61810c75-3e71-4a43-b11e-3052988a09ea')"
 1                  Action locust_comment_page: "HTTPError('403 Client Error:  for url: http://confl-loadb-n2u031dw0abo-199959073.us-east-1.elb.amazonaws.com:80/rest/tinymce/1/content/3082482/comment?actions=true&html=%3Cp%3Exhbosr+mgyv++h+%3C%2Fp%3E&watch=True&uuid=bb0ee636-4c38-4884-a6c2-923356ffc471')"
 1                  Action locust_comment_page: "HTTPError('403 Client Error:  for url: http://confl-loadb-n2u031dw0abo-199959073.us-east-1.elb.amazonaws.com:80/rest/tinymce/1/content/3087304/comment?actions=true&html=%3Cp%3Erhsyg+mkulweph+%3C%2Fp%3E&watch=True&uuid=5af70151-6f38-4dcb-a9ae-45ada3e5dc7f')"
 1                  Action locust_comment_page: "HTTPError('403 Client Error:  for url: http://confl-loadb-n2u031dw0abo-199959073.us-east-1.elb.amazonaws.com:80/rest/tinymce/1/content/2311752/comment?actions=true&html=%3Cp%3Etpcbznmccfjnyfv%3C%2Fp%3E&watch=True&uuid=a25d608a-eb8f-44a3-9295-9a885b47fac3')"
 1                  Action locust_comment_page: "HTTPError('403 Client Error:  for url: http://confl-loadb-n2u031dw0abo-199959073.us-east-1.elb.amazonaws.com:80/rest/tinymce/1/content/3710828/comment?actions=true&html=%3Cp%3Eafkrwabrhjvkwix%3C%2Fp%3E&watch=True&uuid=44a61655-fe71-407e-ab59-588f562c19af')"
 1                  Action locust_comment_page: "HTTPError('403 Client Error:  for url: http://confl-loadb-n2u031dw0abo-199959073.us-east-1.elb.amazonaws.com:80/rest/tinymce/1/content/4589025/comment?actions=true&html=%3Cp%3Exptqpkwmbu+dlzt%3C%2Fp%3E&watch=True&uuid=63661738-83df-4aa5-ab83-ee831243fadf')"
 1                  Action locust_comment_page: "HTTPError('403 Client Error:  for url: http://confl-loadb-n2u031dw0abo-199959073.us-east-1.elb.amazonaws.com:80/rest/tinymce/1/content/4869319/comment?actions=true&html=%3Cp%3Efhhro+mtcjmsbfx%3C%2Fp%3E&watch=True&uuid=83076c24-2d97-4177-854b-f6dcf0f9f14a')"
 1                  Action locust_comment_page: "HTTPError('403 Client Error:  for url: http://confl-loadb-n2u031dw0abo-199959073.us-east-1.elb.amazonaws.com:80/rest/tinymce/1/content/4515766/comment?actions=true&html=%3Cp%3Efphegwhhlbecsik%3C%2Fp%3E&watch=True&uuid=9745c431-e693-4c01-9e73-1f7a47da2a61')"
 1                  Action locust_comment_page: "HTTPError('403 Client Error:  for url: http://confl-loadb-n2u031dw0abo-199959073.us-east-1.elb.amazonaws.com:80/rest/tinymce/1/content/2312147/comment?actions=true&html=%3Cp%3Erhejdpzqysrhhvf%3C%2Fp%3E&watch=True&uuid=b623e048-1232-415f-ac44-afd8339d9c30')"
 1                  Action locust_comment_page: "HTTPError('403 Client Error:  for url: http://confl-loadb-n2u031dw0abo-199959073.us-east-1.elb.amazonaws.com:80/rest/tinymce/1/content/4866590/comment?actions=true&html=%3Cp%3Ehlyzzftdwednkmq%3C%2Fp%3E&watch=True&uuid=5df847d8-e5e8-4166-8a0f-5e4f9d37aa81')"
 1                  Action locust_comment_page: "HTTPError('403 Client Error:  for url: http://confl-loadb-n2u031dw0abo-199959073.us-east-1.elb.amazonaws.com:80/rest/tinymce/1/content/3091871/comment?actions=true&html=%3Cp%3Eajrxqyzdlqurwjx%3C%2Fp%3E&watch=True&uuid=9f212a56-afb6-4179-854a-80f45fddb18c')"
 1                  Action locust_comment_page: "HTTPError('403 Client Error:  for url: http://confl-loadb-n2u031dw0abo-199959073.us-east-1.elb.amazonaws.com:80/rest/tinymce/1/content/2323608/comment?actions=true&html=%3Cp%3Ezwuxufsesrfejgl%3C%2Fp%3E&watch=True&uuid=aaa2eaa5-3059-452a-b5d7-d756fa75eee7')"
 1                  Action locust_comment_page: "HTTPError('403 Client Error:  for url: http://confl-loadb-n2u031dw0abo-199959073.us-east-1.elb.amazonaws.com:80/rest/tinymce/1/content/4520099/comment?actions=true&html=%3Cp%3Enrhctkilmskwdil%3C%2Fp%3E&watch=True&uuid=facb990a-1ae5-4e6c-83fa-cb9ba19d116d')"
--------------------------------------------------------------------------------------------------------------------------------------------

 Name                                                          # reqs      # fails  |     Avg     Min     Max  Median  |   req/s failures/s
--------------------------------------------------------------------------------------------------------------------------------------------
 Action locust_app_specific_action                                 90     0(0.00%)  |    9379    4113   18461    9500  |    0.27    0.00
 Action locust_comment_page                                        64  64(100.00%)  |      21       8     238      17  |    0.19    0.19
 Action locust_create_and_edit_page:create_page                    80  80(100.00%)  |       0       0       0       0  |    0.24    0.24
 Action locust_create_and_edit_page:create_page_editor             81  81(100.00%)  |      55      33     118      52  |    0.24    0.24
 Action locust_create_and_edit_page:edit_page                      57  57(100.00%)  |       0       0       0       0  |    0.17    0.17
 Action locust_create_and_edit_page:open_editor                    69  69(100.00%)  |       0       0       0       0  |    0.21    0.21
 Action locust_create_blog:blog_editor                             41  41(100.00%)  |      63      39     111      67  |    0.12    0.12
 Action locust_create_blog:feel_and_publish                        41  41(100.00%)  |       0       0       0       0  |    0.12    0.12
 Action locust_like_page                                           50     0(0.00%)  |      67      27     218      51  |    0.15    0.00
 Action locust_login_and_view_dashboard                           200     0(0.00%)  |    1194     780    3479    1100  |    0.60    0.00
 Action locust_search_cql:recently_viewed                         110     0(0.00%)  |      32      11     184      27  |    0.33    0.00
 Action locust_search_cql:search_results                          108     0(0.00%)  |     397     227    1133     400  |    0.33    0.00
 Action locust_upload_attachment                                   74     0(0.00%)  |     695     418    1270     650  |    0.22    0.00
 Action locust_view_attachment                                     37     0(0.00%)  |     179      94     338     160  |    0.11    0.00
 Action locust_view_blog                                          139 139(100.00%)  |     923     379    1783     860  |    0.42    0.42
 Action locust_view_dashboard                                      97     0(0.00%)  |     989     673    1427     780  |    0.29    0.00
 Action locust_view_page:open_page                                722     0(0.00%)  |     648     303    1386     640  |    2.18    0.00
 Action locust_view_page:view_page_tree                           711     0(0.00%)  |     168      19     453     160  |    2.14    0.00
--------------------------------------------------------------------------------------------------------------------------------------------
 Aggregated                                                      2771  572(20.64%)  |     725       0   18461     370  |    8.36    1.73

Response time percentiles (approximated)
 Type     Name                                                              50%    66%    75%    80%    90%    95%    98%    99%  99.9% 99.99%   100% # reqs
--------|------------------------------------------------------------|---------|------|------|------|------|------|------|------|------|------|------|------|
 Action   locust_app_specific_action                                       9600  10000  11000  11000  11000  12000  12000  18000  18000  18000  18000     90
 Action   locust_comment_page                                                17     17     18     18     20     21    220    240    240    240    240     64
 Action   locust_create_and_edit_page:create_page                             0      0      0      0      0      0      0      0      0      0      0     80
 Action   locust_create_and_edit_page:create_page_editor                     52     63     67     69     77     81     85    120    120    120    120     81
 Action   locust_create_and_edit_page:edit_page                               0      0      0      0      0      0      0      0      0      0      0     57
 Action   locust_create_and_edit_page:open_editor                             0      0      0      0      0      0      0      0      0      0      0     69
 Action   locust_create_blog:blog_editor                                     67     70     72     75     76     77    110    110    110    110    110     41
 Action   locust_create_blog:feel_and_publish                                 0      0      0      0      0      0      0      0      0      0      0     41
 Action   locust_like_page                                                   79     84     85     86     88     91    220    220    220    220    220     50
 Action   locust_login_and_view_dashboard                                  1400   1500   1500   1500   1600   1600   1700   1700   3500   3500   3500    200
 Action   locust_search_cql:recently_viewed                                  27     40     43     44     46     49     53     53    180    180    180    110
 Action   locust_search_cql:search_results                                  400    420    430    440    450    470    490    540   1100   1100   1100    108
 Action   locust_upload_attachment                                          660    720    790    900   1000   1200   1200   1300   1300   1300   1300     74
 Action   locust_view_attachment                                            160    210    220    230    290    320    340    340    340    340    340     37
 Action   locust_view_blog                                                  860    990   1100   1100   1300   1500   1700   1700   1800   1800   1800    139
 Action   locust_view_dashboard                                             780   1300   1300   1300   1300   1400   1400   1400   1400   1400   1400     97
 Action   locust_view_page:open_page                                        640    720    770    830    940   1100   1200   1300   1400   1400   1400    722
 Action   locust_view_page:view_page_tree                                   160    190    220    240    280    310    370    380    450    450    450    711
--------|------------------------------------------------------------|---------|------|------|------|------|------|------|------|------|------|------|------|
 None     Aggregated                                                        370    620    740    830   1200   1500   8900  11000  12000  18000  18000   2771

Error report
 # occurrences      Error                                                                                               
--------------------------------------------------------------------------------------------------------------------------------------------
 41                 Action locust_create_blog:blog_editor: "AssertionError('Could not open editor for blog.')"          
 139                Action locust_view_blog: "AssertionError('Could not open editor for blog.')"                        
 81                 Action locust_create_and_edit_page:create_page_editor: "AssertionError('Could not open page editor.')"
 35                 Action locust_create_blog:feel_and_publish: "KeyError('draft_name')"                                
 1                  Action locust_comment_page: "HTTPError('403 Client Error:  for url: http://confl-loadb-n2u031dw0abo-199959073.us-east-1.elb.amazonaws.com:80/rest/tinymce/1/content/2306140/comment?actions=true&html=%3Cp%3Esxscfrlzktdocsp%3C%2Fp%3E&watch=True&uuid=e4cab19a-3e2a-4bac-995e-474a214912fe')"
 80                 Action locust_create_and_edit_page:create_page: "KeyError('content_id')"                            
 69                 Action locust_create_and_edit_page:open_editor: "KeyError('create_page_id')"                        
 1                  Action locust_comment_page: "HTTPError('403 Client Error:  for url: http://confl-loadb-n2u031dw0abo-199959073.us-east-1.elb.amazonaws.com:80/rest/tinymce/1/content/2716541/comment?actions=true&html=%3Cp%3Efkqocywjbkkdiuj%3C%2Fp%3E&watch=True&uuid=4e4bfc34-0926-4ca8-93d8-0affa2861a37')"
 57                 Action locust_create_and_edit_page:edit_page: "KeyError('edit_parent_page_id')"                     
 1                  Action locust_comment_page: "HTTPError('403 Client Error:  for url: http://confl-loadb-n2u031dw0abo-199959073.us-east-1.elb.amazonaws.com:80/rest/tinymce/1/content/2298106/comment?actions=true&html=%3Cp%3Eusvlltxcuadzaig%3C%2Fp%3E&watch=True&uuid=b06aeecf-8e34-4c92-ab78-fe30d27d07c3')"
 1                  Action locust_comment_page: "HTTPError('403 Client Error:  for url: http://confl-loadb-n2u031dw0abo-199959073.us-east-1.elb.amazonaws.com:80/rest/tinymce/1/content/2311589/comment?actions=true&html=%3Cp%3Erywkjginwnbxxni%3C%2Fp%3E&watch=True&uuid=33f1c4f2-3450-4a08-9cc4-b8af8c684f15')"
 1                  Action locust_comment_page: "HTTPError('403 Client Error:  for url: http://confl-loadb-n2u031dw0abo-199959073.us-east-1.elb.amazonaws.com:80/rest/tinymce/1/content/4863818/comment?actions=true&html=%3Cp%3Eiucikvxnzxn+mlt%3C%2Fp%3E&watch=True&uuid=6b7f7692-c345-462a-b53a-adc2d506ad64')"
 1                  Action locust_comment_page: "HTTPError('403 Client Error:  for url: http://confl-loadb-n2u031dw0abo-199959073.us-east-1.elb.amazonaws.com:80/rest/tinymce/1/content/4505059/comment?actions=true&html=%3Cp%3Edpujftyabepajfp%3C%2Fp%3E&watch=True&uuid=e7df3983-90ae-4dbd-bf16-f5084b5d4c35')"
 1                  Action locust_comment_page: "HTTPError('403 Client Error:  for url: http://confl-loadb-n2u031dw0abo-199959073.us-east-1.elb.amazonaws.com:80/rest/tinymce/1/content/3707595/comment?actions=true&html=%3Cp%3Epxhfex+gfdepzgv%3C%2Fp%3E&watch=True&uuid=4fe243b1-bb7f-48c0-b9b2-e0373a26eaaa')"
 1                  Action locust_comment_page: "HTTPError('403 Client Error:  for url: http://confl-loadb-n2u031dw0abo-199959073.us-east-1.elb.amazonaws.com:80/rest/tinymce/1/content/4598969/comment?actions=true&html=%3Cp%3Ebiawlmrigonzxpp%3C%2Fp%3E&watch=True&uuid=a213b9f5-92eb-48ec-adeb-e8e25d78f1fa')"
 1                  Action locust_comment_page: "HTTPError('403 Client Error:  for url: http://confl-loadb-n2u031dw0abo-199959073.us-east-1.elb.amazonaws.com:80/rest/tinymce/1/content/3093569/comment?actions=true&html=%3Cp%3Ecnygf+hpqnxlb+l%3C%2Fp%3E&watch=True&uuid=1204ac8b-9e9f-42d3-8e97-da5c8f4c4a8f')"
 1                  Action locust_comment_page: "HTTPError('403 Client Error:  for url: http://confl-loadb-n2u031dw0abo-199959073.us-east-1.elb.amazonaws.com:80/rest/tinymce/1/content/2314656/comment?actions=true&html=%3Cp%3Eqflhaayszvojpft%3C%2Fp%3E&watch=True&uuid=339cf8d0-0c4e-4938-aed3-4997f05452e1')"
 1                  Action locust_comment_page: "HTTPError('403 Client Error:  for url: http://confl-loadb-n2u031dw0abo-199959073.us-east-1.elb.amazonaws.com:80/rest/tinymce/1/content/4509317/comment?actions=true&html=%3Cp%3Eqnvyhwowvqdkiyn%3C%2Fp%3E&watch=True&uuid=ad0bd01d-bdd3-4a5e-b4b3-e70626496349')"
 1                  Action locust_comment_page: "HTTPError('403 Client Error:  for url: http://confl-loadb-n2u031dw0abo-199959073.us-east-1.elb.amazonaws.com:80/rest/tinymce/1/content/4866801/comment?actions=true&html=%3Cp%3Eaw+u+s+toemhkbi%3C%2Fp%3E&watch=True&uuid=dd1ffca7-af7e-43d0-8f5b-379ea00c3339')"
 1                  Action locust_comment_page: "HTTPError('403 Client Error:  for url: http://confl-loadb-n2u031dw0abo-199959073.us-east-1.elb.amazonaws.com:80/rest/tinymce/1/content/4863090/comment?actions=true&html=%3Cp%3E+xwlwrhwuavguq+%3C%2Fp%3E&watch=True&uuid=7923b8c1-b15e-4bf1-8b44-497efa4823e1')"
 1                  Action locust_comment_page: "HTTPError('403 Client Error:  for url: http://confl-loadb-n2u031dw0abo-199959073.us-east-1.elb.amazonaws.com:80/rest/tinymce/1/content/4503716/comment?actions=true&html=%3Cp%3E+tjuojuuaeimfjc%3C%2Fp%3E&watch=True&uuid=f263e7a0-c280-48f4-b137-85951bda18c6')"
 1                  Action locust_comment_page: "HTTPError('403 Client Error:  for url: http://confl-loadb-n2u031dw0abo-199959073.us-east-1.elb.amazonaws.com:80/rest/tinymce/1/content/2946359/comment?actions=true&html=%3Cp%3Euhanlmuydkqnlgc%3C%2Fp%3E&watch=True&uuid=229276fb-a084-468b-af10-7d52e0816238')"
 1                  Action locust_comment_page: "HTTPError('403 Client Error:  for url: http://confl-loadb-n2u031dw0abo-199959073.us-east-1.elb.amazonaws.com:80/rest/tinymce/1/content/2306925/comment?actions=true&html=%3Cp%3Ebunqltcfgzpaqfb%3C%2Fp%3E&watch=True&uuid=7b3fd709-29ac-4709-ab6c-81ac1b485457')"
 1                  Action locust_comment_page: "HTTPError('403 Client Error:  for url: http://confl-loadb-n2u031dw0abo-199959073.us-east-1.elb.amazonaws.com:80/rest/tinymce/1/content/2941550/comment?actions=true&html=%3Cp%3Ensbeuyvlbclekrp%3C%2Fp%3E&watch=True&uuid=f12a7fca-6b19-4f21-be0e-3897b8493ced')"
 1                  Action locust_comment_page: "HTTPError('403 Client Error:  for url: http://confl-loadb-n2u031dw0abo-199959073.us-east-1.elb.amazonaws.com:80/rest/tinymce/1/content/2795881/comment?actions=true&html=%3Cp%3Eumap++lkwbnrebp%3C%2Fp%3E&watch=True&uuid=72d5da13-0c6c-4881-9f8f-75fee81eec8a')"
 1                  Action locust_comment_page: "HTTPError('403 Client Error:  for url: http://confl-loadb-n2u031dw0abo-199959073.us-east-1.elb.amazonaws.com:80/rest/tinymce/1/content/4521546/comment?actions=true&html=%3Cp%3Etrlaigmofzzfehw%3C%2Fp%3E&watch=True&uuid=9af806e3-1305-4165-bdb0-dcbb5d66669f')"
 1                  Action locust_comment_page: "HTTPError('403 Client Error:  for url: http://confl-loadb-n2u031dw0abo-199959073.us-east-1.elb.amazonaws.com:80/rest/tinymce/1/content/2314483/comment?actions=true&html=%3Cp%3Ehfgfzbrcrhkrzgg%3C%2Fp%3E&watch=True&uuid=7f960c87-1ea9-455b-9f26-4143de9df2be')"
 1                  Action locust_comment_page: "HTTPError('403 Client Error:  for url: http://confl-loadb-n2u031dw0abo-199959073.us-east-1.elb.amazonaws.com:80/rest/tinymce/1/content/4867571/comment?actions=true&html=%3Cp%3Evdslarpwiq+sjkm%3C%2Fp%3E&watch=True&uuid=d9923755-2211-44c0-be0d-6362583e9cb9')"
 1                  Action locust_comment_page: "HTTPError('403 Client Error:  for url: http://confl-loadb-n2u031dw0abo-199959073.us-east-1.elb.amazonaws.com:80/rest/tinymce/1/content/2318933/comment?actions=true&html=%3Cp%3Egtyptoqcpypxzty%3C%2Fp%3E&watch=True&uuid=012ce883-6cf8-467e-89d4-3fab518958d5')"
 1                  Action locust_comment_page: "HTTPError('403 Client Error:  for url: http://confl-loadb-n2u031dw0abo-199959073.us-east-1.elb.amazonaws.com:80/rest/tinymce/1/content/4521645/comment?actions=true&html=%3Cp%3Efoautgrrbmrtquf%3C%2Fp%3E&watch=True&uuid=037a8ef8-2c34-4ec4-ac2e-dc88f95d267b')"
 1                  Action locust_comment_page: "HTTPError('403 Client Error:  for url: http://confl-loadb-n2u031dw0abo-199959073.us-east-1.elb.amazonaws.com:80/rest/tinymce/1/content/4520686/comment?actions=true&html=%3Cp%3Encudfzupjwpq+vj%3C%2Fp%3E&watch=True&uuid=04e4ff91-a404-4e6b-a16d-34f5fc3356de')"
 1                  Action locust_comment_page: "HTTPError('403 Client Error:  for url: http://confl-loadb-n2u031dw0abo-199959073.us-east-1.elb.amazonaws.com:80/rest/tinymce/1/content/4503671/comment?actions=true&html=%3Cp%3Erkqpdhzkhkexytq%3C%2Fp%3E&watch=True&uuid=6e265b9e-6978-41a3-827e-ec5f70b86012')"
 1                  Action locust_comment_page: "HTTPError('403 Client Error:  for url: http://confl-loadb-n2u031dw0abo-199959073.us-east-1.elb.amazonaws.com:80/rest/tinymce/1/content/4865277/comment?actions=true&html=%3Cp%3Ejreavbxwhyjfbdw%3C%2Fp%3E&watch=True&uuid=22de4bf3-417a-4294-92f2-7ef16652171c')"
 1                  Action locust_comment_page: "HTTPError('403 Client Error:  for url: http://confl-loadb-n2u031dw0abo-199959073.us-east-1.elb.amazonaws.com:80/rest/tinymce/1/content/4592511/comment?actions=true&html=%3Cp%3Esgolcrhovwntafe%3C%2Fp%3E&watch=True&uuid=dad31dcb-0795-4049-a924-2635e3c97f81')"
 6                  Action locust_create_blog:feel_and_publish: "KeyError('parsed_space_key')"                          
 1                  Action locust_comment_page: "HTTPError('403 Client Error:  for url: http://confl-loadb-n2u031dw0abo-199959073.us-east-1.elb.amazonaws.com:80/rest/tinymce/1/content/4867209/comment?actions=true&html=%3Cp%3Ewwqhjy+rngzpwzp%3C%2Fp%3E&watch=True&uuid=403d795a-5019-45c8-ba65-bda16b8dbc8a')"
 1                  Action locust_comment_page: "HTTPError('403 Client Error:  for url: http://confl-loadb-n2u031dw0abo-199959073.us-east-1.elb.amazonaws.com:80/rest/tinymce/1/content/3089420/comment?actions=true&html=%3Cp%3Ewqfcjmcefhpliuj%3C%2Fp%3E&watch=True&uuid=3a046f7e-4769-4f20-81a2-05f710314445')"
 1                  Action locust_comment_page: "HTTPError('403 Client Error:  for url: http://confl-loadb-n2u031dw0abo-199959073.us-east-1.elb.amazonaws.com:80/rest/tinymce/1/content/2946592/comment?actions=true&html=%3Cp%3Etoh+ralkcgkk+jh%3C%2Fp%3E&watch=True&uuid=8d4dfd22-56c9-4282-bd64-09361b148887')"
 1                  Action locust_comment_page: "HTTPError('403 Client Error:  for url: http://confl-loadb-n2u031dw0abo-199959073.us-east-1.elb.amazonaws.com:80/rest/tinymce/1/content/4509423/comment?actions=true&html=%3Cp%3Eknlpiyilktfuzgn%3C%2Fp%3E&watch=True&uuid=618c3991-0d96-4afb-8bd8-62282dc31de1')"
 1                  Action locust_comment_page: "HTTPError('403 Client Error:  for url: http://confl-loadb-n2u031dw0abo-199959073.us-east-1.elb.amazonaws.com:80/rest/tinymce/1/content/4517026/comment?actions=true&html=%3Cp%3Exeetdovhbbbfdwv%3C%2Fp%3E&watch=True&uuid=e8c38b7f-4dcb-4972-8eba-e963fbfbb05f')"
 1                  Action locust_comment_page: "HTTPError('403 Client Error:  for url: http://confl-loadb-n2u031dw0abo-199959073.us-east-1.elb.amazonaws.com:80/rest/tinymce/1/content/4592181/comment?actions=true&html=%3Cp%3Ecvfklrodfcaanhc%3C%2Fp%3E&watch=True&uuid=43c646a0-743a-47b2-a83b-49e6de0dc5b7')"
 1                  Action locust_comment_page: "HTTPError('403 Client Error:  for url: http://confl-loadb-n2u031dw0abo-199959073.us-east-1.elb.amazonaws.com:80/rest/tinymce/1/content/2455979/comment?actions=true&html=%3Cp%3Ezmkbrphwhedxpaw%3C%2Fp%3E&watch=True&uuid=241caf91-06d6-4700-81a8-8d814b493360')"
 1                  Action locust_comment_page: "HTTPError('403 Client Error:  for url: http://confl-loadb-n2u031dw0abo-199959073.us-east-1.elb.amazonaws.com:80/rest/tinymce/1/content/2942407/comment?actions=true&html=%3Cp%3Ettps+yexbbvwwb+%3C%2Fp%3E&watch=True&uuid=a763ee4e-90d4-4e8f-974d-31ea621eeccd')"
 1                  Action locust_comment_page: "HTTPError('403 Client Error:  for url: http://confl-loadb-n2u031dw0abo-199959073.us-east-1.elb.amazonaws.com:80/rest/tinymce/1/content/4509825/comment?actions=true&html=%3Cp%3Eknlkkuvtoctavbb%3C%2Fp%3E&watch=True&uuid=2081d623-5915-445e-98c6-4620765d25d4')"
 1                  Action locust_comment_page: "HTTPError('403 Client Error:  for url: http://confl-loadb-n2u031dw0abo-199959073.us-east-1.elb.amazonaws.com:80/rest/tinymce/1/content/3083424/comment?actions=true&html=%3Cp%3Eqjfswpv+yypgjsj%3C%2Fp%3E&watch=True&uuid=a8c09360-947e-4f34-b4a9-c2f2511889db')"
 1                  Action locust_comment_page: "HTTPError('403 Client Error:  for url: http://confl-loadb-n2u031dw0abo-199959073.us-east-1.elb.amazonaws.com:80/rest/tinymce/1/content/3711688/comment?actions=true&html=%3Cp%3Exndwystbjxxjyll%3C%2Fp%3E&watch=True&uuid=a3abcfc3-da9c-404d-b104-fd536f79e6aa')"
 1                  Action locust_comment_page: "HTTPError('403 Client Error:  for url: http://confl-loadb-n2u031dw0abo-199959073.us-east-1.elb.amazonaws.com:80/rest/tinymce/1/content/2712157/comment?actions=true&html=%3Cp%3Egqmotazzwcwiikw%3C%2Fp%3E&watch=True&uuid=2501fb9e-25fb-4037-9153-6a3ba17e16af')"
 1                  Action locust_comment_page: "HTTPError('403 Client Error:  for url: http://confl-loadb-n2u031dw0abo-199959073.us-east-1.elb.amazonaws.com:80/rest/tinymce/1/content/2311937/comment?actions=true&html=%3Cp%3Etujitvpoxnojlv+%3C%2Fp%3E&watch=True&uuid=f941f4ee-a788-412a-9337-ee9d19af2082')"
 1                  Action locust_comment_page: "HTTPError('403 Client Error:  for url: http://confl-loadb-n2u031dw0abo-199959073.us-east-1.elb.amazonaws.com:80/rest/tinymce/1/content/3090149/comment?actions=true&html=%3Cp%3E+ego+xovjuachwi%3C%2Fp%3E&watch=True&uuid=31f6daf5-7615-42f0-96f8-2fd1981f5cc0')"
 1                  Action locust_comment_page: "HTTPError('403 Client Error:  for url: http://confl-loadb-n2u031dw0abo-199959073.us-east-1.elb.amazonaws.com:80/rest/tinymce/1/content/2941404/comment?actions=true&html=%3Cp%3Es+ztgsoglgpgohw%3C%2Fp%3E&watch=True&uuid=7f6efe49-842f-463e-9ed8-9a79bdca72fb')"
 1                  Action locust_comment_page: "HTTPError('403 Client Error:  for url: http://confl-loadb-n2u031dw0abo-199959073.us-east-1.elb.amazonaws.com:80/rest/tinymce/1/content/2449036/comment?actions=true&html=%3Cp%3Eqmitvmpuhsf+bia%3C%2Fp%3E&watch=True&uuid=242c4c77-540a-434f-90d5-8c9debbb29c3')"
 1                  Action locust_comment_page: "HTTPError('403 Client Error:  for url: http://confl-loadb-n2u031dw0abo-199959073.us-east-1.elb.amazonaws.com:80/rest/tinymce/1/content/2711938/comment?actions=true&html=%3Cp%3Ealzbvnvjx+n+clh%3C%2Fp%3E&watch=True&uuid=9abe9937-0206-493a-b578-6475d61adc4f')"
 1                  Action locust_comment_page: "HTTPError('403 Client Error:  for url: http://confl-loadb-n2u031dw0abo-199959073.us-east-1.elb.amazonaws.com:80/rest/tinymce/1/content/4516480/comment?actions=true&html=%3Cp%3Eoxmtpcqsixqi+kg%3C%2Fp%3E&watch=True&uuid=d5c7c44f-43bd-45a4-aa74-990e8ab18671')"
 1                  Action locust_comment_page: "HTTPError('403 Client Error:  for url: http://confl-loadb-n2u031dw0abo-199959073.us-east-1.elb.amazonaws.com:80/rest/tinymce/1/content/2942541/comment?actions=true&html=%3Cp%3Ecaipqcfmlurrqqh%3C%2Fp%3E&watch=True&uuid=685fac51-eafb-4329-9102-acadaa3f5bdb')"
 1                  Action locust_comment_page: "HTTPError('403 Client Error:  for url: http://confl-loadb-n2u031dw0abo-199959073.us-east-1.elb.amazonaws.com:80/rest/tinymce/1/content/4867476/comment?actions=true&html=%3Cp%3Eme+xnkeveqdetzj%3C%2Fp%3E&watch=True&uuid=c54da964-b589-44dc-8251-7f53c1d5c07d')"
 1                  Action locust_comment_page: "HTTPError('403 Client Error:  for url: http://confl-loadb-n2u031dw0abo-199959073.us-east-1.elb.amazonaws.com:80/rest/tinymce/1/content/4515084/comment?actions=true&html=%3Cp%3Ermcothfqlewp+km%3C%2Fp%3E&watch=True&uuid=841eb31f-e4f0-40f5-ad7a-6c21008d4975')"
 1                  Action locust_comment_page: "HTTPError('403 Client Error:  for url: http://confl-loadb-n2u031dw0abo-199959073.us-east-1.elb.amazonaws.com:80/rest/tinymce/1/content/4512391/comment?actions=true&html=%3Cp%3Eaojzpwocvfvldzf%3C%2Fp%3E&watch=True&uuid=b1649440-4d3c-4389-b288-46cb04a91615')"
 1                  Action locust_comment_page: "HTTPError('403 Client Error:  for url: http://confl-loadb-n2u031dw0abo-199959073.us-east-1.elb.amazonaws.com:80/rest/tinymce/1/content/3084071/comment?actions=true&html=%3Cp%3Ezsqcsswhcmgjmzf%3C%2Fp%3E&watch=True&uuid=93e60033-84a8-4503-ad08-2359ac31247c')"
 1                  Action locust_comment_page: "HTTPError('403 Client Error:  for url: http://confl-loadb-n2u031dw0abo-199959073.us-east-1.elb.amazonaws.com:80/rest/tinymce/1/content/3093950/comment?actions=true&html=%3Cp%3Ezpcwbqbxqhhjl+g%3C%2Fp%3E&watch=True&uuid=f65b2a72-3192-473d-80b4-6b6e4e55394f')"
 1                  Action locust_comment_page: "HTTPError('403 Client Error:  for url: http://confl-loadb-n2u031dw0abo-199959073.us-east-1.elb.amazonaws.com:80/rest/tinymce/1/content/4512206/comment?actions=true&html=%3Cp%3Er+jptpxgrhvwlku%3C%2Fp%3E&watch=True&uuid=61810c75-3e71-4a43-b11e-3052988a09ea')"
 1                  Action locust_comment_page: "HTTPError('403 Client Error:  for url: http://confl-loadb-n2u031dw0abo-199959073.us-east-1.elb.amazonaws.com:80/rest/tinymce/1/content/3082482/comment?actions=true&html=%3Cp%3Exhbosr+mgyv++h+%3C%2Fp%3E&watch=True&uuid=bb0ee636-4c38-4884-a6c2-923356ffc471')"
 1                  Action locust_comment_page: "HTTPError('403 Client Error:  for url: http://confl-loadb-n2u031dw0abo-199959073.us-east-1.elb.amazonaws.com:80/rest/tinymce/1/content/3087304/comment?actions=true&html=%3Cp%3Erhsyg+mkulweph+%3C%2Fp%3E&watch=True&uuid=5af70151-6f38-4dcb-a9ae-45ada3e5dc7f')"
 1                  Action locust_comment_page: "HTTPError('403 Client Error:  for url: http://confl-loadb-n2u031dw0abo-199959073.us-east-1.elb.amazonaws.com:80/rest/tinymce/1/content/2311752/comment?actions=true&html=%3Cp%3Etpcbznmccfjnyfv%3C%2Fp%3E&watch=True&uuid=a25d608a-eb8f-44a3-9295-9a885b47fac3')"
 1                  Action locust_comment_page: "HTTPError('403 Client Error:  for url: http://confl-loadb-n2u031dw0abo-199959073.us-east-1.elb.amazonaws.com:80/rest/tinymce/1/content/3710828/comment?actions=true&html=%3Cp%3Eafkrwabrhjvkwix%3C%2Fp%3E&watch=True&uuid=44a61655-fe71-407e-ab59-588f562c19af')"
 1                  Action locust_comment_page: "HTTPError('403 Client Error:  for url: http://confl-loadb-n2u031dw0abo-199959073.us-east-1.elb.amazonaws.com:80/rest/tinymce/1/content/4589025/comment?actions=true&html=%3Cp%3Exptqpkwmbu+dlzt%3C%2Fp%3E&watch=True&uuid=63661738-83df-4aa5-ab83-ee831243fadf')"
 1                  Action locust_comment_page: "HTTPError('403 Client Error:  for url: http://confl-loadb-n2u031dw0abo-199959073.us-east-1.elb.amazonaws.com:80/rest/tinymce/1/content/4869319/comment?actions=true&html=%3Cp%3Efhhro+mtcjmsbfx%3C%2Fp%3E&watch=True&uuid=83076c24-2d97-4177-854b-f6dcf0f9f14a')"
 1                  Action locust_comment_page: "HTTPError('403 Client Error:  for url: http://confl-loadb-n2u031dw0abo-199959073.us-east-1.elb.amazonaws.com:80/rest/tinymce/1/content/4515766/comment?actions=true&html=%3Cp%3Efphegwhhlbecsik%3C%2Fp%3E&watch=True&uuid=9745c431-e693-4c01-9e73-1f7a47da2a61')"
 1                  Action locust_comment_page: "HTTPError('403 Client Error:  for url: http://confl-loadb-n2u031dw0abo-199959073.us-east-1.elb.amazonaws.com:80/rest/tinymce/1/content/2312147/comment?actions=true&html=%3Cp%3Erhejdpzqysrhhvf%3C%2Fp%3E&watch=True&uuid=b623e048-1232-415f-ac44-afd8339d9c30')"
 1                  Action locust_comment_page: "HTTPError('403 Client Error:  for url: http://confl-loadb-n2u031dw0abo-199959073.us-east-1.elb.amazonaws.com:80/rest/tinymce/1/content/4866590/comment?actions=true&html=%3Cp%3Ehlyzzftdwednkmq%3C%2Fp%3E&watch=True&uuid=5df847d8-e5e8-4166-8a0f-5e4f9d37aa81')"
 1                  Action locust_comment_page: "HTTPError('403 Client Error:  for url: http://confl-loadb-n2u031dw0abo-199959073.us-east-1.elb.amazonaws.com:80/rest/tinymce/1/content/3091871/comment?actions=true&html=%3Cp%3Eajrxqyzdlqurwjx%3C%2Fp%3E&watch=True&uuid=9f212a56-afb6-4179-854a-80f45fddb18c')"
 1                  Action locust_comment_page: "HTTPError('403 Client Error:  for url: http://confl-loadb-n2u031dw0abo-199959073.us-east-1.elb.amazonaws.com:80/rest/tinymce/1/content/2323608/comment?actions=true&html=%3Cp%3Ezwuxufsesrfejgl%3C%2Fp%3E&watch=True&uuid=aaa2eaa5-3059-452a-b5d7-d756fa75eee7')"
 1                  Action locust_comment_page: "HTTPError('403 Client Error:  for url: http://confl-loadb-n2u031dw0abo-199959073.us-east-1.elb.amazonaws.com:80/rest/tinymce/1/content/4520099/comment?actions=true&html=%3Cp%3Enrhctkilmskwdil%3C%2Fp%3E&watch=True&uuid=facb990a-1ae5-4e6c-83fa-cb9ba19d116d')"
--------------------------------------------------------------------------------------------------------------------------------------------

Traceback (most recent call last):
  File "/usr/local/lib/python3.8/dist-packages/gevent/monkey.py", line 883, in _shutdown
    sleep()
  File "/usr/local/lib/python3.8/dist-packages/gevent/hub.py", line 159, in sleep
    waiter.get()
  File "src/gevent/_waiter.py", line 143, in gevent._gevent_c_waiter.Waiter.get
  File "src/gevent/_waiter.py", line 154, in gevent._gevent_c_waiter.Waiter.get
  File "src/gevent/_greenlet_primitives.py", line 61, in gevent._gevent_c_greenlet_primitives.SwitchOutGreenletWithLoop.switch
  File "src/gevent/_greenlet_primitives.py", line 61, in gevent._gevent_c_greenlet_primitives.SwitchOutGreenletWithLoop.switch
  File "src/gevent/_greenlet_primitives.py", line 65, in gevent._gevent_c_greenlet_primitives.SwitchOutGreenletWithLoop.switch
  File "src/gevent/_gevent_c_greenlet_primitives.pxd", line 35, in gevent._gevent_c_greenlet_primitives._greenlet_switch
  File "/usr/local/lib/python3.8/dist-packages/gevent/hub.py", line 300, in handle
    self.handler(*self.args, **self.kwargs)
  File "/usr/local/lib/python3.8/dist-packages/locust/main.py", line 381, in sig_term_handler
    shutdown()
  File "/usr/local/lib/python3.8/dist-packages/locust/main.py", line 376, in shutdown
    sys.exit(code)
SystemExit: 1
2021-02-12T13:37:19Z <greenlet.greenlet object at 0x7f0cccd053b0 (otid=0x7f0ccd431cc0) current active started main> failed with SystemExit

