[DEPRECATED] The --hatch-rate parameter has been renamed --spawn-rate
 Name                                                          # reqs      # fails  |     Avg     Min     Max  Median  |   req/s failures/s
--------------------------------------------------------------------------------------------------------------------------------------------
 Action locust_comment_page                                       393     0(0.00%)  |     213     117    1430     200  |    0.13    0.00
 Action locust_create_and_edit_page:create_page                   502     0(0.00%)  |     686     493    1309     730  |    0.17    0.00
 Action locust_create_and_edit_page:create_page_editor            507     0(0.00%)  |     376     260    1071     410  |    0.17    0.00
 Action locust_create_and_edit_page:edit_page                     485     0(0.00%)  |     731     532     984     770  |    0.16    0.00
 Action locust_create_and_edit_page:open_editor                   494     0(0.00%)  |     251     178     552     260  |    0.16    0.00
 Action locust_create_blog:blog_editor                            268     0(0.00%)  |     438     320     652     400  |    0.09    0.00
 Action locust_create_blog:feel_and_publish                       265     0(0.00%)  |     700     535    1755     650  |    0.09    0.00
 Action locust_like_page                                          239     0(0.00%)  |      60      25     135      54  |    0.08    0.00
 Action locust_login_and_view_dashboard                           200     0(0.00%)  |    2064    1517    4922    2000  |    0.07    0.00
 Action locust_search_cql:recently_viewed                         625     0(0.00%)  |      36      16     198      35  |    0.21    0.00
 Action locust_search_cql:search_results                          618     0(0.00%)  |     462     219    7696     420  |    0.21    0.00
 Action locust_upload_attachment                                  445     0(0.00%)  |     749     468    1401     710  |    0.15    0.00
 Action locust_view_attachment                                    251     0(0.00%)  |     184     110     377     160  |    0.08    0.00
 Action locust_view_blog                                          744     0(0.00%)  |    1274     522    2391    1200  |    0.25    0.00
 Action locust_view_dashboard                                     518     0(0.00%)  |    1488    1048    2137    1300  |    0.17    0.00
 Action locust_view_page:open_page                               4718     0(0.00%)  |     667     316    2491     640  |    1.57    0.00
 Action locust_view_page:view_page_tree                          4668     0(0.00%)  |     242      16    1012     220  |    1.56    0.00
--------------------------------------------------------------------------------------------------------------------------------------------
 Aggregated                                                     15940     0(0.00%)  |     534      16    7696     460  |    5.31    0.00

Response time percentiles (approximated)
 Type     Name                                                              50%    66%    75%    80%    90%    95%    98%    99%  99.9% 99.99%   100% # reqs
--------|------------------------------------------------------------|---------|------|------|------|------|------|------|------|------|------|------|------|
 Action   locust_comment_page                                               200    220    240    260    300    320    350    390   1400   1400   1400    393
 Action   locust_create_and_edit_page:create_page                           730    780    800    810    830    840    870    880   1300   1300   1300    502
 Action   locust_create_and_edit_page:create_page_editor                    410    440    450    460    470    480    500    520   1100   1100   1100    507
 Action   locust_create_and_edit_page:edit_page                             770    820    830    840    860    880    900    920    980    980    980    485
 Action   locust_create_and_edit_page:open_editor                           260    280    280    290    300    310    330    340    550    550    550    494
 Action   locust_create_blog:blog_editor                                    400    500    520    530    550    560    590    600    650    650    650    268
 Action   locust_create_blog:feel_and_publish                               650    780    800    820    840    850    880    900   1800   1800   1800    265
 Action   locust_like_page                                                   54     72     80     81     86     89    100    120    140    140    140    239
 Action   locust_login_and_view_dashboard                                  2100   2200   2500   2500   2600   2700   2700   3900   4900   4900   4900    200
 Action   locust_search_cql:recently_viewed                                  35     43     46     47     50     54     65     84    200    200    200    625
 Action   locust_search_cql:search_results                                  420    460    490    500    520    540   1000   1800   7700   7700   7700    618
 Action   locust_upload_attachment                                          710    810    880    930   1000   1100   1200   1300   1400   1400   1400    445
 Action   locust_view_attachment                                            160    180    220    250    300    320    350    370    380    380    380    251
 Action   locust_view_blog                                                 1200   1500   1600   1600   1800   1900   2200   2300   2400   2400   2400    744
 Action   locust_view_dashboard                                            1300   1700   1900   1900   1900   2000   2000   2000   2100   2100   2100    518
 Action   locust_view_page:open_page                                        640    720    770    800    930   1100   1200   1200   1400   2500   2500   4718
 Action   locust_view_page:view_page_tree                                   220    270    310    350    440    520    600    670    790   1000   1000   4668
--------|------------------------------------------------------------|---------|------|------|------|------|------|------|------|------|------|------|------|
 None     Aggregated                                                        460    610    710    780   1000   1400   1800   2000   2700   6600   7700  15940

