[DEPRECATED] The --hatch-rate parameter has been renamed --spawn-rate
 Name                                                          # reqs      # fails  |     Avg     Min     Max  Median  |   req/s failures/s
--------------------------------------------------------------------------------------------------------------------------------------------
 Action locust_app_specific_action                                485     0(0.00%)  |     329     171    1072     290  |    0.16    0.00
 Action locust_comment_page                                       424     0(0.00%)  |     179     100     924     170  |    0.14    0.00
 Action locust_create_and_edit_page:create_page                   484     0(0.00%)  |     676     430    2082     580  |    0.16    0.00
 Action locust_create_and_edit_page:create_page_editor            485     0(0.00%)  |     378     236    1831     320  |    0.16    0.00
 Action locust_create_and_edit_page:edit_page                     470     0(0.00%)  |     715     463    1127     600  |    0.16    0.00
 Action locust_create_and_edit_page:open_editor                   477     0(0.00%)  |     249     164     546     230  |    0.16    0.00
 Action locust_create_blog:blog_editor                            240     0(0.00%)  |     441     268    1005     370  |    0.08    0.00
 Action locust_create_blog:feel_and_publish                       235     0(0.00%)  |     688     427    1312     690  |    0.08    0.00
 Action locust_like_page                                          251     0(0.00%)  |      64      30     191      57  |    0.08    0.00
 Action locust_login_and_view_dashboard                           200     0(0.00%)  |    2197    1332   10096    2200  |    0.07    0.00
 Action locust_search_cql:recently_viewed                         590     0(0.00%)  |      37      13     193      39  |    0.20    0.00
 Action locust_search_cql:search_results                          585     0(0.00%)  |     442     214    6502     420  |    0.19    0.00
 Action locust_upload_attachment                                  426     0(0.00%)  |     692     398    1976     640  |    0.14    0.00
 Action locust_view_attachment                                    256     0(0.00%)  |     172     101     403     150  |    0.09    0.00
 Action locust_view_blog                                          675     0(0.00%)  |    1359     493    2630    1400  |    0.22    0.00
 Action locust_view_dashboard                                     504     0(0.00%)  |    1504     944    2080    1700  |    0.17    0.00
 Action locust_view_page:open_page                               4604     0(0.00%)  |     620     291    2147     620  |    1.53    0.00
 Action locust_view_page:view_page_tree                          4553     0(0.00%)  |     140      25     982     120  |    1.52    0.00
--------------------------------------------------------------------------------------------------------------------------------------------
 Aggregated                                                     15944     0(0.00%)  |     484      13   10096     400  |    5.31    0.00

Response time percentiles (approximated)
 Type     Name                                                              50%    66%    75%    80%    90%    95%    98%    99%  99.9% 99.99%   100% # reqs
--------|------------------------------------------------------------|---------|------|------|------|------|------|------|------|------|------|------|------|
 Action   locust_app_specific_action                                        290    320    360    410    530    640    720    750   1100   1100   1100    485
 Action   locust_comment_page                                               180    220    230    230    240    250    270    280    920    920    920    424
 Action   locust_create_and_edit_page:create_page                           580    840    850    860    880    900    960   1000   2100   2100   2100    484
 Action   locust_create_and_edit_page:create_page_editor                    320    470    480    480    500    520    550    560   1800   1800   1800    485
 Action   locust_create_and_edit_page:edit_page                             610    900    910    920    940    950    970    990   1100   1100   1100    470
 Action   locust_create_and_edit_page:open_editor                           230    290    300    300    310    320    350    360    550    550    550    477
 Action   locust_create_blog:blog_editor                                    380    550    570    580    590    610    640    700   1000   1000   1000    240
 Action   locust_create_blog:feel_and_publish                               690    850    860    870    890    910    940    980   1300   1300   1300    235
 Action   locust_like_page                                                   57     78     82     84     88     92    100    150    190    190    190    251
 Action   locust_login_and_view_dashboard                                  2300   2400   2500   2600   2700   2800   4100   8600  10000  10000  10000    200
 Action   locust_search_cql:recently_viewed                                  40     44     46     48     50     53     56     67    190    190    190    590
 Action   locust_search_cql:search_results                                  420    460    470    470    490    550    900   1200   6500   6500   6500    585
 Action   locust_upload_attachment                                          640    730    790    850   1000   1100   1200   1300   2000   2000   2000    426
 Action   locust_view_attachment                                            150    170    200    230    280    310    350    380    400    400    400    256
 Action   locust_view_blog                                                 1400   1600   1700   1700   1900   2100   2300   2500   2600   2600   2600    675
 Action   locust_view_dashboard                                            1700   1800   1800   1800   1800   1900   1900   1900   2100   2100   2100    504
 Action   locust_view_page:open_page                                        620    680    720    740    850   1000   1100   1200   1400   2100   2100   4604
 Action   locust_view_page:view_page_tree                                   120    140    160    180    220    280    330    390    650    980    980   4553
--------|------------------------------------------------------------|---------|------|------|------|------|------|------|------|------|------|------|------|
 None     Aggregated                                                        400    550    660    720    960   1400   1800   2000   2800   8600  10000  15944

