502 Server Error: Bad Gateway for url: http://confl-loadb-185evch80nvew-612815241.us-west-1.elb.amazonaws.com:80/plugins/pagetree/naturalchildren.action?decorator=none&excerpt=false&sort=position&reverse=false&disableLinks=false&expandCurrent=true&placement=sidebar&hasRoot=false&spaceKey=CIT&treeId=0&startDepth=0&mobile=false&ancestors=1180863&1100788&treePageId=1181384&_=1604655958
502 Server Error: Bad Gateway for url: http://confl-loadb-185evch80nvew-612815241.us-west-1.elb.amazonaws.com:80/pages/viewpage.action?pageId=1105654
502 Server Error: Bad Gateway for url: http://confl-loadb-185evch80nvew-612815241.us-west-1.elb.amazonaws.com:80/pages/viewpage.action?pageId=380650
502 Server Error: Bad Gateway for url: http://confl-loadb-185evch80nvew-612815241.us-west-1.elb.amazonaws.com:80/pages/viewpage.action?pageId=1105560
502 Server Error: Bad Gateway for url: http://confl-loadb-185evch80nvew-612815241.us-west-1.elb.amazonaws.com:80/pages/createblogpost.action?spaceKey=PCDD
'draft_name'
502 Server Error: Bad Gateway for url: http://confl-loadb-185evch80nvew-612815241.us-west-1.elb.amazonaws.com:80/pages/viewpage.action?pageId=1105190
502 Server Error: Bad Gateway for url: http://confl-loadb-185evch80nvew-612815241.us-west-1.elb.amazonaws.com:80/rest/recentlyviewed/1.0/recent?limit=8
502 Server Error: Bad Gateway for url: http://confl-loadb-185evch80nvew-612815241.us-west-1.elb.amazonaws.com:80/pages/viewpage.action?pageId=1209784
504 Server Error: Gateway Time-out for url: http://confl-loadb-185evch80nvew-612815241.us-west-1.elb.amazonaws.com:80/rest/likes/1.0/content/1110641/likes
504 Server Error: Gateway Time-out for url: http://confl-loadb-185evch80nvew-612815241.us-west-1.elb.amazonaws.com:80/pages/viewpage.action?pageId=388855
504 Server Error: Gateway Time-out for url: http://confl-loadb-185evch80nvew-612815241.us-west-1.elb.amazonaws.com:80/rest/recentlyviewed/1.0/recent?limit=8
User could not edit page.
504 Server Error: Gateway Time-out for url: http://confl-loadb-185evch80nvew-612815241.us-west-1.elb.amazonaws.com:80/rest/tinymce/1/content/1203201/comment?actions=true&html=%3Cp%3Erywdfugscaretei%3C%2Fp%3E&watch=True&uuid=0375e712-84d2-458f-9af5-e9eee2d36108
504 Server Error: Gateway Time-out for url: http://confl-loadb-185evch80nvew-612815241.us-west-1.elb.amazonaws.com:80/rest/likes/1.0/content/392589/likes
504 Server Error: Gateway Time-out for url: http://confl-loadb-185evch80nvew-612815241.us-west-1.elb.amazonaws.com:80/pages/viewpage.action?pageId=1100735
504 Server Error: Gateway Time-out for url: http://confl-loadb-185evch80nvew-612815241.us-west-1.elb.amazonaws.com:80/pages/viewpage.action?pageId=1317040
504 Server Error: Gateway Time-out for url: http://confl-loadb-185evch80nvew-612815241.us-west-1.elb.amazonaws.com:80/pages/viewpage.action?pageId=1083418
504 Server Error: Gateway Time-out for url: http://confl-loadb-185evch80nvew-612815241.us-west-1.elb.amazonaws.com:80/pages/viewpage.action?pageId=964970
504 Server Error: Gateway Time-out for url: http://confl-loadb-185evch80nvew-612815241.us-west-1.elb.amazonaws.com:80/pages/viewpage.action?pageId=1312301
504 Server Error: Gateway Time-out for url: http://confl-loadb-185evch80nvew-612815241.us-west-1.elb.amazonaws.com:80/pages/viewpage.action?pageId=1206668
504 Server Error: Gateway Time-out for url: http://confl-loadb-185evch80nvew-612815241.us-west-1.elb.amazonaws.com:80/pages/viewpage.action?pageId=1101761
504 Server Error: Gateway Time-out for url: http://confl-loadb-185evch80nvew-612815241.us-west-1.elb.amazonaws.com:80/rest/tinymce/1/content/977995/comment?actions=true&html=%3Cp%3Erropbsqaezejuol%3C%2Fp%3E&watch=True&uuid=ef165499-cca5-4f22-b2d0-ca69951a27a1
504 Server Error: Gateway Time-out for url: http://confl-loadb-185evch80nvew-612815241.us-west-1.elb.amazonaws.com:80/pages/viewpage.action?pageId=1107314
504 Server Error: Gateway Time-out for url: http://confl-loadb-185evch80nvew-612815241.us-west-1.elb.amazonaws.com:80/pages/viewpage.action?pageId=975168
504 Server Error: Gateway Time-out for url: http://confl-loadb-185evch80nvew-612815241.us-west-1.elb.amazonaws.com:80/pages/viewpage.action?pageId=1183137
504 Server Error: Gateway Time-out for url: http://confl-loadb-185evch80nvew-612815241.us-west-1.elb.amazonaws.com:80/pages/viewpage.action?pageId=975011
504 Server Error: Gateway Time-out for url: http://confl-loadb-185evch80nvew-612815241.us-west-1.elb.amazonaws.com:80/pages/viewpage.action?pageId=1183332
504 Server Error: Gateway Time-out for url: http://confl-loadb-185evch80nvew-612815241.us-west-1.elb.amazonaws.com:80/pages/viewpage.action?pageId=1180337
504 Server Error: Gateway Time-out for url: http://confl-loadb-185evch80nvew-612815241.us-west-1.elb.amazonaws.com:80/pages/viewpage.action?pageId=1095277
504 Server Error: Gateway Time-out for url: http://confl-loadb-185evch80nvew-612815241.us-west-1.elb.amazonaws.com:80/pages/viewpage.action?pageId=1100752
504 Server Error: Gateway Time-out for url: http://confl-loadb-185evch80nvew-612815241.us-west-1.elb.amazonaws.com:80/index.action
504 Server Error: Gateway Time-out for url: http://confl-loadb-185evch80nvew-612815241.us-west-1.elb.amazonaws.com:80/index.action
504 Server Error: Gateway Time-out for url: http://confl-loadb-185evch80nvew-612815241.us-west-1.elb.amazonaws.com:80/pages/viewpageattachments.action?pageId=1319451
504 Server Error: Gateway Time-out for url: http://confl-loadb-185evch80nvew-612815241.us-west-1.elb.amazonaws.com:80/pages/viewpage.action?pageId=1092619
504 Server Error: Gateway Time-out for url: http://confl-loadb-185evch80nvew-612815241.us-west-1.elb.amazonaws.com:80/pages/viewpageattachments.action?pageId=1085697
504 Server Error: Gateway Time-out for url: http://confl-loadb-185evch80nvew-612815241.us-west-1.elb.amazonaws.com:80/pages/viewpage.action?pageId=1318990
504 Server Error: Gateway Time-out for url: http://confl-loadb-185evch80nvew-612815241.us-west-1.elb.amazonaws.com:80/rest/recentlyviewed/1.0/recent?limit=8
504 Server Error: Gateway Time-out for url: http://confl-loadb-185evch80nvew-612815241.us-west-1.elb.amazonaws.com:80/pages/viewpageattachments.action?pageId=1088075
504 Server Error: Gateway Time-out for url: http://confl-loadb-185evch80nvew-612815241.us-west-1.elb.amazonaws.com:80/pages/viewpage.action?pageId=962786
504 Server Error: Gateway Time-out for url: http://confl-loadb-185evch80nvew-612815241.us-west-1.elb.amazonaws.com:80/rest/recentlyviewed/1.0/recent?limit=8
504 Server Error: Gateway Time-out for url: http://confl-loadb-185evch80nvew-612815241.us-west-1.elb.amazonaws.com:80/index.action
504 Server Error: Gateway Time-out for url: http://confl-loadb-185evch80nvew-612815241.us-west-1.elb.amazonaws.com:80/pages/viewpage.action?pageId=1183731
504 Server Error: Gateway Time-out for url: http://confl-loadb-185evch80nvew-612815241.us-west-1.elb.amazonaws.com:80/pages/viewpage.action?pageId=1186101
504 Server Error: Gateway Time-out for url: http://confl-loadb-185evch80nvew-612815241.us-west-1.elb.amazonaws.com:80/pages/viewpageattachments.action?pageId=1192763
504 Server Error: Gateway Time-out for url: http://confl-loadb-185evch80nvew-612815241.us-west-1.elb.amazonaws.com:80/rest/tinymce/1/content/1190318/comment?actions=true&html=%3Cp%3Evzcluxgwvdapoyf%3C%2Fp%3E&watch=True&uuid=1f43f054-3942-4016-9439-75bdb3e9ede1
504 Server Error: Gateway Time-out for url: http://confl-loadb-185evch80nvew-612815241.us-west-1.elb.amazonaws.com:80/pages/viewpage.action?pageId=1098123
504 Server Error: Gateway Time-out for url: http://confl-loadb-185evch80nvew-612815241.us-west-1.elb.amazonaws.com:80/pages/viewpage.action?pageId=1082709
504 Server Error: Gateway Time-out for url: http://confl-loadb-185evch80nvew-612815241.us-west-1.elb.amazonaws.com:80/pages/viewpageattachments.action?pageId=952755
504 Server Error: Gateway Time-out for url: http://confl-loadb-185evch80nvew-612815241.us-west-1.elb.amazonaws.com:80/pages/createpage.action?spaceKey=SSDCF&fromPageId=977921&src=quick-create
504 Server Error: Gateway Time-out for url: http://confl-loadb-185evch80nvew-612815241.us-west-1.elb.amazonaws.com:80/pages/createpage.action?spaceKey=LCAEP&fromPageId=1095027&src=quick-create
504 Server Error: Gateway Time-out for url: http://confl-loadb-185evch80nvew-612815241.us-west-1.elb.amazonaws.com:80/pages/viewpageattachments.action?pageId=1112526
504 Server Error: Gateway Time-out for url: http://confl-loadb-185evch80nvew-612815241.us-west-1.elb.amazonaws.com:80/pages/viewpageattachments.action?pageId=981610
504 Server Error: Gateway Time-out for url: http://confl-loadb-185evch80nvew-612815241.us-west-1.elb.amazonaws.com:80/rest/recentlyviewed/1.0/recent?limit=8
'content_id'
'content_id'
504 Server Error: Gateway Time-out for url: http://confl-loadb-185evch80nvew-612815241.us-west-1.elb.amazonaws.com:80/pages/viewpage.action?pageId=8635111
504 Server Error: Gateway Time-out for url: http://confl-loadb-185evch80nvew-612815241.us-west-1.elb.amazonaws.com:80/plugins/pagetree/naturalchildren.action?decorator=none&excerpt=false&sort=position&reverse=false&disableLinks=false&expandCurrent=true&placement=sidebar&hasRoot=false&spaceKey=TIRSI&treeId=0&startDepth=0&mobile=false&ancestors=970325&968928&treePageId=972441&_=1604656315
504 Server Error: Gateway Time-out for url: http://confl-loadb-185evch80nvew-612815241.us-west-1.elb.amazonaws.com:80/rest/api/search?cql=siteSearch~'gpy'&start=0&limit=20
504 Server Error: Gateway Time-out for url: http://confl-loadb-185evch80nvew-612815241.us-west-1.elb.amazonaws.com:80/rest/tinymce/1/content/1094133/comment?actions=true&html=%3Cp%3Ebfemlxaomjbyqgm%3C%2Fp%3E&watch=True&uuid=f9492454-fb81-41f6-87a7-42671981e8cc
504 Server Error: Gateway Time-out for url: http://confl-loadb-185evch80nvew-612815241.us-west-1.elb.amazonaws.com:80/pages/viewpageattachments.action?pageId=970039
504 Server Error: Gateway Time-out for url: http://confl-loadb-185evch80nvew-612815241.us-west-1.elb.amazonaws.com:80/rest/recentlyviewed/1.0/recent?limit=8
504 Server Error: Gateway Time-out for url: http://confl-loadb-185evch80nvew-612815241.us-west-1.elb.amazonaws.com:80/plugins/pagetree/naturalchildren.action?decorator=none&excerpt=false&sort=position&reverse=false&disableLinks=false&expandCurrent=true&placement=sidebar&hasRoot=false&spaceKey=HOV&treeId=0&startDepth=0&mobile=false&ancestors=1095130&1094088&treePageId=1097008&_=1604656318
504 Server Error: Gateway Time-out for url: http://confl-loadb-185evch80nvew-612815241.us-west-1.elb.amazonaws.com:80/plugins/pagetree/naturalchildren.action?decorator=none&excerpt=false&sort=position&reverse=false&disableLinks=false&expandCurrent=true&placement=sidebar&hasRoot=false&spaceKey=IBR&treeId=0&startDepth=0&mobile=false&ancestors=969796&959931&treePageId=972564&_=1604656318
504 Server Error: Gateway Time-out for url: http://confl-loadb-185evch80nvew-612815241.us-west-1.elb.amazonaws.com:80/pages/viewpage.action?pageId=1319433
504 Server Error: Gateway Time-out for url: http://confl-loadb-185evch80nvew-612815241.us-west-1.elb.amazonaws.com:80/plugins/pagetree/naturalchildren.action?decorator=none&excerpt=false&sort=position&reverse=false&disableLinks=false&expandCurrent=true&placement=sidebar&hasRoot=false&spaceKey=TTC&treeId=0&startDepth=0&mobile=false&ancestors=1325929&1316897&treePageId=1328911&_=1604656318
504 Server Error: Gateway Time-out for url: http://confl-loadb-185evch80nvew-612815241.us-west-1.elb.amazonaws.com:80/plugins/pagetree/naturalchildren.action?decorator=none&excerpt=false&sort=position&reverse=false&disableLinks=false&expandCurrent=true&placement=sidebar&hasRoot=false&spaceKey=IEUE&treeId=0&startDepth=0&mobile=false&ancestors=0&treePageId=1094135&_=1604656318
504 Server Error: Gateway Time-out for url: http://confl-loadb-185evch80nvew-612815241.us-west-1.elb.amazonaws.com:80/plugins/pagetree/naturalchildren.action?decorator=none&excerpt=false&sort=position&reverse=false&disableLinks=false&expandCurrent=true&placement=sidebar&hasRoot=false&spaceKey=CCOP&treeId=0&startDepth=0&mobile=false&ancestors=1101857&1100757&treePageId=1102819&_=1604656318
504 Server Error: Gateway Time-out for url: http://confl-loadb-185evch80nvew-612815241.us-west-1.elb.amazonaws.com:80/plugins/pagetree/naturalchildren.action?decorator=none&excerpt=false&sort=position&reverse=false&disableLinks=false&expandCurrent=true&placement=sidebar&hasRoot=false&spaceKey=SGCM&treeId=0&startDepth=0&mobile=false&ancestors=965806&960412&treePageId=966625&_=1604656319
504 Server Error: Gateway Time-out for url: http://confl-loadb-185evch80nvew-612815241.us-west-1.elb.amazonaws.com:80/pages/viewpage.action?pageId=1185740
504 Server Error: Gateway Time-out for url: http://confl-loadb-185evch80nvew-612815241.us-west-1.elb.amazonaws.com:80/plugins/pagetree/naturalchildren.action?decorator=none&excerpt=false&sort=position&reverse=false&disableLinks=false&expandCurrent=true&placement=sidebar&hasRoot=false&spaceKey=LTP&treeId=0&startDepth=0&mobile=false&ancestors=1182359&treePageId=1184758&_=1604656319
504 Server Error: Gateway Time-out for url: http://confl-loadb-185evch80nvew-612815241.us-west-1.elb.amazonaws.com:80/plugins/pagetree/naturalchildren.action?decorator=none&excerpt=false&sort=position&reverse=false&disableLinks=false&expandCurrent=true&placement=sidebar&hasRoot=false&spaceKey=OBLR&treeId=0&startDepth=0&mobile=false&ancestors=982096&treePageId=1082126&_=1604656319
504 Server Error: Gateway Time-out for url: http://confl-loadb-185evch80nvew-612815241.us-west-1.elb.amazonaws.com:80/plugins/pagetree/naturalchildren.action?decorator=none&excerpt=false&sort=position&reverse=false&disableLinks=false&expandCurrent=true&placement=sidebar&hasRoot=false&spaceKey=BREP&treeId=0&startDepth=0&mobile=false&ancestors=978802&treePageId=1084464&_=1604656319
504 Server Error: Gateway Time-out for url: http://confl-loadb-185evch80nvew-612815241.us-west-1.elb.amazonaws.com:80/plugins/pagetree/naturalchildren.action?decorator=none&excerpt=false&sort=position&reverse=false&disableLinks=false&expandCurrent=true&placement=sidebar&hasRoot=false&spaceKey=IWML&treeId=0&startDepth=0&mobile=false&ancestors=1088598&treePageId=1089593&_=1604656320
504 Server Error: Gateway Time-out for url: http://confl-loadb-185evch80nvew-612815241.us-west-1.elb.amazonaws.com:80/rest/recentlyviewed/1.0/recent?limit=8
504 Server Error: Gateway Time-out for url: http://confl-loadb-185evch80nvew-612815241.us-west-1.elb.amazonaws.com:80/plugins/pagetree/naturalchildren.action?decorator=none&excerpt=false&sort=position&reverse=false&disableLinks=false&expandCurrent=true&placement=sidebar&hasRoot=false&spaceKey=EIEFJ&treeId=0&startDepth=0&mobile=false&ancestors=1110397&1100796&treePageId=1113135&_=1604656321
504 Server Error: Gateway Time-out for url: http://confl-loadb-185evch80nvew-612815241.us-west-1.elb.amazonaws.com:80/plugins/pagetree/naturalchildren.action?decorator=none&excerpt=false&sort=position&reverse=false&disableLinks=false&expandCurrent=true&placement=sidebar&hasRoot=false&spaceKey=WSC&treeId=0&startDepth=0&mobile=false&ancestors=1201324&1200871&treePageId=1202568&_=1604656321
504 Server Error: Gateway Time-out for url: http://confl-loadb-185evch80nvew-612815241.us-west-1.elb.amazonaws.com:80/plugins/pagetree/naturalchildren.action?decorator=none&excerpt=false&sort=position&reverse=false&disableLinks=false&expandCurrent=true&placement=sidebar&hasRoot=false&spaceKey=CCWP&treeId=0&startDepth=0&mobile=false&ancestors=1185655&1100756&treePageId=1188781&_=1604656321
504 Server Error: Gateway Time-out for url: http://confl-loadb-185evch80nvew-612815241.us-west-1.elb.amazonaws.com:80/rest/recentlyviewed/1.0/recent?limit=8
504 Server Error: Gateway Time-out for url: http://confl-loadb-185evch80nvew-612815241.us-west-1.elb.amazonaws.com:80/pages/viewpage.action?pageId=1205680
504 Server Error: Gateway Time-out for url: http://confl-loadb-185evch80nvew-612815241.us-west-1.elb.amazonaws.com:80/pages/viewpage.action?pageId=384107
504 Server Error: Gateway Time-out for url: http://confl-loadb-185evch80nvew-612815241.us-west-1.elb.amazonaws.com:80/plugins/pagetree/naturalchildren.action?decorator=none&excerpt=false&sort=position&reverse=false&disableLinks=false&expandCurrent=true&placement=sidebar&hasRoot=false&spaceKey=PKA&treeId=0&startDepth=0&mobile=false&ancestors=1087711&971201&treePageId=1089969&_=1604656321
504 Server Error: Gateway Time-out for url: http://confl-loadb-185evch80nvew-612815241.us-west-1.elb.amazonaws.com:80/pages/viewpage.action?pageId=1312577
504 Server Error: Gateway Time-out for url: http://confl-loadb-185evch80nvew-612815241.us-west-1.elb.amazonaws.com:80/plugins/pagetree/naturalchildren.action?decorator=none&excerpt=false&sort=position&reverse=false&disableLinks=false&expandCurrent=true&placement=sidebar&hasRoot=false&spaceKey=MSSC&treeId=0&startDepth=0&mobile=false&ancestors=974016&969072&treePageId=979957&_=1604656322
504 Server Error: Gateway Time-out for url: http://confl-loadb-185evch80nvew-612815241.us-west-1.elb.amazonaws.com:80/rest/api/search?cql=siteSearch~'iiq'&start=0&limit=20
504 Server Error: Gateway Time-out for url: http://confl-loadb-185evch80nvew-612815241.us-west-1.elb.amazonaws.com:80/pages/viewpage.action?pageId=966515
504 Server Error: Gateway Time-out for url: http://confl-loadb-185evch80nvew-612815241.us-west-1.elb.amazonaws.com:80/plugins/pagetree/naturalchildren.action?decorator=none&excerpt=false&sort=position&reverse=false&disableLinks=false&expandCurrent=true&placement=sidebar&hasRoot=false&spaceKey=RGSI&treeId=0&startDepth=0&mobile=false&ancestors=0&treePageId=1093253&_=1604656322
504 Server Error: Gateway Time-out for url: http://confl-loadb-185evch80nvew-612815241.us-west-1.elb.amazonaws.com:80/rest/api/search?cql=siteSearch~'log'&start=0&limit=20
504 Server Error: Gateway Time-out for url: http://confl-loadb-185evch80nvew-612815241.us-west-1.elb.amazonaws.com:80/pages/createpage.action?spaceKey=PSC&fromPageId=1182534&src=quick-create
504 Server Error: Gateway Time-out for url: http://confl-loadb-185evch80nvew-612815241.us-west-1.elb.amazonaws.com:80/plugins/pagetree/naturalchildren.action?decorator=none&excerpt=false&sort=position&reverse=false&disableLinks=false&expandCurrent=true&placement=sidebar&hasRoot=false&spaceKey=IWML&treeId=0&startDepth=0&mobile=false&ancestors=1108053&1100771&treePageId=1109964&_=1604656322
504 Server Error: Gateway Time-out for url: http://confl-loadb-185evch80nvew-612815241.us-west-1.elb.amazonaws.com:80/plugins/pagetree/naturalchildren.action?decorator=none&excerpt=false&sort=position&reverse=false&disableLinks=false&expandCurrent=true&placement=sidebar&hasRoot=false&spaceKey=ILAC&treeId=0&startDepth=0&mobile=false&ancestors=1101923&1100856&treePageId=1104717&_=1604656322
504 Server Error: Gateway Time-out for url: http://confl-loadb-185evch80nvew-612815241.us-west-1.elb.amazonaws.com:80/pages/viewpage.action?pageId=392390
504 Server Error: Gateway Time-out for url: http://confl-loadb-185evch80nvew-612815241.us-west-1.elb.amazonaws.com:80/pages/viewpage.action?pageId=1194054
504 Server Error: Gateway Time-out for url: http://confl-loadb-185evch80nvew-612815241.us-west-1.elb.amazonaws.com:80/plugins/pagetree/naturalchildren.action?decorator=none&excerpt=false&sort=position&reverse=false&disableLinks=false&expandCurrent=true&placement=sidebar&hasRoot=false&spaceKey=AMCBC&treeId=0&startDepth=0&mobile=false&ancestors=1192080&1182220&treePageId=1192506&_=1604656323
504 Server Error: Gateway Time-out for url: http://confl-loadb-185evch80nvew-612815241.us-west-1.elb.amazonaws.com:80/plugins/pagetree/naturalchildren.action?decorator=none&excerpt=false&sort=position&reverse=false&disableLinks=false&expandCurrent=true&placement=sidebar&hasRoot=false&spaceKey=AHDA&treeId=0&startDepth=0&mobile=false&ancestors=1180139&1113780&treePageId=1180749&_=1604656323
504 Server Error: Gateway Time-out for url: http://confl-loadb-185evch80nvew-612815241.us-west-1.elb.amazonaws.com:80/pages/viewpage.action?pageId=1081573
504 Server Error: Gateway Time-out for url: http://confl-loadb-185evch80nvew-612815241.us-west-1.elb.amazonaws.com:80/pages/viewpage.action?pageId=1185602
504 Server Error: Gateway Time-out for url: http://confl-loadb-185evch80nvew-612815241.us-west-1.elb.amazonaws.com:80/pages/viewpage.action?pageId=1186110
504 Server Error: Gateway Time-out for url: http://confl-loadb-185evch80nvew-612815241.us-west-1.elb.amazonaws.com:80/rest/api/search?cql=siteSearch~'taw'&start=0&limit=20
'create_page_id'
'create_page_id'
504 Server Error: Gateway Time-out for url: http://confl-loadb-185evch80nvew-612815241.us-west-1.elb.amazonaws.com:80/pages/viewpage.action?pageId=1104868
504 Server Error: Gateway Time-out for url: http://confl-loadb-185evch80nvew-612815241.us-west-1.elb.amazonaws.com:80/rest/likes/1.0/content/1108056/likes
504 Server Error: Gateway Time-out for url: http://confl-loadb-185evch80nvew-612815241.us-west-1.elb.amazonaws.com:80/pages/viewpage.action?pageId=1185359
504 Server Error: Gateway Time-out for url: http://confl-loadb-185evch80nvew-612815241.us-west-1.elb.amazonaws.com:80/rest/tinymce/1/content/1112515/comment?actions=true&html=%3Cp%3Ejeudrwusmng+sbg%3C%2Fp%3E&watch=True&uuid=5eb7cbc1-910b-4241-8421-3ff6fccea584
504 Server Error: Gateway Time-out for url: http://confl-loadb-185evch80nvew-612815241.us-west-1.elb.amazonaws.com:80/pages/viewpage.action?pageId=1181059
504 Server Error: Gateway Time-out for url: http://confl-loadb-185evch80nvew-612815241.us-west-1.elb.amazonaws.com:80/rest/api/search?cql=siteSearch~'wmq'&start=0&limit=20
504 Server Error: Gateway Time-out for url: http://confl-loadb-185evch80nvew-612815241.us-west-1.elb.amazonaws.com:80/pages/viewpage.action?pageId=26193688
504 Server Error: Gateway Time-out for url: http://confl-loadb-185evch80nvew-612815241.us-west-1.elb.amazonaws.com:80/pages/viewpageattachments.action?pageId=1090932
504 Server Error: Gateway Time-out for url: http://confl-loadb-185evch80nvew-612815241.us-west-1.elb.amazonaws.com:80/plugins/pagetree/naturalchildren.action?decorator=none&excerpt=false&sort=position&reverse=false&disableLinks=false&expandCurrent=true&placement=sidebar&hasRoot=false&spaceKey=SLC&treeId=0&startDepth=0&mobile=false&ancestors=1085650&977145&treePageId=1089209&_=1604656331
504 Server Error: Gateway Time-out for url: http://confl-loadb-185evch80nvew-612815241.us-west-1.elb.amazonaws.com:80/pages/viewpage.action?pageId=1185215
504 Server Error: Gateway Time-out for url: http://confl-loadb-185evch80nvew-612815241.us-west-1.elb.amazonaws.com:80/pages/viewpage.action?pageId=1099084
504 Server Error: Gateway Time-out for url: http://confl-loadb-185evch80nvew-612815241.us-west-1.elb.amazonaws.com:80/pages/viewpage.action?pageId=1103960
504 Server Error: Gateway Time-out for url: http://confl-loadb-185evch80nvew-612815241.us-west-1.elb.amazonaws.com:80/pages/viewpage.action?pageId=976041
504 Server Error: Gateway Time-out for url: http://confl-loadb-185evch80nvew-612815241.us-west-1.elb.amazonaws.com:80/plugins/pagetree/naturalchildren.action?decorator=none&excerpt=false&sort=position&reverse=false&disableLinks=false&expandCurrent=true&placement=sidebar&hasRoot=false&spaceKey=SCEM&treeId=0&startDepth=0&mobile=false&ancestors=1321252&1319868&treePageId=1325892&_=1604656332
504 Server Error: Gateway Time-out for url: http://confl-loadb-185evch80nvew-612815241.us-west-1.elb.amazonaws.com:80/pages/createpage.action?spaceKey=WSLCP&fromPageId=1187767&src=quick-create
504 Server Error: Gateway Time-out for url: http://confl-loadb-185evch80nvew-612815241.us-west-1.elb.amazonaws.com:80/pages/viewpage.action?pageId=1087410
504 Server Error: Gateway Time-out for url: http://confl-loadb-185evch80nvew-612815241.us-west-1.elb.amazonaws.com:80/pages/viewpage.action?pageId=1183524
504 Server Error: Gateway Time-out for url: http://confl-loadb-185evch80nvew-612815241.us-west-1.elb.amazonaws.com:80/pages/viewpage.action?pageId=952906
504 Server Error: Gateway Time-out for url: http://confl-loadb-185evch80nvew-612815241.us-west-1.elb.amazonaws.com:80/rest/api/search?cql=siteSearch~'vho'&start=0&limit=20
504 Server Error: Gateway Time-out for url: http://confl-loadb-185evch80nvew-612815241.us-west-1.elb.amazonaws.com:80/pages/createpage.action?spaceKey=TIT&fromPageId=1199022&src=quick-create
504 Server Error: Gateway Time-out for url: http://confl-loadb-185evch80nvew-612815241.us-west-1.elb.amazonaws.com:80/pages/viewpage.action?pageId=1195165
504 Server Error: Gateway Time-out for url: http://confl-loadb-185evch80nvew-612815241.us-west-1.elb.amazonaws.com:80/pages/viewpage.action?pageId=1182215
504 Server Error: Gateway Time-out for url: http://confl-loadb-185evch80nvew-612815241.us-west-1.elb.amazonaws.com:80/rest/api/search?cql=siteSearch~'thu'&start=0&limit=20
504 Server Error: Gateway Time-out for url: http://confl-loadb-185evch80nvew-612815241.us-west-1.elb.amazonaws.com:80/plugins/pagetree/naturalchildren.action?decorator=none&excerpt=false&sort=position&reverse=false&disableLinks=false&expandCurrent=true&placement=sidebar&hasRoot=false&spaceKey=PPSPP&treeId=0&startDepth=0&mobile=false&ancestors=980457&979452&treePageId=981928&_=1604656334
504 Server Error: Gateway Time-out for url: http://confl-loadb-185evch80nvew-612815241.us-west-1.elb.amazonaws.com:80/plugins/pagetree/naturalchildren.action?decorator=none&excerpt=false&sort=position&reverse=false&disableLinks=false&expandCurrent=true&placement=sidebar&hasRoot=false&spaceKey=MDYEM&treeId=0&startDepth=0&mobile=false&ancestors=1086380&974552&treePageId=1091083&_=1604656334
504 Server Error: Gateway Time-out for url: http://confl-loadb-185evch80nvew-612815241.us-west-1.elb.amazonaws.com:80/pages/viewpage.action?pageId=1112863
504 Server Error: Gateway Time-out for url: http://confl-loadb-185evch80nvew-612815241.us-west-1.elb.amazonaws.com:80/plugins/pagetree/naturalchildren.action?decorator=none&excerpt=false&sort=position&reverse=false&disableLinks=false&expandCurrent=true&placement=sidebar&hasRoot=false&spaceKey=ECF&treeId=0&startDepth=0&mobile=false&ancestors=1313141&1311278&treePageId=1315111&_=1604656335
504 Server Error: Gateway Time-out for url: http://confl-loadb-185evch80nvew-612815241.us-west-1.elb.amazonaws.com:80/pages/viewpage.action?pageId=1114047
504 Server Error: Gateway Time-out for url: http://confl-loadb-185evch80nvew-612815241.us-west-1.elb.amazonaws.com:80/rest/tinymce/1/content/1319916/comment?actions=true&html=%3Cp%3Evmdchktnhh+lpjw%3C%2Fp%3E&watch=True&uuid=78700b31-f524-4819-99a7-09c789332dba
504 Server Error: Gateway Time-out for url: http://confl-loadb-185evch80nvew-612815241.us-west-1.elb.amazonaws.com:80/plugins/pagetree/naturalchildren.action?decorator=none&excerpt=false&sort=position&reverse=false&disableLinks=false&expandCurrent=true&placement=sidebar&hasRoot=false&spaceKey=AARP&treeId=0&startDepth=0&mobile=false&ancestors=973353&treePageId=978514&_=1604656335
504 Server Error: Gateway Time-out for url: http://confl-loadb-185evch80nvew-612815241.us-west-1.elb.amazonaws.com:80/pages/viewpage.action?pageId=1102834
504 Server Error: Gateway Time-out for url: http://confl-loadb-185evch80nvew-612815241.us-west-1.elb.amazonaws.com:80/pages/createpage.action?spaceKey=ELV&fromPageId=1088954&src=quick-create
Could not create PAGE draft.
504 Server Error: Gateway Time-out for url: http://confl-loadb-185evch80nvew-612815241.us-west-1.elb.amazonaws.com:80/pages/viewpage.action?pageId=968061
504 Server Error: Gateway Time-out for url: http://confl-loadb-185evch80nvew-612815241.us-west-1.elb.amazonaws.com:80/rest/likes/1.0/content/1108364/likes
504 Server Error: Gateway Time-out for url: http://confl-loadb-185evch80nvew-612815241.us-west-1.elb.amazonaws.com:80/plugins/pagetree/naturalchildren.action?decorator=none&excerpt=false&sort=position&reverse=false&disableLinks=false&expandCurrent=true&placement=sidebar&hasRoot=false&spaceKey=PSC&treeId=0&startDepth=0&mobile=false&ancestors=1204919&1197834&treePageId=1207032&_=1604656336
504 Server Error: Gateway Time-out for url: http://confl-loadb-185evch80nvew-612815241.us-west-1.elb.amazonaws.com:80/plugins/pagetree/naturalchildren.action?decorator=none&excerpt=false&sort=position&reverse=false&disableLinks=false&expandCurrent=true&placement=sidebar&hasRoot=false&spaceKey=FSS&treeId=0&startDepth=0&mobile=false&ancestors=1312553&1202303&treePageId=1315356&_=1604656336
504 Server Error: Gateway Time-out for url: http://confl-loadb-185evch80nvew-612815241.us-west-1.elb.amazonaws.com:80/pages/viewpage.action?pageId=26314159
504 Server Error: Gateway Time-out for url: http://confl-loadb-185evch80nvew-612815241.us-west-1.elb.amazonaws.com:80/pages/viewpage.action?pageId=977426
504 Server Error: Gateway Time-out for url: http://confl-loadb-185evch80nvew-612815241.us-west-1.elb.amazonaws.com:80/plugins/pagetree/naturalchildren.action?decorator=none&excerpt=false&sort=position&reverse=false&disableLinks=false&expandCurrent=true&placement=sidebar&hasRoot=false&spaceKey=CNS&treeId=0&startDepth=0&mobile=false&ancestors=1198282&treePageId=1205175&_=1604656336
504 Server Error: Gateway Time-out for url: http://confl-loadb-185evch80nvew-612815241.us-west-1.elb.amazonaws.com:80/plugins/pagetree/naturalchildren.action?decorator=none&excerpt=false&sort=position&reverse=false&disableLinks=false&expandCurrent=true&placement=sidebar&hasRoot=false&spaceKey=BFLA&treeId=0&startDepth=0&mobile=false&ancestors=981939&967888&treePageId=1081882&_=1604656337
504 Server Error: Gateway Time-out for url: http://confl-loadb-185evch80nvew-612815241.us-west-1.elb.amazonaws.com:80/plugins/pagetree/naturalchildren.action?decorator=none&excerpt=false&sort=position&reverse=false&disableLinks=false&expandCurrent=true&placement=sidebar&hasRoot=false&spaceKey=ELCEB&treeId=0&startDepth=0&mobile=false&ancestors=1449190&1338996&treePageId=1450750&_=1604656337
'content_id'
504 Server Error: Gateway Time-out for url: http://confl-loadb-185evch80nvew-612815241.us-west-1.elb.amazonaws.com:80/pages/viewpage.action?pageId=1319269
'content_id'
'edit_parent_page_id'
'edit_parent_page_id'
504 Server Error: Gateway Time-out for url: http://confl-loadb-185evch80nvew-612815241.us-west-1.elb.amazonaws.com:80/plugins/pagetree/naturalchildren.action?decorator=none&excerpt=false&sort=position&reverse=false&disableLinks=false&expandCurrent=true&placement=sidebar&hasRoot=false&spaceKey=DAPG&treeId=0&startDepth=0&mobile=false&ancestors=0&treePageId=1100802&_=1604656342
504 Server Error: Gateway Time-out for url: http://confl-loadb-185evch80nvew-612815241.us-west-1.elb.amazonaws.com:80/rest/recentlyviewed/1.0/recent?limit=8
504 Server Error: Gateway Time-out for url: http://confl-loadb-185evch80nvew-612815241.us-west-1.elb.amazonaws.com:80/plugins/pagetree/naturalchildren.action?decorator=none&excerpt=false&sort=position&reverse=false&disableLinks=false&expandCurrent=true&placement=sidebar&hasRoot=false&spaceKey=DSS&treeId=0&startDepth=0&mobile=false&ancestors=385993&378263&treePageId=388251&_=1604656342
504 Server Error: Gateway Time-out for url: http://confl-loadb-185evch80nvew-612815241.us-west-1.elb.amazonaws.com:80/pages/viewpage.action?pageId=1096140
504 Server Error: Gateway Time-out for url: http://confl-loadb-185evch80nvew-612815241.us-west-1.elb.amazonaws.com:80/plugins/pagetree/naturalchildren.action?decorator=none&excerpt=false&sort=position&reverse=false&disableLinks=false&expandCurrent=true&placement=sidebar&hasRoot=false&spaceKey=OIRGP&treeId=0&startDepth=0&mobile=false&ancestors=1185841&1100798&treePageId=1186834&_=1604656343
504 Server Error: Gateway Time-out for url: http://confl-loadb-185evch80nvew-612815241.us-west-1.elb.amazonaws.com:80/pages/viewpage.action?pageId=1101818
504 Server Error: Gateway Time-out for url: http://confl-loadb-185evch80nvew-612815241.us-west-1.elb.amazonaws.com:80/pages/viewpage.action?pageId=1087034
504 Server Error: Gateway Time-out for url: http://confl-loadb-185evch80nvew-612815241.us-west-1.elb.amazonaws.com:80/index.action
504 Server Error: Gateway Time-out for url: http://confl-loadb-185evch80nvew-612815241.us-west-1.elb.amazonaws.com:80/pages/viewpage.action?pageId=8499169
504 Server Error: Gateway Time-out for url: http://confl-loadb-185evch80nvew-612815241.us-west-1.elb.amazonaws.com:80/plugins/pagetree/naturalchildren.action?decorator=none&excerpt=false&sort=position&reverse=false&disableLinks=false&expandCurrent=true&placement=sidebar&hasRoot=false&spaceKey=TTC&treeId=0&startDepth=0&mobile=false&ancestors=1325929&1316897&treePageId=1328911&_=1604656344
504 Server Error: Gateway Time-out for url: http://confl-loadb-185evch80nvew-612815241.us-west-1.elb.amazonaws.com:80/plugins/pagetree/naturalchildren.action?decorator=none&excerpt=false&sort=position&reverse=false&disableLinks=false&expandCurrent=true&placement=sidebar&hasRoot=false&spaceKey=IEUE&treeId=0&startDepth=0&mobile=false&ancestors=0&treePageId=1094135&_=1604656345
504 Server Error: Gateway Time-out for url: http://confl-loadb-185evch80nvew-612815241.us-west-1.elb.amazonaws.com:80/plugins/pagetree/naturalchildren.action?decorator=none&excerpt=false&sort=position&reverse=false&disableLinks=false&expandCurrent=true&placement=sidebar&hasRoot=false&spaceKey=CCOP&treeId=0&startDepth=0&mobile=false&ancestors=1101857&1100757&treePageId=1102819&_=1604656345
504 Server Error: Gateway Time-out for url: http://confl-loadb-185evch80nvew-612815241.us-west-1.elb.amazonaws.com:80/plugins/pagetree/naturalchildren.action?decorator=none&excerpt=false&sort=position&reverse=false&disableLinks=false&expandCurrent=true&placement=sidebar&hasRoot=false&spaceKey=SGCM&treeId=0&startDepth=0&mobile=false&ancestors=965806&960412&treePageId=966625&_=1604656345
504 Server Error: Gateway Time-out for url: http://confl-loadb-185evch80nvew-612815241.us-west-1.elb.amazonaws.com:80/pages/viewpage.action?pageId=1188356
Could not create PAGE draft.
504 Server Error: Gateway Time-out for url: http://confl-loadb-185evch80nvew-612815241.us-west-1.elb.amazonaws.com:80/plugins/pagetree/naturalchildren.action?decorator=none&excerpt=false&sort=position&reverse=false&disableLinks=false&expandCurrent=true&placement=sidebar&hasRoot=false&spaceKey=OBLR&treeId=0&startDepth=0&mobile=false&ancestors=982096&treePageId=1082126&_=1604656346
504 Server Error: Gateway Time-out for url: http://confl-loadb-185evch80nvew-612815241.us-west-1.elb.amazonaws.com:80/plugins/pagetree/naturalchildren.action?decorator=none&excerpt=false&sort=position&reverse=false&disableLinks=false&expandCurrent=true&placement=sidebar&hasRoot=false&spaceKey=BREP&treeId=0&startDepth=0&mobile=false&ancestors=978802&treePageId=1084464&_=1604656346
504 Server Error: Gateway Time-out for url: http://confl-loadb-185evch80nvew-612815241.us-west-1.elb.amazonaws.com:80/plugins/pagetree/naturalchildren.action?decorator=none&excerpt=false&sort=position&reverse=false&disableLinks=false&expandCurrent=true&placement=sidebar&hasRoot=false&spaceKey=IWML&treeId=0&startDepth=0&mobile=false&ancestors=1088598&treePageId=1089593&_=1604656347
504 Server Error: Gateway Time-out for url: http://confl-loadb-185evch80nvew-612815241.us-west-1.elb.amazonaws.com:80/pages/viewpage.action?pageId=1205575
504 Server Error: Gateway Time-out for url: http://confl-loadb-185evch80nvew-612815241.us-west-1.elb.amazonaws.com:80/plugins/pagetree/naturalchildren.action?decorator=none&excerpt=false&sort=position&reverse=false&disableLinks=false&expandCurrent=true&placement=sidebar&hasRoot=false&spaceKey=WSC&treeId=0&startDepth=0&mobile=false&ancestors=1201324&1200871&treePageId=1202568&_=1604656347
504 Server Error: Gateway Time-out for url: http://confl-loadb-185evch80nvew-612815241.us-west-1.elb.amazonaws.com:80/plugins/pagetree/naturalchildren.action?decorator=none&excerpt=false&sort=position&reverse=false&disableLinks=false&expandCurrent=true&placement=sidebar&hasRoot=false&spaceKey=CCWP&treeId=0&startDepth=0&mobile=false&ancestors=1185655&1100756&treePageId=1188781&_=1604656347
504 Server Error: Gateway Time-out for url: http://confl-loadb-185evch80nvew-612815241.us-west-1.elb.amazonaws.com:80/pages/viewpage.action?pageId=1085516
504 Server Error: Gateway Time-out for url: http://confl-loadb-185evch80nvew-612815241.us-west-1.elb.amazonaws.com:80/pages/viewpage.action?pageId=1191044
504 Server Error: Gateway Time-out for url: http://confl-loadb-185evch80nvew-612815241.us-west-1.elb.amazonaws.com:80/pages/createblogpost.action?spaceKey=CSE
504 Server Error: Gateway Time-out for url: http://confl-loadb-185evch80nvew-612815241.us-west-1.elb.amazonaws.com:80/plugins/pagetree/naturalchildren.action?decorator=none&excerpt=false&sort=position&reverse=false&disableLinks=false&expandCurrent=true&placement=sidebar&hasRoot=false&spaceKey=PKA&treeId=0&startDepth=0&mobile=false&ancestors=1087711&971201&treePageId=1089969&_=1604656348
504 Server Error: Gateway Time-out for url: http://confl-loadb-185evch80nvew-612815241.us-west-1.elb.amazonaws.com:80/pages/viewpage.action?pageId=1095048
504 Server Error: Gateway Time-out for url: http://confl-loadb-185evch80nvew-612815241.us-west-1.elb.amazonaws.com:80/plugins/pagetree/naturalchildren.action?decorator=none&excerpt=false&sort=position&reverse=false&disableLinks=false&expandCurrent=true&placement=sidebar&hasRoot=false&spaceKey=MSSC&treeId=0&startDepth=0&mobile=false&ancestors=974016&969072&treePageId=979957&_=1604656348
504 Server Error: Gateway Time-out for url: http://confl-loadb-185evch80nvew-612815241.us-west-1.elb.amazonaws.com:80/pages/viewpage.action?pageId=966571
504 Server Error: Gateway Time-out for url: http://confl-loadb-185evch80nvew-612815241.us-west-1.elb.amazonaws.com:80/pages/viewpageattachments.action?pageId=1101910
504 Server Error: Gateway Time-out for url: http://confl-loadb-185evch80nvew-612815241.us-west-1.elb.amazonaws.com:80/plugins/pagetree/naturalchildren.action?decorator=none&excerpt=false&sort=position&reverse=false&disableLinks=false&expandCurrent=true&placement=sidebar&hasRoot=false&spaceKey=RGSI&treeId=0&startDepth=0&mobile=false&ancestors=0&treePageId=1093253&_=1604656348
'create_page_id'
504 Server Error: Gateway Time-out for url: http://confl-loadb-185evch80nvew-612815241.us-west-1.elb.amazonaws.com:80/pages/editpage.action?pageId=38671472
504 Server Error: Gateway Time-out for url: http://confl-loadb-185evch80nvew-612815241.us-west-1.elb.amazonaws.com:80/plugins/pagetree/naturalchildren.action?decorator=none&excerpt=false&sort=position&reverse=false&disableLinks=false&expandCurrent=true&placement=sidebar&hasRoot=false&spaceKey=IWML&treeId=0&startDepth=0&mobile=false&ancestors=1108053&1100771&treePageId=1109964&_=1604656349
504 Server Error: Gateway Time-out for url: http://confl-loadb-185evch80nvew-612815241.us-west-1.elb.amazonaws.com:80/pages/viewpage.action?pageId=26333227
504 Server Error: Gateway Time-out for url: http://confl-loadb-185evch80nvew-612815241.us-west-1.elb.amazonaws.com:80/index.action
504 Server Error: Gateway Time-out for url: http://confl-loadb-185evch80nvew-612815241.us-west-1.elb.amazonaws.com:80/pages/viewpage.action?pageId=1317630
504 Server Error: Gateway Time-out for url: http://confl-loadb-185evch80nvew-612815241.us-west-1.elb.amazonaws.com:80/pages/viewpage.action?pageId=25967865
504 Server Error: Gateway Time-out for url: http://confl-loadb-185evch80nvew-612815241.us-west-1.elb.amazonaws.com:80/plugins/pagetree/naturalchildren.action?decorator=none&excerpt=false&sort=position&reverse=false&disableLinks=false&expandCurrent=true&placement=sidebar&hasRoot=false&spaceKey=AHDA&treeId=0&startDepth=0&mobile=false&ancestors=1180139&1113780&treePageId=1180749&_=1604656349
504 Server Error: Gateway Time-out for url: http://confl-loadb-185evch80nvew-612815241.us-west-1.elb.amazonaws.com:80/rest/tinymce/1/content/391578/comment?actions=true&html=%3Cp%3Ewzlqqcgkdbtuaxb%3C%2Fp%3E&watch=True&uuid=83885f9e-1769-4b4c-bf9b-0ce158399600
504 Server Error: Gateway Time-out for url: http://confl-loadb-185evch80nvew-612815241.us-west-1.elb.amazonaws.com:80/pages/viewpage.action?pageId=1316042
504 Server Error: Gateway Time-out for url: http://confl-loadb-185evch80nvew-612815241.us-west-1.elb.amazonaws.com:80/rest/tinymce/1/content/1084565/comment?actions=true&html=%3Cp%3Eftqgjktmcupjwqs%3C%2Fp%3E&watch=True&uuid=2292ccf8-267f-4ad7-983b-6b3571022ef4
'create_page_id'
504 Server Error: Gateway Time-out for url: http://confl-loadb-185evch80nvew-612815241.us-west-1.elb.amazonaws.com:80/plugins/pagetree/naturalchildren.action?decorator=none&excerpt=false&sort=position&reverse=false&disableLinks=false&expandCurrent=true&placement=sidebar&hasRoot=false&spaceKey=CCOP&treeId=0&startDepth=0&mobile=false&ancestors=1101857&1100757&treePageId=1102819&_=1604656351
'parsed_space_key'
'create_page_id'
504 Server Error: Gateway Time-out for url: http://confl-loadb-185evch80nvew-612815241.us-west-1.elb.amazonaws.com:80/pages/viewpage.action?pageId=25974931
504 Server Error: Gateway Time-out for url: http://confl-loadb-185evch80nvew-612815241.us-west-1.elb.amazonaws.com:80/rest/api/search?cql=siteSearch~'%20ie'&start=0&limit=20
504 Server Error: Gateway Time-out for url: http://confl-loadb-185evch80nvew-612815241.us-west-1.elb.amazonaws.com:80/pages/viewpage.action?pageId=982951
504 Server Error: Gateway Time-out for url: http://confl-loadb-185evch80nvew-612815241.us-west-1.elb.amazonaws.com:80/plugins/pagetree/naturalchildren.action?decorator=none&excerpt=false&sort=position&reverse=false&disableLinks=false&expandCurrent=true&placement=sidebar&hasRoot=false&spaceKey=WARC&treeId=0&startDepth=0&mobile=false&ancestors=956491&treePageId=966707&_=1604656355
504 Server Error: Gateway Time-out for url: http://confl-loadb-185evch80nvew-612815241.us-west-1.elb.amazonaws.com:80/pages/viewpage.action?pageId=1206857
504 Server Error: Gateway Time-out for url: http://confl-loadb-185evch80nvew-612815241.us-west-1.elb.amazonaws.com:80/plugins/pagetree/naturalchildren.action?decorator=none&excerpt=false&sort=position&reverse=false&disableLinks=false&expandCurrent=true&placement=sidebar&hasRoot=false&spaceKey=SMACT&treeId=0&startDepth=0&mobile=false&ancestors=1323604&1314421&treePageId=1326751&_=1604656357
504 Server Error: Gateway Time-out for url: http://confl-loadb-185evch80nvew-612815241.us-west-1.elb.amazonaws.com:80/plugins/pagetree/naturalchildren.action?decorator=none&excerpt=false&sort=position&reverse=false&disableLinks=false&expandCurrent=true&placement=sidebar&hasRoot=false&spaceKey=HOV&treeId=0&startDepth=0&mobile=false&ancestors=1095130&1094088&treePageId=1097008&_=1604656357
504 Server Error: Gateway Time-out for url: http://confl-loadb-185evch80nvew-612815241.us-west-1.elb.amazonaws.com:80/pages/createblogpost.action?spaceKey=NOCM
504 Server Error: Gateway Time-out for url: http://confl-loadb-185evch80nvew-612815241.us-west-1.elb.amazonaws.com:80/pages/viewpage.action?pageId=1110438
504 Server Error: Gateway Time-out for url: http://confl-loadb-185evch80nvew-612815241.us-west-1.elb.amazonaws.com:80/pages/viewpage.action?pageId=1094113
504 Server Error: Gateway Time-out for url: http://confl-loadb-185evch80nvew-612815241.us-west-1.elb.amazonaws.com:80/rest/recentlyviewed/1.0/recent?limit=8
504 Server Error: Gateway Time-out for url: http://confl-loadb-185evch80nvew-612815241.us-west-1.elb.amazonaws.com:80/pages/viewpage.action?pageId=1109762
504 Server Error: Gateway Time-out for url: http://confl-loadb-185evch80nvew-612815241.us-west-1.elb.amazonaws.com:80/pages/viewpage.action?pageId=25980221
504 Server Error: Gateway Time-out for url: http://confl-loadb-185evch80nvew-612815241.us-west-1.elb.amazonaws.com:80/plugins/pagetree/naturalchildren.action?decorator=none&excerpt=false&sort=position&reverse=false&disableLinks=false&expandCurrent=true&placement=sidebar&hasRoot=false&spaceKey=SCEM&treeId=0&startDepth=0&mobile=false&ancestors=1321252&1319868&treePageId=1325892&_=1604656358
504 Server Error: Gateway Time-out for url: http://confl-loadb-185evch80nvew-612815241.us-west-1.elb.amazonaws.com:80/rest/tinymce/1/content/1187336/comment?actions=true&html=%3Cp%3Evcaizveqgrmdscv%3C%2Fp%3E&watch=True&uuid=b6e2e0e2-23af-423a-9db5-87f480cb103f
504 Server Error: Gateway Time-out for url: http://confl-loadb-185evch80nvew-612815241.us-west-1.elb.amazonaws.com:80/pages/viewpage.action?pageId=1104544
504 Server Error: Gateway Time-out for url: http://confl-loadb-185evch80nvew-612815241.us-west-1.elb.amazonaws.com:80/pages/viewpage.action?pageId=1312390
504 Server Error: Gateway Time-out for url: http://confl-loadb-185evch80nvew-612815241.us-west-1.elb.amazonaws.com:80/plugins/pagetree/naturalchildren.action?decorator=none&excerpt=false&sort=position&reverse=false&disableLinks=false&expandCurrent=true&placement=sidebar&hasRoot=false&spaceKey=ERS&treeId=0&startDepth=0&mobile=false&ancestors=1111554&1100747&treePageId=1113052&_=1604656360
504 Server Error: Gateway Time-out for url: http://confl-loadb-185evch80nvew-612815241.us-west-1.elb.amazonaws.com:80/pages/viewpage.action?pageId=1094140
504 Server Error: Gateway Time-out for url: http://confl-loadb-185evch80nvew-612815241.us-west-1.elb.amazonaws.com:80/pages/viewpage.action?pageId=1081901
504 Server Error: Gateway Time-out for url: http://confl-loadb-185evch80nvew-612815241.us-west-1.elb.amazonaws.com:80/plugins/pagetree/naturalchildren.action?decorator=none&excerpt=false&sort=position&reverse=false&disableLinks=false&expandCurrent=true&placement=sidebar&hasRoot=false&spaceKey=PLKT&treeId=0&startDepth=0&mobile=false&ancestors=1201089&1196745&treePageId=1202140&_=1604656360
'draft_name'
504 Server Error: Gateway Time-out for url: http://confl-loadb-185evch80nvew-612815241.us-west-1.elb.amazonaws.com:80/plugins/pagetree/naturalchildren.action?decorator=none&excerpt=false&sort=position&reverse=false&disableLinks=false&expandCurrent=true&placement=sidebar&hasRoot=false&spaceKey=PPSPP&treeId=0&startDepth=0&mobile=false&ancestors=980457&979452&treePageId=981928&_=1604656361
504 Server Error: Gateway Time-out for url: http://confl-loadb-185evch80nvew-612815241.us-west-1.elb.amazonaws.com:80/pages/viewpage.action?pageId=1316994
504 Server Error: Gateway Time-out for url: http://confl-loadb-185evch80nvew-612815241.us-west-1.elb.amazonaws.com:80/plugins/pagetree/naturalchildren.action?decorator=none&excerpt=false&sort=position&reverse=false&disableLinks=false&expandCurrent=true&placement=sidebar&hasRoot=false&spaceKey=ECF&treeId=0&startDepth=0&mobile=false&ancestors=1313141&1311278&treePageId=1315111&_=1604656361
504 Server Error: Gateway Time-out for url: http://confl-loadb-185evch80nvew-612815241.us-west-1.elb.amazonaws.com:80/pages/viewpage.action?pageId=975579
504 Server Error: Gateway Time-out for url: http://confl-loadb-185evch80nvew-612815241.us-west-1.elb.amazonaws.com:80/plugins/pagetree/naturalchildren.action?decorator=none&excerpt=false&sort=position&reverse=false&disableLinks=false&expandCurrent=true&placement=sidebar&hasRoot=false&spaceKey=JLHS&treeId=0&startDepth=0&mobile=false&ancestors=0&treePageId=388107&_=1604656362
504 Server Error: Gateway Time-out for url: http://confl-loadb-185evch80nvew-612815241.us-west-1.elb.amazonaws.com:80/pages/viewpage.action?pageId=1189616
504 Server Error: Gateway Time-out for url: http://confl-loadb-185evch80nvew-612815241.us-west-1.elb.amazonaws.com:80/pages/viewpage.action?pageId=1186109
'edit_parent_page_id'
User could not edit page.
504 Server Error: Gateway Time-out for url: http://confl-loadb-185evch80nvew-612815241.us-west-1.elb.amazonaws.com:80/rest/likes/1.0/content/1186236/likes
504 Server Error: Gateway Time-out for url: http://confl-loadb-185evch80nvew-612815241.us-west-1.elb.amazonaws.com:80/pages/viewpage.action?pageId=1083165
504 Server Error: Gateway Time-out for url: http://confl-loadb-185evch80nvew-612815241.us-west-1.elb.amazonaws.com:80/index.action
504 Server Error: Gateway Time-out for url: http://confl-loadb-185evch80nvew-612815241.us-west-1.elb.amazonaws.com:80/plugins/pagetree/naturalchildren.action?decorator=none&excerpt=false&sort=position&reverse=false&disableLinks=false&expandCurrent=true&placement=sidebar&hasRoot=false&spaceKey=FSS&treeId=0&startDepth=0&mobile=false&ancestors=1312553&1202303&treePageId=1315356&_=1604656363
504 Server Error: Gateway Time-out for url: http://confl-loadb-185evch80nvew-612815241.us-west-1.elb.amazonaws.com:80/pages/viewpage.action?pageId=1185926
504 Server Error: Gateway Time-out for url: http://confl-loadb-185evch80nvew-612815241.us-west-1.elb.amazonaws.com:80/rest/recentlyviewed/1.0/recent?limit=8
504 Server Error: Gateway Time-out for url: http://confl-loadb-185evch80nvew-612815241.us-west-1.elb.amazonaws.com:80/pages/viewpage.action?pageId=969137
504 Server Error: Gateway Time-out for url: http://confl-loadb-185evch80nvew-612815241.us-west-1.elb.amazonaws.com:80/index.action
504 Server Error: Gateway Time-out for url: http://confl-loadb-185evch80nvew-612815241.us-west-1.elb.amazonaws.com:80/pages/viewpage.action?pageId=1103616
504 Server Error: Gateway Time-out for url: http://confl-loadb-185evch80nvew-612815241.us-west-1.elb.amazonaws.com:80/plugins/pagetree/naturalchildren.action?decorator=none&excerpt=false&sort=position&reverse=false&disableLinks=false&expandCurrent=true&placement=sidebar&hasRoot=false&spaceKey=BFLA&treeId=0&startDepth=0&mobile=false&ancestors=981939&967888&treePageId=1081882&_=1604656363
504 Server Error: Gateway Time-out for url: http://confl-loadb-185evch80nvew-612815241.us-west-1.elb.amazonaws.com:80/pages/viewpage.action?pageId=388251
'edit_parent_page_id'
504 Server Error: Gateway Time-out for url: http://confl-loadb-185evch80nvew-612815241.us-west-1.elb.amazonaws.com:80/pages/viewpage.action?pageId=979353
'edit_parent_page_id'
504 Server Error: Gateway Time-out for url: http://confl-loadb-185evch80nvew-612815241.us-west-1.elb.amazonaws.com:80/rest/tinymce/1/content/976675/comment?actions=true&html=%3Cp%3Exlqkieugrqrgowh%3C%2Fp%3E&watch=True&uuid=ffb23eab-ca64-476c-9032-62a0e023ae78
504 Server Error: Gateway Time-out for url: http://confl-loadb-185evch80nvew-612815241.us-west-1.elb.amazonaws.com:80/pages/viewpage.action?pageId=26207473
504 Server Error: Gateway Time-out for url: http://confl-loadb-185evch80nvew-612815241.us-west-1.elb.amazonaws.com:80/plugins/pagetree/naturalchildren.action?decorator=none&excerpt=false&sort=position&reverse=false&disableLinks=false&expandCurrent=true&placement=sidebar&hasRoot=false&spaceKey=DSS&treeId=0&startDepth=0&mobile=false&ancestors=385993&378263&treePageId=388251&_=1604656368
504 Server Error: Gateway Time-out for url: http://confl-loadb-185evch80nvew-612815241.us-west-1.elb.amazonaws.com:80/rest/likes/1.0/content/969503/likes
504 Server Error: Gateway Time-out for url: http://confl-loadb-185evch80nvew-612815241.us-west-1.elb.amazonaws.com:80/plugins/pagetree/naturalchildren.action?decorator=none&excerpt=false&sort=position&reverse=false&disableLinks=false&expandCurrent=true&placement=sidebar&hasRoot=false&spaceKey=OIRGP&treeId=0&startDepth=0&mobile=false&ancestors=1185841&1100798&treePageId=1186834&_=1604656369
504 Server Error: Gateway Time-out for url: http://confl-loadb-185evch80nvew-612815241.us-west-1.elb.amazonaws.com:80/pages/viewpageattachments.action?pageId=1182742
504 Server Error: Gateway Time-out for url: http://confl-loadb-185evch80nvew-612815241.us-west-1.elb.amazonaws.com:80/pages/viewpage.action?pageId=1095243
504 Server Error: Gateway Time-out for url: http://confl-loadb-185evch80nvew-612815241.us-west-1.elb.amazonaws.com:80/plugins/pagetree/naturalchildren.action?decorator=none&excerpt=false&sort=position&reverse=false&disableLinks=false&expandCurrent=true&placement=sidebar&hasRoot=false&spaceKey=SLC&treeId=0&startDepth=0&mobile=false&ancestors=1085650&977145&treePageId=1089209&_=1604656371
504 Server Error: Gateway Time-out for url: http://confl-loadb-185evch80nvew-612815241.us-west-1.elb.amazonaws.com:80/plugins/pagetree/naturalchildren.action?decorator=none&excerpt=false&sort=position&reverse=false&disableLinks=false&expandCurrent=true&placement=sidebar&hasRoot=false&spaceKey=TTC&treeId=0&startDepth=0&mobile=false&ancestors=1325929&1316897&treePageId=1328911&_=1604656371
504 Server Error: Gateway Time-out for url: http://confl-loadb-185evch80nvew-612815241.us-west-1.elb.amazonaws.com:80/rest/api/search?cql=siteSearch~'p%20k'&start=0&limit=20
504 Server Error: Gateway Time-out for url: http://confl-loadb-185evch80nvew-612815241.us-west-1.elb.amazonaws.com:80/plugins/pagetree/naturalchildren.action?decorator=none&excerpt=false&sort=position&reverse=false&disableLinks=false&expandCurrent=true&placement=sidebar&hasRoot=false&spaceKey=CCOP&treeId=0&startDepth=0&mobile=false&ancestors=1101857&1100757&treePageId=1102819&_=1604656371
504 Server Error: Gateway Time-out for url: http://confl-loadb-185evch80nvew-612815241.us-west-1.elb.amazonaws.com:80/index.action
504 Server Error: Gateway Time-out for url: http://confl-loadb-185evch80nvew-612815241.us-west-1.elb.amazonaws.com:80/pages/viewpage.action?pageId=1109441
504 Server Error: Gateway Time-out for url: http://confl-loadb-185evch80nvew-612815241.us-west-1.elb.amazonaws.com:80/pages/viewpage.action?pageId=979451
504 Server Error: Gateway Time-out for url: http://confl-loadb-185evch80nvew-612815241.us-west-1.elb.amazonaws.com:80/plugins/pagetree/naturalchildren.action?decorator=none&excerpt=false&sort=position&reverse=false&disableLinks=false&expandCurrent=true&placement=sidebar&hasRoot=false&spaceKey=BREP&treeId=0&startDepth=0&mobile=false&ancestors=978802&treePageId=1084464&_=1604656372
504 Server Error: Gateway Time-out for url: http://confl-loadb-185evch80nvew-612815241.us-west-1.elb.amazonaws.com:80/plugins/pagetree/naturalchildren.action?decorator=none&excerpt=false&sort=position&reverse=false&disableLinks=false&expandCurrent=true&placement=sidebar&hasRoot=false&spaceKey=IWML&treeId=0&startDepth=0&mobile=false&ancestors=1088598&treePageId=1089593&_=1604656373
504 Server Error: Gateway Time-out for url: http://confl-loadb-185evch80nvew-612815241.us-west-1.elb.amazonaws.com:80/pages/viewpage.action?pageId=1085632
504 Server Error: Gateway Time-out for url: http://confl-loadb-185evch80nvew-612815241.us-west-1.elb.amazonaws.com:80/plugins/pagetree/naturalchildren.action?decorator=none&excerpt=false&sort=position&reverse=false&disableLinks=false&expandCurrent=true&placement=sidebar&hasRoot=false&spaceKey=WSC&treeId=0&startDepth=0&mobile=false&ancestors=1201324&1200871&treePageId=1202568&_=1604656374
504 Server Error: Gateway Time-out for url: http://confl-loadb-185evch80nvew-612815241.us-west-1.elb.amazonaws.com:80/plugins/pagetree/naturalchildren.action?decorator=none&excerpt=false&sort=position&reverse=false&disableLinks=false&expandCurrent=true&placement=sidebar&hasRoot=false&spaceKey=CCWP&treeId=0&startDepth=0&mobile=false&ancestors=1185655&1100756&treePageId=1188781&_=1604656374
504 Server Error: Gateway Time-out for url: http://confl-loadb-185evch80nvew-612815241.us-west-1.elb.amazonaws.com:80/pages/viewpage.action?pageId=1321615
504 Server Error: Gateway Time-out for url: http://confl-loadb-185evch80nvew-612815241.us-west-1.elb.amazonaws.com:80/pages/viewpage.action?pageId=1089930
504 Server Error: Gateway Time-out for url: http://confl-loadb-185evch80nvew-612815241.us-west-1.elb.amazonaws.com:80/pages/viewpageattachments.action?pageId=1196023
504 Server Error: Gateway Time-out for url: http://confl-loadb-185evch80nvew-612815241.us-west-1.elb.amazonaws.com:80/plugins/pagetree/naturalchildren.action?decorator=none&excerpt=false&sort=position&reverse=false&disableLinks=false&expandCurrent=true&placement=sidebar&hasRoot=false&spaceKey=PKA&treeId=0&startDepth=0&mobile=false&ancestors=1087711&971201&treePageId=1089969&_=1604656374
504 Server Error: Gateway Time-out for url: http://confl-loadb-185evch80nvew-612815241.us-west-1.elb.amazonaws.com:80/pages/viewpage.action?pageId=1096265
504 Server Error: Gateway Time-out for url: http://confl-loadb-185evch80nvew-612815241.us-west-1.elb.amazonaws.com:80/plugins/pagetree/naturalchildren.action?decorator=none&excerpt=false&sort=position&reverse=false&disableLinks=false&expandCurrent=true&placement=sidebar&hasRoot=false&spaceKey=MSSC&treeId=0&startDepth=0&mobile=false&ancestors=974016&969072&treePageId=979957&_=1604656375
504 Server Error: Gateway Time-out for url: http://confl-loadb-185evch80nvew-612815241.us-west-1.elb.amazonaws.com:80/pages/viewpage.action?pageId=1210866
504 Server Error: Gateway Time-out for url: http://confl-loadb-185evch80nvew-612815241.us-west-1.elb.amazonaws.com:80/plugins/pagetree/naturalchildren.action?decorator=none&excerpt=false&sort=position&reverse=false&disableLinks=false&expandCurrent=true&placement=sidebar&hasRoot=false&spaceKey=AARP&treeId=0&startDepth=0&mobile=false&ancestors=973353&treePageId=978514&_=1604656375
504 Server Error: Gateway Time-out for url: http://confl-loadb-185evch80nvew-612815241.us-west-1.elb.amazonaws.com:80/plugins/pagetree/naturalchildren.action?decorator=none&excerpt=false&sort=position&reverse=false&disableLinks=false&expandCurrent=true&placement=sidebar&hasRoot=false&spaceKey=RGSI&treeId=0&startDepth=0&mobile=false&ancestors=0&treePageId=1093253&_=1604656375
504 Server Error: Gateway Time-out for url: http://confl-loadb-185evch80nvew-612815241.us-west-1.elb.amazonaws.com:80/pages/viewpage.action?pageId=1097733
504 Server Error: Gateway Time-out for url: http://confl-loadb-185evch80nvew-612815241.us-west-1.elb.amazonaws.com:80/rest/likes/1.0/content/390753/likes
504 Server Error: Gateway Time-out for url: http://confl-loadb-185evch80nvew-612815241.us-west-1.elb.amazonaws.com:80/plugins/pagetree/naturalchildren.action?decorator=none&excerpt=false&sort=position&reverse=false&disableLinks=false&expandCurrent=true&placement=sidebar&hasRoot=false&spaceKey=ILAC&treeId=0&startDepth=0&mobile=false&ancestors=1101923&1100856&treePageId=1104717&_=1604656375
504 Server Error: Gateway Time-out for url: http://confl-loadb-185evch80nvew-612815241.us-west-1.elb.amazonaws.com:80/rest/tinymce/1/content/1206418/comment?actions=true&html=%3Cp%3Ekmijamgmaeyytiv%3C%2Fp%3E&watch=True&uuid=5695ff5d-70d3-447c-9c3b-39eceda8855e
504 Server Error: Gateway Time-out for url: http://confl-loadb-185evch80nvew-612815241.us-west-1.elb.amazonaws.com:80/pages/viewpage.action?pageId=1188729
504 Server Error: Gateway Time-out for url: http://confl-loadb-185evch80nvew-612815241.us-west-1.elb.amazonaws.com:80/plugins/pagetree/naturalchildren.action?decorator=none&excerpt=false&sort=position&reverse=false&disableLinks=false&expandCurrent=true&placement=sidebar&hasRoot=false&spaceKey=AMCBC&treeId=0&startDepth=0&mobile=false&ancestors=1192080&1182220&treePageId=1192506&_=1604656376
504 Server Error: Gateway Time-out for url: http://confl-loadb-185evch80nvew-612815241.us-west-1.elb.amazonaws.com:80/rest/api/search?cql=siteSearch~'qjx'&start=0&limit=20
504 Server Error: Gateway Time-out for url: http://confl-loadb-185evch80nvew-612815241.us-west-1.elb.amazonaws.com:80/plugins/pagetree/naturalchildren.action?decorator=none&excerpt=false&sort=position&reverse=false&disableLinks=false&expandCurrent=true&placement=sidebar&hasRoot=false&spaceKey=CNS&treeId=0&startDepth=0&mobile=false&ancestors=1198282&treePageId=1205175&_=1604656376
504 Server Error: Gateway Time-out for url: http://confl-loadb-185evch80nvew-612815241.us-west-1.elb.amazonaws.com:80/pages/viewpage.action?pageId=1187677
504 Server Error: Gateway Time-out for url: http://confl-loadb-185evch80nvew-612815241.us-west-1.elb.amazonaws.com:80/plugins/pagetree/naturalchildren.action?decorator=none&excerpt=false&sort=position&reverse=false&disableLinks=false&expandCurrent=true&placement=sidebar&hasRoot=false&spaceKey=ATIMM&treeId=0&startDepth=0&mobile=false&ancestors=975198&964636&treePageId=976023&_=1604656376
504 Server Error: Gateway Time-out for url: http://confl-loadb-185evch80nvew-612815241.us-west-1.elb.amazonaws.com:80/pages/viewpage.action?pageId=26113242
504 Server Error: Gateway Time-out for url: http://confl-loadb-185evch80nvew-612815241.us-west-1.elb.amazonaws.com:80/plugins/pagetree/naturalchildren.action?decorator=none&excerpt=false&sort=position&reverse=false&disableLinks=false&expandCurrent=true&placement=sidebar&hasRoot=false&spaceKey=ELCEB&treeId=0&startDepth=0&mobile=false&ancestors=1449190&1338996&treePageId=1450750&_=1604656377
504 Server Error: Gateway Time-out for url: http://confl-loadb-185evch80nvew-612815241.us-west-1.elb.amazonaws.com:80/plugins/pagetree/naturalchildren.action?decorator=none&excerpt=false&sort=position&reverse=false&disableLinks=false&expandCurrent=true&placement=sidebar&hasRoot=false&spaceKey=CCOP&treeId=0&startDepth=0&mobile=false&ancestors=1101857&1100757&treePageId=1102819&_=1604656377
504 Server Error: Gateway Time-out for url: http://confl-loadb-185evch80nvew-612815241.us-west-1.elb.amazonaws.com:80/pages/createblogpost.action?spaceKey=SGTC
504 Server Error: Gateway Time-out for url: http://confl-loadb-185evch80nvew-612815241.us-west-1.elb.amazonaws.com:80/pages/viewpage.action?pageId=1106776
504 Server Error: Gateway Time-out for url: http://confl-loadb-185evch80nvew-612815241.us-west-1.elb.amazonaws.com:80/pages/viewpage.action?pageId=1319328
504 Server Error: Gateway Time-out for url: http://confl-loadb-185evch80nvew-612815241.us-west-1.elb.amazonaws.com:80/rest/recentlyviewed/1.0/recent?limit=8
504 Server Error: Gateway Time-out for url: http://confl-loadb-185evch80nvew-612815241.us-west-1.elb.amazonaws.com:80/pages/viewpage.action?pageId=1105283
504 Server Error: Gateway Time-out for url: http://confl-loadb-185evch80nvew-612815241.us-west-1.elb.amazonaws.com:80/pages/viewpage.action?pageId=1189070
504 Server Error: Gateway Time-out for url: http://confl-loadb-185evch80nvew-612815241.us-west-1.elb.amazonaws.com:80/plugins/pagetree/naturalchildren.action?decorator=none&excerpt=false&sort=position&reverse=false&disableLinks=false&expandCurrent=true&placement=sidebar&hasRoot=false&spaceKey=HOV&treeId=0&startDepth=0&mobile=false&ancestors=1095130&1094088&treePageId=1097008&_=1604656384
504 Server Error: Gateway Time-out for url: http://confl-loadb-185evch80nvew-612815241.us-west-1.elb.amazonaws.com:80/index.action
504 Server Error: Gateway Time-out for url: http://confl-loadb-185evch80nvew-612815241.us-west-1.elb.amazonaws.com:80/pages/viewpage.action?pageId=1087042
504 Server Error: Gateway Time-out for url: http://confl-loadb-185evch80nvew-612815241.us-west-1.elb.amazonaws.com:80/pages/viewpage.action?pageId=26186743
504 Server Error: Gateway Time-out for url: http://confl-loadb-185evch80nvew-612815241.us-west-1.elb.amazonaws.com:80/pages/viewpage.action?pageId=954507
'draft_name'
504 Server Error: Gateway Time-out for url: http://confl-loadb-185evch80nvew-612815241.us-west-1.elb.amazonaws.com:80/index.action
504 Server Error: Gateway Time-out for url: http://confl-loadb-185evch80nvew-612815241.us-west-1.elb.amazonaws.com:80/rest/likes/1.0/content/1185496/likes
504 Server Error: Gateway Time-out for url: http://confl-loadb-185evch80nvew-612815241.us-west-1.elb.amazonaws.com:80/plugins/pagetree/naturalchildren.action?decorator=none&excerpt=false&sort=position&reverse=false&disableLinks=false&expandCurrent=true&placement=sidebar&hasRoot=false&spaceKey=SCEM&treeId=0&startDepth=0&mobile=false&ancestors=1321252&1319868&treePageId=1325892&_=1604656385
504 Server Error: Gateway Time-out for url: http://confl-loadb-185evch80nvew-612815241.us-west-1.elb.amazonaws.com:80/index.action
504 Server Error: Gateway Time-out for url: http://confl-loadb-185evch80nvew-612815241.us-west-1.elb.amazonaws.com:80/plugins/pagetree/naturalchildren.action?decorator=none&excerpt=false&sort=position&reverse=false&disableLinks=false&expandCurrent=true&placement=sidebar&hasRoot=false&spaceKey=OBLR&treeId=0&startDepth=0&mobile=false&ancestors=982096&treePageId=1082126&_=1604656385
504 Server Error: Gateway Time-out for url: http://confl-loadb-185evch80nvew-612815241.us-west-1.elb.amazonaws.com:80/pages/viewpage.action?pageId=1319007
504 Server Error: Gateway Time-out for url: http://confl-loadb-185evch80nvew-612815241.us-west-1.elb.amazonaws.com:80/pages/viewpage.action?pageId=1203481
504 Server Error: Gateway Time-out for url: http://confl-loadb-185evch80nvew-612815241.us-west-1.elb.amazonaws.com:80/plugins/pagetree/naturalchildren.action?decorator=none&excerpt=false&sort=position&reverse=false&disableLinks=false&expandCurrent=true&placement=sidebar&hasRoot=false&spaceKey=ERS&treeId=0&startDepth=0&mobile=false&ancestors=1111554&1100747&treePageId=1113052&_=1604656386
504 Server Error: Gateway Time-out for url: http://confl-loadb-185evch80nvew-612815241.us-west-1.elb.amazonaws.com:80/pages/viewpage.action?pageId=1102886
504 Server Error: Gateway Time-out for url: http://confl-loadb-185evch80nvew-612815241.us-west-1.elb.amazonaws.com:80/pages/viewpage.action?pageId=1101850
504 Server Error: Gateway Time-out for url: http://confl-loadb-185evch80nvew-612815241.us-west-1.elb.amazonaws.com:80/pages/viewpage.action?pageId=1092818
504 Server Error: Gateway Time-out for url: http://confl-loadb-185evch80nvew-612815241.us-west-1.elb.amazonaws.com:80/plugins/pagetree/naturalchildren.action?decorator=none&excerpt=false&sort=position&reverse=false&disableLinks=false&expandCurrent=true&placement=sidebar&hasRoot=false&spaceKey=PLKT&treeId=0&startDepth=0&mobile=false&ancestors=1201089&1196745&treePageId=1202140&_=1604656387
504 Server Error: Gateway Time-out for url: http://confl-loadb-185evch80nvew-612815241.us-west-1.elb.amazonaws.com:80/plugins/pagetree/naturalchildren.action?decorator=none&excerpt=false&sort=position&reverse=false&disableLinks=false&expandCurrent=true&placement=sidebar&hasRoot=false&spaceKey=PPSPP&treeId=0&startDepth=0&mobile=false&ancestors=980457&979452&treePageId=981928&_=1604656387
504 Server Error: Gateway Time-out for url: http://confl-loadb-185evch80nvew-612815241.us-west-1.elb.amazonaws.com:80/rest/likes/1.0/content/390709/likes
504 Server Error: Gateway Time-out for url: http://confl-loadb-185evch80nvew-612815241.us-west-1.elb.amazonaws.com:80/pages/viewpage.action?pageId=954558
504 Server Error: Gateway Time-out for url: http://confl-loadb-185evch80nvew-612815241.us-west-1.elb.amazonaws.com:80/plugins/pagetree/naturalchildren.action?decorator=none&excerpt=false&sort=position&reverse=false&disableLinks=false&expandCurrent=true&placement=sidebar&hasRoot=false&spaceKey=ECF&treeId=0&startDepth=0&mobile=false&ancestors=1313141&1311278&treePageId=1315111&_=1604656388
504 Server Error: Gateway Time-out for url: http://confl-loadb-185evch80nvew-612815241.us-west-1.elb.amazonaws.com:80/pages/viewpage.action?pageId=1091024
504 Server Error: Gateway Time-out for url: http://confl-loadb-185evch80nvew-612815241.us-west-1.elb.amazonaws.com:80/pages/viewpage.action?pageId=981850
504 Server Error: Gateway Time-out for url: http://confl-loadb-185evch80nvew-612815241.us-west-1.elb.amazonaws.com:80/pages/viewpage.action?pageId=26112346
504 Server Error: Gateway Time-out for url: http://confl-loadb-185evch80nvew-612815241.us-west-1.elb.amazonaws.com:80/rest/tinymce/1/content/982844/comment?actions=true&html=%3Cp%3Ekxhshngemzzmsfb%3C%2Fp%3E&watch=True&uuid=ace1e284-f7e0-4f1f-b7b6-1c6ef7d5a5b2
504 Server Error: Gateway Time-out for url: http://confl-loadb-185evch80nvew-612815241.us-west-1.elb.amazonaws.com:80/pages/viewpage.action?pageId=1192673
504 Server Error: Gateway Time-out for url: http://confl-loadb-185evch80nvew-612815241.us-west-1.elb.amazonaws.com:80/plugins/pagetree/naturalchildren.action?decorator=none&excerpt=false&sort=position&reverse=false&disableLinks=false&expandCurrent=true&placement=sidebar&hasRoot=false&spaceKey=SSDCF&treeId=0&startDepth=0&mobile=false&ancestors=979195&treePageId=1090316&_=1604656388
504 Server Error: Gateway Time-out for url: http://confl-loadb-185evch80nvew-612815241.us-west-1.elb.amazonaws.com:80/pages/viewpage.action?pageId=380604
504 Server Error: Gateway Time-out for url: http://confl-loadb-185evch80nvew-612815241.us-west-1.elb.amazonaws.com:80/pages/viewpage.action?pageId=1196092
504 Server Error: Gateway Time-out for url: http://confl-loadb-185evch80nvew-612815241.us-west-1.elb.amazonaws.com:80/pages/viewpage.action?pageId=975058
504 Server Error: Gateway Time-out for url: http://confl-loadb-185evch80nvew-612815241.us-west-1.elb.amazonaws.com:80/plugins/pagetree/naturalchildren.action?decorator=none&excerpt=false&sort=position&reverse=false&disableLinks=false&expandCurrent=true&placement=sidebar&hasRoot=false&spaceKey=FSS&treeId=0&startDepth=0&mobile=false&ancestors=1312553&1202303&treePageId=1315356&_=1604656389
504 Server Error: Gateway Time-out for url: http://confl-loadb-185evch80nvew-612815241.us-west-1.elb.amazonaws.com:80/pages/viewpage.action?pageId=1182598
504 Server Error: Gateway Time-out for url: http://confl-loadb-185evch80nvew-612815241.us-west-1.elb.amazonaws.com:80/pages/viewpage.action?pageId=972674
504 Server Error: Gateway Time-out for url: http://confl-loadb-185evch80nvew-612815241.us-west-1.elb.amazonaws.com:80/pages/createpage.action?spaceKey=NCBCE&fromPageId=1319784&src=quick-create
504 Server Error: Gateway Time-out for url: http://confl-loadb-185evch80nvew-612815241.us-west-1.elb.amazonaws.com:80/plugins/pagetree/naturalchildren.action?decorator=none&excerpt=false&sort=position&reverse=false&disableLinks=false&expandCurrent=true&placement=sidebar&hasRoot=false&spaceKey=VTG&treeId=0&startDepth=0&mobile=false&ancestors=1312792&treePageId=1313634&_=1604656389
504 Server Error: Gateway Time-out for url: http://confl-loadb-185evch80nvew-612815241.us-west-1.elb.amazonaws.com:80/pages/createpage.action?spaceKey=TEG&fromPageId=960823&src=quick-create
504 Server Error: Gateway Time-out for url: http://confl-loadb-185evch80nvew-612815241.us-west-1.elb.amazonaws.com:80/pages/viewpage.action?pageId=968272
504 Server Error: Gateway Time-out for url: http://confl-loadb-185evch80nvew-612815241.us-west-1.elb.amazonaws.com:80/pages/viewpage.action?pageId=1113644
504 Server Error: Gateway Time-out for url: http://confl-loadb-185evch80nvew-612815241.us-west-1.elb.amazonaws.com:80/rest/tinymce/1/content/979388/comment?actions=true&html=%3Cp%3Emnbmyxdmozidkpr%3C%2Fp%3E&watch=True&uuid=b708759c-b7ab-4493-800c-b2c03db7be5b
'content_id'
504 Server Error: Gateway Time-out for url: http://confl-loadb-185evch80nvew-612815241.us-west-1.elb.amazonaws.com:80/plugins/pagetree/naturalchildren.action?decorator=none&excerpt=false&sort=position&reverse=false&disableLinks=false&expandCurrent=true&placement=sidebar&hasRoot=false&spaceKey=TIRSI&treeId=0&startDepth=0&mobile=false&ancestors=970325&968928&treePageId=972441&_=1604656395
504 Server Error: Gateway Time-out for url: http://confl-loadb-185evch80nvew-612815241.us-west-1.elb.amazonaws.com:80/plugins/pagetree/naturalchildren.action?decorator=none&excerpt=false&sort=position&reverse=false&disableLinks=false&expandCurrent=true&placement=sidebar&hasRoot=false&spaceKey=DSS&treeId=0&startDepth=0&mobile=false&ancestors=385993&378263&treePageId=388251&_=1604656395
504 Server Error: Gateway Time-out for url: http://confl-loadb-185evch80nvew-612815241.us-west-1.elb.amazonaws.com:80/rest/api/search?cql=siteSearch~'hga'&start=0&limit=20
504 Server Error: Gateway Time-out for url: http://confl-loadb-185evch80nvew-612815241.us-west-1.elb.amazonaws.com:80/plugins/pagetree/naturalchildren.action?decorator=none&excerpt=false&sort=position&reverse=false&disableLinks=false&expandCurrent=true&placement=sidebar&hasRoot=false&spaceKey=OIRGP&treeId=0&startDepth=0&mobile=false&ancestors=1185841&1100798&treePageId=1186834&_=1604656395
504 Server Error: Gateway Time-out for url: http://confl-loadb-185evch80nvew-612815241.us-west-1.elb.amazonaws.com:80/plugins/pagetree/naturalchildren.action?decorator=none&excerpt=false&sort=position&reverse=false&disableLinks=false&expandCurrent=true&placement=sidebar&hasRoot=false&spaceKey=SMACT&treeId=0&startDepth=0&mobile=false&ancestors=1323604&1314421&treePageId=1326751&_=1604656397
504 Server Error: Gateway Time-out for url: http://confl-loadb-185evch80nvew-612815241.us-west-1.elb.amazonaws.com:80/rest/recentlyviewed/1.0/recent?limit=8
504 Server Error: Gateway Time-out for url: http://confl-loadb-185evch80nvew-612815241.us-west-1.elb.amazonaws.com:80/rest/likes/1.0/content/1094023/likes
504 Server Error: Gateway Time-out for url: http://confl-loadb-185evch80nvew-612815241.us-west-1.elb.amazonaws.com:80/plugins/pagetree/naturalchildren.action?decorator=none&excerpt=false&sort=position&reverse=false&disableLinks=false&expandCurrent=true&placement=sidebar&hasRoot=false&spaceKey=SLC&treeId=0&startDepth=0&mobile=false&ancestors=1085650&977145&treePageId=1089209&_=1604656397
504 Server Error: Gateway Time-out for url: http://confl-loadb-185evch80nvew-612815241.us-west-1.elb.amazonaws.com:80/pages/viewpage.action?pageId=1205575
504 Server Error: Gateway Time-out for url: http://confl-loadb-185evch80nvew-612815241.us-west-1.elb.amazonaws.com:80/plugins/pagetree/naturalchildren.action?decorator=none&excerpt=false&sort=position&reverse=false&disableLinks=false&expandCurrent=true&placement=sidebar&hasRoot=false&spaceKey=IEUE&treeId=0&startDepth=0&mobile=false&ancestors=0&treePageId=1094135&_=1604656398
504 Server Error: Gateway Time-out for url: http://confl-loadb-185evch80nvew-612815241.us-west-1.elb.amazonaws.com:80/pages/viewpage.action?pageId=971332
504 Server Error: Gateway Time-out for url: http://confl-loadb-185evch80nvew-612815241.us-west-1.elb.amazonaws.com:80/pages/viewpage.action?pageId=1095043
504 Server Error: Gateway Time-out for url: http://confl-loadb-185evch80nvew-612815241.us-west-1.elb.amazonaws.com:80/pages/viewpage.action?pageId=26183102
504 Server Error: Gateway Time-out for url: http://confl-loadb-185evch80nvew-612815241.us-west-1.elb.amazonaws.com:80/pages/viewpage.action?pageId=976355
