[DEPRECATED] The --hatch-rate parameter has been renamed --spawn-rate
 Name                                                          # reqs      # fails  |     Avg     Min     Max  Median  |   req/s failures/s
--------------------------------------------------------------------------------------------------------------------------------------------
 Action locust_comment_page                                        86   13(15.12%)  |    3569     151   10004    2000  |    0.14    0.02
 Action locust_create_blog                                         52     4(7.69%)  |   32030       0   94005   25000  |    0.09    0.01
 Action locust_create_blog_editor                                  55     4(7.27%)  |   19503     930   57269   15000  |    0.09    0.01
 Action locust_create_page                                         75     7(9.33%)  |   28174       0   95481   25000  |    0.12    0.01
 Action locust_create_page_editor                                  85     8(9.41%)  |   17357     711   56411   14000  |    0.14    0.01
 Action locust_edit_page                                           61    7(11.48%)  |   25486       0   96409   24000  |    0.10    0.01
 Action locust_like_page                                           61    9(14.75%)  |    4740      61   13319    3200  |    0.10    0.01
 Action locust_login_and_view_dashboard                           200     0(0.00%)  |   65338    5498  110944   72000  |    0.33    0.00
 Action locust_open_editor                                         73     6(8.22%)  |   11930       0   43800   11000  |    0.12    0.01
 Action locust_search_cql                                         118    10(8.47%)  |   12224    2283   59838   11000  |    0.20    0.02
 Action locust_search_recently_viewed                             130    12(9.23%)  |    3003      20   10004    1700  |    0.22    0.02
 Action locust_upload_attachments                                  70     3(4.29%)  |   11168    1411   23186    9800  |    0.12    0.00
 Action locust_view_attachments                                    53   12(22.64%)  |    4656     294   10004    3800  |    0.09    0.02
 Action locust_view_blog                                          118   12(10.17%)  |   35646    2334   90413   25000  |    0.20    0.02
 Action locust_view_dashboard                                      65   11(16.92%)  |   55670    8349   86350   62000  |    0.11    0.02
 Action locust_view_page                                          879  117(13.31%)  |   25263     330   79711   20000  |    1.46    0.19
 Action locust_view_page_tree                                     852   91(10.68%)  |    2884      39   10068    1700  |    1.41    0.15
--------------------------------------------------------------------------------------------------------------------------------------------
 Aggregated                                                      3033  326(10.75%)  |   19046       0  110944   10000  |    5.02    0.54

Response time percentiles (approximated)
 Type     Name                                                              50%    66%    75%    80%    90%    95%    98%    99%  99.9% 99.99%   100% # reqs
--------|------------------------------------------------------------|---------|------|------|------|------|------|------|------|------|------|------|------|
 Action   locust_comment_page                                              2000   3600   6000   6200  10000  10000  10000  10000  10000  10000  10000     86
 Action   locust_create_blog                                              25000  27000  49000  54000  67000  81000  82000  94000  94000  94000  94000     52
 Action   locust_create_blog_editor                                       15000  18000  20000  25000  52000  55000  56000  57000  57000  57000  57000     55
 Action   locust_create_page                                              25000  27000  27000  31000  76000  90000  95000  95000  95000  95000  95000     75
 Action   locust_create_page_editor                                       14000  15000  16000  26000  41000  51000  55000  56000  56000  56000  56000     85
 Action   locust_edit_page                                                24000  26000  27000  29000  49000  76000  95000  96000  96000  96000  96000     61
 Action   locust_like_page                                                 3200   4600   8800  10000  10000  11000  13000  13000  13000  13000  13000     61
 Action   locust_login_and_view_dashboard                                 72000  89000 102000 105000 107000 109000 109000 110000 111000 111000 111000    200
 Action   locust_open_editor                                              11000  12000  12000  13000  25000  40000  43000  44000  44000  44000  44000     73
 Action   locust_search_cql                                               11000  12000  15000  16000  19000  20000  21000  23000  60000  60000  60000    118
 Action   locust_search_recently_viewed                                    1700   3200   4700   5300   6800  10000  10000  10000  10000  10000  10000    130
 Action   locust_upload_attachments                                       10000  13000  14000  17000  19000  22000  23000  23000  23000  23000  23000     70
 Action   locust_view_attachments                                          3800   5600   6800  10000  10000  10000  10000  10000  10000  10000  10000     53
 Action   locust_view_blog                                                25000  37000  63000  71000  80000  82000  89000  90000  90000  90000  90000    118
 Action   locust_view_dashboard                                           62000  68000  73000  76000  84000  85000  85000  86000  86000  86000  86000     65
 Action   locust_view_page                                                20000  23000  27000  41000  65000  72000  73000  76000  80000  80000  80000    879
 Action   locust_view_page_tree                                            1700   2200   3400   4700  10000  10000  10000  10000  10000  10000  10000    852
--------|------------------------------------------------------------|---------|------|------|------|------|------|------|------|------|------|------|------|
 None     Aggregated                                                      10000  19000  23000  26000  60000  75000  95000 106000 109000 111000 111000   3033

Error report
 # occurrences      Error                                                                                               
--------------------------------------------------------------------------------------------------------------------------------------------
 1                  Action locust_view_page_tree: "HTTPError('502 Server Error: Bad Gateway for url: http://confl-loadb-185evch80nvew-612815241.us-west-1.elb.amazonaws.com:80/plugins/pagetree/naturalchildren.action?decorator=none&excerpt=false&sort=position&reverse=false&disableLinks=false&expandCurrent=true&placement=sidebar&hasRoot=false&spaceKey=CIT&treeId=0&startDepth=0&mobile=false&ancestors=1180863&1100788&treePageId=1181384&_=1604655958')"
 1                  Action locust_view_page: "HTTPError('502 Server Error: Bad Gateway for url: http://confl-loadb-185evch80nvew-612815241.us-west-1.elb.amazonaws.com:80/pages/viewpage.action?pageId=1105654')"
 1                  Action locust_view_page: "HTTPError('502 Server Error: Bad Gateway for url: http://confl-loadb-185evch80nvew-612815241.us-west-1.elb.amazonaws.com:80/pages/viewpage.action?pageId=380650')"
 1                  Action locust_view_page: "HTTPError('502 Server Error: Bad Gateway for url: http://confl-loadb-185evch80nvew-612815241.us-west-1.elb.amazonaws.com:80/pages/viewpage.action?pageId=1105560')"
 1                  Action locust_create_blog_editor: "HTTPError('502 Server Error: Bad Gateway for url: http://confl-loadb-185evch80nvew-612815241.us-west-1.elb.amazonaws.com:80/pages/createblogpost.action?spaceKey=PCDD')"
 3                  Action locust_create_blog: "KeyError('draft_name')"                                                 
 1                  Action locust_view_page: "HTTPError('502 Server Error: Bad Gateway for url: http://confl-loadb-185evch80nvew-612815241.us-west-1.elb.amazonaws.com:80/pages/viewpage.action?pageId=1105190')"
 1                  Action locust_search_recently_viewed: "HTTPError('502 Server Error: Bad Gateway for url: http://confl-loadb-185evch80nvew-612815241.us-west-1.elb.amazonaws.com:80/rest/recentlyviewed/1.0/recent?limit=8')"
 1                  Action locust_view_page: "HTTPError('502 Server Error: Bad Gateway for url: http://confl-loadb-185evch80nvew-612815241.us-west-1.elb.amazonaws.com:80/pages/viewpage.action?pageId=1209784')"
 1                  Action locust_like_page: "HTTPError('504 Server Error: Gateway Time-out for url: http://confl-loadb-185evch80nvew-612815241.us-west-1.elb.amazonaws.com:80/rest/likes/1.0/content/1110641/likes')"
 1                  Action locust_view_page: "HTTPError('504 Server Error: Gateway Time-out for url: http://confl-loadb-185evch80nvew-612815241.us-west-1.elb.amazonaws.com:80/pages/viewpage.action?pageId=388855')"
 11                 Action locust_search_recently_viewed: "HTTPError('504 Server Error: Gateway Time-out for url: http://confl-loadb-185evch80nvew-612815241.us-west-1.elb.amazonaws.com:80/rest/recentlyviewed/1.0/recent?limit=8')"
 2                  Action locust_edit_page: "AssertionError('User could not edit page.')"                              
 1                  Action locust_comment_page: "HTTPError('504 Server Error: Gateway Time-out for url: http://confl-loadb-185evch80nvew-612815241.us-west-1.elb.amazonaws.com:80/rest/tinymce/1/content/1203201/comment?actions=true&html=%3Cp%3Erywdfugscaretei%3C%2Fp%3E&watch=True&uuid=0375e712-84d2-458f-9af5-e9eee2d36108')"
 1                  Action locust_like_page: "HTTPError('504 Server Error: Gateway Time-out for url: http://confl-loadb-185evch80nvew-612815241.us-west-1.elb.amazonaws.com:80/rest/likes/1.0/content/392589/likes')"
 1                  Action locust_view_page: "HTTPError('504 Server Error: Gateway Time-out for url: http://confl-loadb-185evch80nvew-612815241.us-west-1.elb.amazonaws.com:80/pages/viewpage.action?pageId=1100735')"
 1                  Action locust_view_page: "HTTPError('504 Server Error: Gateway Time-out for url: http://confl-loadb-185evch80nvew-612815241.us-west-1.elb.amazonaws.com:80/pages/viewpage.action?pageId=1317040')"
 1                  Action locust_upload_attachments: "HTTPError('504 Server Error: Gateway Time-out for url: http://confl-loadb-185evch80nvew-612815241.us-west-1.elb.amazonaws.com:80/pages/viewpage.action?pageId=1083418')"
 1                  Action locust_view_page: "HTTPError('504 Server Error: Gateway Time-out for url: http://confl-loadb-185evch80nvew-612815241.us-west-1.elb.amazonaws.com:80/pages/viewpage.action?pageId=964970')"
 1                  Action locust_view_page: "HTTPError('504 Server Error: Gateway Time-out for url: http://confl-loadb-185evch80nvew-612815241.us-west-1.elb.amazonaws.com:80/pages/viewpage.action?pageId=1312301')"
 1                  Action locust_view_page: "HTTPError('504 Server Error: Gateway Time-out for url: http://confl-loadb-185evch80nvew-612815241.us-west-1.elb.amazonaws.com:80/pages/viewpage.action?pageId=1206668')"
 1                  Action locust_view_page: "HTTPError('504 Server Error: Gateway Time-out for url: http://confl-loadb-185evch80nvew-612815241.us-west-1.elb.amazonaws.com:80/pages/viewpage.action?pageId=1101761')"
 1                  Action locust_comment_page: "HTTPError('504 Server Error: Gateway Time-out for url: http://confl-loadb-185evch80nvew-612815241.us-west-1.elb.amazonaws.com:80/rest/tinymce/1/content/977995/comment?actions=true&html=%3Cp%3Erropbsqaezejuol%3C%2Fp%3E&watch=True&uuid=ef165499-cca5-4f22-b2d0-ca69951a27a1')"
 1                  Action locust_view_page: "HTTPError('504 Server Error: Gateway Time-out for url: http://confl-loadb-185evch80nvew-612815241.us-west-1.elb.amazonaws.com:80/pages/viewpage.action?pageId=1107314')"
 1                  Action locust_view_page: "HTTPError('504 Server Error: Gateway Time-out for url: http://confl-loadb-185evch80nvew-612815241.us-west-1.elb.amazonaws.com:80/pages/viewpage.action?pageId=975168')"
 1                  Action locust_view_page: "HTTPError('504 Server Error: Gateway Time-out for url: http://confl-loadb-185evch80nvew-612815241.us-west-1.elb.amazonaws.com:80/pages/viewpage.action?pageId=1183137')"
 1                  Action locust_view_page: "HTTPError('504 Server Error: Gateway Time-out for url: http://confl-loadb-185evch80nvew-612815241.us-west-1.elb.amazonaws.com:80/pages/viewpage.action?pageId=975011')"
 1                  Action locust_upload_attachments: "HTTPError('504 Server Error: Gateway Time-out for url: http://confl-loadb-185evch80nvew-612815241.us-west-1.elb.amazonaws.com:80/pages/viewpage.action?pageId=1183332')"
 1                  Action locust_view_page: "HTTPError('504 Server Error: Gateway Time-out for url: http://confl-loadb-185evch80nvew-612815241.us-west-1.elb.amazonaws.com:80/pages/viewpage.action?pageId=1180337')"
 1                  Action locust_view_page: "HTTPError('504 Server Error: Gateway Time-out for url: http://confl-loadb-185evch80nvew-612815241.us-west-1.elb.amazonaws.com:80/pages/viewpage.action?pageId=1095277')"
 1                  Action locust_view_page: "HTTPError('504 Server Error: Gateway Time-out for url: http://confl-loadb-185evch80nvew-612815241.us-west-1.elb.amazonaws.com:80/pages/viewpage.action?pageId=1100752')"
 11                 Action locust_view_dashboard: "HTTPError('504 Server Error: Gateway Time-out for url: http://confl-loadb-185evch80nvew-612815241.us-west-1.elb.amazonaws.com:80/index.action')"
 1                  Action locust_view_attachments: "HTTPError('504 Server Error: Gateway Time-out for url: http://confl-loadb-185evch80nvew-612815241.us-west-1.elb.amazonaws.com:80/pages/viewpageattachments.action?pageId=1319451')"
 1                  Action locust_view_page: "HTTPError('504 Server Error: Gateway Time-out for url: http://confl-loadb-185evch80nvew-612815241.us-west-1.elb.amazonaws.com:80/pages/viewpage.action?pageId=1092619')"
 1                  Action locust_view_attachments: "HTTPError('504 Server Error: Gateway Time-out for url: http://confl-loadb-185evch80nvew-612815241.us-west-1.elb.amazonaws.com:80/pages/viewpageattachments.action?pageId=1085697')"
 1                  Action locust_view_page: "HTTPError('504 Server Error: Gateway Time-out for url: http://confl-loadb-185evch80nvew-612815241.us-west-1.elb.amazonaws.com:80/pages/viewpage.action?pageId=1318990')"
 1                  Action locust_view_attachments: "HTTPError('504 Server Error: Gateway Time-out for url: http://confl-loadb-185evch80nvew-612815241.us-west-1.elb.amazonaws.com:80/pages/viewpageattachments.action?pageId=1088075')"
 1                  Action locust_view_page: "HTTPError('504 Server Error: Gateway Time-out for url: http://confl-loadb-185evch80nvew-612815241.us-west-1.elb.amazonaws.com:80/pages/viewpage.action?pageId=962786')"
 1                  Action locust_view_page: "HTTPError('504 Server Error: Gateway Time-out for url: http://confl-loadb-185evch80nvew-612815241.us-west-1.elb.amazonaws.com:80/pages/viewpage.action?pageId=1183731')"
 1                  Action locust_view_page: "HTTPError('504 Server Error: Gateway Time-out for url: http://confl-loadb-185evch80nvew-612815241.us-west-1.elb.amazonaws.com:80/pages/viewpage.action?pageId=1186101')"
 1                  Action locust_view_attachments: "HTTPError('504 Server Error: Gateway Time-out for url: http://confl-loadb-185evch80nvew-612815241.us-west-1.elb.amazonaws.com:80/pages/viewpageattachments.action?pageId=1192763')"
 1                  Action locust_comment_page: "HTTPError('504 Server Error: Gateway Time-out for url: http://confl-loadb-185evch80nvew-612815241.us-west-1.elb.amazonaws.com:80/rest/tinymce/1/content/1190318/comment?actions=true&html=%3Cp%3Evzcluxgwvdapoyf%3C%2Fp%3E&watch=True&uuid=1f43f054-3942-4016-9439-75bdb3e9ede1')"
 1                  Action locust_view_page: "HTTPError('504 Server Error: Gateway Time-out for url: http://confl-loadb-185evch80nvew-612815241.us-west-1.elb.amazonaws.com:80/pages/viewpage.action?pageId=1098123')"
 1                  Action locust_view_page: "HTTPError('504 Server Error: Gateway Time-out for url: http://confl-loadb-185evch80nvew-612815241.us-west-1.elb.amazonaws.com:80/pages/viewpage.action?pageId=1082709')"
 1                  Action locust_view_attachments: "HTTPError('504 Server Error: Gateway Time-out for url: http://confl-loadb-185evch80nvew-612815241.us-west-1.elb.amazonaws.com:80/pages/viewpageattachments.action?pageId=952755')"
 1                  Action locust_create_page_editor: "HTTPError('504 Server Error: Gateway Time-out for url: http://confl-loadb-185evch80nvew-612815241.us-west-1.elb.amazonaws.com:80/pages/createpage.action?spaceKey=SSDCF&fromPageId=977921&src=quick-create')"
 1                  Action locust_create_page_editor: "HTTPError('504 Server Error: Gateway Time-out for url: http://confl-loadb-185evch80nvew-612815241.us-west-1.elb.amazonaws.com:80/pages/createpage.action?spaceKey=LCAEP&fromPageId=1095027&src=quick-create')"
 1                  Action locust_view_attachments: "HTTPError('504 Server Error: Gateway Time-out for url: http://confl-loadb-185evch80nvew-612815241.us-west-1.elb.amazonaws.com:80/pages/viewpageattachments.action?pageId=1112526')"
 1                  Action locust_view_attachments: "HTTPError('504 Server Error: Gateway Time-out for url: http://confl-loadb-185evch80nvew-612815241.us-west-1.elb.amazonaws.com:80/pages/viewpageattachments.action?pageId=981610')"
 5                  Action locust_create_page: "KeyError('content_id')"                                                 
 1                  Action locust_view_blog: "HTTPError('504 Server Error: Gateway Time-out for url: http://confl-loadb-185evch80nvew-612815241.us-west-1.elb.amazonaws.com:80/pages/viewpage.action?pageId=8635111')"
 1                  Action locust_view_page_tree: "HTTPError('504 Server Error: Gateway Time-out for url: http://confl-loadb-185evch80nvew-612815241.us-west-1.elb.amazonaws.com:80/plugins/pagetree/naturalchildren.action?decorator=none&excerpt=false&sort=position&reverse=false&disableLinks=false&expandCurrent=true&placement=sidebar&hasRoot=false&spaceKey=TIRSI&treeId=0&startDepth=0&mobile=false&ancestors=970325&968928&treePageId=972441&_=1604656315')"
 1                  Action locust_search_cql: 'HTTPError("504 Server Error: Gateway Time-out for url: http://confl-loadb-185evch80nvew-612815241.us-west-1.elb.amazonaws.com:80/rest/api/search?cql=siteSearch~\'gpy\'&start=0&limit=20")'
 1                  Action locust_comment_page: "HTTPError('504 Server Error: Gateway Time-out for url: http://confl-loadb-185evch80nvew-612815241.us-west-1.elb.amazonaws.com:80/rest/tinymce/1/content/1094133/comment?actions=true&html=%3Cp%3Ebfemlxaomjbyqgm%3C%2Fp%3E&watch=True&uuid=f9492454-fb81-41f6-87a7-42671981e8cc')"
 1                  Action locust_view_attachments: "HTTPError('504 Server Error: Gateway Time-out for url: http://confl-loadb-185evch80nvew-612815241.us-west-1.elb.amazonaws.com:80/pages/viewpageattachments.action?pageId=970039')"
 1                  Action locust_view_page_tree: "HTTPError('504 Server Error: Gateway Time-out for url: http://confl-loadb-185evch80nvew-612815241.us-west-1.elb.amazonaws.com:80/plugins/pagetree/naturalchildren.action?decorator=none&excerpt=false&sort=position&reverse=false&disableLinks=false&expandCurrent=true&placement=sidebar&hasRoot=false&spaceKey=HOV&treeId=0&startDepth=0&mobile=false&ancestors=1095130&1094088&treePageId=1097008&_=1604656318')"
 1                  Action locust_view_page_tree: "HTTPError('504 Server Error: Gateway Time-out for url: http://confl-loadb-185evch80nvew-612815241.us-west-1.elb.amazonaws.com:80/plugins/pagetree/naturalchildren.action?decorator=none&excerpt=false&sort=position&reverse=false&disableLinks=false&expandCurrent=true&placement=sidebar&hasRoot=false&spaceKey=IBR&treeId=0&startDepth=0&mobile=false&ancestors=969796&959931&treePageId=972564&_=1604656318')"
 1                  Action locust_view_page: "HTTPError('504 Server Error: Gateway Time-out for url: http://confl-loadb-185evch80nvew-612815241.us-west-1.elb.amazonaws.com:80/pages/viewpage.action?pageId=1319433')"
 1                  Action locust_view_page_tree: "HTTPError('504 Server Error: Gateway Time-out for url: http://confl-loadb-185evch80nvew-612815241.us-west-1.elb.amazonaws.com:80/plugins/pagetree/naturalchildren.action?decorator=none&excerpt=false&sort=position&reverse=false&disableLinks=false&expandCurrent=true&placement=sidebar&hasRoot=false&spaceKey=TTC&treeId=0&startDepth=0&mobile=false&ancestors=1325929&1316897&treePageId=1328911&_=1604656318')"
 1                  Action locust_view_page_tree: "HTTPError('504 Server Error: Gateway Time-out for url: http://confl-loadb-185evch80nvew-612815241.us-west-1.elb.amazonaws.com:80/plugins/pagetree/naturalchildren.action?decorator=none&excerpt=false&sort=position&reverse=false&disableLinks=false&expandCurrent=true&placement=sidebar&hasRoot=false&spaceKey=IEUE&treeId=0&startDepth=0&mobile=false&ancestors=0&treePageId=1094135&_=1604656318')"
 1                  Action locust_view_page_tree: "HTTPError('504 Server Error: Gateway Time-out for url: http://confl-loadb-185evch80nvew-612815241.us-west-1.elb.amazonaws.com:80/plugins/pagetree/naturalchildren.action?decorator=none&excerpt=false&sort=position&reverse=false&disableLinks=false&expandCurrent=true&placement=sidebar&hasRoot=false&spaceKey=CCOP&treeId=0&startDepth=0&mobile=false&ancestors=1101857&1100757&treePageId=1102819&_=1604656318')"
 1                  Action locust_view_page_tree: "HTTPError('504 Server Error: Gateway Time-out for url: http://confl-loadb-185evch80nvew-612815241.us-west-1.elb.amazonaws.com:80/plugins/pagetree/naturalchildren.action?decorator=none&excerpt=false&sort=position&reverse=false&disableLinks=false&expandCurrent=true&placement=sidebar&hasRoot=false&spaceKey=SGCM&treeId=0&startDepth=0&mobile=false&ancestors=965806&960412&treePageId=966625&_=1604656319')"
 1                  Action locust_view_page: "HTTPError('504 Server Error: Gateway Time-out for url: http://confl-loadb-185evch80nvew-612815241.us-west-1.elb.amazonaws.com:80/pages/viewpage.action?pageId=1185740')"
 1                  Action locust_view_page_tree: "HTTPError('504 Server Error: Gateway Time-out for url: http://confl-loadb-185evch80nvew-612815241.us-west-1.elb.amazonaws.com:80/plugins/pagetree/naturalchildren.action?decorator=none&excerpt=false&sort=position&reverse=false&disableLinks=false&expandCurrent=true&placement=sidebar&hasRoot=false&spaceKey=LTP&treeId=0&startDepth=0&mobile=false&ancestors=1182359&treePageId=1184758&_=1604656319')"
 1                  Action locust_view_page_tree: "HTTPError('504 Server Error: Gateway Time-out for url: http://confl-loadb-185evch80nvew-612815241.us-west-1.elb.amazonaws.com:80/plugins/pagetree/naturalchildren.action?decorator=none&excerpt=false&sort=position&reverse=false&disableLinks=false&expandCurrent=true&placement=sidebar&hasRoot=false&spaceKey=OBLR&treeId=0&startDepth=0&mobile=false&ancestors=982096&treePageId=1082126&_=1604656319')"
 1                  Action locust_view_page_tree: "HTTPError('504 Server Error: Gateway Time-out for url: http://confl-loadb-185evch80nvew-612815241.us-west-1.elb.amazonaws.com:80/plugins/pagetree/naturalchildren.action?decorator=none&excerpt=false&sort=position&reverse=false&disableLinks=false&expandCurrent=true&placement=sidebar&hasRoot=false&spaceKey=BREP&treeId=0&startDepth=0&mobile=false&ancestors=978802&treePageId=1084464&_=1604656319')"
 1                  Action locust_view_page_tree: "HTTPError('504 Server Error: Gateway Time-out for url: http://confl-loadb-185evch80nvew-612815241.us-west-1.elb.amazonaws.com:80/plugins/pagetree/naturalchildren.action?decorator=none&excerpt=false&sort=position&reverse=false&disableLinks=false&expandCurrent=true&placement=sidebar&hasRoot=false&spaceKey=IWML&treeId=0&startDepth=0&mobile=false&ancestors=1088598&treePageId=1089593&_=1604656320')"
 1                  Action locust_view_page_tree: "HTTPError('504 Server Error: Gateway Time-out for url: http://confl-loadb-185evch80nvew-612815241.us-west-1.elb.amazonaws.com:80/plugins/pagetree/naturalchildren.action?decorator=none&excerpt=false&sort=position&reverse=false&disableLinks=false&expandCurrent=true&placement=sidebar&hasRoot=false&spaceKey=EIEFJ&treeId=0&startDepth=0&mobile=false&ancestors=1110397&1100796&treePageId=1113135&_=1604656321')"
 1                  Action locust_view_page_tree: "HTTPError('504 Server Error: Gateway Time-out for url: http://confl-loadb-185evch80nvew-612815241.us-west-1.elb.amazonaws.com:80/plugins/pagetree/naturalchildren.action?decorator=none&excerpt=false&sort=position&reverse=false&disableLinks=false&expandCurrent=true&placement=sidebar&hasRoot=false&spaceKey=WSC&treeId=0&startDepth=0&mobile=false&ancestors=1201324&1200871&treePageId=1202568&_=1604656321')"
 1                  Action locust_view_page_tree: "HTTPError('504 Server Error: Gateway Time-out for url: http://confl-loadb-185evch80nvew-612815241.us-west-1.elb.amazonaws.com:80/plugins/pagetree/naturalchildren.action?decorator=none&excerpt=false&sort=position&reverse=false&disableLinks=false&expandCurrent=true&placement=sidebar&hasRoot=false&spaceKey=CCWP&treeId=0&startDepth=0&mobile=false&ancestors=1185655&1100756&treePageId=1188781&_=1604656321')"
 1                  Action locust_view_page: "HTTPError('504 Server Error: Gateway Time-out for url: http://confl-loadb-185evch80nvew-612815241.us-west-1.elb.amazonaws.com:80/pages/viewpage.action?pageId=1205680')"
 1                  Action locust_view_page: "HTTPError('504 Server Error: Gateway Time-out for url: http://confl-loadb-185evch80nvew-612815241.us-west-1.elb.amazonaws.com:80/pages/viewpage.action?pageId=384107')"
 1                  Action locust_view_page_tree: "HTTPError('504 Server Error: Gateway Time-out for url: http://confl-loadb-185evch80nvew-612815241.us-west-1.elb.amazonaws.com:80/plugins/pagetree/naturalchildren.action?decorator=none&excerpt=false&sort=position&reverse=false&disableLinks=false&expandCurrent=true&placement=sidebar&hasRoot=false&spaceKey=PKA&treeId=0&startDepth=0&mobile=false&ancestors=1087711&971201&treePageId=1089969&_=1604656321')"
 1                  Action locust_view_page: "HTTPError('504 Server Error: Gateway Time-out for url: http://confl-loadb-185evch80nvew-612815241.us-west-1.elb.amazonaws.com:80/pages/viewpage.action?pageId=1312577')"
 1                  Action locust_view_page_tree: "HTTPError('504 Server Error: Gateway Time-out for url: http://confl-loadb-185evch80nvew-612815241.us-west-1.elb.amazonaws.com:80/plugins/pagetree/naturalchildren.action?decorator=none&excerpt=false&sort=position&reverse=false&disableLinks=false&expandCurrent=true&placement=sidebar&hasRoot=false&spaceKey=MSSC&treeId=0&startDepth=0&mobile=false&ancestors=974016&969072&treePageId=979957&_=1604656322')"
 1                  Action locust_search_cql: 'HTTPError("504 Server Error: Gateway Time-out for url: http://confl-loadb-185evch80nvew-612815241.us-west-1.elb.amazonaws.com:80/rest/api/search?cql=siteSearch~\'iiq\'&start=0&limit=20")'
 1                  Action locust_view_page: "HTTPError('504 Server Error: Gateway Time-out for url: http://confl-loadb-185evch80nvew-612815241.us-west-1.elb.amazonaws.com:80/pages/viewpage.action?pageId=966515')"
 1                  Action locust_view_page_tree: "HTTPError('504 Server Error: Gateway Time-out for url: http://confl-loadb-185evch80nvew-612815241.us-west-1.elb.amazonaws.com:80/plugins/pagetree/naturalchildren.action?decorator=none&excerpt=false&sort=position&reverse=false&disableLinks=false&expandCurrent=true&placement=sidebar&hasRoot=false&spaceKey=RGSI&treeId=0&startDepth=0&mobile=false&ancestors=0&treePageId=1093253&_=1604656322')"
 1                  Action locust_search_cql: 'HTTPError("504 Server Error: Gateway Time-out for url: http://confl-loadb-185evch80nvew-612815241.us-west-1.elb.amazonaws.com:80/rest/api/search?cql=siteSearch~\'log\'&start=0&limit=20")'
 1                  Action locust_create_page_editor: "HTTPError('504 Server Error: Gateway Time-out for url: http://confl-loadb-185evch80nvew-612815241.us-west-1.elb.amazonaws.com:80/pages/createpage.action?spaceKey=PSC&fromPageId=1182534&src=quick-create')"
 1                  Action locust_view_page_tree: "HTTPError('504 Server Error: Gateway Time-out for url: http://confl-loadb-185evch80nvew-612815241.us-west-1.elb.amazonaws.com:80/plugins/pagetree/naturalchildren.action?decorator=none&excerpt=false&sort=position&reverse=false&disableLinks=false&expandCurrent=true&placement=sidebar&hasRoot=false&spaceKey=IWML&treeId=0&startDepth=0&mobile=false&ancestors=1108053&1100771&treePageId=1109964&_=1604656322')"
 1                  Action locust_view_page_tree: "HTTPError('504 Server Error: Gateway Time-out for url: http://confl-loadb-185evch80nvew-612815241.us-west-1.elb.amazonaws.com:80/plugins/pagetree/naturalchildren.action?decorator=none&excerpt=false&sort=position&reverse=false&disableLinks=false&expandCurrent=true&placement=sidebar&hasRoot=false&spaceKey=ILAC&treeId=0&startDepth=0&mobile=false&ancestors=1101923&1100856&treePageId=1104717&_=1604656322')"
 1                  Action locust_view_page: "HTTPError('504 Server Error: Gateway Time-out for url: http://confl-loadb-185evch80nvew-612815241.us-west-1.elb.amazonaws.com:80/pages/viewpage.action?pageId=392390')"
 1                  Action locust_view_page: "HTTPError('504 Server Error: Gateway Time-out for url: http://confl-loadb-185evch80nvew-612815241.us-west-1.elb.amazonaws.com:80/pages/viewpage.action?pageId=1194054')"
 1                  Action locust_view_page_tree: "HTTPError('504 Server Error: Gateway Time-out for url: http://confl-loadb-185evch80nvew-612815241.us-west-1.elb.amazonaws.com:80/plugins/pagetree/naturalchildren.action?decorator=none&excerpt=false&sort=position&reverse=false&disableLinks=false&expandCurrent=true&placement=sidebar&hasRoot=false&spaceKey=AMCBC&treeId=0&startDepth=0&mobile=false&ancestors=1192080&1182220&treePageId=1192506&_=1604656323')"
 1                  Action locust_view_page_tree: "HTTPError('504 Server Error: Gateway Time-out for url: http://confl-loadb-185evch80nvew-612815241.us-west-1.elb.amazonaws.com:80/plugins/pagetree/naturalchildren.action?decorator=none&excerpt=false&sort=position&reverse=false&disableLinks=false&expandCurrent=true&placement=sidebar&hasRoot=false&spaceKey=AHDA&treeId=0&startDepth=0&mobile=false&ancestors=1180139&1113780&treePageId=1180749&_=1604656323')"
 1                  Action locust_view_page: "HTTPError('504 Server Error: Gateway Time-out for url: http://confl-loadb-185evch80nvew-612815241.us-west-1.elb.amazonaws.com:80/pages/viewpage.action?pageId=1081573')"
 1                  Action locust_view_page: "HTTPError('504 Server Error: Gateway Time-out for url: http://confl-loadb-185evch80nvew-612815241.us-west-1.elb.amazonaws.com:80/pages/viewpage.action?pageId=1185602')"
 1                  Action locust_view_page: "HTTPError('504 Server Error: Gateway Time-out for url: http://confl-loadb-185evch80nvew-612815241.us-west-1.elb.amazonaws.com:80/pages/viewpage.action?pageId=1186110')"
 1                  Action locust_search_cql: 'HTTPError("504 Server Error: Gateway Time-out for url: http://confl-loadb-185evch80nvew-612815241.us-west-1.elb.amazonaws.com:80/rest/api/search?cql=siteSearch~\'taw\'&start=0&limit=20")'
 5                  Action locust_open_editor: "KeyError('create_page_id')"                                             
 1                  Action locust_view_page: "HTTPError('504 Server Error: Gateway Time-out for url: http://confl-loadb-185evch80nvew-612815241.us-west-1.elb.amazonaws.com:80/pages/viewpage.action?pageId=1104868')"
 1                  Action locust_like_page: "HTTPError('504 Server Error: Gateway Time-out for url: http://confl-loadb-185evch80nvew-612815241.us-west-1.elb.amazonaws.com:80/rest/likes/1.0/content/1108056/likes')"
 1                  Action locust_view_page: "HTTPError('504 Server Error: Gateway Time-out for url: http://confl-loadb-185evch80nvew-612815241.us-west-1.elb.amazonaws.com:80/pages/viewpage.action?pageId=1185359')"
 1                  Action locust_comment_page: "HTTPError('504 Server Error: Gateway Time-out for url: http://confl-loadb-185evch80nvew-612815241.us-west-1.elb.amazonaws.com:80/rest/tinymce/1/content/1112515/comment?actions=true&html=%3Cp%3Ejeudrwusmng+sbg%3C%2Fp%3E&watch=True&uuid=5eb7cbc1-910b-4241-8421-3ff6fccea584')"
 1                  Action locust_view_page: "HTTPError('504 Server Error: Gateway Time-out for url: http://confl-loadb-185evch80nvew-612815241.us-west-1.elb.amazonaws.com:80/pages/viewpage.action?pageId=1181059')"
 1                  Action locust_search_cql: 'HTTPError("504 Server Error: Gateway Time-out for url: http://confl-loadb-185evch80nvew-612815241.us-west-1.elb.amazonaws.com:80/rest/api/search?cql=siteSearch~\'wmq\'&start=0&limit=20")'
 1                  Action locust_view_blog: "HTTPError('504 Server Error: Gateway Time-out for url: http://confl-loadb-185evch80nvew-612815241.us-west-1.elb.amazonaws.com:80/pages/viewpage.action?pageId=26193688')"
 1                  Action locust_view_attachments: "HTTPError('504 Server Error: Gateway Time-out for url: http://confl-loadb-185evch80nvew-612815241.us-west-1.elb.amazonaws.com:80/pages/viewpageattachments.action?pageId=1090932')"
 1                  Action locust_view_page_tree: "HTTPError('504 Server Error: Gateway Time-out for url: http://confl-loadb-185evch80nvew-612815241.us-west-1.elb.amazonaws.com:80/plugins/pagetree/naturalchildren.action?decorator=none&excerpt=false&sort=position&reverse=false&disableLinks=false&expandCurrent=true&placement=sidebar&hasRoot=false&spaceKey=SLC&treeId=0&startDepth=0&mobile=false&ancestors=1085650&977145&treePageId=1089209&_=1604656331')"
 1                  Action locust_view_page: "HTTPError('504 Server Error: Gateway Time-out for url: http://confl-loadb-185evch80nvew-612815241.us-west-1.elb.amazonaws.com:80/pages/viewpage.action?pageId=1185215')"
 1                  Action locust_view_page: "HTTPError('504 Server Error: Gateway Time-out for url: http://confl-loadb-185evch80nvew-612815241.us-west-1.elb.amazonaws.com:80/pages/viewpage.action?pageId=1099084')"
 1                  Action locust_view_page: "HTTPError('504 Server Error: Gateway Time-out for url: http://confl-loadb-185evch80nvew-612815241.us-west-1.elb.amazonaws.com:80/pages/viewpage.action?pageId=1103960')"
 1                  Action locust_view_page: "HTTPError('504 Server Error: Gateway Time-out for url: http://confl-loadb-185evch80nvew-612815241.us-west-1.elb.amazonaws.com:80/pages/viewpage.action?pageId=976041')"
 1                  Action locust_view_page_tree: "HTTPError('504 Server Error: Gateway Time-out for url: http://confl-loadb-185evch80nvew-612815241.us-west-1.elb.amazonaws.com:80/plugins/pagetree/naturalchildren.action?decorator=none&excerpt=false&sort=position&reverse=false&disableLinks=false&expandCurrent=true&placement=sidebar&hasRoot=false&spaceKey=SCEM&treeId=0&startDepth=0&mobile=false&ancestors=1321252&1319868&treePageId=1325892&_=1604656332')"
 1                  Action locust_create_page_editor: "HTTPError('504 Server Error: Gateway Time-out for url: http://confl-loadb-185evch80nvew-612815241.us-west-1.elb.amazonaws.com:80/pages/createpage.action?spaceKey=WSLCP&fromPageId=1187767&src=quick-create')"
 1                  Action locust_view_page: "HTTPError('504 Server Error: Gateway Time-out for url: http://confl-loadb-185evch80nvew-612815241.us-west-1.elb.amazonaws.com:80/pages/viewpage.action?pageId=1087410')"
 1                  Action locust_view_page: "HTTPError('504 Server Error: Gateway Time-out for url: http://confl-loadb-185evch80nvew-612815241.us-west-1.elb.amazonaws.com:80/pages/viewpage.action?pageId=1183524')"
 1                  Action locust_view_page: "HTTPError('504 Server Error: Gateway Time-out for url: http://confl-loadb-185evch80nvew-612815241.us-west-1.elb.amazonaws.com:80/pages/viewpage.action?pageId=952906')"
 1                  Action locust_search_cql: 'HTTPError("504 Server Error: Gateway Time-out for url: http://confl-loadb-185evch80nvew-612815241.us-west-1.elb.amazonaws.com:80/rest/api/search?cql=siteSearch~\'vho\'&start=0&limit=20")'
 1                  Action locust_create_page_editor: "HTTPError('504 Server Error: Gateway Time-out for url: http://confl-loadb-185evch80nvew-612815241.us-west-1.elb.amazonaws.com:80/pages/createpage.action?spaceKey=TIT&fromPageId=1199022&src=quick-create')"
 1                  Action locust_view_page: "HTTPError('504 Server Error: Gateway Time-out for url: http://confl-loadb-185evch80nvew-612815241.us-west-1.elb.amazonaws.com:80/pages/viewpage.action?pageId=1195165')"
 1                  Action locust_view_page: "HTTPError('504 Server Error: Gateway Time-out for url: http://confl-loadb-185evch80nvew-612815241.us-west-1.elb.amazonaws.com:80/pages/viewpage.action?pageId=1182215')"
 1                  Action locust_search_cql: 'HTTPError("504 Server Error: Gateway Time-out for url: http://confl-loadb-185evch80nvew-612815241.us-west-1.elb.amazonaws.com:80/rest/api/search?cql=siteSearch~\'thu\'&start=0&limit=20")'
 1                  Action locust_view_page_tree: "HTTPError('504 Server Error: Gateway Time-out for url: http://confl-loadb-185evch80nvew-612815241.us-west-1.elb.amazonaws.com:80/plugins/pagetree/naturalchildren.action?decorator=none&excerpt=false&sort=position&reverse=false&disableLinks=false&expandCurrent=true&placement=sidebar&hasRoot=false&spaceKey=PPSPP&treeId=0&startDepth=0&mobile=false&ancestors=980457&979452&treePageId=981928&_=1604656334')"
 1                  Action locust_view_page_tree: "HTTPError('504 Server Error: Gateway Time-out for url: http://confl-loadb-185evch80nvew-612815241.us-west-1.elb.amazonaws.com:80/plugins/pagetree/naturalchildren.action?decorator=none&excerpt=false&sort=position&reverse=false&disableLinks=false&expandCurrent=true&placement=sidebar&hasRoot=false&spaceKey=MDYEM&treeId=0&startDepth=0&mobile=false&ancestors=1086380&974552&treePageId=1091083&_=1604656334')"
 1                  Action locust_view_page: "HTTPError('504 Server Error: Gateway Time-out for url: http://confl-loadb-185evch80nvew-612815241.us-west-1.elb.amazonaws.com:80/pages/viewpage.action?pageId=1112863')"
 1                  Action locust_view_page_tree: "HTTPError('504 Server Error: Gateway Time-out for url: http://confl-loadb-185evch80nvew-612815241.us-west-1.elb.amazonaws.com:80/plugins/pagetree/naturalchildren.action?decorator=none&excerpt=false&sort=position&reverse=false&disableLinks=false&expandCurrent=true&placement=sidebar&hasRoot=false&spaceKey=ECF&treeId=0&startDepth=0&mobile=false&ancestors=1313141&1311278&treePageId=1315111&_=1604656335')"
 1                  Action locust_view_page: "HTTPError('504 Server Error: Gateway Time-out for url: http://confl-loadb-185evch80nvew-612815241.us-west-1.elb.amazonaws.com:80/pages/viewpage.action?pageId=1114047')"
 1                  Action locust_comment_page: "HTTPError('504 Server Error: Gateway Time-out for url: http://confl-loadb-185evch80nvew-612815241.us-west-1.elb.amazonaws.com:80/rest/tinymce/1/content/1319916/comment?actions=true&html=%3Cp%3Evmdchktnhh+lpjw%3C%2Fp%3E&watch=True&uuid=78700b31-f524-4819-99a7-09c789332dba')"
 1                  Action locust_view_page_tree: "HTTPError('504 Server Error: Gateway Time-out for url: http://confl-loadb-185evch80nvew-612815241.us-west-1.elb.amazonaws.com:80/plugins/pagetree/naturalchildren.action?decorator=none&excerpt=false&sort=position&reverse=false&disableLinks=false&expandCurrent=true&placement=sidebar&hasRoot=false&spaceKey=AARP&treeId=0&startDepth=0&mobile=false&ancestors=973353&treePageId=978514&_=1604656335')"
 1                  Action locust_view_page: "HTTPError('504 Server Error: Gateway Time-out for url: http://confl-loadb-185evch80nvew-612815241.us-west-1.elb.amazonaws.com:80/pages/viewpage.action?pageId=1102834')"
 1                  Action locust_create_page_editor: "HTTPError('504 Server Error: Gateway Time-out for url: http://confl-loadb-185evch80nvew-612815241.us-west-1.elb.amazonaws.com:80/pages/createpage.action?spaceKey=ELV&fromPageId=1088954&src=quick-create')"
 2                  Action locust_create_page: "AssertionError('Could not create PAGE draft.')"                         
 1                  Action locust_view_page: "HTTPError('504 Server Error: Gateway Time-out for url: http://confl-loadb-185evch80nvew-612815241.us-west-1.elb.amazonaws.com:80/pages/viewpage.action?pageId=968061')"
 1                  Action locust_like_page: "HTTPError('504 Server Error: Gateway Time-out for url: http://confl-loadb-185evch80nvew-612815241.us-west-1.elb.amazonaws.com:80/rest/likes/1.0/content/1108364/likes')"
 1                  Action locust_view_page_tree: "HTTPError('504 Server Error: Gateway Time-out for url: http://confl-loadb-185evch80nvew-612815241.us-west-1.elb.amazonaws.com:80/plugins/pagetree/naturalchildren.action?decorator=none&excerpt=false&sort=position&reverse=false&disableLinks=false&expandCurrent=true&placement=sidebar&hasRoot=false&spaceKey=PSC&treeId=0&startDepth=0&mobile=false&ancestors=1204919&1197834&treePageId=1207032&_=1604656336')"
 1                  Action locust_view_page_tree: "HTTPError('504 Server Error: Gateway Time-out for url: http://confl-loadb-185evch80nvew-612815241.us-west-1.elb.amazonaws.com:80/plugins/pagetree/naturalchildren.action?decorator=none&excerpt=false&sort=position&reverse=false&disableLinks=false&expandCurrent=true&placement=sidebar&hasRoot=false&spaceKey=FSS&treeId=0&startDepth=0&mobile=false&ancestors=1312553&1202303&treePageId=1315356&_=1604656336')"
 1                  Action locust_view_blog: "HTTPError('504 Server Error: Gateway Time-out for url: http://confl-loadb-185evch80nvew-612815241.us-west-1.elb.amazonaws.com:80/pages/viewpage.action?pageId=26314159')"
 1                  Action locust_view_page: "HTTPError('504 Server Error: Gateway Time-out for url: http://confl-loadb-185evch80nvew-612815241.us-west-1.elb.amazonaws.com:80/pages/viewpage.action?pageId=977426')"
 1                  Action locust_view_page_tree: "HTTPError('504 Server Error: Gateway Time-out for url: http://confl-loadb-185evch80nvew-612815241.us-west-1.elb.amazonaws.com:80/plugins/pagetree/naturalchildren.action?decorator=none&excerpt=false&sort=position&reverse=false&disableLinks=false&expandCurrent=true&placement=sidebar&hasRoot=false&spaceKey=CNS&treeId=0&startDepth=0&mobile=false&ancestors=1198282&treePageId=1205175&_=1604656336')"
 1                  Action locust_view_page_tree: "HTTPError('504 Server Error: Gateway Time-out for url: http://confl-loadb-185evch80nvew-612815241.us-west-1.elb.amazonaws.com:80/plugins/pagetree/naturalchildren.action?decorator=none&excerpt=false&sort=position&reverse=false&disableLinks=false&expandCurrent=true&placement=sidebar&hasRoot=false&spaceKey=BFLA&treeId=0&startDepth=0&mobile=false&ancestors=981939&967888&treePageId=1081882&_=1604656337')"
 1                  Action locust_view_page_tree: "HTTPError('504 Server Error: Gateway Time-out for url: http://confl-loadb-185evch80nvew-612815241.us-west-1.elb.amazonaws.com:80/plugins/pagetree/naturalchildren.action?decorator=none&excerpt=false&sort=position&reverse=false&disableLinks=false&expandCurrent=true&placement=sidebar&hasRoot=false&spaceKey=ELCEB&treeId=0&startDepth=0&mobile=false&ancestors=1449190&1338996&treePageId=1450750&_=1604656337')"
 1                  Action locust_view_page: "HTTPError('504 Server Error: Gateway Time-out for url: http://confl-loadb-185evch80nvew-612815241.us-west-1.elb.amazonaws.com:80/pages/viewpage.action?pageId=1319269')"
 5                  Action locust_edit_page: "KeyError('edit_parent_page_id')"                                          
 1                  Action locust_view_page_tree: "HTTPError('504 Server Error: Gateway Time-out for url: http://confl-loadb-185evch80nvew-612815241.us-west-1.elb.amazonaws.com:80/plugins/pagetree/naturalchildren.action?decorator=none&excerpt=false&sort=position&reverse=false&disableLinks=false&expandCurrent=true&placement=sidebar&hasRoot=false&spaceKey=DAPG&treeId=0&startDepth=0&mobile=false&ancestors=0&treePageId=1100802&_=1604656342')"
 1                  Action locust_view_page_tree: "HTTPError('504 Server Error: Gateway Time-out for url: http://confl-loadb-185evch80nvew-612815241.us-west-1.elb.amazonaws.com:80/plugins/pagetree/naturalchildren.action?decorator=none&excerpt=false&sort=position&reverse=false&disableLinks=false&expandCurrent=true&placement=sidebar&hasRoot=false&spaceKey=DSS&treeId=0&startDepth=0&mobile=false&ancestors=385993&378263&treePageId=388251&_=1604656342')"
 1                  Action locust_view_page: "HTTPError('504 Server Error: Gateway Time-out for url: http://confl-loadb-185evch80nvew-612815241.us-west-1.elb.amazonaws.com:80/pages/viewpage.action?pageId=1096140')"
 1                  Action locust_view_page_tree: "HTTPError('504 Server Error: Gateway Time-out for url: http://confl-loadb-185evch80nvew-612815241.us-west-1.elb.amazonaws.com:80/plugins/pagetree/naturalchildren.action?decorator=none&excerpt=false&sort=position&reverse=false&disableLinks=false&expandCurrent=true&placement=sidebar&hasRoot=false&spaceKey=OIRGP&treeId=0&startDepth=0&mobile=false&ancestors=1185841&1100798&treePageId=1186834&_=1604656343')"
 1                  Action locust_view_page: "HTTPError('504 Server Error: Gateway Time-out for url: http://confl-loadb-185evch80nvew-612815241.us-west-1.elb.amazonaws.com:80/pages/viewpage.action?pageId=1101818')"
 1                  Action locust_view_page: "HTTPError('504 Server Error: Gateway Time-out for url: http://confl-loadb-185evch80nvew-612815241.us-west-1.elb.amazonaws.com:80/pages/viewpage.action?pageId=1087034')"
 1                  Action locust_view_blog: "HTTPError('504 Server Error: Gateway Time-out for url: http://confl-loadb-185evch80nvew-612815241.us-west-1.elb.amazonaws.com:80/pages/viewpage.action?pageId=8499169')"
 1                  Action locust_view_page_tree: "HTTPError('504 Server Error: Gateway Time-out for url: http://confl-loadb-185evch80nvew-612815241.us-west-1.elb.amazonaws.com:80/plugins/pagetree/naturalchildren.action?decorator=none&excerpt=false&sort=position&reverse=false&disableLinks=false&expandCurrent=true&placement=sidebar&hasRoot=false&spaceKey=TTC&treeId=0&startDepth=0&mobile=false&ancestors=1325929&1316897&treePageId=1328911&_=1604656344')"
 1                  Action locust_view_page_tree: "HTTPError('504 Server Error: Gateway Time-out for url: http://confl-loadb-185evch80nvew-612815241.us-west-1.elb.amazonaws.com:80/plugins/pagetree/naturalchildren.action?decorator=none&excerpt=false&sort=position&reverse=false&disableLinks=false&expandCurrent=true&placement=sidebar&hasRoot=false&spaceKey=IEUE&treeId=0&startDepth=0&mobile=false&ancestors=0&treePageId=1094135&_=1604656345')"
 1                  Action locust_view_page_tree: "HTTPError('504 Server Error: Gateway Time-out for url: http://confl-loadb-185evch80nvew-612815241.us-west-1.elb.amazonaws.com:80/plugins/pagetree/naturalchildren.action?decorator=none&excerpt=false&sort=position&reverse=false&disableLinks=false&expandCurrent=true&placement=sidebar&hasRoot=false&spaceKey=CCOP&treeId=0&startDepth=0&mobile=false&ancestors=1101857&1100757&treePageId=1102819&_=1604656345')"
 1                  Action locust_view_page_tree: "HTTPError('504 Server Error: Gateway Time-out for url: http://confl-loadb-185evch80nvew-612815241.us-west-1.elb.amazonaws.com:80/plugins/pagetree/naturalchildren.action?decorator=none&excerpt=false&sort=position&reverse=false&disableLinks=false&expandCurrent=true&placement=sidebar&hasRoot=false&spaceKey=SGCM&treeId=0&startDepth=0&mobile=false&ancestors=965806&960412&treePageId=966625&_=1604656345')"
 1                  Action locust_view_page: "HTTPError('504 Server Error: Gateway Time-out for url: http://confl-loadb-185evch80nvew-612815241.us-west-1.elb.amazonaws.com:80/pages/viewpage.action?pageId=1188356')"
 1                  Action locust_view_page_tree: "HTTPError('504 Server Error: Gateway Time-out for url: http://confl-loadb-185evch80nvew-612815241.us-west-1.elb.amazonaws.com:80/plugins/pagetree/naturalchildren.action?decorator=none&excerpt=false&sort=position&reverse=false&disableLinks=false&expandCurrent=true&placement=sidebar&hasRoot=false&spaceKey=OBLR&treeId=0&startDepth=0&mobile=false&ancestors=982096&treePageId=1082126&_=1604656346')"
 1                  Action locust_view_page_tree: "HTTPError('504 Server Error: Gateway Time-out for url: http://confl-loadb-185evch80nvew-612815241.us-west-1.elb.amazonaws.com:80/plugins/pagetree/naturalchildren.action?decorator=none&excerpt=false&sort=position&reverse=false&disableLinks=false&expandCurrent=true&placement=sidebar&hasRoot=false&spaceKey=BREP&treeId=0&startDepth=0&mobile=false&ancestors=978802&treePageId=1084464&_=1604656346')"
 1                  Action locust_view_page_tree: "HTTPError('504 Server Error: Gateway Time-out for url: http://confl-loadb-185evch80nvew-612815241.us-west-1.elb.amazonaws.com:80/plugins/pagetree/naturalchildren.action?decorator=none&excerpt=false&sort=position&reverse=false&disableLinks=false&expandCurrent=true&placement=sidebar&hasRoot=false&spaceKey=IWML&treeId=0&startDepth=0&mobile=false&ancestors=1088598&treePageId=1089593&_=1604656347')"
 1                  Action locust_view_page: "HTTPError('504 Server Error: Gateway Time-out for url: http://confl-loadb-185evch80nvew-612815241.us-west-1.elb.amazonaws.com:80/pages/viewpage.action?pageId=1205575')"
 1                  Action locust_view_page_tree: "HTTPError('504 Server Error: Gateway Time-out for url: http://confl-loadb-185evch80nvew-612815241.us-west-1.elb.amazonaws.com:80/plugins/pagetree/naturalchildren.action?decorator=none&excerpt=false&sort=position&reverse=false&disableLinks=false&expandCurrent=true&placement=sidebar&hasRoot=false&spaceKey=WSC&treeId=0&startDepth=0&mobile=false&ancestors=1201324&1200871&treePageId=1202568&_=1604656347')"
 1                  Action locust_view_page_tree: "HTTPError('504 Server Error: Gateway Time-out for url: http://confl-loadb-185evch80nvew-612815241.us-west-1.elb.amazonaws.com:80/plugins/pagetree/naturalchildren.action?decorator=none&excerpt=false&sort=position&reverse=false&disableLinks=false&expandCurrent=true&placement=sidebar&hasRoot=false&spaceKey=CCWP&treeId=0&startDepth=0&mobile=false&ancestors=1185655&1100756&treePageId=1188781&_=1604656347')"
 1                  Action locust_view_page: "HTTPError('504 Server Error: Gateway Time-out for url: http://confl-loadb-185evch80nvew-612815241.us-west-1.elb.amazonaws.com:80/pages/viewpage.action?pageId=1085516')"
 1                  Action locust_view_page: "HTTPError('504 Server Error: Gateway Time-out for url: http://confl-loadb-185evch80nvew-612815241.us-west-1.elb.amazonaws.com:80/pages/viewpage.action?pageId=1191044')"
 1                  Action locust_create_blog_editor: "HTTPError('504 Server Error: Gateway Time-out for url: http://confl-loadb-185evch80nvew-612815241.us-west-1.elb.amazonaws.com:80/pages/createblogpost.action?spaceKey=CSE')"
 1                  Action locust_view_page_tree: "HTTPError('504 Server Error: Gateway Time-out for url: http://confl-loadb-185evch80nvew-612815241.us-west-1.elb.amazonaws.com:80/plugins/pagetree/naturalchildren.action?decorator=none&excerpt=false&sort=position&reverse=false&disableLinks=false&expandCurrent=true&placement=sidebar&hasRoot=false&spaceKey=PKA&treeId=0&startDepth=0&mobile=false&ancestors=1087711&971201&treePageId=1089969&_=1604656348')"
 1                  Action locust_view_page: "HTTPError('504 Server Error: Gateway Time-out for url: http://confl-loadb-185evch80nvew-612815241.us-west-1.elb.amazonaws.com:80/pages/viewpage.action?pageId=1095048')"
 1                  Action locust_view_page_tree: "HTTPError('504 Server Error: Gateway Time-out for url: http://confl-loadb-185evch80nvew-612815241.us-west-1.elb.amazonaws.com:80/plugins/pagetree/naturalchildren.action?decorator=none&excerpt=false&sort=position&reverse=false&disableLinks=false&expandCurrent=true&placement=sidebar&hasRoot=false&spaceKey=MSSC&treeId=0&startDepth=0&mobile=false&ancestors=974016&969072&treePageId=979957&_=1604656348')"
 1                  Action locust_view_page: "HTTPError('504 Server Error: Gateway Time-out for url: http://confl-loadb-185evch80nvew-612815241.us-west-1.elb.amazonaws.com:80/pages/viewpage.action?pageId=966571')"
 1                  Action locust_view_attachments: "HTTPError('504 Server Error: Gateway Time-out for url: http://confl-loadb-185evch80nvew-612815241.us-west-1.elb.amazonaws.com:80/pages/viewpageattachments.action?pageId=1101910')"
 1                  Action locust_view_page_tree: "HTTPError('504 Server Error: Gateway Time-out for url: http://confl-loadb-185evch80nvew-612815241.us-west-1.elb.amazonaws.com:80/plugins/pagetree/naturalchildren.action?decorator=none&excerpt=false&sort=position&reverse=false&disableLinks=false&expandCurrent=true&placement=sidebar&hasRoot=false&spaceKey=RGSI&treeId=0&startDepth=0&mobile=false&ancestors=0&treePageId=1093253&_=1604656348')"
 1                  Action locust_open_editor: "HTTPError('504 Server Error: Gateway Time-out for url: http://confl-loadb-185evch80nvew-612815241.us-west-1.elb.amazonaws.com:80/pages/editpage.action?pageId=38671472')"
 1                  Action locust_view_page_tree: "HTTPError('504 Server Error: Gateway Time-out for url: http://confl-loadb-185evch80nvew-612815241.us-west-1.elb.amazonaws.com:80/plugins/pagetree/naturalchildren.action?decorator=none&excerpt=false&sort=position&reverse=false&disableLinks=false&expandCurrent=true&placement=sidebar&hasRoot=false&spaceKey=IWML&treeId=0&startDepth=0&mobile=false&ancestors=1108053&1100771&treePageId=1109964&_=1604656349')"
 1                  Action locust_view_blog: "HTTPError('504 Server Error: Gateway Time-out for url: http://confl-loadb-185evch80nvew-612815241.us-west-1.elb.amazonaws.com:80/pages/viewpage.action?pageId=26333227')"
 1                  Action locust_view_page: "HTTPError('504 Server Error: Gateway Time-out for url: http://confl-loadb-185evch80nvew-612815241.us-west-1.elb.amazonaws.com:80/pages/viewpage.action?pageId=1317630')"
 1                  Action locust_view_blog: "HTTPError('504 Server Error: Gateway Time-out for url: http://confl-loadb-185evch80nvew-612815241.us-west-1.elb.amazonaws.com:80/pages/viewpage.action?pageId=25967865')"
 1                  Action locust_view_page_tree: "HTTPError('504 Server Error: Gateway Time-out for url: http://confl-loadb-185evch80nvew-612815241.us-west-1.elb.amazonaws.com:80/plugins/pagetree/naturalchildren.action?decorator=none&excerpt=false&sort=position&reverse=false&disableLinks=false&expandCurrent=true&placement=sidebar&hasRoot=false&spaceKey=AHDA&treeId=0&startDepth=0&mobile=false&ancestors=1180139&1113780&treePageId=1180749&_=1604656349')"
 1                  Action locust_comment_page: "HTTPError('504 Server Error: Gateway Time-out for url: http://confl-loadb-185evch80nvew-612815241.us-west-1.elb.amazonaws.com:80/rest/tinymce/1/content/391578/comment?actions=true&html=%3Cp%3Ewzlqqcgkdbtuaxb%3C%2Fp%3E&watch=True&uuid=83885f9e-1769-4b4c-bf9b-0ce158399600')"
 1                  Action locust_view_page: "HTTPError('504 Server Error: Gateway Time-out for url: http://confl-loadb-185evch80nvew-612815241.us-west-1.elb.amazonaws.com:80/pages/viewpage.action?pageId=1316042')"
 1                  Action locust_comment_page: "HTTPError('504 Server Error: Gateway Time-out for url: http://confl-loadb-185evch80nvew-612815241.us-west-1.elb.amazonaws.com:80/rest/tinymce/1/content/1084565/comment?actions=true&html=%3Cp%3Eftqgjktmcupjwqs%3C%2Fp%3E&watch=True&uuid=2292ccf8-267f-4ad7-983b-6b3571022ef4')"
 1                  Action locust_view_page_tree: "HTTPError('504 Server Error: Gateway Time-out for url: http://confl-loadb-185evch80nvew-612815241.us-west-1.elb.amazonaws.com:80/plugins/pagetree/naturalchildren.action?decorator=none&excerpt=false&sort=position&reverse=false&disableLinks=false&expandCurrent=true&placement=sidebar&hasRoot=false&spaceKey=CCOP&treeId=0&startDepth=0&mobile=false&ancestors=1101857&1100757&treePageId=1102819&_=1604656351')"
 1                  Action locust_create_blog: "KeyError('parsed_space_key')"                                           
 1                  Action locust_view_blog: "HTTPError('504 Server Error: Gateway Time-out for url: http://confl-loadb-185evch80nvew-612815241.us-west-1.elb.amazonaws.com:80/pages/viewpage.action?pageId=25974931')"
 1                  Action locust_search_cql: 'HTTPError("504 Server Error: Gateway Time-out for url: http://confl-loadb-185evch80nvew-612815241.us-west-1.elb.amazonaws.com:80/rest/api/search?cql=siteSearch~\'%20ie\'&start=0&limit=20")'
 1                  Action locust_view_page: "HTTPError('504 Server Error: Gateway Time-out for url: http://confl-loadb-185evch80nvew-612815241.us-west-1.elb.amazonaws.com:80/pages/viewpage.action?pageId=982951')"
 1                  Action locust_view_page_tree: "HTTPError('504 Server Error: Gateway Time-out for url: http://confl-loadb-185evch80nvew-612815241.us-west-1.elb.amazonaws.com:80/plugins/pagetree/naturalchildren.action?decorator=none&excerpt=false&sort=position&reverse=false&disableLinks=false&expandCurrent=true&placement=sidebar&hasRoot=false&spaceKey=WARC&treeId=0&startDepth=0&mobile=false&ancestors=956491&treePageId=966707&_=1604656355')"
 1                  Action locust_view_page: "HTTPError('504 Server Error: Gateway Time-out for url: http://confl-loadb-185evch80nvew-612815241.us-west-1.elb.amazonaws.com:80/pages/viewpage.action?pageId=1206857')"
 1                  Action locust_view_page_tree: "HTTPError('504 Server Error: Gateway Time-out for url: http://confl-loadb-185evch80nvew-612815241.us-west-1.elb.amazonaws.com:80/plugins/pagetree/naturalchildren.action?decorator=none&excerpt=false&sort=position&reverse=false&disableLinks=false&expandCurrent=true&placement=sidebar&hasRoot=false&spaceKey=SMACT&treeId=0&startDepth=0&mobile=false&ancestors=1323604&1314421&treePageId=1326751&_=1604656357')"
 1                  Action locust_view_page_tree: "HTTPError('504 Server Error: Gateway Time-out for url: http://confl-loadb-185evch80nvew-612815241.us-west-1.elb.amazonaws.com:80/plugins/pagetree/naturalchildren.action?decorator=none&excerpt=false&sort=position&reverse=false&disableLinks=false&expandCurrent=true&placement=sidebar&hasRoot=false&spaceKey=HOV&treeId=0&startDepth=0&mobile=false&ancestors=1095130&1094088&treePageId=1097008&_=1604656357')"
 1                  Action locust_create_blog_editor: "HTTPError('504 Server Error: Gateway Time-out for url: http://confl-loadb-185evch80nvew-612815241.us-west-1.elb.amazonaws.com:80/pages/createblogpost.action?spaceKey=NOCM')"
 1                  Action locust_view_page: "HTTPError('504 Server Error: Gateway Time-out for url: http://confl-loadb-185evch80nvew-612815241.us-west-1.elb.amazonaws.com:80/pages/viewpage.action?pageId=1110438')"
 1                  Action locust_view_page: "HTTPError('504 Server Error: Gateway Time-out for url: http://confl-loadb-185evch80nvew-612815241.us-west-1.elb.amazonaws.com:80/pages/viewpage.action?pageId=1094113')"
 1                  Action locust_view_page: "HTTPError('504 Server Error: Gateway Time-out for url: http://confl-loadb-185evch80nvew-612815241.us-west-1.elb.amazonaws.com:80/pages/viewpage.action?pageId=1109762')"
 1                  Action locust_view_blog: "HTTPError('504 Server Error: Gateway Time-out for url: http://confl-loadb-185evch80nvew-612815241.us-west-1.elb.amazonaws.com:80/pages/viewpage.action?pageId=25980221')"
 1                  Action locust_view_page_tree: "HTTPError('504 Server Error: Gateway Time-out for url: http://confl-loadb-185evch80nvew-612815241.us-west-1.elb.amazonaws.com:80/plugins/pagetree/naturalchildren.action?decorator=none&excerpt=false&sort=position&reverse=false&disableLinks=false&expandCurrent=true&placement=sidebar&hasRoot=false&spaceKey=SCEM&treeId=0&startDepth=0&mobile=false&ancestors=1321252&1319868&treePageId=1325892&_=1604656358')"
 1                  Action locust_comment_page: "HTTPError('504 Server Error: Gateway Time-out for url: http://confl-loadb-185evch80nvew-612815241.us-west-1.elb.amazonaws.com:80/rest/tinymce/1/content/1187336/comment?actions=true&html=%3Cp%3Evcaizveqgrmdscv%3C%2Fp%3E&watch=True&uuid=b6e2e0e2-23af-423a-9db5-87f480cb103f')"
 1                  Action locust_view_page: "HTTPError('504 Server Error: Gateway Time-out for url: http://confl-loadb-185evch80nvew-612815241.us-west-1.elb.amazonaws.com:80/pages/viewpage.action?pageId=1104544')"
 1                  Action locust_view_page: "HTTPError('504 Server Error: Gateway Time-out for url: http://confl-loadb-185evch80nvew-612815241.us-west-1.elb.amazonaws.com:80/pages/viewpage.action?pageId=1312390')"
 1                  Action locust_view_page_tree: "HTTPError('504 Server Error: Gateway Time-out for url: http://confl-loadb-185evch80nvew-612815241.us-west-1.elb.amazonaws.com:80/plugins/pagetree/naturalchildren.action?decorator=none&excerpt=false&sort=position&reverse=false&disableLinks=false&expandCurrent=true&placement=sidebar&hasRoot=false&spaceKey=ERS&treeId=0&startDepth=0&mobile=false&ancestors=1111554&1100747&treePageId=1113052&_=1604656360')"
 1                  Action locust_view_page: "HTTPError('504 Server Error: Gateway Time-out for url: http://confl-loadb-185evch80nvew-612815241.us-west-1.elb.amazonaws.com:80/pages/viewpage.action?pageId=1094140')"
 1                  Action locust_view_page: "HTTPError('504 Server Error: Gateway Time-out for url: http://confl-loadb-185evch80nvew-612815241.us-west-1.elb.amazonaws.com:80/pages/viewpage.action?pageId=1081901')"
 1                  Action locust_view_page_tree: "HTTPError('504 Server Error: Gateway Time-out for url: http://confl-loadb-185evch80nvew-612815241.us-west-1.elb.amazonaws.com:80/plugins/pagetree/naturalchildren.action?decorator=none&excerpt=false&sort=position&reverse=false&disableLinks=false&expandCurrent=true&placement=sidebar&hasRoot=false&spaceKey=PLKT&treeId=0&startDepth=0&mobile=false&ancestors=1201089&1196745&treePageId=1202140&_=1604656360')"
 1                  Action locust_view_page_tree: "HTTPError('504 Server Error: Gateway Time-out for url: http://confl-loadb-185evch80nvew-612815241.us-west-1.elb.amazonaws.com:80/plugins/pagetree/naturalchildren.action?decorator=none&excerpt=false&sort=position&reverse=false&disableLinks=false&expandCurrent=true&placement=sidebar&hasRoot=false&spaceKey=PPSPP&treeId=0&startDepth=0&mobile=false&ancestors=980457&979452&treePageId=981928&_=1604656361')"
 1                  Action locust_view_page: "HTTPError('504 Server Error: Gateway Time-out for url: http://confl-loadb-185evch80nvew-612815241.us-west-1.elb.amazonaws.com:80/pages/viewpage.action?pageId=1316994')"
 1                  Action locust_view_page_tree: "HTTPError('504 Server Error: Gateway Time-out for url: http://confl-loadb-185evch80nvew-612815241.us-west-1.elb.amazonaws.com:80/plugins/pagetree/naturalchildren.action?decorator=none&excerpt=false&sort=position&reverse=false&disableLinks=false&expandCurrent=true&placement=sidebar&hasRoot=false&spaceKey=ECF&treeId=0&startDepth=0&mobile=false&ancestors=1313141&1311278&treePageId=1315111&_=1604656361')"
 1                  Action locust_view_page: "HTTPError('504 Server Error: Gateway Time-out for url: http://confl-loadb-185evch80nvew-612815241.us-west-1.elb.amazonaws.com:80/pages/viewpage.action?pageId=975579')"
 1                  Action locust_view_page_tree: "HTTPError('504 Server Error: Gateway Time-out for url: http://confl-loadb-185evch80nvew-612815241.us-west-1.elb.amazonaws.com:80/plugins/pagetree/naturalchildren.action?decorator=none&excerpt=false&sort=position&reverse=false&disableLinks=false&expandCurrent=true&placement=sidebar&hasRoot=false&spaceKey=JLHS&treeId=0&startDepth=0&mobile=false&ancestors=0&treePageId=388107&_=1604656362')"
 1                  Action locust_view_page: "HTTPError('504 Server Error: Gateway Time-out for url: http://confl-loadb-185evch80nvew-612815241.us-west-1.elb.amazonaws.com:80/pages/viewpage.action?pageId=1189616')"
 1                  Action locust_view_page: "HTTPError('504 Server Error: Gateway Time-out for url: http://confl-loadb-185evch80nvew-612815241.us-west-1.elb.amazonaws.com:80/pages/viewpage.action?pageId=1186109')"
 1                  Action locust_like_page: "HTTPError('504 Server Error: Gateway Time-out for url: http://confl-loadb-185evch80nvew-612815241.us-west-1.elb.amazonaws.com:80/rest/likes/1.0/content/1186236/likes')"
 1                  Action locust_view_page: "HTTPError('504 Server Error: Gateway Time-out for url: http://confl-loadb-185evch80nvew-612815241.us-west-1.elb.amazonaws.com:80/pages/viewpage.action?pageId=1083165')"
 1                  Action locust_view_page_tree: "HTTPError('504 Server Error: Gateway Time-out for url: http://confl-loadb-185evch80nvew-612815241.us-west-1.elb.amazonaws.com:80/plugins/pagetree/naturalchildren.action?decorator=none&excerpt=false&sort=position&reverse=false&disableLinks=false&expandCurrent=true&placement=sidebar&hasRoot=false&spaceKey=FSS&treeId=0&startDepth=0&mobile=false&ancestors=1312553&1202303&treePageId=1315356&_=1604656363')"
 1                  Action locust_view_page: "HTTPError('504 Server Error: Gateway Time-out for url: http://confl-loadb-185evch80nvew-612815241.us-west-1.elb.amazonaws.com:80/pages/viewpage.action?pageId=1185926')"
 1                  Action locust_view_page: "HTTPError('504 Server Error: Gateway Time-out for url: http://confl-loadb-185evch80nvew-612815241.us-west-1.elb.amazonaws.com:80/pages/viewpage.action?pageId=969137')"
 1                  Action locust_view_page: "HTTPError('504 Server Error: Gateway Time-out for url: http://confl-loadb-185evch80nvew-612815241.us-west-1.elb.amazonaws.com:80/pages/viewpage.action?pageId=1103616')"
 1                  Action locust_view_page_tree: "HTTPError('504 Server Error: Gateway Time-out for url: http://confl-loadb-185evch80nvew-612815241.us-west-1.elb.amazonaws.com:80/plugins/pagetree/naturalchildren.action?decorator=none&excerpt=false&sort=position&reverse=false&disableLinks=false&expandCurrent=true&placement=sidebar&hasRoot=false&spaceKey=BFLA&treeId=0&startDepth=0&mobile=false&ancestors=981939&967888&treePageId=1081882&_=1604656363')"
 1                  Action locust_view_page: "HTTPError('504 Server Error: Gateway Time-out for url: http://confl-loadb-185evch80nvew-612815241.us-west-1.elb.amazonaws.com:80/pages/viewpage.action?pageId=388251')"
 1                  Action locust_view_page: "HTTPError('504 Server Error: Gateway Time-out for url: http://confl-loadb-185evch80nvew-612815241.us-west-1.elb.amazonaws.com:80/pages/viewpage.action?pageId=979353')"
 1                  Action locust_comment_page: "HTTPError('504 Server Error: Gateway Time-out for url: http://confl-loadb-185evch80nvew-612815241.us-west-1.elb.amazonaws.com:80/rest/tinymce/1/content/976675/comment?actions=true&html=%3Cp%3Exlqkieugrqrgowh%3C%2Fp%3E&watch=True&uuid=ffb23eab-ca64-476c-9032-62a0e023ae78')"
 1                  Action locust_view_blog: "HTTPError('504 Server Error: Gateway Time-out for url: http://confl-loadb-185evch80nvew-612815241.us-west-1.elb.amazonaws.com:80/pages/viewpage.action?pageId=26207473')"
 1                  Action locust_view_page_tree: "HTTPError('504 Server Error: Gateway Time-out for url: http://confl-loadb-185evch80nvew-612815241.us-west-1.elb.amazonaws.com:80/plugins/pagetree/naturalchildren.action?decorator=none&excerpt=false&sort=position&reverse=false&disableLinks=false&expandCurrent=true&placement=sidebar&hasRoot=false&spaceKey=DSS&treeId=0&startDepth=0&mobile=false&ancestors=385993&378263&treePageId=388251&_=1604656368')"
 1                  Action locust_like_page: "HTTPError('504 Server Error: Gateway Time-out for url: http://confl-loadb-185evch80nvew-612815241.us-west-1.elb.amazonaws.com:80/rest/likes/1.0/content/969503/likes')"
 1                  Action locust_view_page_tree: "HTTPError('504 Server Error: Gateway Time-out for url: http://confl-loadb-185evch80nvew-612815241.us-west-1.elb.amazonaws.com:80/plugins/pagetree/naturalchildren.action?decorator=none&excerpt=false&sort=position&reverse=false&disableLinks=false&expandCurrent=true&placement=sidebar&hasRoot=false&spaceKey=OIRGP&treeId=0&startDepth=0&mobile=false&ancestors=1185841&1100798&treePageId=1186834&_=1604656369')"
 1                  Action locust_view_attachments: "HTTPError('504 Server Error: Gateway Time-out for url: http://confl-loadb-185evch80nvew-612815241.us-west-1.elb.amazonaws.com:80/pages/viewpageattachments.action?pageId=1182742')"
 1                  Action locust_view_page: "HTTPError('504 Server Error: Gateway Time-out for url: http://confl-loadb-185evch80nvew-612815241.us-west-1.elb.amazonaws.com:80/pages/viewpage.action?pageId=1095243')"
 1                  Action locust_view_page_tree: "HTTPError('504 Server Error: Gateway Time-out for url: http://confl-loadb-185evch80nvew-612815241.us-west-1.elb.amazonaws.com:80/plugins/pagetree/naturalchildren.action?decorator=none&excerpt=false&sort=position&reverse=false&disableLinks=false&expandCurrent=true&placement=sidebar&hasRoot=false&spaceKey=SLC&treeId=0&startDepth=0&mobile=false&ancestors=1085650&977145&treePageId=1089209&_=1604656371')"
 1                  Action locust_view_page_tree: "HTTPError('504 Server Error: Gateway Time-out for url: http://confl-loadb-185evch80nvew-612815241.us-west-1.elb.amazonaws.com:80/plugins/pagetree/naturalchildren.action?decorator=none&excerpt=false&sort=position&reverse=false&disableLinks=false&expandCurrent=true&placement=sidebar&hasRoot=false&spaceKey=TTC&treeId=0&startDepth=0&mobile=false&ancestors=1325929&1316897&treePageId=1328911&_=1604656371')"
 1                  Action locust_search_cql: 'HTTPError("504 Server Error: Gateway Time-out for url: http://confl-loadb-185evch80nvew-612815241.us-west-1.elb.amazonaws.com:80/rest/api/search?cql=siteSearch~\'p%20k\'&start=0&limit=20")'
 1                  Action locust_view_page_tree: "HTTPError('504 Server Error: Gateway Time-out for url: http://confl-loadb-185evch80nvew-612815241.us-west-1.elb.amazonaws.com:80/plugins/pagetree/naturalchildren.action?decorator=none&excerpt=false&sort=position&reverse=false&disableLinks=false&expandCurrent=true&placement=sidebar&hasRoot=false&spaceKey=CCOP&treeId=0&startDepth=0&mobile=false&ancestors=1101857&1100757&treePageId=1102819&_=1604656371')"
 1                  Action locust_view_page: "HTTPError('504 Server Error: Gateway Time-out for url: http://confl-loadb-185evch80nvew-612815241.us-west-1.elb.amazonaws.com:80/pages/viewpage.action?pageId=1109441')"
 1                  Action locust_view_page: "HTTPError('504 Server Error: Gateway Time-out for url: http://confl-loadb-185evch80nvew-612815241.us-west-1.elb.amazonaws.com:80/pages/viewpage.action?pageId=979451')"
 1                  Action locust_view_page_tree: "HTTPError('504 Server Error: Gateway Time-out for url: http://confl-loadb-185evch80nvew-612815241.us-west-1.elb.amazonaws.com:80/plugins/pagetree/naturalchildren.action?decorator=none&excerpt=false&sort=position&reverse=false&disableLinks=false&expandCurrent=true&placement=sidebar&hasRoot=false&spaceKey=BREP&treeId=0&startDepth=0&mobile=false&ancestors=978802&treePageId=1084464&_=1604656372')"
 1                  Action locust_view_page_tree: "HTTPError('504 Server Error: Gateway Time-out for url: http://confl-loadb-185evch80nvew-612815241.us-west-1.elb.amazonaws.com:80/plugins/pagetree/naturalchildren.action?decorator=none&excerpt=false&sort=position&reverse=false&disableLinks=false&expandCurrent=true&placement=sidebar&hasRoot=false&spaceKey=IWML&treeId=0&startDepth=0&mobile=false&ancestors=1088598&treePageId=1089593&_=1604656373')"
 1                  Action locust_view_page: "HTTPError('504 Server Error: Gateway Time-out for url: http://confl-loadb-185evch80nvew-612815241.us-west-1.elb.amazonaws.com:80/pages/viewpage.action?pageId=1085632')"
 1                  Action locust_view_page_tree: "HTTPError('504 Server Error: Gateway Time-out for url: http://confl-loadb-185evch80nvew-612815241.us-west-1.elb.amazonaws.com:80/plugins/pagetree/naturalchildren.action?decorator=none&excerpt=false&sort=position&reverse=false&disableLinks=false&expandCurrent=true&placement=sidebar&hasRoot=false&spaceKey=WSC&treeId=0&startDepth=0&mobile=false&ancestors=1201324&1200871&treePageId=1202568&_=1604656374')"
 1                  Action locust_view_page_tree: "HTTPError('504 Server Error: Gateway Time-out for url: http://confl-loadb-185evch80nvew-612815241.us-west-1.elb.amazonaws.com:80/plugins/pagetree/naturalchildren.action?decorator=none&excerpt=false&sort=position&reverse=false&disableLinks=false&expandCurrent=true&placement=sidebar&hasRoot=false&spaceKey=CCWP&treeId=0&startDepth=0&mobile=false&ancestors=1185655&1100756&treePageId=1188781&_=1604656374')"
 1                  Action locust_view_page: "HTTPError('504 Server Error: Gateway Time-out for url: http://confl-loadb-185evch80nvew-612815241.us-west-1.elb.amazonaws.com:80/pages/viewpage.action?pageId=1321615')"
 1                  Action locust_view_page: "HTTPError('504 Server Error: Gateway Time-out for url: http://confl-loadb-185evch80nvew-612815241.us-west-1.elb.amazonaws.com:80/pages/viewpage.action?pageId=1089930')"
 1                  Action locust_view_attachments: "HTTPError('504 Server Error: Gateway Time-out for url: http://confl-loadb-185evch80nvew-612815241.us-west-1.elb.amazonaws.com:80/pages/viewpageattachments.action?pageId=1196023')"
 1                  Action locust_view_page_tree: "HTTPError('504 Server Error: Gateway Time-out for url: http://confl-loadb-185evch80nvew-612815241.us-west-1.elb.amazonaws.com:80/plugins/pagetree/naturalchildren.action?decorator=none&excerpt=false&sort=position&reverse=false&disableLinks=false&expandCurrent=true&placement=sidebar&hasRoot=false&spaceKey=PKA&treeId=0&startDepth=0&mobile=false&ancestors=1087711&971201&treePageId=1089969&_=1604656374')"
 1                  Action locust_view_page: "HTTPError('504 Server Error: Gateway Time-out for url: http://confl-loadb-185evch80nvew-612815241.us-west-1.elb.amazonaws.com:80/pages/viewpage.action?pageId=1096265')"
 1                  Action locust_view_page_tree: "HTTPError('504 Server Error: Gateway Time-out for url: http://confl-loadb-185evch80nvew-612815241.us-west-1.elb.amazonaws.com:80/plugins/pagetree/naturalchildren.action?decorator=none&excerpt=false&sort=position&reverse=false&disableLinks=false&expandCurrent=true&placement=sidebar&hasRoot=false&spaceKey=MSSC&treeId=0&startDepth=0&mobile=false&ancestors=974016&969072&treePageId=979957&_=1604656375')"
 1                  Action locust_upload_attachments: "HTTPError('504 Server Error: Gateway Time-out for url: http://confl-loadb-185evch80nvew-612815241.us-west-1.elb.amazonaws.com:80/pages/viewpage.action?pageId=1210866')"
 1                  Action locust_view_page_tree: "HTTPError('504 Server Error: Gateway Time-out for url: http://confl-loadb-185evch80nvew-612815241.us-west-1.elb.amazonaws.com:80/plugins/pagetree/naturalchildren.action?decorator=none&excerpt=false&sort=position&reverse=false&disableLinks=false&expandCurrent=true&placement=sidebar&hasRoot=false&spaceKey=AARP&treeId=0&startDepth=0&mobile=false&ancestors=973353&treePageId=978514&_=1604656375')"
 1                  Action locust_view_page_tree: "HTTPError('504 Server Error: Gateway Time-out for url: http://confl-loadb-185evch80nvew-612815241.us-west-1.elb.amazonaws.com:80/plugins/pagetree/naturalchildren.action?decorator=none&excerpt=false&sort=position&reverse=false&disableLinks=false&expandCurrent=true&placement=sidebar&hasRoot=false&spaceKey=RGSI&treeId=0&startDepth=0&mobile=false&ancestors=0&treePageId=1093253&_=1604656375')"
 1                  Action locust_view_page: "HTTPError('504 Server Error: Gateway Time-out for url: http://confl-loadb-185evch80nvew-612815241.us-west-1.elb.amazonaws.com:80/pages/viewpage.action?pageId=1097733')"
 1                  Action locust_like_page: "HTTPError('504 Server Error: Gateway Time-out for url: http://confl-loadb-185evch80nvew-612815241.us-west-1.elb.amazonaws.com:80/rest/likes/1.0/content/390753/likes')"
 1                  Action locust_view_page_tree: "HTTPError('504 Server Error: Gateway Time-out for url: http://confl-loadb-185evch80nvew-612815241.us-west-1.elb.amazonaws.com:80/plugins/pagetree/naturalchildren.action?decorator=none&excerpt=false&sort=position&reverse=false&disableLinks=false&expandCurrent=true&placement=sidebar&hasRoot=false&spaceKey=ILAC&treeId=0&startDepth=0&mobile=false&ancestors=1101923&1100856&treePageId=1104717&_=1604656375')"
 1                  Action locust_comment_page: "HTTPError('504 Server Error: Gateway Time-out for url: http://confl-loadb-185evch80nvew-612815241.us-west-1.elb.amazonaws.com:80/rest/tinymce/1/content/1206418/comment?actions=true&html=%3Cp%3Ekmijamgmaeyytiv%3C%2Fp%3E&watch=True&uuid=5695ff5d-70d3-447c-9c3b-39eceda8855e')"
 1                  Action locust_view_page: "HTTPError('504 Server Error: Gateway Time-out for url: http://confl-loadb-185evch80nvew-612815241.us-west-1.elb.amazonaws.com:80/pages/viewpage.action?pageId=1188729')"
 1                  Action locust_view_page_tree: "HTTPError('504 Server Error: Gateway Time-out for url: http://confl-loadb-185evch80nvew-612815241.us-west-1.elb.amazonaws.com:80/plugins/pagetree/naturalchildren.action?decorator=none&excerpt=false&sort=position&reverse=false&disableLinks=false&expandCurrent=true&placement=sidebar&hasRoot=false&spaceKey=AMCBC&treeId=0&startDepth=0&mobile=false&ancestors=1192080&1182220&treePageId=1192506&_=1604656376')"
 1                  Action locust_search_cql: 'HTTPError("504 Server Error: Gateway Time-out for url: http://confl-loadb-185evch80nvew-612815241.us-west-1.elb.amazonaws.com:80/rest/api/search?cql=siteSearch~\'qjx\'&start=0&limit=20")'
 1                  Action locust_view_page_tree: "HTTPError('504 Server Error: Gateway Time-out for url: http://confl-loadb-185evch80nvew-612815241.us-west-1.elb.amazonaws.com:80/plugins/pagetree/naturalchildren.action?decorator=none&excerpt=false&sort=position&reverse=false&disableLinks=false&expandCurrent=true&placement=sidebar&hasRoot=false&spaceKey=CNS&treeId=0&startDepth=0&mobile=false&ancestors=1198282&treePageId=1205175&_=1604656376')"
 1                  Action locust_view_page: "HTTPError('504 Server Error: Gateway Time-out for url: http://confl-loadb-185evch80nvew-612815241.us-west-1.elb.amazonaws.com:80/pages/viewpage.action?pageId=1187677')"
 1                  Action locust_view_page_tree: "HTTPError('504 Server Error: Gateway Time-out for url: http://confl-loadb-185evch80nvew-612815241.us-west-1.elb.amazonaws.com:80/plugins/pagetree/naturalchildren.action?decorator=none&excerpt=false&sort=position&reverse=false&disableLinks=false&expandCurrent=true&placement=sidebar&hasRoot=false&spaceKey=ATIMM&treeId=0&startDepth=0&mobile=false&ancestors=975198&964636&treePageId=976023&_=1604656376')"
 1                  Action locust_view_blog: "HTTPError('504 Server Error: Gateway Time-out for url: http://confl-loadb-185evch80nvew-612815241.us-west-1.elb.amazonaws.com:80/pages/viewpage.action?pageId=26113242')"
 1                  Action locust_view_page_tree: "HTTPError('504 Server Error: Gateway Time-out for url: http://confl-loadb-185evch80nvew-612815241.us-west-1.elb.amazonaws.com:80/plugins/pagetree/naturalchildren.action?decorator=none&excerpt=false&sort=position&reverse=false&disableLinks=false&expandCurrent=true&placement=sidebar&hasRoot=false&spaceKey=ELCEB&treeId=0&startDepth=0&mobile=false&ancestors=1449190&1338996&treePageId=1450750&_=1604656377')"
 1                  Action locust_view_page_tree: "HTTPError('504 Server Error: Gateway Time-out for url: http://confl-loadb-185evch80nvew-612815241.us-west-1.elb.amazonaws.com:80/plugins/pagetree/naturalchildren.action?decorator=none&excerpt=false&sort=position&reverse=false&disableLinks=false&expandCurrent=true&placement=sidebar&hasRoot=false&spaceKey=CCOP&treeId=0&startDepth=0&mobile=false&ancestors=1101857&1100757&treePageId=1102819&_=1604656377')"
 1                  Action locust_create_blog_editor: "HTTPError('504 Server Error: Gateway Time-out for url: http://confl-loadb-185evch80nvew-612815241.us-west-1.elb.amazonaws.com:80/pages/createblogpost.action?spaceKey=SGTC')"
 1                  Action locust_view_page: "HTTPError('504 Server Error: Gateway Time-out for url: http://confl-loadb-185evch80nvew-612815241.us-west-1.elb.amazonaws.com:80/pages/viewpage.action?pageId=1106776')"
 1                  Action locust_view_page: "HTTPError('504 Server Error: Gateway Time-out for url: http://confl-loadb-185evch80nvew-612815241.us-west-1.elb.amazonaws.com:80/pages/viewpage.action?pageId=1319328')"
 1                  Action locust_view_page: "HTTPError('504 Server Error: Gateway Time-out for url: http://confl-loadb-185evch80nvew-612815241.us-west-1.elb.amazonaws.com:80/pages/viewpage.action?pageId=1105283')"
 1                  Action locust_view_page: "HTTPError('504 Server Error: Gateway Time-out for url: http://confl-loadb-185evch80nvew-612815241.us-west-1.elb.amazonaws.com:80/pages/viewpage.action?pageId=1189070')"
 1                  Action locust_view_page_tree: "HTTPError('504 Server Error: Gateway Time-out for url: http://confl-loadb-185evch80nvew-612815241.us-west-1.elb.amazonaws.com:80/plugins/pagetree/naturalchildren.action?decorator=none&excerpt=false&sort=position&reverse=false&disableLinks=false&expandCurrent=true&placement=sidebar&hasRoot=false&spaceKey=HOV&treeId=0&startDepth=0&mobile=false&ancestors=1095130&1094088&treePageId=1097008&_=1604656384')"
 1                  Action locust_view_page: "HTTPError('504 Server Error: Gateway Time-out for url: http://confl-loadb-185evch80nvew-612815241.us-west-1.elb.amazonaws.com:80/pages/viewpage.action?pageId=1087042')"
 1                  Action locust_view_blog: "HTTPError('504 Server Error: Gateway Time-out for url: http://confl-loadb-185evch80nvew-612815241.us-west-1.elb.amazonaws.com:80/pages/viewpage.action?pageId=26186743')"
 1                  Action locust_view_page: "HTTPError('504 Server Error: Gateway Time-out for url: http://confl-loadb-185evch80nvew-612815241.us-west-1.elb.amazonaws.com:80/pages/viewpage.action?pageId=954507')"
 1                  Action locust_like_page: "HTTPError('504 Server Error: Gateway Time-out for url: http://confl-loadb-185evch80nvew-612815241.us-west-1.elb.amazonaws.com:80/rest/likes/1.0/content/1185496/likes')"
 1                  Action locust_view_page_tree: "HTTPError('504 Server Error: Gateway Time-out for url: http://confl-loadb-185evch80nvew-612815241.us-west-1.elb.amazonaws.com:80/plugins/pagetree/naturalchildren.action?decorator=none&excerpt=false&sort=position&reverse=false&disableLinks=false&expandCurrent=true&placement=sidebar&hasRoot=false&spaceKey=SCEM&treeId=0&startDepth=0&mobile=false&ancestors=1321252&1319868&treePageId=1325892&_=1604656385')"
 1                  Action locust_view_page_tree: "HTTPError('504 Server Error: Gateway Time-out for url: http://confl-loadb-185evch80nvew-612815241.us-west-1.elb.amazonaws.com:80/plugins/pagetree/naturalchildren.action?decorator=none&excerpt=false&sort=position&reverse=false&disableLinks=false&expandCurrent=true&placement=sidebar&hasRoot=false&spaceKey=OBLR&treeId=0&startDepth=0&mobile=false&ancestors=982096&treePageId=1082126&_=1604656385')"
 1                  Action locust_view_page: "HTTPError('504 Server Error: Gateway Time-out for url: http://confl-loadb-185evch80nvew-612815241.us-west-1.elb.amazonaws.com:80/pages/viewpage.action?pageId=1319007')"
 1                  Action locust_view_page: "HTTPError('504 Server Error: Gateway Time-out for url: http://confl-loadb-185evch80nvew-612815241.us-west-1.elb.amazonaws.com:80/pages/viewpage.action?pageId=1203481')"
 1                  Action locust_view_page_tree: "HTTPError('504 Server Error: Gateway Time-out for url: http://confl-loadb-185evch80nvew-612815241.us-west-1.elb.amazonaws.com:80/plugins/pagetree/naturalchildren.action?decorator=none&excerpt=false&sort=position&reverse=false&disableLinks=false&expandCurrent=true&placement=sidebar&hasRoot=false&spaceKey=ERS&treeId=0&startDepth=0&mobile=false&ancestors=1111554&1100747&treePageId=1113052&_=1604656386')"
 1                  Action locust_view_page: "HTTPError('504 Server Error: Gateway Time-out for url: http://confl-loadb-185evch80nvew-612815241.us-west-1.elb.amazonaws.com:80/pages/viewpage.action?pageId=1102886')"
 1                  Action locust_view_page: "HTTPError('504 Server Error: Gateway Time-out for url: http://confl-loadb-185evch80nvew-612815241.us-west-1.elb.amazonaws.com:80/pages/viewpage.action?pageId=1101850')"
 1                  Action locust_view_page: "HTTPError('504 Server Error: Gateway Time-out for url: http://confl-loadb-185evch80nvew-612815241.us-west-1.elb.amazonaws.com:80/pages/viewpage.action?pageId=1092818')"
 1                  Action locust_view_page_tree: "HTTPError('504 Server Error: Gateway Time-out for url: http://confl-loadb-185evch80nvew-612815241.us-west-1.elb.amazonaws.com:80/plugins/pagetree/naturalchildren.action?decorator=none&excerpt=false&sort=position&reverse=false&disableLinks=false&expandCurrent=true&placement=sidebar&hasRoot=false&spaceKey=PLKT&treeId=0&startDepth=0&mobile=false&ancestors=1201089&1196745&treePageId=1202140&_=1604656387')"
 1                  Action locust_view_page_tree: "HTTPError('504 Server Error: Gateway Time-out for url: http://confl-loadb-185evch80nvew-612815241.us-west-1.elb.amazonaws.com:80/plugins/pagetree/naturalchildren.action?decorator=none&excerpt=false&sort=position&reverse=false&disableLinks=false&expandCurrent=true&placement=sidebar&hasRoot=false&spaceKey=PPSPP&treeId=0&startDepth=0&mobile=false&ancestors=980457&979452&treePageId=981928&_=1604656387')"
 1                  Action locust_like_page: "HTTPError('504 Server Error: Gateway Time-out for url: http://confl-loadb-185evch80nvew-612815241.us-west-1.elb.amazonaws.com:80/rest/likes/1.0/content/390709/likes')"
 1                  Action locust_view_page: "HTTPError('504 Server Error: Gateway Time-out for url: http://confl-loadb-185evch80nvew-612815241.us-west-1.elb.amazonaws.com:80/pages/viewpage.action?pageId=954558')"
 1                  Action locust_view_page_tree: "HTTPError('504 Server Error: Gateway Time-out for url: http://confl-loadb-185evch80nvew-612815241.us-west-1.elb.amazonaws.com:80/plugins/pagetree/naturalchildren.action?decorator=none&excerpt=false&sort=position&reverse=false&disableLinks=false&expandCurrent=true&placement=sidebar&hasRoot=false&spaceKey=ECF&treeId=0&startDepth=0&mobile=false&ancestors=1313141&1311278&treePageId=1315111&_=1604656388')"
 1                  Action locust_view_page: "HTTPError('504 Server Error: Gateway Time-out for url: http://confl-loadb-185evch80nvew-612815241.us-west-1.elb.amazonaws.com:80/pages/viewpage.action?pageId=1091024')"
 1                  Action locust_view_page: "HTTPError('504 Server Error: Gateway Time-out for url: http://confl-loadb-185evch80nvew-612815241.us-west-1.elb.amazonaws.com:80/pages/viewpage.action?pageId=981850')"
 1                  Action locust_view_blog: "HTTPError('504 Server Error: Gateway Time-out for url: http://confl-loadb-185evch80nvew-612815241.us-west-1.elb.amazonaws.com:80/pages/viewpage.action?pageId=26112346')"
 1                  Action locust_comment_page: "HTTPError('504 Server Error: Gateway Time-out for url: http://confl-loadb-185evch80nvew-612815241.us-west-1.elb.amazonaws.com:80/rest/tinymce/1/content/982844/comment?actions=true&html=%3Cp%3Ekxhshngemzzmsfb%3C%2Fp%3E&watch=True&uuid=ace1e284-f7e0-4f1f-b7b6-1c6ef7d5a5b2')"
 1                  Action locust_view_page: "HTTPError('504 Server Error: Gateway Time-out for url: http://confl-loadb-185evch80nvew-612815241.us-west-1.elb.amazonaws.com:80/pages/viewpage.action?pageId=1192673')"
 1                  Action locust_view_page_tree: "HTTPError('504 Server Error: Gateway Time-out for url: http://confl-loadb-185evch80nvew-612815241.us-west-1.elb.amazonaws.com:80/plugins/pagetree/naturalchildren.action?decorator=none&excerpt=false&sort=position&reverse=false&disableLinks=false&expandCurrent=true&placement=sidebar&hasRoot=false&spaceKey=SSDCF&treeId=0&startDepth=0&mobile=false&ancestors=979195&treePageId=1090316&_=1604656388')"
 1                  Action locust_view_page: "HTTPError('504 Server Error: Gateway Time-out for url: http://confl-loadb-185evch80nvew-612815241.us-west-1.elb.amazonaws.com:80/pages/viewpage.action?pageId=380604')"
 1                  Action locust_view_page: "HTTPError('504 Server Error: Gateway Time-out for url: http://confl-loadb-185evch80nvew-612815241.us-west-1.elb.amazonaws.com:80/pages/viewpage.action?pageId=1196092')"
 1                  Action locust_view_page: "HTTPError('504 Server Error: Gateway Time-out for url: http://confl-loadb-185evch80nvew-612815241.us-west-1.elb.amazonaws.com:80/pages/viewpage.action?pageId=975058')"
 1                  Action locust_view_page_tree: "HTTPError('504 Server Error: Gateway Time-out for url: http://confl-loadb-185evch80nvew-612815241.us-west-1.elb.amazonaws.com:80/plugins/pagetree/naturalchildren.action?decorator=none&excerpt=false&sort=position&reverse=false&disableLinks=false&expandCurrent=true&placement=sidebar&hasRoot=false&spaceKey=FSS&treeId=0&startDepth=0&mobile=false&ancestors=1312553&1202303&treePageId=1315356&_=1604656389')"
 1                  Action locust_view_page: "HTTPError('504 Server Error: Gateway Time-out for url: http://confl-loadb-185evch80nvew-612815241.us-west-1.elb.amazonaws.com:80/pages/viewpage.action?pageId=1182598')"
 1                  Action locust_view_page: "HTTPError('504 Server Error: Gateway Time-out for url: http://confl-loadb-185evch80nvew-612815241.us-west-1.elb.amazonaws.com:80/pages/viewpage.action?pageId=972674')"
 1                  Action locust_create_page_editor: "HTTPError('504 Server Error: Gateway Time-out for url: http://confl-loadb-185evch80nvew-612815241.us-west-1.elb.amazonaws.com:80/pages/createpage.action?spaceKey=NCBCE&fromPageId=1319784&src=quick-create')"
 1                  Action locust_view_page_tree: "HTTPError('504 Server Error: Gateway Time-out for url: http://confl-loadb-185evch80nvew-612815241.us-west-1.elb.amazonaws.com:80/plugins/pagetree/naturalchildren.action?decorator=none&excerpt=false&sort=position&reverse=false&disableLinks=false&expandCurrent=true&placement=sidebar&hasRoot=false&spaceKey=VTG&treeId=0&startDepth=0&mobile=false&ancestors=1312792&treePageId=1313634&_=1604656389')"
 1                  Action locust_create_page_editor: "HTTPError('504 Server Error: Gateway Time-out for url: http://confl-loadb-185evch80nvew-612815241.us-west-1.elb.amazonaws.com:80/pages/createpage.action?spaceKey=TEG&fromPageId=960823&src=quick-create')"
 1                  Action locust_view_page: "HTTPError('504 Server Error: Gateway Time-out for url: http://confl-loadb-185evch80nvew-612815241.us-west-1.elb.amazonaws.com:80/pages/viewpage.action?pageId=968272')"
 1                  Action locust_view_page: "HTTPError('504 Server Error: Gateway Time-out for url: http://confl-loadb-185evch80nvew-612815241.us-west-1.elb.amazonaws.com:80/pages/viewpage.action?pageId=1113644')"
 1                  Action locust_comment_page: "HTTPError('504 Server Error: Gateway Time-out for url: http://confl-loadb-185evch80nvew-612815241.us-west-1.elb.amazonaws.com:80/rest/tinymce/1/content/979388/comment?actions=true&html=%3Cp%3Emnbmyxdmozidkpr%3C%2Fp%3E&watch=True&uuid=b708759c-b7ab-4493-800c-b2c03db7be5b')"
--------------------------------------------------------------------------------------------------------------------------------------------

