Created the tree successfully using /dc-app-performance-toolkit/app/jmeter/modified_bitbucket.jmx
Starting standalone test @ Thu Dec 17 12:41:23 UTC 2020 (1608208883910)
Waiting for possible Shutdown/StopTestNow/HeapDump/ThreadDump message on port 4445
2020-12-17 13:17:58,197 Thread-68503 ERROR Unable to write to stream /dc-app-performance-toolkit/app/results/bitbucket/2020-12-17_12-38-32/jmeter.log for appender jmeter-log org.apache.logging.log4j.core.appender.AppenderLoggingException: Error writing to stream /dc-app-performance-toolkit/app/results/bitbucket/2020-12-17_12-38-32/jmeter.log
	at org.apache.logging.log4j.core.appender.OutputStreamManager.writeToDestination(OutputStreamManager.java:263)
	at org.apache.logging.log4j.core.appender.FileManager.writeToDestination(FileManager.java:272)
	at org.apache.logging.log4j.core.appender.OutputStreamManager.flushBuffer(OutputStreamManager.java:293)
	at org.apache.logging.log4j.core.appender.OutputStreamManager.flush(OutputStreamManager.java:302)
	at org.apache.logging.log4j.core.appender.AbstractOutputStreamAppender.directEncodeEvent(AbstractOutputStreamAppender.java:199)
	at org.apache.logging.log4j.core.appender.AbstractOutputStreamAppender.tryAppend(AbstractOutputStreamAppender.java:190)
	at org.apache.logging.log4j.core.appender.AbstractOutputStreamAppender.append(AbstractOutputStreamAppender.java:181)
	at org.apache.logging.log4j.core.config.AppenderControl.tryCallAppender(AppenderControl.java:156)
	at org.apache.logging.log4j.core.config.AppenderControl.callAppender0(AppenderControl.java:129)
	at org.apache.logging.log4j.core.config.AppenderControl.callAppenderPreventRecursion(AppenderControl.java:120)
	at org.apache.logging.log4j.core.config.AppenderControl.callAppender(AppenderControl.java:84)
	at org.apache.logging.log4j.core.config.LoggerConfig.callAppenders(LoggerConfig.java:543)
	at org.apache.logging.log4j.core.config.LoggerConfig.processLogEvent(LoggerConfig.java:502)
	at org.apache.logging.log4j.core.config.LoggerConfig.log(LoggerConfig.java:485)
	at org.apache.logging.log4j.core.config.LoggerConfig.logParent(LoggerConfig.java:534)
	at org.apache.logging.log4j.core.config.LoggerConfig.processLogEvent(LoggerConfig.java:504)
	at org.apache.logging.log4j.core.config.LoggerConfig.log(LoggerConfig.java:485)
	at org.apache.logging.log4j.core.config.LoggerConfig.log(LoggerConfig.java:460)
	at org.apache.logging.log4j.core.config.AwaitCompletionReliabilityStrategy.log(AwaitCompletionReliabilityStrategy.java:82)
	at org.apache.logging.log4j.core.Logger.log(Logger.java:162)
	at org.apache.logging.log4j.spi.AbstractLogger.tryLogMessage(AbstractLogger.java:2190)
	at org.apache.logging.log4j.spi.AbstractLogger.logMessageTrackRecursion(AbstractLogger.java:2144)
	at org.apache.logging.log4j.spi.AbstractLogger.logMessageSafely(AbstractLogger.java:2127)
	at org.apache.logging.log4j.spi.AbstractLogger.logMessage(AbstractLogger.java:2003)
	at org.apache.logging.log4j.spi.AbstractLogger.logIfEnabled(AbstractLogger.java:1975)
	at org.apache.logging.slf4j.Log4jLogger.warn(Log4jLogger.java:259)
	at org.apache.jorphan.exec.StreamCopier.run(StreamCopier.java:63)
Caused by: java.io.IOException: No space left on device
	at java.io.FileOutputStream.writeBytes(Native Method)
	at java.io.FileOutputStream.write(FileOutputStream.java:326)
	at org.apache.logging.log4j.core.appender.OutputStreamManager.writeToDestination(OutputStreamManager.java:261)
	... 26 more

2020-12-17 13:17:58,199 Thread-68503 ERROR An exception occurred processing Appender jmeter-log org.apache.logging.log4j.core.appender.AppenderLoggingException: Error writing to stream /dc-app-performance-toolkit/app/results/bitbucket/2020-12-17_12-38-32/jmeter.log
	at org.apache.logging.log4j.core.appender.OutputStreamManager.writeToDestination(OutputStreamManager.java:263)
	at org.apache.logging.log4j.core.appender.FileManager.writeToDestination(FileManager.java:272)
	at org.apache.logging.log4j.core.appender.OutputStreamManager.flushBuffer(OutputStreamManager.java:293)
	at org.apache.logging.log4j.core.appender.OutputStreamManag




Command: Shutdown received from /127.0.0.1



















Tidying up ...    @ Thu Dec 17 13:18:02 UTC 2020 (1608211082000)
... end of run
