[DEPRECATED] The --hatch-rate parameter has been renamed --spawn-rate
 Name                                                          # reqs      # fails  |     Avg     Min     Max  Median  |   req/s failures/s
--------------------------------------------------------------------------------------------------------------------------------------------
 Action locust_app_specific_action                                135     0(0.00%)  |    7637    1525   11416    7900  |    0.15    0.00
 Action locust_comment_page                                       102     0(0.00%)  |     160      95     267     150  |    0.11    0.00
 Action locust_create_and_edit_page:create_page                   145     0(0.00%)  |     632     421     983     500  |    0.16    0.00
 Action locust_create_and_edit_page:create_page_editor            153     0(0.00%)  |     357     215     554     290  |    0.17    0.00
 Action locust_create_and_edit_page:edit_page                     130     0(0.00%)  |     682     444     991     580  |    0.14    0.00
 Action locust_create_and_edit_page:open_editor                   135     0(0.00%)  |     238     146     382     240  |    0.15    0.00
 Action locust_create_blog:blog_editor                             58     0(0.00%)  |     401     255     625     300  |    0.06    0.00
 Action locust_create_blog:feel_and_publish                        54     0(0.00%)  |     617     411     941     480  |    0.06    0.00
 Action locust_like_page                                           69     0(0.00%)  |      61      28      89      53  |    0.08    0.00
 Action locust_login_and_view_dashboard                           200     0(0.00%)  |    2076    1664    2698    2300  |    0.22    0.00
 Action locust_search_cql:recently_viewed                         160     0(0.00%)  |      37      18      58      42  |    0.18    0.00
 Action locust_search_cql:search_results                          153     0(0.00%)  |     418     219    2413     400  |    0.17    0.00
 Action locust_upload_attachment                                  111     0(0.00%)  |     671     413    1374     600  |    0.12    0.00
 Action locust_view_attachment                                     60     0(0.00%)  |     133      93     278     130  |    0.07    0.00
 Action locust_view_blog                                          158     0(0.00%)  |    1301     412    2440    1100  |    0.18    0.00
 Action locust_view_dashboard                                     139     0(0.00%)  |    1511    1144    1880    1700  |    0.15    0.00
 Action locust_view_page:open_page                               1176     0(0.00%)  |     620     291    1266     630  |    1.30    0.00
 Action locust_view_page:view_page_tree                          1135     0(0.00%)  |     125      22     444     120  |    1.26    0.00
--------------------------------------------------------------------------------------------------------------------------------------------
 Aggregated                                                      4273     0(0.00%)  |     756      18   11416     420  |    4.74    0.00

Response time percentiles (approximated)
 Type     Name                                                              50%    66%    75%    80%    90%    95%    98%    99%  99.9% 99.99%   100% # reqs
--------|------------------------------------------------------------|---------|------|------|------|------|------|------|------|------|------|------|------|
 Action   locust_app_specific_action                                       7900   8700   9300   9600  10000  11000  11000  11000  11000  11000  11000    135
 Action   locust_comment_page                                               160    200    210    210    220    220    240    240    270    270    270    102
 Action   locust_create_and_edit_page:create_page                           500    800    810    820    840    870    890    890    980    980    980    145
 Action   locust_create_and_edit_page:create_page_editor                    290    460    470    470    490    500    520    550    550    550    550    153
 Action   locust_create_and_edit_page:edit_page                             600    850    860    860    880    900    940    950    990    990    990    130
 Action   locust_create_and_edit_page:open_editor                           240    290    300    300    310    320    330    330    380    380    380    135
 Action   locust_create_blog:blog_editor                                    300    540    550    550    570    600    610    620    620    620    620     58
 Action   locust_create_blog:feel_and_publish                               490    810    820    830    840    880    880    940    940    940    940     54
 Action   locust_like_page                                                   53     81     83     83     86     87     89     89     89     89     89     69
 Action   locust_login_and_view_dashboard                                  2300   2400   2400   2400   2500   2500   2500   2600   2700   2700   2700    200
 Action   locust_search_cql:recently_viewed                                  43     46     48     49     52     54     56     57     58     58     58    160
 Action   locust_search_cql:search_results                                  400    420    430    430    450    530    680   2100   2400   2400   2400    153
 Action   locust_upload_attachment                                          600    690    790    840   1000   1100   1200   1300   1400   1400   1400    111
 Action   locust_view_attachment                                            130    140    140    150    150    230    250    280    280    280    280     60
 Action   locust_view_blog                                                 1300   1500   1600   1600   1700   2200   2200   2300   2400   2400   2400    158
 Action   locust_view_dashboard                                            1700   1700   1800   1800   1800   1800   1900   1900   1900   1900   1900    139
 Action   locust_view_page:open_page                                        630    680    730    760    870   1100   1100   1200   1300   1300   1300   1176
 Action   locust_view_page:view_page_tree                                   120    140    150    160    190    220    260    280    390    440    440   1135
--------|------------------------------------------------------------|---------|------|------|------|------|------|------|------|------|------|------|------|
 None     Aggregated                                                        420    620    760    840   1700   2300   7000   8800  11000  11000  11000   4273

