[DEPRECATED] The --hatch-rate parameter has been renamed --spawn-rate
 Name                                                          # reqs      # fails  |     Avg     Min     Max  Median  |   req/s failures/s
--------------------------------------------------------------------------------------------------------------------------------------------
 Action locust_app_specific_action                               1434     0(0.00%)  |    1940     511    3854    1900  |    0.48    0.00
 Action locust_comment_page                                      1129     0(0.00%)  |     152     106     321     150  |    0.38    0.00
 Action locust_create_and_edit_page:create_page                  1409     0(0.00%)  |     612     545    2820     600  |    0.47    0.00
 Action locust_create_and_edit_page:create_page_editor           1418     0(0.00%)  |     363     325     595     360  |    0.47    0.00
 Action locust_create_and_edit_page:edit_page                    1390     0(0.00%)  |     633     564     922     620  |    0.46    0.00
 Action locust_create_and_edit_page:open_editor                  1396     0(0.00%)  |     223     196     436     220  |    0.47    0.00
 Action locust_create_blog:blog_editor                            722     0(0.00%)  |     386     347     597     380  |    0.24    0.00
 Action locust_create_blog:feel_and_publish                       720     0(0.00%)  |     621     541    1953     610  |    0.24    0.00
 Action locust_like_page                                          669     0(0.00%)  |      46      31     167      50  |    0.22    0.00
 Action locust_login_and_view_dashboard                           200     0(0.00%)  |    2403    2223    2905    2400  |    0.07    0.00
 Action locust_search_cql:recently_viewed                        1645     0(0.00%)  |      35      26     174      34  |    0.55    0.00
 Action locust_search_cql:search_results                         1636     0(0.00%)  |     496     265    7660     470  |    0.54    0.00
 Action locust_upload_attachment                                 1177     0(0.00%)  |     651     375    2151     560  |    0.39    0.00
 Action locust_view_attachment                                    712     0(0.00%)  |     132      87     366     120  |    0.24    0.00
 Action locust_view_blog                                         1846     0(0.00%)  |    1231     947    2462    1100  |    0.61    0.00
 Action locust_view_dashboard                                    1365     0(0.00%)  |    1900    1594    2927    1900  |    0.45    0.00
 Action locust_view_page:open_page                              12185     0(0.00%)  |     639     425    2462     560  |    4.06    0.00
 Action locust_view_page:view_page_tree                         12135     0(0.00%)  |     130      21     488     130  |    4.04    0.00
--------------------------------------------------------------------------------------------------------------------------------------------
 Aggregated                                                     43188     0(0.00%)  |     526      21    7660     480  |   14.39    0.00

Response time percentiles (approximated)
 Type     Name                                                              50%    66%    75%    80%    90%    95%    98%    99%  99.9% 99.99%   100% # reqs
--------|------------------------------------------------------------|---------|------|------|------|------|------|------|------|------|------|------|------|
 Action   locust_app_specific_action                                       1900   2200   2400   2500   2700   2900   3200   3300   3700   3900   3900   1434
 Action   locust_comment_page                                               150    160    180    180    200    220    240    260    320    320    320   1129
 Action   locust_create_and_edit_page:create_page                           600    610    620    630    660    690    760    800   1400   2800   2800   1409
 Action   locust_create_and_edit_page:create_page_editor                    360    360    370    380    390    420    460    480    590    600    600   1418
 Action   locust_create_and_edit_page:edit_page                             620    630    640    650    690    720    770    820    910    920    920   1390
 Action   locust_create_and_edit_page:open_editor                           220    220    230    230    240    260    280    300    360    440    440   1396
 Action   locust_create_blog:blog_editor                                    380    390    390    400    420    440    470    500    600    600    600    722
 Action   locust_create_blog:feel_and_publish                               610    620    640    640    680    710    750    790   2000   2000   2000    720
 Action   locust_like_page                                                   50     52     53     54     57     61     78    120    170    170    170    669
 Action   locust_login_and_view_dashboard                                  2400   2400   2500   2500   2600   2700   2800   2800   2900   2900   2900    200
 Action   locust_search_cql:recently_viewed                                  34     35     36     37     39     42     60     83    150    170    170   1645
 Action   locust_search_cql:search_results                                  470    510    530    550    610    700   1100   1700   6300   7700   7700   1636
 Action   locust_upload_attachment                                          560    640    750    850   1100   1200   1400   1500   2000   2200   2200   1177
 Action   locust_view_attachment                                            120    130    150    160    190    210    220    240    370    370    370    712
 Action   locust_view_blog                                                 1100   1200   1200   1200   1500   2000   2200   2200   2500   2500   2500   1846
 Action   locust_view_dashboard                                            1900   1900   2000   2000   2100   2200   2300   2400   2600   2900   2900   1365
 Action   locust_view_page:open_page                                        560    600    630    660   1100   1200   1300   1400   1600   2300   2500  12185
 Action   locust_view_page:view_page_tree                                   130    140    150    160    180    200    220    250    330    480    490  12135
--------|------------------------------------------------------------|---------|------|------|------|------|------|------|------|------|------|------|------|
 None     Aggregated                                                        480    570    610    650   1200   1800   2200   2400   3100   3700   7700  43188

