[DEPRECATED] The --hatch-rate parameter has been renamed --spawn-rate
 Name                                                          # reqs      # fails  |     Avg     Min     Max  Median  |   req/s failures/s
--------------------------------------------------------------------------------------------------------------------------------------------
 Action locust_app_specific_action                                494     0(0.00%)  |     340     190    1004     290  |    0.16    0.00
 Action locust_comment_page                                       392     0(0.00%)  |     178     118     298     180  |    0.13    0.00
 Action locust_create_and_edit_page:create_page                   485     0(0.00%)  |     663     473    1196     630  |    0.16    0.00
 Action locust_create_and_edit_page:create_page_editor            493     0(0.00%)  |     371     248    1091     340  |    0.16    0.00
 Action locust_create_and_edit_page:edit_page                     479     0(0.00%)  |     702     521     917     640  |    0.16    0.00
 Action locust_create_and_edit_page:open_editor                   481     0(0.00%)  |     243     174     454     240  |    0.16    0.00
 Action locust_create_blog:blog_editor                            251     0(0.00%)  |     438     303     619     480  |    0.08    0.00
 Action locust_create_blog:feel_and_publish                       249     0(0.00%)  |     681     513     957     730  |    0.08    0.00
 Action locust_like_page                                          259     0(0.00%)  |      65      26     133      63  |    0.09    0.00
 Action locust_login_and_view_dashboard                           200     0(0.00%)  |    1991    1374    2924    1900  |    0.07    0.00
 Action locust_search_cql:recently_viewed                         581     0(0.00%)  |      36      14      94      38  |    0.19    0.00
 Action locust_search_cql:search_results                          578     0(0.00%)  |     391     214    2036     390  |    0.19    0.00
 Action locust_upload_attachment                                  426     0(0.00%)  |     677     443    2025     620  |    0.14    0.00
 Action locust_view_attachment                                    253     0(0.00%)  |     169     104     408     140  |    0.08    0.00
 Action locust_view_blog                                          683     0(0.00%)  |    1413     479    2526    1400  |    0.23    0.00
 Action locust_view_dashboard                                     548     0(0.00%)  |    1388     959    1924    1100  |    0.18    0.00
 Action locust_view_page:open_page                               4575     0(0.00%)  |     632     342    1375     620  |    1.52    0.00
 Action locust_view_page:view_page_tree                          4520     0(0.00%)  |     167      28     764     150  |    1.51    0.00
--------------------------------------------------------------------------------------------------------------------------------------------
 Aggregated                                                     15947     0(0.00%)  |     491      14    2924     410  |    5.31    0.00

Response time percentiles (approximated)
 Type     Name                                                              50%    66%    75%    80%    90%    95%    98%    99%  99.9% 99.99%   100% # reqs
--------|------------------------------------------------------------|---------|------|------|------|------|------|------|------|------|------|------|------|
 Action   locust_app_specific_action                                        290    340    390    420    520    710    770    810   1000   1000   1000    494
 Action   locust_comment_page                                               180    200    210    210    220    240    260    280    300    300    300    392
 Action   locust_create_and_edit_page:create_page                           630    760    780    790    800    820    850    870   1200   1200   1200    485
 Action   locust_create_and_edit_page:create_page_editor                    340    440    450    450    470    480    500    510   1100   1100   1100    493
 Action   locust_create_and_edit_page:edit_page                             640    810    820    830    850    860    890    900    920    920    920    479
 Action   locust_create_and_edit_page:open_editor                           240    270    280    280    290    300    310    340    450    450    450    481
 Action   locust_create_blog:blog_editor                                    480    500    510    520    540    550    570    590    620    620    620    251
 Action   locust_create_blog:feel_and_publish                               730    760    770    780    810    830    850    850    960    960    960    249
 Action   locust_like_page                                                   63     75     78     80     84     86     94    130    130    130    130    259
 Action   locust_login_and_view_dashboard                                  2200   2400   2400   2500   2500   2500   2600   2600   2900   2900   2900    200
 Action   locust_search_cql:recently_viewed                                  38     44     47     48     51     55     60     66     94     94     94    581
 Action   locust_search_cql:search_results                                  390    410    420    420    440    490    760   1100   2000   2000   2000    578
 Action   locust_upload_attachment                                          620    730    790    810    900   1000   1100   1200   2000   2000   2000    426
 Action   locust_view_attachment                                            140    160    180    230    280    300    310    380    410    410    410    253
 Action   locust_view_blog                                                 1400   1600   1700   1800   1900   2100   2200   2400   2500   2500   2500    683
 Action   locust_view_dashboard                                            1200   1700   1800   1800   1800   1800   1900   1900   1900   1900   1900    548
 Action   locust_view_page:open_page                                        620    680    720    740    840   1100   1100   1200   1300   1400   1400   4575
 Action   locust_view_page:view_page_tree                                   150    190    210    220    280    320    380    420    550    760    760   4520
--------|------------------------------------------------------------|---------|------|------|------|------|------|------|------|------|------|------|------|
 None     Aggregated                                                        410    580    660    730    990   1400   1800   1900   2500   2600   2900  15947

