[DEPRECATED] The --hatch-rate parameter has been renamed --spawn-rate
 Name                                                          # reqs      # fails  |     Avg     Min     Max  Median  |   req/s failures/s
--------------------------------------------------------------------------------------------------------------------------------------------
 Action locust_comment_page                                        86     0(0.00%)  |    2898     196    7763    2300  |    0.14    0.00
 Action locust_create_blog                                         49     0(0.00%)  |   38905    3210  104775   32000  |    0.08    0.00
 Action locust_create_blog_editor                                  54     0(0.00%)  |   22001    1906   64997   18000  |    0.09    0.00
 Action locust_create_page                                         81     1(1.23%)  |   40588    1427  107428   31000  |    0.13    0.00
 Action locust_create_page_editor                                  94     1(1.06%)  |   24558     801   65578   18000  |    0.16    0.00
 Action locust_edit_page                                           68     1(1.47%)  |   35667       0  108243   30000  |    0.11    0.00
 Action locust_like_page                                           49     0(0.00%)  |    4468      91   14203    3600  |    0.08    0.00
 Action locust_login_and_view_dashboard                           200     0(0.00%)  |   79093    4845  121164   83000  |    0.33    0.00
 Action locust_open_editor                                         79     1(1.27%)  |   16635       0   50633   14000  |    0.13    0.00
 Action locust_search_cql                                         121     1(0.83%)  |   13122    2463   44665   12000  |    0.20    0.00
 Action locust_search_recently_viewed                             129     2(1.55%)  |    2368      17    7481    1900  |    0.21    0.00
 Action locust_upload_attachments                                  79     0(0.00%)  |   13567    2346   26028   12000  |    0.13    0.00
 Action locust_view_attachments                                    54     0(0.00%)  |    4365     563    8580    3600  |    0.09    0.00
 Action locust_view_blog                                          129     1(0.78%)  |   38665    2272  102646   33000  |    0.21    0.00
 Action locust_view_dashboard                                      92     0(0.00%)  |   69035   12445   95710   67000  |    0.15    0.00
 Action locust_view_page                                          938     3(0.32%)  |   31892     746   91139   26000  |    1.55    0.00
 Action locust_view_page_tree                                     932     0(0.00%)  |    2355     104    9047    2000  |    1.54    0.00
--------------------------------------------------------------------------------------------------------------------------------------------
 Aggregated                                                      3234    11(0.34%)  |   23304       0  121164   15000  |    5.35    0.02

Response time percentiles (approximated)
 Type     Name                                                              50%    66%    75%    80%    90%    95%    98%    99%  99.9% 99.99%   100% # reqs
--------|------------------------------------------------------------|---------|------|------|------|------|------|------|------|------|------|------|------|
 Action   locust_comment_page                                              2400   2900   3700   4000   5800   6800   7400   7800   7800   7800   7800     86
 Action   locust_create_blog                                              32000  36000  37000  37000  85000  99000 105000 105000 105000 105000 105000     49
 Action   locust_create_blog_editor                                       18000  21000  23000  24000  42000  62000  64000  65000  65000  65000  65000     54
 Action   locust_create_page                                              31000  36000  50000  55000  88000 100000 103000 107000 107000 107000 107000     81
 Action   locust_create_page_editor                                       18000  22000  24000  38000  61000  64000  65000  66000  66000  66000  66000     94
 Action   locust_edit_page                                                30000  31000  36000  37000  65000 107000 108000 108000 108000 108000 108000     68
 Action   locust_like_page                                                 3600   4000   4900   5600  11000  13000  14000  14000  14000  14000  14000     49
 Action   locust_login_and_view_dashboard                                 84000 106000 115000 116000 118000 119000 120000 120000 121000 121000 121000    200
 Action   locust_open_editor                                              14000  16000  19000  19000  37000  49000  49000  51000  51000  51000  51000     79
 Action   locust_search_cql                                               12000  13000  14000  16000  20000  21000  23000  39000  45000  45000  45000    121
 Action   locust_search_recently_viewed                                    1900   2200   2500   2800   5900   6600   6900   7300   7500   7500   7500    129
 Action   locust_upload_attachments                                       12000  15000  18000  21000  22000  24000  26000  26000  26000  26000  26000     79
 Action   locust_view_attachments                                          3800   4700   6000   6600   7500   8200   8500   8600   8600   8600   8600     54
 Action   locust_view_blog                                                33000  36000  44000  50000  76000  93000  94000  95000 103000 103000 103000    129
 Action   locust_view_dashboard                                           67000  68000  78000  80000  91000  92000  93000  96000  96000  96000  96000     92
 Action   locust_view_page                                                26000  29000  33000  42000  70000  82000  85000  86000  91000  91000  91000    938
 Action   locust_view_page_tree                                            2000   2300   2600   2800   5300   6100   6900   7300   9000   9000   9000    932
--------|------------------------------------------------------------|---------|------|------|------|------|------|------|------|------|------|------|------|
 None     Aggregated                                                      15000  25000  30000  34000  67000  85000 107000 117000 120000 121000 121000   3234

Error report
 # occurrences      Error                                                                                               
--------------------------------------------------------------------------------------------------------------------------------------------
 1                  Action locust_search_cql: 'HTTPError("502 Server Error: Bad Gateway for url: http://confl-loadb-185evch80nvew-612815241.us-west-1.elb.amazonaws.com:80/rest/api/search?cql=siteSearch~\'hsc\'&start=0&limit=20")'
 1                  Action locust_view_page: "HTTPError('502 Server Error: Bad Gateway for url: http://confl-loadb-185evch80nvew-612815241.us-west-1.elb.amazonaws.com:80/pages/viewpage.action?pageId=1193037')"
 2                  Action locust_search_recently_viewed: "HTTPError('502 Server Error: Bad Gateway for url: http://confl-loadb-185evch80nvew-612815241.us-west-1.elb.amazonaws.com:80/rest/recentlyviewed/1.0/recent?limit=8')"
 1                  Action locust_view_page: "HTTPError('502 Server Error: Bad Gateway for url: http://confl-loadb-185evch80nvew-612815241.us-west-1.elb.amazonaws.com:80/pages/viewpage.action?pageId=1109711')"
 1                  Action locust_view_blog: "HTTPError('502 Server Error: Bad Gateway for url: http://confl-loadb-185evch80nvew-612815241.us-west-1.elb.amazonaws.com:80/pages/viewpage.action?pageId=25974931')"
 1                  Action locust_create_page_editor: "HTTPError('502 Server Error: Bad Gateway for url: http://confl-loadb-185evch80nvew-612815241.us-west-1.elb.amazonaws.com:80/pages/createpage.action?spaceKey=CPFDA&fromPageId=1180578&src=quick-create')"
 1                  Action locust_create_page: "AssertionError('Could not create PAGE draft.')"                         
 1                  Action locust_open_editor: "KeyError('create_page_id')"                                             
 1                  Action locust_edit_page: "KeyError('edit_parent_page_id')"                                          
 1                  Action locust_view_page: "HTTPError('502 Server Error: Bad Gateway for url: http://confl-loadb-185evch80nvew-612815241.us-west-1.elb.amazonaws.com:80/pages/viewpage.action?pageId=1083438')"
--------------------------------------------------------------------------------------------------------------------------------------------

