[DEPRECATED] The --hatch-rate parameter has been renamed --spawn-rate
 Name                                                          # reqs      # fails  |     Avg     Min     Max  Median  |   req/s failures/s
--------------------------------------------------------------------------------------------------------------------------------------------
 Action locust_app_specific_action                                530     0(0.00%)  |     312     150     836     280  |    0.18    0.00
 Action locust_comment_page                                       486     0(0.00%)  |     179      96     303     210  |    0.16    0.00
 Action locust_create_and_edit_page:create_page                   503     0(0.00%)  |     672     427     922     770  |    0.17    0.00
 Action locust_create_and_edit_page:create_page_editor            511     0(0.00%)  |     376     228     556     440  |    0.17    0.00
 Action locust_create_and_edit_page:edit_page                     493     0(0.00%)  |     721     461    1009     850  |    0.16    0.00
 Action locust_create_and_edit_page:open_editor                   498     0(0.00%)  |     249     159     372     270  |    0.17    0.00
 Action locust_create_blog:blog_editor                            258     0(0.00%)  |     447     269     635     540  |    0.09    0.00
 Action locust_create_blog:feel_and_publish                       253     0(0.00%)  |     697     445    1104     820  |    0.08    0.00
 Action locust_like_page                                          236     0(0.00%)  |      65      30     122      59  |    0.08    0.00
 Action locust_login_and_view_dashboard                           200     0(0.00%)  |    1972    1306    2555    2200  |    0.07    0.00
 Action locust_search_cql:recently_viewed                         600     0(0.00%)  |      37      18     112      35  |    0.20    0.00
 Action locust_search_cql:search_results                          591     0(0.00%)  |     435     212    5740     410  |    0.20    0.00
 Action locust_upload_attachment                                  439     0(0.00%)  |     673     382    1692     630  |    0.15    0.00
 Action locust_view_attachment                                    235     0(0.00%)  |     176     103     405     150  |    0.08    0.00
 Action locust_view_blog                                          711     0(0.00%)  |    1296     613    2472    1300  |    0.24    0.00
 Action locust_view_dashboard                                     487     0(0.00%)  |    1469     943    2045    1400  |    0.16    0.00
 Action locust_view_page:open_page                               4478     0(0.00%)  |     615     322    1251     620  |    1.49    0.00
 Action locust_view_page:view_page_tree                          4431     0(0.00%)  |     133      24     908     120  |    1.48    0.00
--------------------------------------------------------------------------------------------------------------------------------------------
 Aggregated                                                     15940     0(0.00%)  |     474      18    5740     400  |    5.31    0.00

Response time percentiles (approximated)
 Type     Name                                                              50%    66%    75%    80%    90%    95%    98%    99%  99.9% 99.99%   100% # reqs
--------|------------------------------------------------------------|---------|------|------|------|------|------|------|------|------|------|------|------|
 Action   locust_app_specific_action                                        280    310    340    380    490    600    690    700    840    840    840    530
 Action   locust_comment_page                                               210    220    230    230    240    260    270    280    300    300    300    486
 Action   locust_create_and_edit_page:create_page                           770    830    840    850    860    880    890    900    920    920    920    503
 Action   locust_create_and_edit_page:create_page_editor                    440    470    470    480    490    500    510    520    560    560    560    511
 Action   locust_create_and_edit_page:edit_page                             850    890    910    910    930    950    980    990   1000   1000   1000    493
 Action   locust_create_and_edit_page:open_editor                           270    290    300    300    310    320    330    340    370    370    370    498
 Action   locust_create_blog:blog_editor                                    540    560    560    570    580    590    600    620    640    640    640    258
 Action   locust_create_blog:feel_and_publish                               820    850    860    870    890    910    920    940   1100   1100   1100    253
 Action   locust_like_page                                                   59     79     82     83     86     89     96     99    120    120    120    236
 Action   locust_login_and_view_dashboard                                  2200   2300   2300   2400   2400   2400   2500   2500   2600   2600   2600    200
 Action   locust_search_cql:recently_viewed                                  36     44     46     47     50     53     63     68    110    110    110    600
 Action   locust_search_cql:search_results                                  410    460    460    470    480    550    990   1700   5700   5700   5700    591
 Action   locust_upload_attachment                                          630    710    790    840    930   1100   1200   1300   1700   1700   1700    439
 Action   locust_view_attachment                                            150    170    220    240    290    310    320    340    400    400    400    235
 Action   locust_view_blog                                                 1300   1500   1600   1600   1800   2000   2200   2400   2500   2500   2500    711
 Action   locust_view_dashboard                                            1400   1800   1800   1800   1800   1800   1900   1900   2000   2000   2000    487
 Action   locust_view_page:open_page                                        620    670    710    740    830   1000   1100   1100   1200   1300   1300   4478
 Action   locust_view_page:view_page_tree                                   120    140    160    170    210    240    300    340    550    910    910   4431
--------|------------------------------------------------------------|---------|------|------|------|------|------|------|------|------|------|------|------|
 None     Aggregated                                                        400    540    650    720    940   1400   1800   1900   2400   5700   5700  15940

