[2021-03-12 08:48:22,154 INFO root] Taurus CLI Tool v1.15.1
[2021-03-12 08:48:22,154 DEBUG root] Build: 13973 Fri Oct 30 09:16:46 UTC 2020
[2021-03-12 08:48:22,154 DEBUG root] Extended git info:  3fecb4b9 Release 1.15.1 (#1420)
[2021-03-12 08:48:22,154 DEBUG root] Command-line options: {'log': '/tmp/bzt_gvuj8n8e.log', 'option': ['modules.console.disable=true'], 'quiet': None, 'verbose': None, 'no_system_configs': None, 'aliases': []}
[2021-03-12 08:48:22,154 DEBUG root] Python: CPython 3.8.0
[2021-03-12 08:48:22,154 DEBUG root] OS: uname_result(system='Linux', node='3cf95b26c6bb', release='5.4.0-1037-aws', version='#39~18.04.1-Ubuntu SMP Fri Jan 15 02:48:42 UTC 2021', machine='x86_64', processor='x86_64')
[2021-03-12 08:48:22,155 INFO root] Starting with configs: ['confluence.yml']
[2021-03-12 08:48:22,155 DEBUG root] Using personal config: /root/.bzt-rc
[2021-03-12 08:48:22,155 INFO Engine] Configuring...
[2021-03-12 08:48:22,155 DEBUG Engine] Reading system configs from: /etc/bzt.d
[2021-03-12 08:48:22,163 DEBUG Engine] Base configs list: ['/usr/local/lib/python3.8/dist-packages/bzt/resources/10-base-config.yml', '/etc/bzt.d/50-pbench-enhanced.json', '/etc/bzt.d/90-artifacts-dir.json', '/etc/bzt.d/99-zinstallID.json']
[2021-03-12 08:48:22,163 DEBUG Engine.Configuration] Configs: ['/usr/local/lib/python3.8/dist-packages/bzt/resources/10-base-config.yml', '/etc/bzt.d/50-pbench-enhanced.json', '/etc/bzt.d/90-artifacts-dir.json', '/etc/bzt.d/99-zinstallID.json']
[2021-03-12 08:48:22,163 DEBUG Engine.Configuration] Reading /usr/local/lib/python3.8/dist-packages/bzt/resources/10-base-config.yml as YAML
[2021-03-12 08:48:22,177 DEBUG Engine.Configuration] Reading /etc/bzt.d/50-pbench-enhanced.json as YAML
[2021-03-12 08:48:22,178 DEBUG Engine.Configuration] Reading /etc/bzt.d/90-artifacts-dir.json as YAML
[2021-03-12 08:48:22,178 DEBUG Engine.Configuration] Reading /etc/bzt.d/99-zinstallID.json as YAML
[2021-03-12 08:48:22,178 DEBUG Engine] User configs list: ['/root/.bzt-rc', 'confluence.yml']
[2021-03-12 08:48:22,178 DEBUG Engine.Configuration] Configs: ['/root/.bzt-rc', 'confluence.yml']
[2021-03-12 08:48:22,179 DEBUG Engine.Configuration] Reading /root/.bzt-rc as YAML
[2021-03-12 08:48:22,181 DEBUG Engine.Configuration] Reading confluence.yml as YAML
[2021-03-12 08:48:22,190 DEBUG Engine.Configuration] Configs: ['/root/.bzt-rc', 'confluence.yml']
[2021-03-12 08:48:22,190 DEBUG Engine.Configuration] Reading /root/.bzt-rc as YAML
[2021-03-12 08:48:22,193 DEBUG Engine.Configuration] Reading confluence.yml as YAML
[2021-03-12 08:48:22,206 DEBUG Engine] Requesting updates info: https://gettaurus.org/updates/?version=1.15.1&installID=Docker
[2021-03-12 08:48:22,206 DEBUG ConfigOverrider] Applying modules.console.disable=true
[2021-03-12 08:48:22,206 DEBUG HTTPClient] Making HTTP request GET https://gettaurus.org/updates/?version=1.15.1&installID=Docker
[2021-03-12 08:48:22,207 DEBUG ConfigOverrider] Applying: [disable]=true
[2021-03-12 08:48:22,207 DEBUG ConfigOverrider] Parsed override value: 'true' -> True (<class 'bool'>)
[2021-03-12 08:48:22,207 INFO Engine] Artifacts dir: /dc-app-performance-toolkit/app/results/confluence/2021-03-12_08-48-22
[2021-03-12 08:48:22,208 DEBUG Engine] New artifact filename: /dc-app-performance-toolkit/app/results/confluence/2021-03-12_08-48-22/effective
[2021-03-12 08:48:22,210 DEBUG urllib3.connectionpool] Starting new HTTPS connection (1): gettaurus.org:443
[2021-03-12 08:48:22,210 DEBUG Engine.Configuration] Dumping YAML config into /dc-app-performance-toolkit/app/results/confluence/2021-03-12_08-48-22/effective.yml
[2021-03-12 08:48:22,223 DEBUG Engine.Configuration] Dumping JSON config into /dc-app-performance-toolkit/app/results/confluence/2021-03-12_08-48-22/effective.json
[2021-03-12 08:48:22,224 DEBUG Engine] New artifact filename: /dc-app-performance-toolkit/app/results/confluence/2021-03-12_08-48-22/merged.yml
[2021-03-12 08:48:22,224 DEBUG Engine.Configuration] Dumping YAML config into /dc-app-performance-toolkit/app/results/confluence/2021-03-12_08-48-22/merged.yml
[2021-03-12 08:48:22,229 DEBUG Engine] New artifact filename: /dc-app-performance-toolkit/app/results/confluence/2021-03-12_08-48-22/merged.json
[2021-03-12 08:48:22,229 DEBUG Engine.Configuration] Dumping JSON config into /dc-app-performance-toolkit/app/results/confluence/2021-03-12_08-48-22/merged.json
[2021-03-12 08:48:22,230 DEBUG Engine] Add existing artifact (move=False): confluence.yml
[2021-03-12 08:48:22,230 DEBUG Engine] Copying confluence.yml to /dc-app-performance-toolkit/app/results/confluence/2021-03-12_08-48-22/confluence.yml
[2021-03-12 08:48:22,230 DEBUG Engine] Set PYTHONPATH to '/root/.bzt/python-packages/3.8.0' + '/dc-app-performance-toolkit/app/results/confluence/2021-03-12_08-48-22/python-packages/3.8.0' + 
[2021-03-12 08:48:22,230 DEBUG Engine] Content of user packages dir: %s
[2021-03-12 08:48:22,230 DEBUG Engine] OS env: OBJC_DISABLE_INITIALIZE_FORK_SAFETY=YES
[2021-03-12 08:48:22,230 DEBUG Engine] OS env: application_hostname=confl-loadb-n2u031dw0abo-199959073.us-east-1.elb.amazonaws.com
[2021-03-12 08:48:22,230 DEBUG Engine] OS env: application_protocol=http
[2021-03-12 08:48:22,230 DEBUG Engine] OS env: application_port=80
[2021-03-12 08:48:22,230 DEBUG Engine] OS env: secure=True
[2021-03-12 08:48:22,230 DEBUG Engine] OS env: admin_login=admin
[2021-03-12 08:48:22,231 DEBUG Engine] OS env: admin_password=admin
[2021-03-12 08:48:22,231 DEBUG Engine] OS env: load_executor=locust
[2021-03-12 08:48:22,231 DEBUG Engine] OS env: concurrency=200
[2021-03-12 08:48:22,231 DEBUG Engine] OS env: test_duration=45m
[2021-03-12 08:48:22,231 DEBUG Engine] OS env: ramp-up=5m
[2021-03-12 08:48:22,231 DEBUG Engine] OS env: total_actions_per_hour=20000
[2021-03-12 08:48:22,231 DEBUG Engine] OS env: WEBDRIVER_VISIBLE=False
[2021-03-12 08:48:22,231 DEBUG Engine] OS env: JMETER_VERSION=5.2.1
[2021-03-12 08:48:22,231 DEBUG Engine] OS env: LANGUAGE=en_US.utf8
[2021-03-12 08:48:22,231 DEBUG Engine] OS env: allow_analytics=True
[2021-03-12 08:48:22,231 DEBUG Engine] OS env: view_page=54
[2021-03-12 08:48:22,231 DEBUG Engine] OS env: view_dashboard=6
[2021-03-12 08:48:22,231 DEBUG Engine] OS env: view_blog=8
[2021-03-12 08:48:22,231 DEBUG Engine] OS env: search_cql=7
[2021-03-12 08:48:22,231 DEBUG Engine] OS env: create_blog=3
[2021-03-12 08:48:22,231 DEBUG Engine] OS env: create_and_edit_page=6
[2021-03-12 08:48:22,231 DEBUG Engine] OS env: comment_page=5
[2021-03-12 08:48:22,231 DEBUG Engine] OS env: view_attachment=3
[2021-03-12 08:48:22,231 DEBUG Engine] OS env: upload_attachment=5
[2021-03-12 08:48:22,231 DEBUG Engine] OS env: like_page=3
[2021-03-12 08:48:22,231 DEBUG Engine] OS env: standalone_extension=0
[2021-03-12 08:48:22,231 DEBUG Engine] OS env: custom_dataset_query=title ~ 'github*'
[2021-03-12 08:48:22,231 DEBUG Engine] OS env: TAURUS_ARTIFACTS_DIR=/dc-app-performance-toolkit/app/results/confluence/2021-03-12_08-48-22
[2021-03-12 08:48:22,231 DEBUG root] Closing log handler: /tmp/bzt_gvuj8n8e.log
[2021-03-12 08:48:22,231 DEBUG root] Switched writing logs to /dc-app-performance-toolkit/app/results/confluence/2021-03-12_08-48-22/bzt.log
[2021-03-12 08:48:22,231 DEBUG root] Linting config
[2021-03-12 08:48:22,233 INFO Engine] Preparing...
[2021-03-12 08:48:22,234 DEBUG Engine] Module config: consolidator {'class': 'bzt.modules.aggregator.ConsolidatingAggregator', 'rtimes-len': 0, 'percentiles': []}
[2021-03-12 08:48:22,234 DEBUG root] Importing module: bzt.modules.aggregator
[2021-03-12 08:48:22,326 DEBUG root] Loading class: 'ConsolidatingAggregator' from <module 'bzt.modules.aggregator' from '/usr/local/lib/python3.8/dist-packages/bzt/modules/aggregator.py'>
[2021-03-12 08:48:22,326 DEBUG Engine.consolidator] Buffer scaling setup: percentile None from [] selected
[2021-03-12 08:48:22,326 DEBUG Engine] Module config: monitoring {'class': 'bzt.modules.monitoring.Monitoring'}
[2021-03-12 08:48:22,326 DEBUG root] Importing module: bzt.modules.monitoring
[2021-03-12 08:48:22,328 DEBUG root] Loading class: 'Monitoring' from <module 'bzt.modules.monitoring' from '/usr/local/lib/python3.8/dist-packages/bzt/modules/monitoring.py'>
[2021-03-12 08:48:22,328 DEBUG Engine] Module config: shellexec {'class': 'bzt.modules.shellexec.ShellExecutor'}
[2021-03-12 08:48:22,328 DEBUG root] Importing module: bzt.modules.shellexec
[2021-03-12 08:48:22,333 DEBUG easyprocess] version=0.3
[2021-03-12 08:48:22,334 DEBUG pyvirtualdisplay] version=2.0
[2021-03-12 08:48:22,341 DEBUG root] Loading class: 'ShellExecutor' from <module 'bzt.modules.shellexec' from '/usr/local/lib/python3.8/dist-packages/bzt/modules/shellexec.py'>
[2021-03-12 08:48:22,341 DEBUG Engine.shellexec] Added prepare task: {'command': 'python util/pre_run/environment_checker.py'}
[2021-03-12 08:48:22,341 DEBUG Engine.shellexec] Added prepare task: {'command': 'python util/data_preparation/confluence_prepare_data.py'}
[2021-03-12 08:48:22,341 DEBUG Engine.shellexec] Added shutdown task: {'command': 'python util/post_run/jmeter_post_check.py'}
[2021-03-12 08:48:22,341 DEBUG Engine.shellexec] Added shutdown task: {'command': 'python util/jtl_convertor/jtls-to-csv.py kpi.jtl selenium.jtl'}
[2021-03-12 08:48:22,341 DEBUG Engine.shellexec] Added post-process task: {'command': 'python util/analytics/analytics.py confluence'}
[2021-03-12 08:48:22,341 DEBUG Engine.shellexec] Added post-process task: {'command': 'python util/post_run/cleanup_results_dir.py'}
[2021-03-12 08:48:22,341 INFO Engine.shellexec.Task] Starting shell command: python util/pre_run/environment_checker.py
[2021-03-12 08:48:22,342 DEBUG root] Executing shell: python util/pre_run/environment_checker.py at /dc-app-performance-toolkit/app
[2021-03-12 08:48:22,420 DEBUG Engine.shellexec.Task] Output for python util/pre_run/environment_checker.py:
Python version: 3.8.0
Data Center App Performance Toolkit version: 4.0.0

[2021-03-12 08:48:22,420 DEBUG Engine.shellexec.Task] Task was finished with exit code 0: python util/pre_run/environment_checker.py
[2021-03-12 08:48:22,420 INFO Engine.shellexec.Task] Starting shell command: python util/data_preparation/confluence_prepare_data.py
[2021-03-12 08:48:22,420 DEBUG root] Executing shell: python util/data_preparation/confluence_prepare_data.py at /dc-app-performance-toolkit/app
[2021-03-12 08:48:22,811 DEBUG urllib3.connectionpool] https://gettaurus.org:443 "GET /updates/?version=1.15.1&installID=Docker HTTP/1.1" 200 39
[2021-03-12 08:48:22,812 DEBUG Engine] Taurus updates info: {'latest': '1.15.2', 'needsUpgrade': True}
[2021-03-12 08:48:22,812 WARNING Engine] There is newer version of Taurus 1.15.2 available, consider upgrading. What's new: http://gettaurus.org/docs/Changelog/
[2021-03-12 08:49:01,356 DEBUG Engine.shellexec.Task] Output for python util/data_preparation/confluence_prepare_data.py:
Started preparing data
Server url:  http://confl-loadb-n2u031dw0abo-199959073.us-east-1.elb.amazonaws.com:80
User performance_cjbziyqwzc is created, number of users to create is 200
User performance_tebdvlepwy is created, number of users to create is 199
User performance_astbteqglp is created, number of users to create is 198
User performance_njeqemgeec is created, number of users to create is 197
User performance_ggodmtbiny is created, number of users to create is 196
User performance_fdgmqnxrin is created, number of users to create is 195
User performance_bxybtmeuhb is created, number of users to create is 194
User performance_hgavvbzoji is created, number of users to create is 193
User performance_knycytrxfu is created, number of users to create is 192
User performance_chjhhgbbak is created, number of users to create is 191
User performance_tmwxtojryj is created, number of users to create is 190
User performance_kwuksxkdxq is created, number of users to create is 189
User performance_wmfvackzdh is created, number of users to create is 188
User performance_tiusxkafec is created, number of users to create is 187
User performance_duyycjeele is created, number of users to create is 186
User performance_bfbngjjwmy is created, number of users to create is 185
User performance_qyzjegepjw is created, number of users to create is 184
User performance_npqyzbgiyt is created, number of users to create is 183
User performance_bmnlepwupx is created, number of users to create is 182
User performance_cxkmoesgby is created, number of users to create is 181
User performance_twfnqbzgxu is created, number of users to create is 180
User performance_fhtfmgwowf is created, number of users to create is 179
User performance_iwgvudcypa is created, number of users to create is 178
User performance_kbmhbdfkhe is created, number of users to create is 177
User performance_hjeivmcpdr is created, number of users to create is 176
User performance_ppmoymswsx is created, number of users to create is 175
User performance_kqltvzngjp is created, number of users to create is 174
User performance_qvhfkxicas is created, number of users to create is 173
User performance_cvbeffkxtf is created, number of users to create is 172
User performance_nkktecmfqb is created, number of users to create is 171
User performance_iypzqmcszg is created, number of users to create is 170
User performance_guadfqmhmj is created, number of users to create is 169
User performance_idktujobpj is created, number of users to create is 168
User performance_fgwoehrpph is created, number of users to create is 167
User performance_ibmjyhrxji is created, number of users to create is 166
User performance_wpkkkvkbea is created, number of users to create is 165
User performance_hqmbpgheqa is created, number of users to create is 164
User performance_ghfvkuccse is created, number of users to create is 163
User performance_tzwcbtwvfd is created, number of users to create is 162
User performance_ncfhqmntqb is created, number of users to create is 161
User performance_ohobyoxmem is created, number of users to create is 160
User performance_tydjfshrpg is created, number of users to create is 159
User performance_fxqxhjgtlm is created, number of users to create is 158
User performance_zijjnqjusw is created, number of users to create is 157
User performance_rpjpwiadpg is created, number of users to create is 156
User performance_rpdnegdgok is created, number of users to create is 155
User performance_wkqzcfkmtl is created, number of users to create is 154
User performance_syoiddjsra is created, number of users to create is 153
User performance_flzhxhqjpr is created, number of users to create is 152
User performance_udhfxcrhfi is created, number of users to create is 151
User performance_wvazginkue is created, number of users to create is 150
User performance_hgwdmjwfsa is created, number of users to create is 149
User performance_klpscggnuf is created, number of users to create is 148
User performance_etwavntlsl is created, number of users to create is 147
User performance_xhymveuagi is created, number of users to create is 146
User performance_thiozkwayu is created, number of users to create is 145
User performance_gqohduksjw is created, number of users to create is 144
User performance_vyytisqmpx is created, number of users to create is 143
User performance_hhwpjgzevp is created, number of users to create is 142
User performance_mhaaqxmjvl is created, number of users to create is 141
User performance_gpphwhnfjr is created, number of users to create is 140
User performance_rkvvxreoql is created, number of users to create is 139
User performance_gwmcqxeste is created, number of users to create is 138
User performance_npfdhpoinb is created, number of users to create is 137
User performance_bxhojzrgrl is created, number of users to create is 136
User performance_rtpevqsvvq is created, number of users to create is 135
User performance_gqxermhatb is created, number of users to create is 134
User performance_gwbozbdhxw is created, number of users to create is 133
User performance_xfluuohblf is created, number of users to create is 132
User performance_csoyiikimk is created, number of users to create is 131
User performance_omymgzzuyd is created, number of users to create is 130
User performance_ggjqzklabj is created, number of users to create is 129
User performance_annoysqght is created, number of users to create is 128
User performance_oczpasglnp is created, number of users to create is 127
User performance_sqgkpmlqde is created, number of users to create is 126
User performance_mrpkmlhrmu is created, number of users to create is 125
User performance_smjslwquqw is created, number of users to create is 124
User performance_davhwihngv is created, number of users to create is 123
User performance_tskwcveimy is created, number of users to create is 122
User performance_miswreowuv is created, number of users to create is 121
User performance_rhgsbxrzan is created, number of users to create is 120
User performance_szuoyvefjz is created, number of users to create is 119
User performance_ttqcseebrl is created, number of users to create is 118
User performance_yicunajsyj is created, number of users to create is 117
User performance_tsjhqyhoxr is created, number of users to create is 116
User performance_uygtgkdmmp is created, number of users to create is 115
User performance_rrbpomkyfj is created, number of users to create is 114
User performance_vuuznjorwn is created, number of users to create is 113
User performance_rwhofkjgra is created, number of users to create is 112
User performance_yfkqgpqgtf is created, number of users to create is 111
User performance_ochaqmhiki is created, number of users to create is 110
User performance_rnqtzkquvm is created, number of users to create is 109
User performance_wkdbjuzjtn is created, number of users to create is 108
User performance_mdokqgqqml is created, number of users to create is 107
User performance_anftshxsur is created, number of users to create is 106
User performance_akdaatuadu is created, number of users to create is 105
User performance_dmlrrzkdul is created, number of users to create is 104
User performance_utocxwhifv is created, number of users to create is 103
User performance_petqdkhfat is created, number of users to create is 102
User performance_qpklwkmriz is created, number of users to create is 101
User performance_vfdctcxubc is created, number of users to create is 100
User performance_woozukmzlj is created, number of users to create is 99
User performance_lggfzuoyjz is created, number of users to create is 98
User performance_itrphvpxrz is created, number of users to create is 97
User performance_qlybgcczxy is created, number of users to create is 96
User performance_lizundwxwm is created, number of users to create is 95
User performance_eegfecrlcv is created, number of users to create is 94
User performance_ixoxgpwmhs is created, number of users to create is 93
User performance_edicaxpnes is created, number of users to create is 92
User performance_gudowscfju is created, number of users to create is 91
User performance_jpqadcmflx is created, number of users to create is 90
User performance_lqdqpugqcw is created, number of users to create is 89
User performance_oenevevenu is created, number of users to create is 88
User performance_ucbyjsivbg is created, number of users to create is 87
User performance_pexrhkrhpx is created, number of users to create is 86
User performance_shrtyujkum is created, number of users to create is 85
User performance_wgifjkeigy is created, number of users to create is 84
User performance_xegckwaujn is created, number of users to create is 83
User performance_xzyyisijpr is created, number of users to create is 82
User performance_gwcorvnest is created, number of users to create is 81
User performance_cnxvvxrinq is created, number of users to create is 80
User performance_bgkyjtiqrv is created, number of users to create is 79
User performance_yujalczcrn is created, number of users to create is 78
User performance_fyjlroeenp is created, number of users to create is 77
User performance_hzvfhfjpdd is created, number of users to create is 76
User performance_cqvwuagmva is created, number of users to create is 75
User performance_kkrjuefghe is created, number of users to create is 74
User performance_gbwppvqxmk is created, number of users to create is 73
User performance_zqwwfcvokp is created, number of users to create is 72
User performance_xmwtiuaxde is created, number of users to create is 71
User performance_etkcbcmemn is created, number of users to create is 70
User performance_qbvgsxrbgt is created, number of users to create is 69
User performance_wbekrftfzy is created, number of users to create is 68
User performance_ewxofijfcn is created, number of users to create is 67
User performance_fwidzzluda is created, number of users to create is 66
User performance_esxweshpts is created, number of users to create is 65
User performance_lflpmujlso is created, number of users to create is 64
User performance_qpaihjfjgh is created, number of users to create is 63
User performance_tuuvnhmbhp is created, number of users to create is 62
User performance_gedpwnrmdm is created, number of users to create is 61
User performance_xedjwbvhjw is created, number of users to create is 60
User performance_ukzorhwtcw is created, number of users to create is 59
User performance_zkzvfjftgt is created, number of users to create is 58
User performance_buqrykhjxb is created, number of users to create is 57
User performance_jiphswnsye is created, number of users to create is 56
User performance_scndhnnisw is created, number of users to create is 55
User performance_gcefiqgtss is created, number of users to create is 54
User performance_rmbbzaulzj is created, number of users to create is 53
User performance_mdlicvsroh is created, number of users to create is 52
User performance_xblviqblfi is created, number of users to create is 51
User performance_heanvaooms is created, number of users to create is 50
User performance_xpxfbndgvb is created, number of users to create is 49
User performance_pitnfyhuue is created, number of users to create is 48
User performance_gcyiapzpet is created, number of users to create is 47
User performance_asgpqdbdzg is created, number of users to create is 46
User performance_mrjboqhxzn is created, number of users to create is 45
User performance_cmpsttczcv is created, number of users to create is 44
User performance_pasgftehrt is created, number of users to create is 43
User performance_wthogbxwol is created, number of users to create is 42
User performance_fjhkmbftxs is created, number of users to create is 41
User performance_yvieoaybkw is created, number of users to create is 40
User performance_opmtwiuyzy is created, number of users to create is 39
User performance_hjblpkgpxf is created, number of users to create is 38
User performance_bafqddzdoz is created, number of users to create is 37
User performance_qxyfqpvhpo is created, number of users to create is 36
User performance_zsywiuenjf is created, number of users to create is 35
User performance_stlmlifbgz is created, number of users to create is 34
User performance_ojaaremocm is created, number of users to create is 33
User performance_calrxyvqci is created, number of users to create is 32
User performance_hwogprhcyv is created, number of users to create is 31
User performance_ovrdlgbfxu is created, number of users to create is 30
User performance_qfpjkcqokz is created, number of users to create is 29
User performance_mvtwwdotla is created, number of users to create is 28
User performance_lxdahcjttr is created, number of users to create is 27
User performance_hyetphegmn is created, number of users to create is 26
User performance_coxyonvrrg is created, number of users to create is 25
User performance_yxhtubeydc is created, number of users to create is 24
User performance_bfimhowzsl is created, number of users to create is 23
User performance_wxoodzydjl is created, number of users to create is 22
User performance_nkmnqsxmyk is created, number of users to create is 21
User performance_hqfwqkecep is created, number of users to create is 20
User performance_stjclqnqij is created, number of users to create is 19
User performance_noscibbdhp is created, number of users to create is 18
User performance_mnrxdrihgx is created, number of users to create is 17
User performance_rildabceax is created, number of users to create is 16
User performance_tsphxmzipy is created, number of users to create is 15
User performance_ncucukydfz is created, number of users to create is 14
User performance_mbuaxthwqj is created, number of users to create is 13
User performance_rceaeosbzq is created, number of users to create is 12
User performance_xzdfwdafsb is created, number of users to create is 11
User performance_vevbaysbpq is created, number of users to create is 10
User performance_wzotrpxgyd is created, number of users to create is 9
User performance_udlnakwzhj is created, number of users to create is 8
User performance_pulasojodn is created, number of users to create is 7
User performance_picofnypfi is created, number of users to create is 6
User performance_vvxradwyfe is created, number of users to create is 5
User performance_podhdfppqy is created, number of users to create is 4
User performance_xxhommgkby is created, number of users to create is 3
User performance_oiyobasqlr is created, number of users to create is 2
User performance_poxtkaerjy is created, number of users to create is 1
All performance test users were successfully created

[2021-03-12 08:49:01,356 WARNING Engine.shellexec.Task] Errors for python util/data_preparation/confluence_prepare_data.py:
There are no Pages in Confluence accessible by a random performance user: performance_hwogprhcyv

[2021-03-12 08:49:01,356 DEBUG Engine.shellexec.Task] Task was finished with exit code 1: python util/data_preparation/confluence_prepare_data.py
[2021-03-12 08:49:01,357 ERROR root] CalledProcessError: Command 'python util/data_preparation/confluence_prepare_data.py' returned non-zero exit status 1.
  File "/usr/local/lib/python3.8/dist-packages/bzt/cli.py", line 261, in perform
    self.engine.prepare()
  File "/usr/local/lib/python3.8/dist-packages/bzt/engine/engine.py", line 215, in prepare
    self.__prepare_services()
  File "/usr/local/lib/python3.8/dist-packages/bzt/engine/engine.py", line 668, in __prepare_services
    module.prepare()
  File "/usr/local/lib/python3.8/dist-packages/bzt/modules/shellexec.py", line 130, in prepare
    task.start()
  File "/usr/local/lib/python3.8/dist-packages/bzt/modules/shellexec.py", line 217, in start
    self._get_results()
  File "/usr/local/lib/python3.8/dist-packages/bzt/modules/shellexec.py", line 244, in _get_results
    raise CalledProcessError(self.process.returncode, self)
[2021-03-12 08:49:01,357 INFO Engine] Post-processing...
[2021-03-12 08:49:01,357 DEBUG Engine.consolidator] Consolidator buffer[0]: dict_keys([])
[2021-03-12 08:49:01,357 INFO Engine.shellexec.Task] Starting shell command: python util/analytics/analytics.py confluence
[2021-03-12 08:49:01,357 DEBUG root] Executing shell: python util/analytics/analytics.py confluence at /dc-app-performance-toolkit/app
[2021-03-12 08:49:01,522 WARNING Engine.shellexec.Task] Errors for python util/analytics/analytics.py confluence:
Traceback (most recent call last):
  File "util/analytics/analytics.py", line 162, in <module>
    main()
  File "util/analytics/analytics.py", line 155, in main
    collector = AnalyticsCollector(application)
  File "util/analytics/analytics.py", line 35, in __init__
    self.results_log = ResultsFileReader()
  File "/dc-app-performance-toolkit/app/util/analytics/log_reader.py", line 125, in __init__
    self.results_log = self.get_results_log()
  File "/dc-app-performance-toolkit/app/util/analytics/log_reader.py", line 129, in get_results_log
    self.validate_file_exists(results_log_path)
  File "/dc-app-performance-toolkit/app/util/analytics/log_reader.py", line 16, in validate_file_exists
    raise Exception(f'{path} does not exist')
Exception: /dc-app-performance-toolkit/app/results/confluence/2021-03-12_08-48-22/results.csv does not exist

[2021-03-12 08:49:01,522 DEBUG Engine.shellexec.Task] Task was finished with exit code 1: python util/analytics/analytics.py confluence
[2021-03-12 08:49:01,522 DEBUG Engine] post_process: Command 'python util/analytics/analytics.py confluence' returned non-zero exit status 1.
Traceback (most recent call last):
  File "/usr/local/lib/python3.8/dist-packages/bzt/engine/engine.py", line 340, in post_process
    module.post_process()
  File "/usr/local/lib/python3.8/dist-packages/bzt/modules/shellexec.py", line 159, in post_process
    task.start()
  File "/usr/local/lib/python3.8/dist-packages/bzt/modules/shellexec.py", line 217, in start
    self._get_results()
  File "/usr/local/lib/python3.8/dist-packages/bzt/modules/shellexec.py", line 244, in _get_results
    raise CalledProcessError(self.process.returncode, self)
subprocess.CalledProcessError: Command 'python util/analytics/analytics.py confluence' returned non-zero exit status 1.

[2021-03-12 08:49:01,523 DEBUG Engine.Configuration] Dumping YAML config into /dc-app-performance-toolkit/app/results/confluence/2021-03-12_08-48-22/effective.yml
[2021-03-12 08:49:01,538 DEBUG Engine.Configuration] Dumping JSON config into /dc-app-performance-toolkit/app/results/confluence/2021-03-12_08-48-22/effective.json
[2021-03-12 08:49:01,539 DEBUG root] CalledProcessError: Command 'python util/analytics/analytics.py confluence' returned non-zero exit status 1.
  File "/usr/local/lib/python3.8/dist-packages/bzt/cli.py", line 269, in perform
    self.engine.post_process()
  File "/usr/local/lib/python3.8/dist-packages/bzt/engine/engine.py", line 354, in post_process
    reraise(exc_info, exc_value)
  File "/usr/local/lib/python3.8/dist-packages/bzt/utils.py", line 103, in reraise
    raise exc
  File "/usr/local/lib/python3.8/dist-packages/bzt/engine/engine.py", line 340, in post_process
    module.post_process()
  File "/usr/local/lib/python3.8/dist-packages/bzt/modules/shellexec.py", line 159, in post_process
    task.start()
  File "/usr/local/lib/python3.8/dist-packages/bzt/modules/shellexec.py", line 217, in start
    self._get_results()
  File "/usr/local/lib/python3.8/dist-packages/bzt/modules/shellexec.py", line 244, in _get_results
    raise CalledProcessError(self.process.returncode, self)
[2021-03-12 08:49:01,539 INFO root] Artifacts dir: /dc-app-performance-toolkit/app/results/confluence/2021-03-12_08-48-22
[2021-03-12 08:49:01,539 WARNING root] Done performing with code: 1
[2021-03-12 08:49:01,539 DEBUG root] Closing log handler: /dc-app-performance-toolkit/app/results/confluence/2021-03-12_08-48-22/bzt.log
