Scenario status: OK
========================================================================================================================
Run name: without app

Summary run status                                 OK
                 
Artifacts dir                                      2021-02-11_05-40-00 
OS                                                 Linux               
DC Apps Performance Toolkit version                4.0.0               
Application                                        confluence          
Dataset info                                       924395 pages        
Application nodes count                            1                   
Concurrency                                        200                 
Expected test run duration from yml file           2700 sec            
Actual test run duration                           3011 sec            
Finished                                           (True, 'OK')        
Compliant                                          (True, 'OK')        
Success                                            (True, 'OK')        
Has app-specific actions                           False               

Action                                            Success Rate        Avg time            Status              
locust_comment_page                                100.0               0.139               OK                  
locust_create_and_edit_page:create_page            100.0               0.597               OK                  
locust_create_and_edit_page:create_page_editor     100.0               0.355               OK                  
locust_create_and_edit_page:edit_page              100.0               0.62                OK                  
locust_create_and_edit_page:open_editor            100.0               0.222               OK                  
locust_create_blog:blog_editor                     100.0               0.378               OK                  
locust_create_blog:feel_and_publish                100.0               0.593               OK                  
locust_like_page                                   100.0               0.047               OK                  
locust_login_and_view_dashboard                    100.0               2.415               OK                  
locust_search_cql:recently_viewed                  100.0               0.034               OK                  
locust_search_cql:search_results                   100.0               0.496               OK                  
locust_upload_attachment                           100.0               0.604               OK                  
locust_view_attachment                             100.0               0.129               OK                  
locust_view_blog                                   100.0               1.224               OK                  
locust_view_dashboard                              100.0               1.818               OK                  
locust_view_page:open_page                         100.0               0.617               OK                  
locust_view_page:view_page_tree                    100.0               0.134               OK                  
selenium_a_login                                   100.0               1.128               OK                  
selenium_create_comment                            100.0               1.809               OK                  
selenium_create_page                               100.0               2.024               OK                  
selenium_edit_page                                 100.0               2.74                OK                  
selenium_view_blog                                 100.0               0.736               OK                  
selenium_view_dashboard                            100.0               1.75                OK                  
selenium_view_page                                 100.0               0.528               OK                  
selenium_z_log_out                                 100.0               0.13                OK                  

========================================================================================================================
Run name: with app

Summary run status                                 OK
                 
Artifacts dir                                      2021-02-11_06-39-56 
OS                                                 Linux               
DC Apps Performance Toolkit version                4.0.0               
Application                                        confluence          
Dataset info                                       925991 pages        
Application nodes count                            1                   
Concurrency                                        200                 
Expected test run duration from yml file           2700 sec            
Actual test run duration                           3011 sec            
Finished                                           (True, 'OK')        
Compliant                                          (True, 'OK')        
Success                                            (True, 'OK')        
Has app-specific actions                           False               

Action                                            Success Rate        Avg time            Status              
locust_comment_page                                100.0               0.143               OK                  
locust_create_and_edit_page:create_page            100.0               0.596               OK                  
locust_create_and_edit_page:create_page_editor     100.0               0.354               OK                  
locust_create_and_edit_page:edit_page              100.0               0.619               OK                  
locust_create_and_edit_page:open_editor            100.0               0.218               OK                  
locust_create_blog:blog_editor                     100.0               0.377               OK                  
locust_create_blog:feel_and_publish                100.0               0.593               OK                  
locust_like_page                                   100.0               0.046               OK                  
locust_login_and_view_dashboard                    100.0               2.398               OK                  
locust_search_cql:recently_viewed                  100.0               0.034               OK                  
locust_search_cql:search_results                   100.0               0.48                OK                  
locust_upload_attachment                           100.0               0.604               OK                  
locust_view_attachment                             100.0               0.126               OK                  
locust_view_blog                                   100.0               1.222               OK                  
locust_view_dashboard                              100.0               1.809               OK                  
locust_view_page:open_page                         100.0               0.612               OK                  
locust_view_page:view_page_tree                    100.0               0.134               OK                  
selenium_a_login                                   100.0               1.119               OK                  
selenium_create_comment                            100.0               1.82                OK                  
selenium_create_page                               100.0               2.049               OK                  
selenium_edit_page                                 100.0               2.778               OK                  
selenium_view_blog                                 100.0               0.77                OK                  
selenium_view_dashboard                            100.0               1.749               OK                  
selenium_view_page                                 100.0               0.507               OK                  
selenium_z_log_out                                 100.0               0.129               OK                  

========================================================================================================================
