[DEPRECATED] The --hatch-rate parameter has been renamed --spawn-rate
 Name                                                          # reqs      # fails  |     Avg     Min     Max  Median  |   req/s failures/s
--------------------------------------------------------------------------------------------------------------------------------------------
 Action locust_app_specific_action                                498     0(0.00%)  |     275     136    1249     200  |    0.17    0.00
 Action locust_comment_page                                       419     0(0.00%)  |     145     130     206     140  |    0.14    0.00
 Action locust_create_and_edit_page:create_page                   497     0(0.00%)  |     656     607    1714     650  |    0.17    0.00
 Action locust_create_and_edit_page:create_page_editor            502     0(0.00%)  |     393     365     520     390  |    0.17    0.00
 Action locust_create_and_edit_page:edit_page                     482     0(0.00%)  |     686     642     786     680  |    0.16    0.00
 Action locust_create_and_edit_page:open_editor                   492     0(0.00%)  |     245     225     365     240  |    0.16    0.00
 Action locust_create_blog:blog_editor                            240     0(0.00%)  |     442     409     609     440  |    0.08    0.00
 Action locust_create_blog:feel_and_publish                       235     1(0.43%)  |     657       3     765     660  |    0.08    0.00
 Action locust_like_page                                          246     0(0.00%)  |      61      38     135      65  |    0.08    0.00
 Action locust_login_and_view_dashboard                           200     0(0.00%)  |    2302    2127    2667    2300  |    0.07    0.00
 Action locust_search_cql:recently_viewed                         592     0(0.00%)  |      37      32     115      36  |    0.20    0.00
 Action locust_search_cql:search_results                          585     0(0.00%)  |     439     253    6344     410  |    0.19    0.00
 Action locust_upload_attachment                                  417     0(0.00%)  |     547     351    1163     450  |    0.14    0.00
 Action locust_view_attachment                                    275     0(0.00%)  |     125      86     259     110  |    0.09    0.00
 Action locust_view_blog                                          671     0(0.00%)  |    1306     554    2251    1200  |    0.22    0.00
 Action locust_view_dashboard                                     501     0(0.00%)  |    1717    1583    2069    1700  |    0.17    0.00
 Action locust_view_page:open_page                               4574     0(0.00%)  |     611     448    1177     550  |    1.52    0.00
 Action locust_view_page:view_page_tree                          4516     0(0.00%)  |      67      21    1104      64  |    1.50    0.00
--------------------------------------------------------------------------------------------------------------------------------------------
 Aggregated                                                     15942     1(0.01%)  |     457       3    6344     420  |    5.31    0.00

Response time percentiles (approximated)
 Type     Name                                                              50%    66%    75%    80%    90%    95%    98%    99%  99.9% 99.99%   100% # reqs
--------|------------------------------------------------------------|---------|------|------|------|------|------|------|------|------|------|------|------|
 Action   locust_app_specific_action                                        200    240    260    300    620    640    690    730   1200   1200   1200    498
 Action   locust_comment_page                                               140    150    150    150    160    170    190    200    210    210    210    419
 Action   locust_create_and_edit_page:create_page                           650    660    660    670    690    710    730    760   1700   1700   1700    497
 Action   locust_create_and_edit_page:create_page_editor                    390    400    400    400    410    420    460    470    520    520    520    502
 Action   locust_create_and_edit_page:edit_page                             680    690    700    700    720    740    760    770    790    790    790    482
 Action   locust_create_and_edit_page:open_editor                           240    240    250    250    260    270    300    300    360    360    360    492
 Action   locust_create_blog:blog_editor                                    440    440    450    450    460    470    510    520    610    610    610    240
 Action   locust_create_blog:feel_and_publish                               660    670    670    680    700    720    730    740    760    760    760    235
 Action   locust_like_page                                                   65     66     67     68     70     72     83     99    140    140    140    246
 Action   locust_login_and_view_dashboard                                  2300   2300   2400   2400   2400   2400   2500   2600   2700   2700   2700    200
 Action   locust_search_cql:recently_viewed                                  36     38     39     39     41     43     45     86    120    120    120    592
 Action   locust_search_cql:search_results                                  410    420    440    450    480    530    780   1800   6300   6300   6300    585
 Action   locust_upload_attachment                                          450    560    640    670    850    900    960   1100   1200   1200   1200    417
 Action   locust_view_attachment                                            110    120    150    160    180    190    210    230    260    260    260    275
 Action   locust_view_blog                                                 1200   1300   1300   1300   1800   1900   1900   2000   2300   2300   2300    671
 Action   locust_view_dashboard                                            1700   1700   1700   1800   1800   1800   1800   1900   2100   2100   2100    501
 Action   locust_view_page:open_page                                        550    580    610    630    940    980   1000   1000   1100   1200   1200   4574
 Action   locust_view_page:view_page_tree                                    64     73     80     85     96    110    120    140    170   1100   1100   4516
--------|------------------------------------------------------------|---------|------|------|------|------|------|------|------|------|------|------|------|
 None     Aggregated                                                        420    540    610    650    980   1400   1800   2200   2400   5700   6300  15942

Error report
 # occurrences      Error                                                                                               
--------------------------------------------------------------------------------------------------------------------------------------------
 1                  Action locust_create_blog:feel_and_publish: "AssertionError('Could not open blog draft.')"          
--------------------------------------------------------------------------------------------------------------------------------------------

