[DEPRECATED] The --hatch-rate parameter has been renamed --spawn-rate
 Name                                                          # reqs      # fails  |     Avg     Min     Max  Median  |   req/s failures/s
--------------------------------------------------------------------------------------------------------------------------------------------
 Action locust_comment_page                                      1197     0(0.00%)  |      48      38     217      47  |    0.40    0.00
 Action locust_create_blog                                        707     0(0.00%)  |     302     247     588     300  |    0.24    0.00
 Action locust_create_blog_editor                                 708     0(0.00%)  |     184     149     578     180  |    0.24    0.00
 Action locust_create_page                                       1397     0(0.00%)  |     302     246    2418     300  |    0.47    0.00
 Action locust_create_page_editor                                1401     0(0.00%)  |     167     133     565     160  |    0.47    0.00
 Action locust_edit_page                                         1390     0(0.00%)  |     318     263    2164     310  |    0.46    0.00
 Action locust_like_page                                          724     0(0.00%)  |      26      12     102      25  |    0.24    0.00
 Action locust_login_and_view_dashboard                           200     0(0.00%)  |    1867    1554    2483    1900  |    0.07    0.00
 Action locust_open_editor                                       1394     0(0.00%)  |     132     106    1130     130  |    0.46    0.00
 Action locust_search_cql                                        1712     0(0.00%)  |     631     293    8555     580  |    0.57    0.00
 Action locust_search_recently_viewed                            1718     0(0.00%)  |      11       5     249      11  |    0.57    0.00
 Action locust_upload_attachments                                1229     0(0.00%)  |     480     270    1664     400  |    0.41    0.00
 Action locust_view_attachments                                   681     0(0.00%)  |      94      66     601      81  |    0.23    0.00
 Action locust_view_blog                                         1837     0(0.00%)  |     610     241    2952     540  |    0.61    0.00
 Action locust_view_dashboard                                    1480     0(0.00%)  |    1424    1149    2179    1400  |    0.49    0.00
 Action locust_view_page                                        12730     0(0.00%)  |     334     206    1591     290  |    4.24    0.00
 Action locust_view_page_tree                                   12681     0(0.00%)  |      52       9     287      46  |    4.22    0.00
--------------------------------------------------------------------------------------------------------------------------------------------
 Aggregated                                                     43186     0(0.00%)  |     277       5    8555     240  |   14.39    0.00

Response time percentiles (approximated)
 Type     Name                                                              50%    66%    75%    80%    90%    95%    98%    99%  99.9% 99.99%   100% # reqs
--------|------------------------------------------------------------|---------|------|------|------|------|------|------|------|------|------|------|------|
 Action   locust_comment_page                                                47     49     51     52     56     60     76     86    150    220    220   1197
 Action   locust_create_blog                                                300    310    320    320    340    360    370    390    590    590    590    707
 Action   locust_create_blog_editor                                         180    190    190    200    210    220    250    270    580    580    580    708
 Action   locust_create_page                                                300    310    310    320    340    360    380    400    780   2400   2400   1397
 Action   locust_create_page_editor                                         160    170    180    180    190    200    220    240    480    560    560   1401
 Action   locust_edit_page                                                  310    320    330    340    350    370    400    430   2100   2200   2200   1390
 Action   locust_like_page                                                   25     26     27     28     30     34     48     58    100    100    100    724
 Action   locust_login_and_view_dashboard                                  1900   1900   1900   2000   2000   2100   2300   2400   2500   2500   2500    200
 Action   locust_open_editor                                                130    130    140    140    150    160    180    200    910   1100   1100   1394
 Action   locust_search_cql                                                 580    620    650    670    730    840   1300   2300   8500   8600   8600   1712
 Action   locust_search_recently_viewed                                      11     12     12     12     13     15     18     30     72    250    250   1718
 Action   locust_upload_attachments                                         400    480    620    690    760    820    940   1100   1300   1700   1700   1229
 Action   locust_view_attachments                                            81     92    100    120    140    150    160    180    600    600    600    681
 Action   locust_view_blog                                                  540    590    610    640   1000   1200   1400   1400   1900   3000   3000   1837
 Action   locust_view_dashboard                                            1400   1500   1500   1500   1600   1700   1800   1900   2100   2200   2200   1480
 Action   locust_view_page                                                  290    310    340    370    530    650    710    760    940   1400   1600  12730
 Action   locust_view_page_tree                                              46     56     65     71     83     94    110    120    170    260    290  12681
--------|------------------------------------------------------------|---------|------|------|------|------|------|------|------|------|------|------|------|
 None     Aggregated                                                        240    290    320    370    600    790   1400   1600   2100   5900   8600  43186

