[DEPRECATED] The --hatch-rate parameter has been renamed --spawn-rate
 Name                                                          # reqs      # fails  |     Avg     Min     Max  Median  |   req/s failures/s
--------------------------------------------------------------------------------------------------------------------------------------------
 Action locust_comment_page                                      1153     0(0.00%)  |     113     103     186     110  |    0.38    0.00
 Action locust_create_blog                                        720     0(0.00%)  |    1346    1287    1518    1300  |    0.24    0.00
 Action locust_create_blog_editor                                 721     0(0.00%)  |     802     766     944     800  |    0.24    0.00
 Action locust_create_page                                       1438     0(0.00%)  |    1349    1286    1750    1300  |    0.48    0.00
 Action locust_create_page_editor                                1443     0(0.00%)  |     785     747    1000     780  |    0.48    0.00
 Action locust_edit_page                                         1421     0(0.00%)  |    1362    1300    1501    1400  |    0.47    0.00
 Action locust_like_page                                          704     0(0.00%)  |     148     133     221     150  |    0.23    0.00
 Action locust_login_and_view_dashboard                           200     0(0.00%)  |    4343    3984    5350    4300  |    0.07    0.00
 Action locust_open_editor                                       1430     0(0.00%)  |     618     590     782     620  |    0.48    0.00
 Action locust_search_cql                                        1666     0(0.00%)  |     638     383    6508     610  |    0.55    0.00
 Action locust_search_recently_viewed                            1668     0(0.00%)  |      74      67     383      73  |    0.56    0.00
 Action locust_upload_attachments                                1211     0(0.00%)  |     979     686    8901     820  |    0.40    0.00
 Action locust_view_attachments                                   736     0(0.00%)  |     144     121     249     140  |    0.24    0.00
 Action locust_view_blog                                         1877     0(0.00%)  |    1478    1085    2588    1400  |    0.62    0.00
 Action locust_view_dashboard                                    1402     0(0.00%)  |    3617    3225    4659    3600  |    0.47    0.00
 Action locust_view_page                                        12722     0(0.00%)  |    1139    1004    2091    1100  |    4.23    0.00
 Action locust_view_page_tree                                   12681     0(0.00%)  |      99      72     396      97  |    4.22    0.00
--------------------------------------------------------------------------------------------------------------------------------------------
 Aggregated                                                     43193     0(0.00%)  |     801      67    8901     790  |   14.38    0.00

Response time percentiles (approximated)
 Type     Name                                                              50%    66%    75%    80%    90%    95%    98%    99%  99.9% 99.99%   100% # reqs
--------|------------------------------------------------------------|---------|------|------|------|------|------|------|------|------|------|------|------|
 Action   locust_comment_page                                               110    110    120    120    120    130    140    140    160    190    190   1153
 Action   locust_create_blog                                               1300   1400   1400   1400   1400   1400   1400   1400   1500   1500   1500    720
 Action   locust_create_blog_editor                                         800    810    810    820    830    840    850    860    940    940    940    721
 Action   locust_create_page                                               1300   1400   1400   1400   1400   1400   1400   1400   1600   1800   1800   1438
 Action   locust_create_page_editor                                         780    790    790    800    810    820    830    850    980   1000   1000   1443
 Action   locust_edit_page                                                 1400   1400   1400   1400   1400   1400   1400   1500   1500   1500   1500   1421
 Action   locust_like_page                                                  150    150    150    150    150    160    170    180    220    220    220    704
 Action   locust_login_and_view_dashboard                                  4300   4400   4500   4600   4700   4800   5100   5300   5400   5400   5400    200
 Action   locust_open_editor                                                620    620    630    630    640    650    660    670    740    780    780   1430
 Action   locust_search_cql                                                 610    640    670    680    740    830   1000   1700   5000   6500   6500   1666
 Action   locust_search_recently_viewed                                      73     74     75     75     76     77     82     94    110    380    380   1668
 Action   locust_upload_attachments                                         820    900   1100   1300   1400   1500   1800   2200   7700   8900   8900   1211
 Action   locust_view_attachments                                           140    150    160    170    180    190    200    210    250    250    250    736
 Action   locust_view_blog                                                 1400   1400   1500   1500   1600   2200   2300   2300   2600   2600   2600   1877
 Action   locust_view_dashboard                                            3600   3700   3800   3800   3900   4100   4300   4300   4500   4700   4700   1402
 Action   locust_view_page                                                 1100   1100   1100   1100   1400   1500   1600   1600   1800   2000   2100  12722
 Action   locust_view_page_tree                                              97    100    100    110    110    120    140    150    190    380    400  12681
--------|------------------------------------------------------------|---------|------|------|------|------|------|------|------|------|------|------|------|
 None     Aggregated                                                        790   1100   1100   1300   1400   1600   3600   3800   4600   6500   8900  43193

